Updated configuration in mock_etcd/configuration.json
Initialized global n_cmapss model
Loading test data from data/n-cmapss/test/Unit11_win50_str1_smp10.npz
Sampling 500 instances from 66301 for test unit 11
Loading test data from data/n-cmapss/test/Unit14_win50_str1_smp10.npz
Sampling 500 instances from 15628 for test unit 14
Loading test data from data/n-cmapss/test/Unit15_win50_str1_smp10.npz
Sampling 500 instances from 43298 for test unit 15
Loaded test data with 1500 samples
Saved experiment results to results/fl_simulation_20250624_231131_n_cmapss_s25/output/fl_results.json
Loading data from data/n-cmapss/train/client_0/Unit2_win50_str1_smp10.npz
Sampling 1000 instances from 85266 for client 0
Client 0 loaded 1000 samples
Loading data from data/n-cmapss/train/client_1/Unit5_win50_str1_smp10.npz
Sampling 1000 instances from 103293 for client 1
Client 1 loaded 1000 samples
Loading data from data/n-cmapss/train/client_2/Unit10_win50_str1_smp10.npz
Sampling 1000 instances from 95222 for client 2
Client 2 loaded 1000 samples
Loading data from data/n-cmapss/train/client_3/Unit16_win50_str1_smp10.npz
Sampling 1000 instances from 76480 for client 3
Client 3 loaded 1000 samples
Loading data from data/n-cmapss/train/client_4/Unit18_win50_str1_smp10.npz
Sampling 1000 instances from 89023 for client 4
Client 4 loaded 1000 samples
Initialized disagreement-aware federated learning orchestrator
  - 5 clients for n_cmapss experiment
  - Advanced disagreement resolution with multi-track model training
  - Results directory: results/fl_simulation_20250624_231131_n_cmapss_s25
Starting federated learning with 5 rounds...
Saved global model to results/fl_simulation_20250624_231131_n_cmapss_s25/model_storage/global_model_initial
Initialized and saved the initial global model
Round 0 - RUL Prediction Metrics:
  RMSE: 38.41 cycles
  MAE: 32.76 cycles
  R²: -2.6574
  Within ±10 cycles: 17.60%
  Within ±20 cycles: 32.47%
Round 0 - Global model test loss: 38.407260
Saved results for round 0 (plot mode: minimal)
Saved experiment results to results/fl_simulation_20250624_231131_n_cmapss_s25/output/fl_results.json
Initial model evaluation completed

--- Federated Learning Round 1/5 ---
Analyzing disagreements and preparing track-specific models...

=== SERVER PREPARATION FOR ROUND 1 ===
  Using initiation_mechanism: shallow, lifting_mechanism: shallow, deep_lifting_finetune_rounds: 3
Loaded disagreements: {}
Round 1: No disagreements defined in the system
Round 1 starting with initial global model from results/fl_simulation_20250624_231131_n_cmapss_s25/model_storage/global_model_initial
Loaded model from round 0
Loaded global model from results/fl_simulation_20250624_231131_n_cmapss_s25/model_storage/global_model_initial
Saved global model to results/fl_simulation_20250624_231131_n_cmapss_s25/model_storage/round_1/global_model_for_training
Saved global model for training at results/fl_simulation_20250624_231131_n_cmapss_s25/model_storage/round_1/global_model_for_training
=== END SERVER PREPARATION FOR ROUND 1 ===\n
Track model initialization completed in 0.0027 seconds
Created initial track models from global_model_initial for round 1
Starting disagreement-aware multi-track client training...
Client 0: Loading track models and training with disagreement resolution...

=== CLIENT 0 MODEL LOADING FOR ROUND 1 ===
No tracks directory found at results/fl_simulation_20250624_231131_n_cmapss_s25/model_storage/round_1/tracks, will use standard global model
Successfully loaded standard global model from results/fl_simulation_20250624_231131_n_cmapss_s25/model_storage/round_1/global_model_for_training
=== END CLIENT 0 MODEL LOADING ===


=== CLIENT 0 TRAINING FOR ROUND 1 ===
Training primary model...
Client 0 starting training for 10 epochs
Client 0 - Epoch 1/10 - Train Loss: 1715.080247, Valid Loss: 1511.163727
Client 0 - Epoch 2/10 - Train Loss: 1329.572040, Valid Loss: 1119.419235
Client 0 - Epoch 3/10 - Train Loss: 1041.032865, Valid Loss: 873.162918
Client 0 - Epoch 4/10 - Train Loss: 896.402189, Valid Loss: 799.136459
Client 0 - Epoch 5/10 - Train Loss: 900.823341, Valid Loss: 775.654556
Client 0 - Epoch 6/10 - Train Loss: 884.892076, Valid Loss: 763.240906
Client 0 - Epoch 7/10 - Train Loss: 855.979497, Valid Loss: 746.400070
Client 0 - Epoch 8/10 - Train Loss: 828.543495, Valid Loss: 720.582047
Client 0 - Epoch 9/10 - Train Loss: 788.707468, Valid Loss: 689.664764
Client 0 - Epoch 10/10 - Train Loss: 766.753934, Valid Loss: 651.629333
Client 0 finished training
Client 0 saved training results to results/fl_simulation_20250624_231131_n_cmapss_s25/output/clients/client_0/training_results_round_1.json
Primary model training complete. Accuracy: N/A
Client 0 has no background tracks to train
=== END CLIENT 0 TRAINING ===


=== CLIENT 0 MODEL SAVING FOR ROUND 1 ===
Client 0 saved model to results/fl_simulation_20250624_231131_n_cmapss_s25/model_storage/round_1/clients/client_0
Saved primary model to results/fl_simulation_20250624_231131_n_cmapss_s25/model_storage/round_1/clients/client_0
Saved 0 background models
=== END CLIENT 0 MODEL SAVING ===

Client 0 completed training in 0.2645 seconds
Client 1: Loading track models and training with disagreement resolution...

=== CLIENT 1 MODEL LOADING FOR ROUND 1 ===
No tracks directory found at results/fl_simulation_20250624_231131_n_cmapss_s25/model_storage/round_1/tracks, will use standard global model
Successfully loaded standard global model from results/fl_simulation_20250624_231131_n_cmapss_s25/model_storage/round_1/global_model_for_training
=== END CLIENT 1 MODEL LOADING ===


=== CLIENT 1 TRAINING FOR ROUND 1 ===
Training primary model...
Client 1 starting training for 10 epochs
Client 1 - Epoch 1/10 - Train Loss: 2310.368831, Valid Loss: 1980.244141
Client 1 - Epoch 2/10 - Train Loss: 1847.407255, Valid Loss: 1484.041626
Client 1 - Epoch 3/10 - Train Loss: 1463.573655, Valid Loss: 1082.326401
Client 1 - Epoch 4/10 - Train Loss: 1211.025156, Valid Loss: 871.782120
Client 1 - Epoch 5/10 - Train Loss: 1112.371427, Valid Loss: 815.198715
Client 1 - Epoch 6/10 - Train Loss: 1099.947153, Valid Loss: 788.969360
Client 1 - Epoch 7/10 - Train Loss: 1056.469703, Valid Loss: 772.979546
Client 1 - Epoch 8/10 - Train Loss: 1062.378859, Valid Loss: 742.392624
Client 1 - Epoch 9/10 - Train Loss: 1006.510376, Valid Loss: 727.612854
Client 1 - Epoch 10/10 - Train Loss: 954.551434, Valid Loss: 706.724274
Client 1 finished training
Client 1 saved training results to results/fl_simulation_20250624_231131_n_cmapss_s25/output/clients/client_1/training_results_round_1.json
Primary model training complete. Accuracy: N/A
Client 1 has no background tracks to train
=== END CLIENT 1 TRAINING ===


=== CLIENT 1 MODEL SAVING FOR ROUND 1 ===
Client 1 saved model to results/fl_simulation_20250624_231131_n_cmapss_s25/model_storage/round_1/clients/client_1
Saved primary model to results/fl_simulation_20250624_231131_n_cmapss_s25/model_storage/round_1/clients/client_1
Saved 0 background models
=== END CLIENT 1 MODEL SAVING ===

Client 1 completed training in 0.1974 seconds
Client 2: Loading track models and training with disagreement resolution...

=== CLIENT 2 MODEL LOADING FOR ROUND 1 ===
No tracks directory found at results/fl_simulation_20250624_231131_n_cmapss_s25/model_storage/round_1/tracks, will use standard global model
Successfully loaded standard global model from results/fl_simulation_20250624_231131_n_cmapss_s25/model_storage/round_1/global_model_for_training
=== END CLIENT 2 MODEL LOADING ===


=== CLIENT 2 TRAINING FOR ROUND 1 ===
Training primary model...
Client 2 starting training for 10 epochs
Client 2 - Epoch 1/10 - Train Loss: 2067.979764, Valid Loss: 1692.561646
Client 2 - Epoch 2/10 - Train Loss: 1605.258188, Valid Loss: 1302.403961
Client 2 - Epoch 3/10 - Train Loss: 1228.653025, Valid Loss: 1011.293945
Client 2 - Epoch 4/10 - Train Loss: 973.409921, Valid Loss: 906.184601
Client 2 - Epoch 5/10 - Train Loss: 901.080092, Valid Loss: 890.116531
Client 2 - Epoch 6/10 - Train Loss: 904.222501, Valid Loss: 850.242569
Client 2 - Epoch 7/10 - Train Loss: 864.757742, Valid Loss: 802.866180
Client 2 - Epoch 8/10 - Train Loss: 821.138827, Valid Loss: 768.476242
Client 2 - Epoch 9/10 - Train Loss: 796.979065, Valid Loss: 737.254852
Client 2 - Epoch 10/10 - Train Loss: 762.569768, Valid Loss: 703.604996
Client 2 finished training
Client 2 saved training results to results/fl_simulation_20250624_231131_n_cmapss_s25/output/clients/client_2/training_results_round_1.json
Primary model training complete. Accuracy: N/A
Client 2 has no background tracks to train
=== END CLIENT 2 TRAINING ===


=== CLIENT 2 MODEL SAVING FOR ROUND 1 ===
Client 2 saved model to results/fl_simulation_20250624_231131_n_cmapss_s25/model_storage/round_1/clients/client_2
Saved primary model to results/fl_simulation_20250624_231131_n_cmapss_s25/model_storage/round_1/clients/client_2
Saved 0 background models
=== END CLIENT 2 MODEL SAVING ===

Client 2 completed training in 0.1992 seconds
Client 3: Loading track models and training with disagreement resolution...

=== CLIENT 3 MODEL LOADING FOR ROUND 1 ===
No tracks directory found at results/fl_simulation_20250624_231131_n_cmapss_s25/model_storage/round_1/tracks, will use standard global model
Successfully loaded standard global model from results/fl_simulation_20250624_231131_n_cmapss_s25/model_storage/round_1/global_model_for_training
=== END CLIENT 3 MODEL LOADING ===


=== CLIENT 3 TRAINING FOR ROUND 1 ===
Training primary model...
Client 3 starting training for 10 epochs
Client 3 - Epoch 1/10 - Train Loss: 1223.005174, Valid Loss: 950.508499
Client 3 - Epoch 2/10 - Train Loss: 923.098548, Valid Loss: 706.315887
Client 3 - Epoch 3/10 - Train Loss: 687.641120, Valid Loss: 587.607727
Client 3 - Epoch 4/10 - Train Loss: 575.046866, Valid Loss: 583.490135
Client 3 - Epoch 5/10 - Train Loss: 582.102656, Valid Loss: 569.855705
Client 3 - Epoch 6/10 - Train Loss: 556.510118, Valid Loss: 541.144730
Client 3 - Epoch 7/10 - Train Loss: 538.643073, Valid Loss: 531.599022
Client 3 - Epoch 8/10 - Train Loss: 514.833754, Valid Loss: 515.337547
Client 3 - Epoch 9/10 - Train Loss: 477.688202, Valid Loss: 507.802246
Client 3 - Epoch 10/10 - Train Loss: 485.881503, Valid Loss: 491.559853
Client 3 finished training
Client 3 saved training results to results/fl_simulation_20250624_231131_n_cmapss_s25/output/clients/client_3/training_results_round_1.json
Primary model training complete. Accuracy: N/A
Client 3 has no background tracks to train
=== END CLIENT 3 TRAINING ===


=== CLIENT 3 MODEL SAVING FOR ROUND 1 ===
Client 3 saved model to results/fl_simulation_20250624_231131_n_cmapss_s25/model_storage/round_1/clients/client_3
Saved primary model to results/fl_simulation_20250624_231131_n_cmapss_s25/model_storage/round_1/clients/client_3
Saved 0 background models
=== END CLIENT 3 MODEL SAVING ===

Client 3 completed training in 0.1938 seconds
Client 4: Loading track models and training with disagreement resolution...

=== CLIENT 4 MODEL LOADING FOR ROUND 1 ===
No tracks directory found at results/fl_simulation_20250624_231131_n_cmapss_s25/model_storage/round_1/tracks, will use standard global model
Successfully loaded standard global model from results/fl_simulation_20250624_231131_n_cmapss_s25/model_storage/round_1/global_model_for_training
=== END CLIENT 4 MODEL LOADING ===


=== CLIENT 4 TRAINING FOR ROUND 1 ===
Training primary model...
Client 4 starting training for 10 epochs
Client 4 - Epoch 1/10 - Train Loss: 1403.167105, Valid Loss: 1296.326172
Client 4 - Epoch 2/10 - Train Loss: 1107.558044, Valid Loss: 972.491669
Client 4 - Epoch 3/10 - Train Loss: 862.137273, Valid Loss: 773.010651
Client 4 - Epoch 4/10 - Train Loss: 749.573599, Valid Loss: 726.954407
Client 4 - Epoch 5/10 - Train Loss: 717.640710, Valid Loss: 725.743988
Client 4 - Epoch 6/10 - Train Loss: 720.738497, Valid Loss: 701.995605
Client 4 - Epoch 7/10 - Train Loss: 692.646822, Valid Loss: 682.001999
Client 4 - Epoch 8/10 - Train Loss: 663.897968, Valid Loss: 656.110046
Client 4 - Epoch 9/10 - Train Loss: 655.397625, Valid Loss: 627.718216
Client 4 - Epoch 10/10 - Train Loss: 618.490098, Valid Loss: 609.234131
Client 4 finished training
Client 4 saved training results to results/fl_simulation_20250624_231131_n_cmapss_s25/output/clients/client_4/training_results_round_1.json
Primary model training complete. Accuracy: N/A
Client 4 has no background tracks to train
=== END CLIENT 4 TRAINING ===


=== CLIENT 4 MODEL SAVING FOR ROUND 1 ===
Client 4 saved model to results/fl_simulation_20250624_231131_n_cmapss_s25/model_storage/round_1/clients/client_4
Saved primary model to results/fl_simulation_20250624_231131_n_cmapss_s25/model_storage/round_1/clients/client_4
Saved 0 background models
=== END CLIENT 4 MODEL SAVING ===

Client 4 completed training in 0.1916 seconds
Performing disagreement-aware track-based model aggregation...
Starting file-based aggregation for round 1
Found 5 clients: [4, 3, 2, 0, 1]
Loaded disagreements: {}
Round 1: No disagreements defined in the system
No active disagreements for round 1, using standard aggregation
Updated global model with parameters from 5 clients

=== AGGREGATION TIMING SUMMARY FOR ROUND 1 ===
  Disagreement loading: 0.0001s
  Resolution time: 0.0000s
  Aggregation time: 0.0182s
  Track saving time: 0.0000s
  Total time: 0.0185s
  Has disagreements: False
=== END TIMING SUMMARY ===

Saved global model to results/fl_simulation_20250624_231131_n_cmapss_s25/model_storage/round_1/global_model_aggregated
Evaluating global model and track-specific performance...
Round 1 - RUL Prediction Metrics:
  RMSE: 26.69 cycles
  MAE: 21.77 cycles
  R²: -0.7768
  Within ±10 cycles: 28.20%
  Within ±20 cycles: 52.40%
Round 1 - Global model test loss: 26.685887
Saved results for round 1 (plot mode: minimal)

=== EVALUATING TRACK MODELS FOR ROUND 1 ===
No tracks directory found for round 1
Saved experiment results to results/fl_simulation_20250624_231131_n_cmapss_s25/output/fl_results.json
Saved timing metrics to results/fl_simulation_20250624_231131_n_cmapss_s25/output/timing_metrics.json
Round 1 completed with disagreement resolution.
Round 1 timing summary:
  Track initialization: 0.0027s
  Client training phase: 1.0464s
  Resolution time: 0.0000s
  Aggregation time: 0.0182s
  Total aggregation time: 0.0185s
  Evaluation time: 0.0189s
  Total round time: 1.0874s

--- Federated Learning Round 2/5 ---
Analyzing disagreements and preparing track-specific models...

=== SERVER PREPARATION FOR ROUND 2 ===
  Using initiation_mechanism: shallow, lifting_mechanism: shallow, deep_lifting_finetune_rounds: 3
Loaded disagreements: {}
Round 2: No disagreements defined in the system
Loading main global model from previous round 1's aggregated model: results/fl_simulation_20250624_231131_n_cmapss_s25/model_storage/round_1/global_model_aggregated
Loaded model from round 1
Loaded global model from results/fl_simulation_20250624_231131_n_cmapss_s25/model_storage/round_1/global_model_aggregated
Saved global model to results/fl_simulation_20250624_231131_n_cmapss_s25/model_storage/round_2/global_model_for_training
Saved main global model for training in round 2 at results/fl_simulation_20250624_231131_n_cmapss_s25/model_storage/round_2/global_model_for_training
No active disagreements for round 2. Using standard global model from results/fl_simulation_20250624_231131_n_cmapss_s25/model_storage/round_1/global_model_aggregated
=== END SERVER PREPARATION FOR ROUND 2 ===\n
Track model initialization completed in 0.0021 seconds
Updated track models based on disagreement changes from round 1
Starting disagreement-aware multi-track client training...
Client 0: Loading track models and training with disagreement resolution...

=== CLIENT 0 MODEL LOADING FOR ROUND 2 ===
No tracks directory found at results/fl_simulation_20250624_231131_n_cmapss_s25/model_storage/round_2/tracks, will use standard global model
Successfully loaded standard global model from results/fl_simulation_20250624_231131_n_cmapss_s25/model_storage/round_2/global_model_for_training
=== END CLIENT 0 MODEL LOADING ===


=== CLIENT 0 TRAINING FOR ROUND 2 ===
Training primary model...
Client 0 starting training for 10 epochs
Client 0 - Epoch 1/10 - Train Loss: 727.201050, Valid Loss: 587.698929
Client 0 - Epoch 2/10 - Train Loss: 678.521099, Valid Loss: 567.071732
Client 0 - Epoch 3/10 - Train Loss: 655.766118, Valid Loss: 535.842628
Client 0 - Epoch 4/10 - Train Loss: 620.933282, Valid Loss: 511.879898
Client 0 - Epoch 5/10 - Train Loss: 643.414419, Valid Loss: 504.787422
Client 0 - Epoch 6/10 - Train Loss: 621.809030, Valid Loss: 494.409348
Client 0 - Epoch 7/10 - Train Loss: 618.738770, Valid Loss: 482.597694
Client 0 - Epoch 8/10 - Train Loss: 602.335071, Valid Loss: 477.396690
Client 0 - Epoch 9/10 - Train Loss: 576.708940, Valid Loss: 482.329948
Client 0 - Epoch 10/10 - Train Loss: 578.436958, Valid Loss: 466.293396
Client 0 finished training
Client 0 saved training results to results/fl_simulation_20250624_231131_n_cmapss_s25/output/clients/client_0/training_results_round_2.json
Primary model training complete. Accuracy: N/A
Client 0 has no background tracks to train
=== END CLIENT 0 TRAINING ===


=== CLIENT 0 MODEL SAVING FOR ROUND 2 ===
Client 0 saved model to results/fl_simulation_20250624_231131_n_cmapss_s25/model_storage/round_2/clients/client_0
Saved primary model to results/fl_simulation_20250624_231131_n_cmapss_s25/model_storage/round_2/clients/client_0
Saved 0 background models
=== END CLIENT 0 MODEL SAVING ===

Client 0 completed training in 0.1970 seconds
Client 1: Loading track models and training with disagreement resolution...

=== CLIENT 1 MODEL LOADING FOR ROUND 2 ===
No tracks directory found at results/fl_simulation_20250624_231131_n_cmapss_s25/model_storage/round_2/tracks, will use standard global model
Successfully loaded standard global model from results/fl_simulation_20250624_231131_n_cmapss_s25/model_storage/round_2/global_model_for_training
=== END CLIENT 1 MODEL LOADING ===


=== CLIENT 1 TRAINING FOR ROUND 2 ===
Training primary model...
Client 1 starting training for 10 epochs
Client 1 - Epoch 1/10 - Train Loss: 989.150855, Valid Loss: 721.306465
Client 1 - Epoch 2/10 - Train Loss: 976.795687, Valid Loss: 699.084396
Client 1 - Epoch 3/10 - Train Loss: 947.489155, Valid Loss: 686.376678
Client 1 - Epoch 4/10 - Train Loss: 897.347243, Valid Loss: 692.399567
Client 1 - Epoch 5/10 - Train Loss: 868.429842, Valid Loss: 659.679192
Client 1 - Epoch 6/10 - Train Loss: 811.099126, Valid Loss: 651.581589
Client 1 - Epoch 7/10 - Train Loss: 818.275578, Valid Loss: 645.306229
Client 1 - Epoch 8/10 - Train Loss: 782.834515, Valid Loss: 624.229759
Client 1 - Epoch 9/10 - Train Loss: 731.719806, Valid Loss: 608.650726
Client 1 - Epoch 10/10 - Train Loss: 738.803725, Valid Loss: 605.767906
Client 1 finished training
Client 1 saved training results to results/fl_simulation_20250624_231131_n_cmapss_s25/output/clients/client_1/training_results_round_2.json
Primary model training complete. Accuracy: N/A
Client 1 has no background tracks to train
=== END CLIENT 1 TRAINING ===


=== CLIENT 1 MODEL SAVING FOR ROUND 2 ===
Client 1 saved model to results/fl_simulation_20250624_231131_n_cmapss_s25/model_storage/round_2/clients/client_1
Saved primary model to results/fl_simulation_20250624_231131_n_cmapss_s25/model_storage/round_2/clients/client_1
Saved 0 background models
=== END CLIENT 1 MODEL SAVING ===

Client 1 completed training in 0.1953 seconds
Client 2: Loading track models and training with disagreement resolution...

=== CLIENT 2 MODEL LOADING FOR ROUND 2 ===
No tracks directory found at results/fl_simulation_20250624_231131_n_cmapss_s25/model_storage/round_2/tracks, will use standard global model
Successfully loaded standard global model from results/fl_simulation_20250624_231131_n_cmapss_s25/model_storage/round_2/global_model_for_training
=== END CLIENT 2 MODEL LOADING ===


=== CLIENT 2 TRAINING FOR ROUND 2 ===
Training primary model...
Client 2 starting training for 10 epochs
Client 2 - Epoch 1/10 - Train Loss: 765.382247, Valid Loss: 701.340637
Client 2 - Epoch 2/10 - Train Loss: 742.706909, Valid Loss: 663.572708
Client 2 - Epoch 3/10 - Train Loss: 734.766874, Valid Loss: 629.897995
Client 2 - Epoch 4/10 - Train Loss: 688.143813, Valid Loss: 604.151474
Client 2 - Epoch 5/10 - Train Loss: 679.754301, Valid Loss: 590.583755
Client 2 - Epoch 6/10 - Train Loss: 663.385160, Valid Loss: 567.480270
Client 2 - Epoch 7/10 - Train Loss: 631.969642, Valid Loss: 558.302315
Client 2 - Epoch 8/10 - Train Loss: 650.698242, Valid Loss: 550.799515
Client 2 - Epoch 9/10 - Train Loss: 611.892451, Valid Loss: 532.446518
Client 2 - Epoch 10/10 - Train Loss: 595.993061, Valid Loss: 532.470009
Client 2 finished training
Client 2 saved training results to results/fl_simulation_20250624_231131_n_cmapss_s25/output/clients/client_2/training_results_round_2.json
Primary model training complete. Accuracy: N/A
Client 2 has no background tracks to train
=== END CLIENT 2 TRAINING ===


=== CLIENT 2 MODEL SAVING FOR ROUND 2 ===
Client 2 saved model to results/fl_simulation_20250624_231131_n_cmapss_s25/model_storage/round_2/clients/client_2
Saved primary model to results/fl_simulation_20250624_231131_n_cmapss_s25/model_storage/round_2/clients/client_2
Saved 0 background models
=== END CLIENT 2 MODEL SAVING ===

Client 2 completed training in 0.1999 seconds
Client 3: Loading track models and training with disagreement resolution...

=== CLIENT 3 MODEL LOADING FOR ROUND 2 ===
No tracks directory found at results/fl_simulation_20250624_231131_n_cmapss_s25/model_storage/round_2/tracks, will use standard global model
Successfully loaded standard global model from results/fl_simulation_20250624_231131_n_cmapss_s25/model_storage/round_2/global_model_for_training
=== END CLIENT 3 MODEL LOADING ===


=== CLIENT 3 TRAINING FOR ROUND 2 ===
Training primary model...
Client 3 starting training for 10 epochs
Client 3 - Epoch 1/10 - Train Loss: 478.613936, Valid Loss: 472.194862
Client 3 - Epoch 2/10 - Train Loss: 472.319681, Valid Loss: 464.741661
Client 3 - Epoch 3/10 - Train Loss: 434.013029, Valid Loss: 445.340218
Client 3 - Epoch 4/10 - Train Loss: 430.029597, Valid Loss: 443.491623
Client 3 - Epoch 5/10 - Train Loss: 415.108948, Valid Loss: 438.558418
Client 3 - Epoch 6/10 - Train Loss: 401.696730, Valid Loss: 420.607323
Client 3 - Epoch 7/10 - Train Loss: 414.139308, Valid Loss: 414.558533
Client 3 - Epoch 8/10 - Train Loss: 384.764335, Valid Loss: 408.134094
Client 3 - Epoch 9/10 - Train Loss: 391.999674, Valid Loss: 395.156853
Client 3 - Epoch 10/10 - Train Loss: 371.449233, Valid Loss: 385.332977
Client 3 finished training
Client 3 saved training results to results/fl_simulation_20250624_231131_n_cmapss_s25/output/clients/client_3/training_results_round_2.json
Primary model training complete. Accuracy: N/A
Client 3 has no background tracks to train
=== END CLIENT 3 TRAINING ===


=== CLIENT 3 MODEL SAVING FOR ROUND 2 ===
Client 3 saved model to results/fl_simulation_20250624_231131_n_cmapss_s25/model_storage/round_2/clients/client_3
Saved primary model to results/fl_simulation_20250624_231131_n_cmapss_s25/model_storage/round_2/clients/client_3
Saved 0 background models
=== END CLIENT 3 MODEL SAVING ===

Client 3 completed training in 0.1981 seconds
Client 4: Loading track models and training with disagreement resolution...

=== CLIENT 4 MODEL LOADING FOR ROUND 2 ===
No tracks directory found at results/fl_simulation_20250624_231131_n_cmapss_s25/model_storage/round_2/tracks, will use standard global model
Successfully loaded standard global model from results/fl_simulation_20250624_231131_n_cmapss_s25/model_storage/round_2/global_model_for_training
=== END CLIENT 4 MODEL LOADING ===


=== CLIENT 4 TRAINING FOR ROUND 2 ===
Training primary model...
Client 4 starting training for 10 epochs
Client 4 - Epoch 1/10 - Train Loss: 610.773933, Valid Loss: 614.760803
Client 4 - Epoch 2/10 - Train Loss: 592.898473, Valid Loss: 595.787323
Client 4 - Epoch 3/10 - Train Loss: 559.868272, Valid Loss: 571.846603
Client 4 - Epoch 4/10 - Train Loss: 526.506141, Valid Loss: 546.469521
Client 4 - Epoch 5/10 - Train Loss: 529.535058, Valid Loss: 552.600098
Client 4 - Epoch 6/10 - Train Loss: 528.940756, Valid Loss: 512.597923
Client 4 - Epoch 7/10 - Train Loss: 516.612255, Valid Loss: 509.798538
Client 4 - Epoch 8/10 - Train Loss: 489.680425, Valid Loss: 491.485909
Client 4 - Epoch 9/10 - Train Loss: 479.991849, Valid Loss: 468.408218
Client 4 - Epoch 10/10 - Train Loss: 447.544135, Valid Loss: 449.038368
Client 4 finished training
Client 4 saved training results to results/fl_simulation_20250624_231131_n_cmapss_s25/output/clients/client_4/training_results_round_2.json
Primary model training complete. Accuracy: N/A
Client 4 has no background tracks to train
=== END CLIENT 4 TRAINING ===


=== CLIENT 4 MODEL SAVING FOR ROUND 2 ===
Client 4 saved model to results/fl_simulation_20250624_231131_n_cmapss_s25/model_storage/round_2/clients/client_4
Saved primary model to results/fl_simulation_20250624_231131_n_cmapss_s25/model_storage/round_2/clients/client_4
Saved 0 background models
=== END CLIENT 4 MODEL SAVING ===

Client 4 completed training in 0.1992 seconds
Performing disagreement-aware track-based model aggregation...
Starting file-based aggregation for round 2
Found 5 clients: [4, 3, 2, 0, 1]
Loaded disagreements: {}
Round 2: No disagreements defined in the system
No active disagreements for round 2, using standard aggregation
Updated global model with parameters from 5 clients

=== AGGREGATION TIMING SUMMARY FOR ROUND 2 ===
  Disagreement loading: 0.0000s
  Resolution time: 0.0000s
  Aggregation time: 0.0068s
  Track saving time: 0.0000s
  Total time: 0.0069s
  Has disagreements: False
=== END TIMING SUMMARY ===

Saved global model to results/fl_simulation_20250624_231131_n_cmapss_s25/model_storage/round_2/global_model_aggregated
Evaluating global model and track-specific performance...
Round 2 - RUL Prediction Metrics:
  RMSE: 24.95 cycles
  MAE: 20.35 cycles
  R²: -0.5617
  Within ±10 cycles: 28.40%
  Within ±20 cycles: 58.07%
Round 2 - Global model test loss: 24.951680
Saved results for round 2 (plot mode: minimal)

=== EVALUATING TRACK MODELS FOR ROUND 2 ===
No tracks directory found for round 2
Saved experiment results to results/fl_simulation_20250624_231131_n_cmapss_s25/output/fl_results.json
Saved timing metrics to results/fl_simulation_20250624_231131_n_cmapss_s25/output/timing_metrics.json
Round 2 completed with disagreement resolution.
Round 2 timing summary:
  Track initialization: 0.0021s
  Client training phase: 0.9896s
  Resolution time: 0.0000s
  Aggregation time: 0.0068s
  Total aggregation time: 0.0069s
  Evaluation time: 0.0218s
  Total round time: 1.0214s

--- Federated Learning Round 3/5 ---
Analyzing disagreements and preparing track-specific models...

=== SERVER PREPARATION FOR ROUND 3 ===
  Using initiation_mechanism: shallow, lifting_mechanism: shallow, deep_lifting_finetune_rounds: 3
Loaded disagreements: {}
Round 3: No disagreements defined in the system
Loading main global model from previous round 2's aggregated model: results/fl_simulation_20250624_231131_n_cmapss_s25/model_storage/round_2/global_model_aggregated
Loaded model from round 2
Loaded global model from results/fl_simulation_20250624_231131_n_cmapss_s25/model_storage/round_2/global_model_aggregated
Saved global model to results/fl_simulation_20250624_231131_n_cmapss_s25/model_storage/round_3/global_model_for_training
Saved main global model for training in round 3 at results/fl_simulation_20250624_231131_n_cmapss_s25/model_storage/round_3/global_model_for_training
No active disagreements for round 3. Using standard global model from results/fl_simulation_20250624_231131_n_cmapss_s25/model_storage/round_2/global_model_aggregated
=== END SERVER PREPARATION FOR ROUND 3 ===\n
Track model initialization completed in 0.0024 seconds
Updated track models based on disagreement changes from round 2
Starting disagreement-aware multi-track client training...
Client 0: Loading track models and training with disagreement resolution...

=== CLIENT 0 MODEL LOADING FOR ROUND 3 ===
No tracks directory found at results/fl_simulation_20250624_231131_n_cmapss_s25/model_storage/round_3/tracks, will use standard global model
Successfully loaded standard global model from results/fl_simulation_20250624_231131_n_cmapss_s25/model_storage/round_3/global_model_for_training
=== END CLIENT 0 MODEL LOADING ===


=== CLIENT 0 TRAINING FOR ROUND 3 ===
Training primary model...
Client 0 starting training for 10 epochs
Client 0 - Epoch 1/10 - Train Loss: 571.219961, Valid Loss: 425.862541
Client 0 - Epoch 2/10 - Train Loss: 547.697939, Valid Loss: 426.575768
Client 0 - Epoch 3/10 - Train Loss: 541.025698, Valid Loss: 426.208939
Client 0 - Epoch 4/10 - Train Loss: 527.996387, Valid Loss: 409.699059
Client 0 - Epoch 5/10 - Train Loss: 520.473670, Valid Loss: 411.646980
Client 0 - Epoch 6/10 - Train Loss: 510.410853, Valid Loss: 400.121552
Client 0 - Epoch 7/10 - Train Loss: 504.124631, Valid Loss: 393.512344
Client 0 - Epoch 8/10 - Train Loss: 483.679763, Valid Loss: 374.362442
Client 0 - Epoch 9/10 - Train Loss: 465.034335, Valid Loss: 392.545082
Client 0 - Epoch 10/10 - Train Loss: 468.979016, Valid Loss: 367.723938
Client 0 finished training
Client 0 saved training results to results/fl_simulation_20250624_231131_n_cmapss_s25/output/clients/client_0/training_results_round_3.json
Primary model training complete. Accuracy: N/A
Client 0 has no background tracks to train
=== END CLIENT 0 TRAINING ===


=== CLIENT 0 MODEL SAVING FOR ROUND 3 ===
Client 0 saved model to results/fl_simulation_20250624_231131_n_cmapss_s25/model_storage/round_3/clients/client_0
Saved primary model to results/fl_simulation_20250624_231131_n_cmapss_s25/model_storage/round_3/clients/client_0
Saved 0 background models
=== END CLIENT 0 MODEL SAVING ===

Client 0 completed training in 0.2097 seconds
Client 1: Loading track models and training with disagreement resolution...

=== CLIENT 1 MODEL LOADING FOR ROUND 3 ===
No tracks directory found at results/fl_simulation_20250624_231131_n_cmapss_s25/model_storage/round_3/tracks, will use standard global model
Successfully loaded standard global model from results/fl_simulation_20250624_231131_n_cmapss_s25/model_storage/round_3/global_model_for_training
=== END CLIENT 1 MODEL LOADING ===


=== CLIENT 1 TRAINING FOR ROUND 3 ===
Training primary model...
Client 1 starting training for 10 epochs
Client 1 - Epoch 1/10 - Train Loss: 761.698059, Valid Loss: 607.193863
Client 1 - Epoch 2/10 - Train Loss: 712.842205, Valid Loss: 595.963730
Client 1 - Epoch 3/10 - Train Loss: 699.536133, Valid Loss: 580.954590
Client 1 - Epoch 4/10 - Train Loss: 672.205113, Valid Loss: 564.095604
Client 1 - Epoch 5/10 - Train Loss: 655.888407, Valid Loss: 549.811142
Client 1 - Epoch 6/10 - Train Loss: 642.575785, Valid Loss: 524.613564
Client 1 - Epoch 7/10 - Train Loss: 627.669844, Valid Loss: 507.695663
Client 1 - Epoch 8/10 - Train Loss: 631.535706, Valid Loss: 491.424286
Client 1 - Epoch 9/10 - Train Loss: 583.840698, Valid Loss: 490.885139
Client 1 - Epoch 10/10 - Train Loss: 556.836804, Valid Loss: 464.922707
Client 1 finished training
Client 1 saved training results to results/fl_simulation_20250624_231131_n_cmapss_s25/output/clients/client_1/training_results_round_3.json
Primary model training complete. Accuracy: N/A
Client 1 has no background tracks to train
=== END CLIENT 1 TRAINING ===


=== CLIENT 1 MODEL SAVING FOR ROUND 3 ===
Client 1 saved model to results/fl_simulation_20250624_231131_n_cmapss_s25/model_storage/round_3/clients/client_1
Saved primary model to results/fl_simulation_20250624_231131_n_cmapss_s25/model_storage/round_3/clients/client_1
Saved 0 background models
=== END CLIENT 1 MODEL SAVING ===

Client 1 completed training in 0.2012 seconds
Client 2: Loading track models and training with disagreement resolution...

=== CLIENT 2 MODEL LOADING FOR ROUND 3 ===
No tracks directory found at results/fl_simulation_20250624_231131_n_cmapss_s25/model_storage/round_3/tracks, will use standard global model
Successfully loaded standard global model from results/fl_simulation_20250624_231131_n_cmapss_s25/model_storage/round_3/global_model_for_training
=== END CLIENT 2 MODEL LOADING ===


=== CLIENT 2 TRAINING FOR ROUND 3 ===
Training primary model...
Client 2 starting training for 10 epochs
Client 2 - Epoch 1/10 - Train Loss: 608.081104, Valid Loss: 505.191063
Client 2 - Epoch 2/10 - Train Loss: 604.817575, Valid Loss: 490.600090
Client 2 - Epoch 3/10 - Train Loss: 575.269764, Valid Loss: 486.330147
Client 2 - Epoch 4/10 - Train Loss: 564.859675, Valid Loss: 478.034599
Client 2 - Epoch 5/10 - Train Loss: 557.874592, Valid Loss: 461.196350
Client 2 - Epoch 6/10 - Train Loss: 537.526466, Valid Loss: 459.995941
Client 2 - Epoch 7/10 - Train Loss: 515.442287, Valid Loss: 445.213737
Client 2 - Epoch 8/10 - Train Loss: 508.830693, Valid Loss: 440.022926
Client 2 - Epoch 9/10 - Train Loss: 483.821573, Valid Loss: 431.483124
Client 2 - Epoch 10/10 - Train Loss: 495.113345, Valid Loss: 424.985466
Client 2 finished training
Client 2 saved training results to results/fl_simulation_20250624_231131_n_cmapss_s25/output/clients/client_2/training_results_round_3.json
Primary model training complete. Accuracy: N/A
Client 2 has no background tracks to train
=== END CLIENT 2 TRAINING ===


=== CLIENT 2 MODEL SAVING FOR ROUND 3 ===
Client 2 saved model to results/fl_simulation_20250624_231131_n_cmapss_s25/model_storage/round_3/clients/client_2
Saved primary model to results/fl_simulation_20250624_231131_n_cmapss_s25/model_storage/round_3/clients/client_2
Saved 0 background models
=== END CLIENT 2 MODEL SAVING ===

Client 2 completed training in 0.2030 seconds
Client 3: Loading track models and training with disagreement resolution...

=== CLIENT 3 MODEL LOADING FOR ROUND 3 ===
No tracks directory found at results/fl_simulation_20250624_231131_n_cmapss_s25/model_storage/round_3/tracks, will use standard global model
Successfully loaded standard global model from results/fl_simulation_20250624_231131_n_cmapss_s25/model_storage/round_3/global_model_for_training
=== END CLIENT 3 MODEL LOADING ===


=== CLIENT 3 TRAINING FOR ROUND 3 ===
Training primary model...
Client 3 starting training for 10 epochs
Client 3 - Epoch 1/10 - Train Loss: 364.100539, Valid Loss: 381.194733
Client 3 - Epoch 2/10 - Train Loss: 356.017792, Valid Loss: 358.293007
Client 3 - Epoch 3/10 - Train Loss: 355.269758, Valid Loss: 365.109932
Client 3 - Epoch 4/10 - Train Loss: 332.256614, Valid Loss: 332.273987
Client 3 - Epoch 5/10 - Train Loss: 330.549298, Valid Loss: 361.455368
Client 3 - Epoch 6/10 - Train Loss: 326.721592, Valid Loss: 322.681984
Client 3 - Epoch 7/10 - Train Loss: 310.464452, Valid Loss: 321.252235
Client 3 - Epoch 8/10 - Train Loss: 320.421721, Valid Loss: 312.926189
Client 3 - Epoch 9/10 - Train Loss: 293.170209, Valid Loss: 306.205658
Client 3 - Epoch 10/10 - Train Loss: 291.038647, Valid Loss: 310.409412
Client 3 finished training
Client 3 saved training results to results/fl_simulation_20250624_231131_n_cmapss_s25/output/clients/client_3/training_results_round_3.json
Primary model training complete. Accuracy: N/A
Client 3 has no background tracks to train
=== END CLIENT 3 TRAINING ===


=== CLIENT 3 MODEL SAVING FOR ROUND 3 ===
Client 3 saved model to results/fl_simulation_20250624_231131_n_cmapss_s25/model_storage/round_3/clients/client_3
Saved primary model to results/fl_simulation_20250624_231131_n_cmapss_s25/model_storage/round_3/clients/client_3
Saved 0 background models
=== END CLIENT 3 MODEL SAVING ===

Client 3 completed training in 0.2044 seconds
Client 4: Loading track models and training with disagreement resolution...

=== CLIENT 4 MODEL LOADING FOR ROUND 3 ===
No tracks directory found at results/fl_simulation_20250624_231131_n_cmapss_s25/model_storage/round_3/tracks, will use standard global model
Successfully loaded standard global model from results/fl_simulation_20250624_231131_n_cmapss_s25/model_storage/round_3/global_model_for_training
=== END CLIENT 4 MODEL LOADING ===


=== CLIENT 4 TRAINING FOR ROUND 3 ===
Training primary model...
Client 4 starting training for 10 epochs
Client 4 - Epoch 1/10 - Train Loss: 475.406252, Valid Loss: 469.095970
Client 4 - Epoch 2/10 - Train Loss: 463.602685, Valid Loss: 445.120552
Client 4 - Epoch 3/10 - Train Loss: 450.054028, Valid Loss: 417.346405
Client 4 - Epoch 4/10 - Train Loss: 435.673934, Valid Loss: 411.241455
Client 4 - Epoch 5/10 - Train Loss: 417.536433, Valid Loss: 393.897636
Client 4 - Epoch 6/10 - Train Loss: 397.173826, Valid Loss: 371.084824
Client 4 - Epoch 7/10 - Train Loss: 398.375797, Valid Loss: 361.000710
Client 4 - Epoch 8/10 - Train Loss: 379.774886, Valid Loss: 345.879578
Client 4 - Epoch 9/10 - Train Loss: 381.525776, Valid Loss: 349.801552
Client 4 - Epoch 10/10 - Train Loss: 360.964874, Valid Loss: 320.131889
Client 4 finished training
Client 4 saved training results to results/fl_simulation_20250624_231131_n_cmapss_s25/output/clients/client_4/training_results_round_3.json
Primary model training complete. Accuracy: N/A
Client 4 has no background tracks to train
=== END CLIENT 4 TRAINING ===


=== CLIENT 4 MODEL SAVING FOR ROUND 3 ===
Client 4 saved model to results/fl_simulation_20250624_231131_n_cmapss_s25/model_storage/round_3/clients/client_4
Saved primary model to results/fl_simulation_20250624_231131_n_cmapss_s25/model_storage/round_3/clients/client_4
Saved 0 background models
=== END CLIENT 4 MODEL SAVING ===

Client 4 completed training in 0.2002 seconds
Performing disagreement-aware track-based model aggregation...
Starting file-based aggregation for round 3
Found 5 clients: [4, 3, 2, 0, 1]
Loaded disagreements: {}
Round 3: No disagreements defined in the system
No active disagreements for round 3, using standard aggregation
Updated global model with parameters from 5 clients

=== AGGREGATION TIMING SUMMARY FOR ROUND 3 ===
  Disagreement loading: 0.0000s
  Resolution time: 0.0000s
  Aggregation time: 0.0071s
  Track saving time: 0.0000s
  Total time: 0.0072s
  Has disagreements: False
=== END TIMING SUMMARY ===

Saved global model to results/fl_simulation_20250624_231131_n_cmapss_s25/model_storage/round_3/global_model_aggregated
Evaluating global model and track-specific performance...
Round 3 - RUL Prediction Metrics:
  RMSE: 23.49 cycles
  MAE: 19.02 cycles
  R²: -0.3849
  Within ±10 cycles: 32.87%
  Within ±20 cycles: 58.87%
Round 3 - Global model test loss: 23.490507
Saved results for round 3 (plot mode: minimal)

=== EVALUATING TRACK MODELS FOR ROUND 3 ===
No tracks directory found for round 3
Saved experiment results to results/fl_simulation_20250624_231131_n_cmapss_s25/output/fl_results.json
Saved timing metrics to results/fl_simulation_20250624_231131_n_cmapss_s25/output/timing_metrics.json
Round 3 completed with disagreement resolution.
Round 3 timing summary:
  Track initialization: 0.0024s
  Client training phase: 1.0185s
  Resolution time: 0.0000s
  Aggregation time: 0.0071s
  Total aggregation time: 0.0072s
  Evaluation time: 0.0259s
  Total round time: 1.0551s

--- Federated Learning Round 4/5 ---
Analyzing disagreements and preparing track-specific models...

=== SERVER PREPARATION FOR ROUND 4 ===
  Using initiation_mechanism: shallow, lifting_mechanism: shallow, deep_lifting_finetune_rounds: 3
Loaded disagreements: {}
Round 4: No disagreements defined in the system
Loading main global model from previous round 3's aggregated model: results/fl_simulation_20250624_231131_n_cmapss_s25/model_storage/round_3/global_model_aggregated
Loaded model from round 3
Loaded global model from results/fl_simulation_20250624_231131_n_cmapss_s25/model_storage/round_3/global_model_aggregated
Saved global model to results/fl_simulation_20250624_231131_n_cmapss_s25/model_storage/round_4/global_model_for_training
Saved main global model for training in round 4 at results/fl_simulation_20250624_231131_n_cmapss_s25/model_storage/round_4/global_model_for_training
No active disagreements for round 4. Using standard global model from results/fl_simulation_20250624_231131_n_cmapss_s25/model_storage/round_3/global_model_aggregated
=== END SERVER PREPARATION FOR ROUND 4 ===\n
Track model initialization completed in 0.0025 seconds
Updated track models based on disagreement changes from round 3
Starting disagreement-aware multi-track client training...
Client 0: Loading track models and training with disagreement resolution...

=== CLIENT 0 MODEL LOADING FOR ROUND 4 ===
No tracks directory found at results/fl_simulation_20250624_231131_n_cmapss_s25/model_storage/round_4/tracks, will use standard global model
Successfully loaded standard global model from results/fl_simulation_20250624_231131_n_cmapss_s25/model_storage/round_4/global_model_for_training
=== END CLIENT 0 MODEL LOADING ===


=== CLIENT 0 TRAINING FOR ROUND 4 ===
Training primary model...
Client 0 starting training for 10 epochs
Client 0 - Epoch 1/10 - Train Loss: 454.847978, Valid Loss: 342.701149
Client 0 - Epoch 2/10 - Train Loss: 467.365378, Valid Loss: 323.019581
Client 0 - Epoch 3/10 - Train Loss: 441.885808, Valid Loss: 343.774361
Client 0 - Epoch 4/10 - Train Loss: 432.575896, Valid Loss: 316.523422
Client 0 - Epoch 5/10 - Train Loss: 427.932406, Valid Loss: 309.766548
Client 0 - Epoch 6/10 - Train Loss: 402.310667, Valid Loss: 331.803623
Client 0 - Epoch 7/10 - Train Loss: 399.479478, Valid Loss: 308.412296
Client 0 - Epoch 8/10 - Train Loss: 389.400637, Valid Loss: 290.104057
Client 0 - Epoch 9/10 - Train Loss: 390.404769, Valid Loss: 306.174713
Client 0 - Epoch 10/10 - Train Loss: 381.616258, Valid Loss: 295.624245
Client 0 finished training
Client 0 saved training results to results/fl_simulation_20250624_231131_n_cmapss_s25/output/clients/client_0/training_results_round_4.json
Primary model training complete. Accuracy: N/A
Client 0 has no background tracks to train
=== END CLIENT 0 TRAINING ===


=== CLIENT 0 MODEL SAVING FOR ROUND 4 ===
Client 0 saved model to results/fl_simulation_20250624_231131_n_cmapss_s25/model_storage/round_4/clients/client_0
Saved primary model to results/fl_simulation_20250624_231131_n_cmapss_s25/model_storage/round_4/clients/client_0
Saved 0 background models
=== END CLIENT 0 MODEL SAVING ===

Client 0 completed training in 0.2035 seconds
Client 1: Loading track models and training with disagreement resolution...

=== CLIENT 1 MODEL LOADING FOR ROUND 4 ===
No tracks directory found at results/fl_simulation_20250624_231131_n_cmapss_s25/model_storage/round_4/tracks, will use standard global model
Successfully loaded standard global model from results/fl_simulation_20250624_231131_n_cmapss_s25/model_storage/round_4/global_model_for_training
=== END CLIENT 1 MODEL LOADING ===


=== CLIENT 1 TRAINING FOR ROUND 4 ===
Training primary model...
Client 1 starting training for 10 epochs
Client 1 - Epoch 1/10 - Train Loss: 601.402330, Valid Loss: 487.951088
Client 1 - Epoch 2/10 - Train Loss: 576.008127, Valid Loss: 463.614220
Client 1 - Epoch 3/10 - Train Loss: 547.111457, Valid Loss: 453.765266
Client 1 - Epoch 4/10 - Train Loss: 531.494932, Valid Loss: 438.015511
Client 1 - Epoch 5/10 - Train Loss: 516.193524, Valid Loss: 429.975624
Client 1 - Epoch 6/10 - Train Loss: 485.866788, Valid Loss: 400.762253
Client 1 - Epoch 7/10 - Train Loss: 506.607532, Valid Loss: 400.656670
Client 1 - Epoch 8/10 - Train Loss: 470.878071, Valid Loss: 384.341934
Client 1 - Epoch 9/10 - Train Loss: 474.084454, Valid Loss: 376.492218
Client 1 - Epoch 10/10 - Train Loss: 447.372137, Valid Loss: 363.236343
Client 1 finished training
Client 1 saved training results to results/fl_simulation_20250624_231131_n_cmapss_s25/output/clients/client_1/training_results_round_4.json
Primary model training complete. Accuracy: N/A
Client 1 has no background tracks to train
=== END CLIENT 1 TRAINING ===


=== CLIENT 1 MODEL SAVING FOR ROUND 4 ===
Client 1 saved model to results/fl_simulation_20250624_231131_n_cmapss_s25/model_storage/round_4/clients/client_1
Saved primary model to results/fl_simulation_20250624_231131_n_cmapss_s25/model_storage/round_4/clients/client_1
Saved 0 background models
=== END CLIENT 1 MODEL SAVING ===

Client 1 completed training in 0.2055 seconds
Client 2: Loading track models and training with disagreement resolution...

=== CLIENT 2 MODEL LOADING FOR ROUND 4 ===
No tracks directory found at results/fl_simulation_20250624_231131_n_cmapss_s25/model_storage/round_4/tracks, will use standard global model
Successfully loaded standard global model from results/fl_simulation_20250624_231131_n_cmapss_s25/model_storage/round_4/global_model_for_training
=== END CLIENT 2 MODEL LOADING ===


=== CLIENT 2 TRAINING FOR ROUND 4 ===
Training primary model...
Client 2 starting training for 10 epochs
Client 2 - Epoch 1/10 - Train Loss: 501.252840, Valid Loss: 404.373703
Client 2 - Epoch 2/10 - Train Loss: 471.742676, Valid Loss: 393.559891
Client 2 - Epoch 3/10 - Train Loss: 454.995458, Valid Loss: 391.653595
Client 2 - Epoch 4/10 - Train Loss: 456.727525, Valid Loss: 373.915649
Client 2 - Epoch 5/10 - Train Loss: 457.871289, Valid Loss: 365.881279
Client 2 - Epoch 6/10 - Train Loss: 422.599574, Valid Loss: 373.689468
Client 2 - Epoch 7/10 - Train Loss: 415.910297, Valid Loss: 369.554520
Client 2 - Epoch 8/10 - Train Loss: 422.939778, Valid Loss: 367.310177
Client 2 - Epoch 9/10 - Train Loss: 408.818341, Valid Loss: 340.651718
Client 2 - Epoch 10/10 - Train Loss: 398.976060, Valid Loss: 347.418880
Client 2 finished training
Client 2 saved training results to results/fl_simulation_20250624_231131_n_cmapss_s25/output/clients/client_2/training_results_round_4.json
Primary model training complete. Accuracy: N/A
Client 2 has no background tracks to train
=== END CLIENT 2 TRAINING ===


=== CLIENT 2 MODEL SAVING FOR ROUND 4 ===
Client 2 saved model to results/fl_simulation_20250624_231131_n_cmapss_s25/model_storage/round_4/clients/client_2
Saved primary model to results/fl_simulation_20250624_231131_n_cmapss_s25/model_storage/round_4/clients/client_2
Saved 0 background models
=== END CLIENT 2 MODEL SAVING ===

Client 2 completed training in 0.2037 seconds
Client 3: Loading track models and training with disagreement resolution...

=== CLIENT 3 MODEL LOADING FOR ROUND 4 ===
No tracks directory found at results/fl_simulation_20250624_231131_n_cmapss_s25/model_storage/round_4/tracks, will use standard global model
Successfully loaded standard global model from results/fl_simulation_20250624_231131_n_cmapss_s25/model_storage/round_4/global_model_for_training
=== END CLIENT 3 MODEL LOADING ===


=== CLIENT 3 TRAINING FOR ROUND 4 ===
Training primary model...
Client 3 starting training for 10 epochs
Client 3 - Epoch 1/10 - Train Loss: 284.543107, Valid Loss: 297.277393
Client 3 - Epoch 2/10 - Train Loss: 271.944574, Valid Loss: 266.320045
Client 3 - Epoch 3/10 - Train Loss: 271.258678, Valid Loss: 259.890106
Client 3 - Epoch 4/10 - Train Loss: 253.058056, Valid Loss: 268.005230
Client 3 - Epoch 5/10 - Train Loss: 252.955904, Valid Loss: 238.369938
Client 3 - Epoch 6/10 - Train Loss: 235.036996, Valid Loss: 239.457619
Client 3 - Epoch 7/10 - Train Loss: 230.965623, Valid Loss: 239.846546
Client 3 - Epoch 8/10 - Train Loss: 240.477044, Valid Loss: 227.944893
Client 3 - Epoch 9/10 - Train Loss: 232.666986, Valid Loss: 231.295776
Client 3 - Epoch 10/10 - Train Loss: 227.181793, Valid Loss: 216.156193
Client 3 finished training
Client 3 saved training results to results/fl_simulation_20250624_231131_n_cmapss_s25/output/clients/client_3/training_results_round_4.json
Primary model training complete. Accuracy: N/A
Client 3 has no background tracks to train
=== END CLIENT 3 TRAINING ===


=== CLIENT 3 MODEL SAVING FOR ROUND 4 ===
Client 3 saved model to results/fl_simulation_20250624_231131_n_cmapss_s25/model_storage/round_4/clients/client_3
Saved primary model to results/fl_simulation_20250624_231131_n_cmapss_s25/model_storage/round_4/clients/client_3
Saved 0 background models
=== END CLIENT 3 MODEL SAVING ===

Client 3 completed training in 0.2026 seconds
Client 4: Loading track models and training with disagreement resolution...

=== CLIENT 4 MODEL LOADING FOR ROUND 4 ===
No tracks directory found at results/fl_simulation_20250624_231131_n_cmapss_s25/model_storage/round_4/tracks, will use standard global model
Successfully loaded standard global model from results/fl_simulation_20250624_231131_n_cmapss_s25/model_storage/round_4/global_model_for_training
=== END CLIENT 4 MODEL LOADING ===


=== CLIENT 4 TRAINING FOR ROUND 4 ===
Training primary model...
Client 4 starting training for 10 epochs
Client 4 - Epoch 1/10 - Train Loss: 366.639238, Valid Loss: 332.159851
Client 4 - Epoch 2/10 - Train Loss: 353.220295, Valid Loss: 322.036209
Client 4 - Epoch 3/10 - Train Loss: 347.160480, Valid Loss: 303.450951
Client 4 - Epoch 4/10 - Train Loss: 312.452180, Valid Loss: 289.058273
Client 4 - Epoch 5/10 - Train Loss: 323.283511, Valid Loss: 289.081291
Client 4 - Epoch 6/10 - Train Loss: 300.626851, Valid Loss: 277.614346
Client 4 - Epoch 7/10 - Train Loss: 289.063693, Valid Loss: 265.280876
Client 4 - Epoch 8/10 - Train Loss: 301.816666, Valid Loss: 258.717030
Client 4 - Epoch 9/10 - Train Loss: 288.549976, Valid Loss: 257.562962
Client 4 - Epoch 10/10 - Train Loss: 289.273760, Valid Loss: 246.675228
Client 4 finished training
Client 4 saved training results to results/fl_simulation_20250624_231131_n_cmapss_s25/output/clients/client_4/training_results_round_4.json
Primary model training complete. Accuracy: N/A
Client 4 has no background tracks to train
=== END CLIENT 4 TRAINING ===


=== CLIENT 4 MODEL SAVING FOR ROUND 4 ===
Client 4 saved model to results/fl_simulation_20250624_231131_n_cmapss_s25/model_storage/round_4/clients/client_4
Saved primary model to results/fl_simulation_20250624_231131_n_cmapss_s25/model_storage/round_4/clients/client_4
Saved 0 background models
=== END CLIENT 4 MODEL SAVING ===

Client 4 completed training in 0.2014 seconds
Performing disagreement-aware track-based model aggregation...
Starting file-based aggregation for round 4
Found 5 clients: [4, 3, 2, 0, 1]
Loaded disagreements: {}
Round 4: No disagreements defined in the system
No active disagreements for round 4, using standard aggregation
Updated global model with parameters from 5 clients

=== AGGREGATION TIMING SUMMARY FOR ROUND 4 ===
  Disagreement loading: 0.0000s
  Resolution time: 0.0000s
  Aggregation time: 0.0070s
  Track saving time: 0.0000s
  Total time: 0.0071s
  Has disagreements: False
=== END TIMING SUMMARY ===

Saved global model to results/fl_simulation_20250624_231131_n_cmapss_s25/model_storage/round_4/global_model_aggregated
Evaluating global model and track-specific performance...
Round 4 - RUL Prediction Metrics:
  RMSE: 22.67 cycles
  MAE: 18.31 cycles
  R²: -0.2873
  Within ±10 cycles: 33.53%
  Within ±20 cycles: 60.00%
Round 4 - Global model test loss: 22.670526
Saved results for round 4 (plot mode: minimal)

=== EVALUATING TRACK MODELS FOR ROUND 4 ===
No tracks directory found for round 4
Saved experiment results to results/fl_simulation_20250624_231131_n_cmapss_s25/output/fl_results.json
Saved timing metrics to results/fl_simulation_20250624_231131_n_cmapss_s25/output/timing_metrics.json
Round 4 completed with disagreement resolution.
Round 4 timing summary:
  Track initialization: 0.0025s
  Client training phase: 1.0167s
  Resolution time: 0.0000s
  Aggregation time: 0.0070s
  Total aggregation time: 0.0071s
  Evaluation time: 0.0270s
  Total round time: 1.0542s

--- Federated Learning Round 5/5 ---
Analyzing disagreements and preparing track-specific models...

=== SERVER PREPARATION FOR ROUND 5 ===
  Using initiation_mechanism: shallow, lifting_mechanism: shallow, deep_lifting_finetune_rounds: 3
Loaded disagreements: {}
Round 5: No disagreements defined in the system
Loading main global model from previous round 4's aggregated model: results/fl_simulation_20250624_231131_n_cmapss_s25/model_storage/round_4/global_model_aggregated
Loaded model from round 4
Loaded global model from results/fl_simulation_20250624_231131_n_cmapss_s25/model_storage/round_4/global_model_aggregated
Saved global model to results/fl_simulation_20250624_231131_n_cmapss_s25/model_storage/round_5/global_model_for_training
Saved main global model for training in round 5 at results/fl_simulation_20250624_231131_n_cmapss_s25/model_storage/round_5/global_model_for_training
No active disagreements for round 5. Using standard global model from results/fl_simulation_20250624_231131_n_cmapss_s25/model_storage/round_4/global_model_aggregated
=== END SERVER PREPARATION FOR ROUND 5 ===\n
Track model initialization completed in 0.0023 seconds
Updated track models based on disagreement changes from round 4
Starting disagreement-aware multi-track client training...
Client 0: Loading track models and training with disagreement resolution...

=== CLIENT 0 MODEL LOADING FOR ROUND 5 ===
No tracks directory found at results/fl_simulation_20250624_231131_n_cmapss_s25/model_storage/round_5/tracks, will use standard global model
Successfully loaded standard global model from results/fl_simulation_20250624_231131_n_cmapss_s25/model_storage/round_5/global_model_for_training
=== END CLIENT 0 MODEL LOADING ===


=== CLIENT 0 TRAINING FOR ROUND 5 ===
Training primary model...
Client 0 starting training for 10 epochs
Client 0 - Epoch 1/10 - Train Loss: 383.279184, Valid Loss: 264.013832
Client 0 - Epoch 2/10 - Train Loss: 411.758233, Valid Loss: 278.706253
Client 0 - Epoch 3/10 - Train Loss: 360.312369, Valid Loss: 273.152077
Client 0 - Epoch 4/10 - Train Loss: 355.801545, Valid Loss: 258.362362
Client 0 - Epoch 5/10 - Train Loss: 360.567996, Valid Loss: 263.010147
Client 0 - Epoch 6/10 - Train Loss: 352.878723, Valid Loss: 259.119312
Client 0 - Epoch 7/10 - Train Loss: 360.089773, Valid Loss: 252.683601
Client 0 - Epoch 8/10 - Train Loss: 350.211351, Valid Loss: 247.722237
Client 0 - Epoch 9/10 - Train Loss: 313.100818, Valid Loss: 247.049225
Client 0 - Epoch 10/10 - Train Loss: 361.715001, Valid Loss: 284.655560
Client 0 finished training
Client 0 saved training results to results/fl_simulation_20250624_231131_n_cmapss_s25/output/clients/client_0/training_results_round_5.json
Primary model training complete. Accuracy: N/A
Client 0 has no background tracks to train
=== END CLIENT 0 TRAINING ===


=== CLIENT 0 MODEL SAVING FOR ROUND 5 ===
Client 0 saved model to results/fl_simulation_20250624_231131_n_cmapss_s25/model_storage/round_5/clients/client_0
Saved primary model to results/fl_simulation_20250624_231131_n_cmapss_s25/model_storage/round_5/clients/client_0
Saved 0 background models
=== END CLIENT 0 MODEL SAVING ===

Client 0 completed training in 0.2090 seconds
Client 1: Loading track models and training with disagreement resolution...

=== CLIENT 1 MODEL LOADING FOR ROUND 5 ===
No tracks directory found at results/fl_simulation_20250624_231131_n_cmapss_s25/model_storage/round_5/tracks, will use standard global model
Successfully loaded standard global model from results/fl_simulation_20250624_231131_n_cmapss_s25/model_storage/round_5/global_model_for_training
=== END CLIENT 1 MODEL LOADING ===


=== CLIENT 1 TRAINING FOR ROUND 5 ===
Training primary model...
Client 1 starting training for 10 epochs
Client 1 - Epoch 1/10 - Train Loss: 474.726870, Valid Loss: 378.744934
Client 1 - Epoch 2/10 - Train Loss: 463.478044, Valid Loss: 368.622673
Client 1 - Epoch 3/10 - Train Loss: 431.397738, Valid Loss: 355.673134
Client 1 - Epoch 4/10 - Train Loss: 433.858471, Valid Loss: 348.281052
Client 1 - Epoch 5/10 - Train Loss: 429.578442, Valid Loss: 341.019333
Client 1 - Epoch 6/10 - Train Loss: 439.494972, Valid Loss: 336.058617
Client 1 - Epoch 7/10 - Train Loss: 425.929314, Valid Loss: 318.617142
Client 1 - Epoch 8/10 - Train Loss: 420.250087, Valid Loss: 306.141609
Client 1 - Epoch 9/10 - Train Loss: 403.385329, Valid Loss: 315.989853
Client 1 - Epoch 10/10 - Train Loss: 404.123087, Valid Loss: 300.469872
Client 1 finished training
Client 1 saved training results to results/fl_simulation_20250624_231131_n_cmapss_s25/output/clients/client_1/training_results_round_5.json
Primary model training complete. Accuracy: N/A
Client 1 has no background tracks to train
=== END CLIENT 1 TRAINING ===


=== CLIENT 1 MODEL SAVING FOR ROUND 5 ===
Client 1 saved model to results/fl_simulation_20250624_231131_n_cmapss_s25/model_storage/round_5/clients/client_1
Saved primary model to results/fl_simulation_20250624_231131_n_cmapss_s25/model_storage/round_5/clients/client_1
Saved 0 background models
=== END CLIENT 1 MODEL SAVING ===

Client 1 completed training in 0.2010 seconds
Client 2: Loading track models and training with disagreement resolution...

=== CLIENT 2 MODEL LOADING FOR ROUND 5 ===
No tracks directory found at results/fl_simulation_20250624_231131_n_cmapss_s25/model_storage/round_5/tracks, will use standard global model
Successfully loaded standard global model from results/fl_simulation_20250624_231131_n_cmapss_s25/model_storage/round_5/global_model_for_training
=== END CLIENT 2 MODEL LOADING ===


=== CLIENT 2 TRAINING FOR ROUND 5 ===
Training primary model...
Client 2 starting training for 10 epochs
Client 2 - Epoch 1/10 - Train Loss: 412.763627, Valid Loss: 332.469711
Client 2 - Epoch 2/10 - Train Loss: 391.287884, Valid Loss: 310.319363
Client 2 - Epoch 3/10 - Train Loss: 389.861478, Valid Loss: 328.673111
Client 2 - Epoch 4/10 - Train Loss: 389.034398, Valid Loss: 302.355583
Client 2 - Epoch 5/10 - Train Loss: 382.996251, Valid Loss: 308.974415
Client 2 - Epoch 6/10 - Train Loss: 363.526961, Valid Loss: 301.093407
Client 2 - Epoch 7/10 - Train Loss: 374.169110, Valid Loss: 301.622654
Client 2 - Epoch 8/10 - Train Loss: 346.416950, Valid Loss: 300.361519
Client 2 - Epoch 9/10 - Train Loss: 355.155156, Valid Loss: 284.332275
Client 2 - Epoch 10/10 - Train Loss: 357.411060, Valid Loss: 297.304016
Client 2 finished training
Client 2 saved training results to results/fl_simulation_20250624_231131_n_cmapss_s25/output/clients/client_2/training_results_round_5.json
Primary model training complete. Accuracy: N/A
Client 2 has no background tracks to train
=== END CLIENT 2 TRAINING ===


=== CLIENT 2 MODEL SAVING FOR ROUND 5 ===
Client 2 saved model to results/fl_simulation_20250624_231131_n_cmapss_s25/model_storage/round_5/clients/client_2
Saved primary model to results/fl_simulation_20250624_231131_n_cmapss_s25/model_storage/round_5/clients/client_2
Saved 0 background models
=== END CLIENT 2 MODEL SAVING ===

Client 2 completed training in 0.2041 seconds
Client 3: Loading track models and training with disagreement resolution...

=== CLIENT 3 MODEL LOADING FOR ROUND 5 ===
No tracks directory found at results/fl_simulation_20250624_231131_n_cmapss_s25/model_storage/round_5/tracks, will use standard global model
Successfully loaded standard global model from results/fl_simulation_20250624_231131_n_cmapss_s25/model_storage/round_5/global_model_for_training
=== END CLIENT 3 MODEL LOADING ===


=== CLIENT 3 TRAINING FOR ROUND 5 ===
Training primary model...
Client 3 starting training for 10 epochs
Client 3 - Epoch 1/10 - Train Loss: 228.702462, Valid Loss: 199.698078
Client 3 - Epoch 2/10 - Train Loss: 209.300517, Valid Loss: 185.259560
Client 3 - Epoch 3/10 - Train Loss: 218.631361, Valid Loss: 200.822319
Client 3 - Epoch 4/10 - Train Loss: 206.513516, Valid Loss: 185.136200
Client 3 - Epoch 5/10 - Train Loss: 195.381602, Valid Loss: 185.276054
Client 3 - Epoch 6/10 - Train Loss: 221.419813, Valid Loss: 182.293610
Client 3 - Epoch 7/10 - Train Loss: 195.255065, Valid Loss: 201.009624
Client 3 - Epoch 8/10 - Train Loss: 210.715468, Valid Loss: 169.339386
Client 3 - Epoch 9/10 - Train Loss: 195.624225, Valid Loss: 180.202290
Client 3 - Epoch 10/10 - Train Loss: 207.343614, Valid Loss: 189.966278
Client 3 finished training
Client 3 saved training results to results/fl_simulation_20250624_231131_n_cmapss_s25/output/clients/client_3/training_results_round_5.json
Primary model training complete. Accuracy: N/A
Client 3 has no background tracks to train
=== END CLIENT 3 TRAINING ===


=== CLIENT 3 MODEL SAVING FOR ROUND 5 ===
Client 3 saved model to results/fl_simulation_20250624_231131_n_cmapss_s25/model_storage/round_5/clients/client_3
Saved primary model to results/fl_simulation_20250624_231131_n_cmapss_s25/model_storage/round_5/clients/client_3
Saved 0 background models
=== END CLIENT 3 MODEL SAVING ===

Client 3 completed training in 0.2051 seconds
Client 4: Loading track models and training with disagreement resolution...

=== CLIENT 4 MODEL LOADING FOR ROUND 5 ===
No tracks directory found at results/fl_simulation_20250624_231131_n_cmapss_s25/model_storage/round_5/tracks, will use standard global model
Successfully loaded standard global model from results/fl_simulation_20250624_231131_n_cmapss_s25/model_storage/round_5/global_model_for_training
=== END CLIENT 4 MODEL LOADING ===


=== CLIENT 4 TRAINING FOR ROUND 5 ===
Training primary model...
Client 4 starting training for 10 epochs
Client 4 - Epoch 1/10 - Train Loss: 281.426793, Valid Loss: 242.601334
Client 4 - Epoch 2/10 - Train Loss: 283.521308, Valid Loss: 254.993977
Client 4 - Epoch 3/10 - Train Loss: 286.525138, Valid Loss: 237.336742
Client 4 - Epoch 4/10 - Train Loss: 262.860221, Valid Loss: 229.237560
Client 4 - Epoch 5/10 - Train Loss: 256.015951, Valid Loss: 225.904263
Client 4 - Epoch 6/10 - Train Loss: 258.991000, Valid Loss: 218.226261
Client 4 - Epoch 7/10 - Train Loss: 238.593339, Valid Loss: 210.575882
Client 4 - Epoch 8/10 - Train Loss: 228.014934, Valid Loss: 208.054558
Client 4 - Epoch 9/10 - Train Loss: 232.849778, Valid Loss: 208.457062
Client 4 - Epoch 10/10 - Train Loss: 223.251359, Valid Loss: 205.349239
Client 4 finished training
Client 4 saved training results to results/fl_simulation_20250624_231131_n_cmapss_s25/output/clients/client_4/training_results_round_5.json
Primary model training complete. Accuracy: N/A
Client 4 has no background tracks to train
=== END CLIENT 4 TRAINING ===


=== CLIENT 4 MODEL SAVING FOR ROUND 5 ===
Client 4 saved model to results/fl_simulation_20250624_231131_n_cmapss_s25/model_storage/round_5/clients/client_4
Saved primary model to results/fl_simulation_20250624_231131_n_cmapss_s25/model_storage/round_5/clients/client_4
Saved 0 background models
=== END CLIENT 4 MODEL SAVING ===

Client 4 completed training in 0.2008 seconds
Performing disagreement-aware track-based model aggregation...
Starting file-based aggregation for round 5
Found 5 clients: [4, 3, 2, 0, 1]
Loaded disagreements: {}
Round 5: No disagreements defined in the system
No active disagreements for round 5, using standard aggregation
Updated global model with parameters from 5 clients

=== AGGREGATION TIMING SUMMARY FOR ROUND 5 ===
  Disagreement loading: 0.0000s
  Resolution time: 0.0000s
  Aggregation time: 0.0069s
  Track saving time: 0.0000s
  Total time: 0.0071s
  Has disagreements: False
=== END TIMING SUMMARY ===

Saved global model to results/fl_simulation_20250624_231131_n_cmapss_s25/model_storage/round_5/global_model_aggregated
Evaluating global model and track-specific performance...
Round 5 - RUL Prediction Metrics:
  RMSE: 21.93 cycles
  MAE: 17.76 cycles
  R²: -0.2010
  Within ±10 cycles: 35.33%
  Within ±20 cycles: 61.27%
Round 5 - Global model test loss: 21.926631
Creating timing plots with data from 5 rounds
Saved timing plots for round 5
Summary: Avg total time: 0.009s, Avg aggregation time: 0.009s, Avg resolution time: 0.000ms
Saved results for round 5 (plot mode: last round)

=== EVALUATING TRACK MODELS FOR ROUND 5 ===
No tracks directory found for round 5
Saved experiment results to results/fl_simulation_20250624_231131_n_cmapss_s25/output/fl_results.json
Saved timing metrics to results/fl_simulation_20250624_231131_n_cmapss_s25/output/timing_metrics.json
Round 5 completed with disagreement resolution.
Round 5 timing summary:
  Track initialization: 0.0023s
  Client training phase: 1.0200s
  Resolution time: 0.0000s
  Aggregation time: 0.0069s
  Total aggregation time: 0.0071s
  Evaluation time: 1.7039s
  Total round time: 2.7341s
Saved experiment results to results/fl_simulation_20250624_231131_n_cmapss_s25/output/fl_results.json
Saved timing metrics to results/fl_simulation_20250624_231131_n_cmapss_s25/output/timing_metrics.json

Federated learning with disagreement resolution completed!
Experiment initialization time: 0.08 seconds
Total running time: 7.03 seconds
