Updated configuration in mock_etcd/configuration.json
Initialized global n_cmapss model
Loading test data from data/n-cmapss/test/Unit11_win50_str1_smp10.npz
Sampling 500 instances from 66301 for test unit 11
Loading test data from data/n-cmapss/test/Unit14_win50_str1_smp10.npz
Sampling 500 instances from 15628 for test unit 14
Loading test data from data/n-cmapss/test/Unit15_win50_str1_smp10.npz
Sampling 500 instances from 43298 for test unit 15
Loaded test data with 1500 samples
Saved experiment results to results/fl_simulation_20250618_143948_n_cmapss_s25/output/fl_results.json
Loading data from data/n-cmapss/train/client_0/Unit2_win50_str1_smp10.npz
Sampling 1000 instances from 85266 for client 0
Client 0 loaded 1000 samples
Loading data from data/n-cmapss/train/client_1/Unit5_win50_str1_smp10.npz
Sampling 1000 instances from 103293 for client 1
Client 1 loaded 1000 samples
Loading data from data/n-cmapss/train/client_2/Unit10_win50_str1_smp10.npz
Sampling 1000 instances from 95222 for client 2
Client 2 loaded 1000 samples
Loading data from data/n-cmapss/train/client_3/Unit16_win50_str1_smp10.npz
Sampling 1000 instances from 76480 for client 3
Client 3 loaded 1000 samples
Loading data from data/n-cmapss/train/client_4/Unit18_win50_str1_smp10.npz
Sampling 1000 instances from 89023 for client 4
Client 4 loaded 1000 samples
Initialized disagreement-aware federated learning orchestrator
  - 5 clients for n_cmapss experiment
  - Advanced disagreement resolution with multi-track model training
  - Results directory: results/fl_simulation_20250618_143948_n_cmapss_s25
Starting federated learning with 5 rounds...
Saved global model to results/fl_simulation_20250618_143948_n_cmapss_s25/model_storage/global_model_initial
Initialized and saved the initial global model
Round 0 - RUL Prediction Metrics:
  RMSE: 38.40 cycles
  MAE: 32.86 cycles
  R²: -2.6548
  Within ±10 cycles: 17.67%
  Within ±20 cycles: 31.73%
Round 0 - Global model test loss: 38.395729
Saved results for round 0 (plot mode: minimal)
Saved experiment results to results/fl_simulation_20250618_143948_n_cmapss_s25/output/fl_results.json
Initial model evaluation completed

--- Federated Learning Round 1/5 ---
Analyzing disagreements and preparing track-specific models...

=== SERVER PREPARATION FOR ROUND 1 ===
  Using initiation_mechanism: shallow, lifting_mechanism: shallow, deep_lifting_finetune_rounds: 3
Loaded disagreements: {}
Round 1: No disagreements defined in the system
Round 1 starting with initial global model from results/fl_simulation_20250618_143948_n_cmapss_s25/model_storage/global_model_initial
Loaded model from round 0
Loaded global model from results/fl_simulation_20250618_143948_n_cmapss_s25/model_storage/global_model_initial
Saved global model to results/fl_simulation_20250618_143948_n_cmapss_s25/model_storage/round_1/global_model_for_training
Saved global model for training at results/fl_simulation_20250618_143948_n_cmapss_s25/model_storage/round_1/global_model_for_training
=== END SERVER PREPARATION FOR ROUND 1 ===\n
Created initial track models from global_model_initial for round 1
Starting disagreement-aware multi-track client training...
Client 0: Loading track models and training with disagreement resolution...

=== CLIENT 0 MODEL LOADING FOR ROUND 1 ===
No tracks directory found at results/fl_simulation_20250618_143948_n_cmapss_s25/model_storage/round_1/tracks, will use standard global model
Successfully loaded standard global model from results/fl_simulation_20250618_143948_n_cmapss_s25/model_storage/round_1/global_model_for_training
=== END CLIENT 0 MODEL LOADING ===


=== CLIENT 0 TRAINING FOR ROUND 1 ===
Training primary model...
Client 0 starting training for 10 epochs
Client 0 - Epoch 1/10 - Train Loss: 1650.692223, Valid Loss: 1541.611694
Client 0 - Epoch 2/10 - Train Loss: 1222.786264, Valid Loss: 1150.826691
Client 0 - Epoch 3/10 - Train Loss: 939.320449, Valid Loss: 953.947830
Client 0 - Epoch 4/10 - Train Loss: 801.407583, Valid Loss: 910.357040
Client 0 - Epoch 5/10 - Train Loss: 832.571176, Valid Loss: 876.660385
Client 0 - Epoch 6/10 - Train Loss: 769.118868, Valid Loss: 834.839233
Client 0 - Epoch 7/10 - Train Loss: 723.706057, Valid Loss: 793.223114
Client 0 - Epoch 8/10 - Train Loss: 690.778940, Valid Loss: 753.865295
Client 0 - Epoch 9/10 - Train Loss: 656.768179, Valid Loss: 712.643433
Client 0 - Epoch 10/10 - Train Loss: 658.648625, Valid Loss: 684.370636
Client 0 finished training
Client 0 saved training results to results/fl_simulation_20250618_143948_n_cmapss_s25/output/clients/client_0/training_results_round_1.json
Primary model training complete. Accuracy: N/A
Client 0 has no background tracks to train
=== END CLIENT 0 TRAINING ===


=== CLIENT 0 MODEL SAVING FOR ROUND 1 ===
Client 0 saved model to results/fl_simulation_20250618_143948_n_cmapss_s25/model_storage/round_1/clients/client_0
Saved primary model to results/fl_simulation_20250618_143948_n_cmapss_s25/model_storage/round_1/clients/client_0
Saved 0 background models
=== END CLIENT 0 MODEL SAVING ===

Client 1: Loading track models and training with disagreement resolution...

=== CLIENT 1 MODEL LOADING FOR ROUND 1 ===
No tracks directory found at results/fl_simulation_20250618_143948_n_cmapss_s25/model_storage/round_1/tracks, will use standard global model
Successfully loaded standard global model from results/fl_simulation_20250618_143948_n_cmapss_s25/model_storage/round_1/global_model_for_training
=== END CLIENT 1 MODEL LOADING ===


=== CLIENT 1 TRAINING FOR ROUND 1 ===
Training primary model...
Client 1 starting training for 10 epochs
Client 1 - Epoch 1/10 - Train Loss: 2429.581637, Valid Loss: 2050.120087
Client 1 - Epoch 2/10 - Train Loss: 1881.824679, Valid Loss: 1545.124237
Client 1 - Epoch 3/10 - Train Loss: 1412.096191, Valid Loss: 1185.503906
Client 1 - Epoch 4/10 - Train Loss: 1196.041466, Valid Loss: 1022.323792
Client 1 - Epoch 5/10 - Train Loss: 1136.253052, Valid Loss: 965.771851
Client 1 - Epoch 6/10 - Train Loss: 1105.827449, Valid Loss: 926.239319
Client 1 - Epoch 7/10 - Train Loss: 1071.674110, Valid Loss: 880.784210
Client 1 - Epoch 8/10 - Train Loss: 1031.651494, Valid Loss: 838.607895
Client 1 - Epoch 9/10 - Train Loss: 1027.621352, Valid Loss: 808.649536
Client 1 - Epoch 10/10 - Train Loss: 944.340299, Valid Loss: 766.511337
Client 1 finished training
Client 1 saved training results to results/fl_simulation_20250618_143948_n_cmapss_s25/output/clients/client_1/training_results_round_1.json
Primary model training complete. Accuracy: N/A
Client 1 has no background tracks to train
=== END CLIENT 1 TRAINING ===


=== CLIENT 1 MODEL SAVING FOR ROUND 1 ===
Client 1 saved model to results/fl_simulation_20250618_143948_n_cmapss_s25/model_storage/round_1/clients/client_1
Saved primary model to results/fl_simulation_20250618_143948_n_cmapss_s25/model_storage/round_1/clients/client_1
Saved 0 background models
=== END CLIENT 1 MODEL SAVING ===

Client 2: Loading track models and training with disagreement resolution...

=== CLIENT 2 MODEL LOADING FOR ROUND 1 ===
No tracks directory found at results/fl_simulation_20250618_143948_n_cmapss_s25/model_storage/round_1/tracks, will use standard global model
Successfully loaded standard global model from results/fl_simulation_20250618_143948_n_cmapss_s25/model_storage/round_1/global_model_for_training
=== END CLIENT 2 MODEL LOADING ===


=== CLIENT 2 TRAINING FOR ROUND 1 ===
Training primary model...
Client 2 starting training for 10 epochs
Client 2 - Epoch 1/10 - Train Loss: 2053.086614, Valid Loss: 1719.509552
Client 2 - Epoch 2/10 - Train Loss: 1574.396766, Valid Loss: 1210.572739
Client 2 - Epoch 3/10 - Train Loss: 1207.729868, Valid Loss: 886.850479
Client 2 - Epoch 4/10 - Train Loss: 1004.957458, Valid Loss: 787.728233
Client 2 - Epoch 5/10 - Train Loss: 964.328853, Valid Loss: 770.775948
Client 2 - Epoch 6/10 - Train Loss: 965.266062, Valid Loss: 756.558060
Client 2 - Epoch 7/10 - Train Loss: 897.079928, Valid Loss: 735.131500
Client 2 - Epoch 8/10 - Train Loss: 875.970647, Valid Loss: 706.759766
Client 2 - Epoch 9/10 - Train Loss: 841.228647, Valid Loss: 686.094620
Client 2 - Epoch 10/10 - Train Loss: 803.702158, Valid Loss: 657.564415
Client 2 finished training
Client 2 saved training results to results/fl_simulation_20250618_143948_n_cmapss_s25/output/clients/client_2/training_results_round_1.json
Primary model training complete. Accuracy: N/A
Client 2 has no background tracks to train
=== END CLIENT 2 TRAINING ===


=== CLIENT 2 MODEL SAVING FOR ROUND 1 ===
Client 2 saved model to results/fl_simulation_20250618_143948_n_cmapss_s25/model_storage/round_1/clients/client_2
Saved primary model to results/fl_simulation_20250618_143948_n_cmapss_s25/model_storage/round_1/clients/client_2
Saved 0 background models
=== END CLIENT 2 MODEL SAVING ===

Client 3: Loading track models and training with disagreement resolution...

=== CLIENT 3 MODEL LOADING FOR ROUND 1 ===
No tracks directory found at results/fl_simulation_20250618_143948_n_cmapss_s25/model_storage/round_1/tracks, will use standard global model
Successfully loaded standard global model from results/fl_simulation_20250618_143948_n_cmapss_s25/model_storage/round_1/global_model_for_training
=== END CLIENT 3 MODEL LOADING ===


=== CLIENT 3 TRAINING FOR ROUND 1 ===
Training primary model...
Client 3 starting training for 10 epochs
Client 3 - Epoch 1/10 - Train Loss: 1110.910067, Valid Loss: 1025.540466
Client 3 - Epoch 2/10 - Train Loss: 788.552594, Valid Loss: 753.343689
Client 3 - Epoch 3/10 - Train Loss: 612.649592, Valid Loss: 645.486328
Client 3 - Epoch 4/10 - Train Loss: 566.229480, Valid Loss: 612.778015
Client 3 - Epoch 5/10 - Train Loss: 541.769090, Valid Loss: 586.453102
Client 3 - Epoch 6/10 - Train Loss: 527.269890, Valid Loss: 565.443245
Client 3 - Epoch 7/10 - Train Loss: 497.944575, Valid Loss: 539.559471
Client 3 - Epoch 8/10 - Train Loss: 481.734445, Valid Loss: 525.493500
Client 3 - Epoch 9/10 - Train Loss: 474.746387, Valid Loss: 502.052925
Client 3 - Epoch 10/10 - Train Loss: 454.463536, Valid Loss: 481.175606
Client 3 finished training
Client 3 saved training results to results/fl_simulation_20250618_143948_n_cmapss_s25/output/clients/client_3/training_results_round_1.json
Primary model training complete. Accuracy: N/A
Client 3 has no background tracks to train
=== END CLIENT 3 TRAINING ===


=== CLIENT 3 MODEL SAVING FOR ROUND 1 ===
Client 3 saved model to results/fl_simulation_20250618_143948_n_cmapss_s25/model_storage/round_1/clients/client_3
Saved primary model to results/fl_simulation_20250618_143948_n_cmapss_s25/model_storage/round_1/clients/client_3
Saved 0 background models
=== END CLIENT 3 MODEL SAVING ===

Client 4: Loading track models and training with disagreement resolution...

=== CLIENT 4 MODEL LOADING FOR ROUND 1 ===
No tracks directory found at results/fl_simulation_20250618_143948_n_cmapss_s25/model_storage/round_1/tracks, will use standard global model
Successfully loaded standard global model from results/fl_simulation_20250618_143948_n_cmapss_s25/model_storage/round_1/global_model_for_training
=== END CLIENT 4 MODEL LOADING ===


=== CLIENT 4 TRAINING FOR ROUND 1 ===
Training primary model...
Client 4 starting training for 10 epochs
Client 4 - Epoch 1/10 - Train Loss: 1444.084529, Valid Loss: 1067.352997
Client 4 - Epoch 2/10 - Train Loss: 1076.911447, Valid Loss: 834.032654
Client 4 - Epoch 3/10 - Train Loss: 853.036138, Valid Loss: 756.296646
Client 4 - Epoch 4/10 - Train Loss: 801.729797, Valid Loss: 730.649963
Client 4 - Epoch 5/10 - Train Loss: 763.638747, Valid Loss: 683.639450
Client 4 - Epoch 6/10 - Train Loss: 768.443773, Valid Loss: 640.975281
Client 4 - Epoch 7/10 - Train Loss: 734.132155, Valid Loss: 638.736160
Client 4 - Epoch 8/10 - Train Loss: 722.745178, Valid Loss: 628.308838
Client 4 - Epoch 9/10 - Train Loss: 696.733459, Valid Loss: 604.624146
Client 4 - Epoch 10/10 - Train Loss: 644.898527, Valid Loss: 576.080292
Client 4 finished training
Client 4 saved training results to results/fl_simulation_20250618_143948_n_cmapss_s25/output/clients/client_4/training_results_round_1.json
Primary model training complete. Accuracy: N/A
Client 4 has no background tracks to train
=== END CLIENT 4 TRAINING ===


=== CLIENT 4 MODEL SAVING FOR ROUND 1 ===
Client 4 saved model to results/fl_simulation_20250618_143948_n_cmapss_s25/model_storage/round_1/clients/client_4
Saved primary model to results/fl_simulation_20250618_143948_n_cmapss_s25/model_storage/round_1/clients/client_4
Saved 0 background models
=== END CLIENT 4 MODEL SAVING ===

Performing disagreement-aware track-based model aggregation...
Starting file-based aggregation for round 1
Found 5 clients: [4, 3, 2, 0, 1]
Loaded disagreements: {}
Round 1: No disagreements defined in the system
No active disagreements for round 1, using standard aggregation
Updated global model with parameters from 5 clients

=== AGGREGATION TIMING SUMMARY FOR ROUND 1 ===
  Disagreement loading: 0.0001s
  Resolution time: 0.0000s
  Aggregation time: 0.0190s
  Track saving time: 0.0000s
  Total time: 0.0192s
  Has disagreements: False
=== END TIMING SUMMARY ===

Saved global model to results/fl_simulation_20250618_143948_n_cmapss_s25/model_storage/round_1/global_model_aggregated
Evaluating global model and track-specific performance...
Round 1 - RUL Prediction Metrics:
  RMSE: 26.47 cycles
  MAE: 21.47 cycles
  R²: -0.7406
  Within ±10 cycles: 28.93%
  Within ±20 cycles: 54.00%
Round 1 - Global model test loss: 26.467211
Saved results for round 1 (plot mode: minimal)

=== EVALUATING TRACK MODELS FOR ROUND 1 ===
No tracks directory found for round 1
Saved experiment results to results/fl_simulation_20250618_143948_n_cmapss_s25/output/fl_results.json
Saved timing metrics to results/fl_simulation_20250618_143948_n_cmapss_s25/output/aggregation_timing_metrics.json
Round 1 completed with disagreement resolution.

--- Federated Learning Round 2/5 ---
Analyzing disagreements and preparing track-specific models...

=== SERVER PREPARATION FOR ROUND 2 ===
  Using initiation_mechanism: shallow, lifting_mechanism: shallow, deep_lifting_finetune_rounds: 3
Loaded disagreements: {}
Round 2: No disagreements defined in the system
Loading main global model from previous round 1's aggregated model: results/fl_simulation_20250618_143948_n_cmapss_s25/model_storage/round_1/global_model_aggregated
Loaded model from round 1
Loaded global model from results/fl_simulation_20250618_143948_n_cmapss_s25/model_storage/round_1/global_model_aggregated
Saved global model to results/fl_simulation_20250618_143948_n_cmapss_s25/model_storage/round_2/global_model_for_training
Saved main global model for training in round 2 at results/fl_simulation_20250618_143948_n_cmapss_s25/model_storage/round_2/global_model_for_training
No active disagreements for round 2. Using standard global model from results/fl_simulation_20250618_143948_n_cmapss_s25/model_storage/round_1/global_model_aggregated
=== END SERVER PREPARATION FOR ROUND 2 ===\n
Updated track models based on disagreement changes from round 1
Starting disagreement-aware multi-track client training...
Client 0: Loading track models and training with disagreement resolution...

=== CLIENT 0 MODEL LOADING FOR ROUND 2 ===
No tracks directory found at results/fl_simulation_20250618_143948_n_cmapss_s25/model_storage/round_2/tracks, will use standard global model
Successfully loaded standard global model from results/fl_simulation_20250618_143948_n_cmapss_s25/model_storage/round_2/global_model_for_training
=== END CLIENT 0 MODEL LOADING ===


=== CLIENT 0 TRAINING FOR ROUND 2 ===
Training primary model...
Client 0 starting training for 10 epochs
Client 0 - Epoch 1/10 - Train Loss: 661.390745, Valid Loss: 698.935440
Client 0 - Epoch 2/10 - Train Loss: 623.482701, Valid Loss: 675.402557
Client 0 - Epoch 3/10 - Train Loss: 597.341865, Valid Loss: 641.680367
Client 0 - Epoch 4/10 - Train Loss: 591.515094, Valid Loss: 627.752052
Client 0 - Epoch 5/10 - Train Loss: 588.461722, Valid Loss: 621.100563
Client 0 - Epoch 6/10 - Train Loss: 558.915182, Valid Loss: 619.238190
Client 0 - Epoch 7/10 - Train Loss: 565.572165, Valid Loss: 591.132614
Client 0 - Epoch 8/10 - Train Loss: 543.222743, Valid Loss: 578.022087
Client 0 - Epoch 9/10 - Train Loss: 522.389562, Valid Loss: 571.432961
Client 0 - Epoch 10/10 - Train Loss: 499.758127, Valid Loss: 561.637505
Client 0 finished training
Client 0 saved training results to results/fl_simulation_20250618_143948_n_cmapss_s25/output/clients/client_0/training_results_round_2.json
Primary model training complete. Accuracy: N/A
Client 0 has no background tracks to train
=== END CLIENT 0 TRAINING ===


=== CLIENT 0 MODEL SAVING FOR ROUND 2 ===
Client 0 saved model to results/fl_simulation_20250618_143948_n_cmapss_s25/model_storage/round_2/clients/client_0
Saved primary model to results/fl_simulation_20250618_143948_n_cmapss_s25/model_storage/round_2/clients/client_0
Saved 0 background models
=== END CLIENT 0 MODEL SAVING ===

Client 1: Loading track models and training with disagreement resolution...

=== CLIENT 1 MODEL LOADING FOR ROUND 2 ===
No tracks directory found at results/fl_simulation_20250618_143948_n_cmapss_s25/model_storage/round_2/tracks, will use standard global model
Successfully loaded standard global model from results/fl_simulation_20250618_143948_n_cmapss_s25/model_storage/round_2/global_model_for_training
=== END CLIENT 1 MODEL LOADING ===


=== CLIENT 1 TRAINING FOR ROUND 2 ===
Training primary model...
Client 1 starting training for 10 epochs
Client 1 - Epoch 1/10 - Train Loss: 985.544772, Valid Loss: 788.131577
Client 1 - Epoch 2/10 - Train Loss: 924.031062, Valid Loss: 733.169464
Client 1 - Epoch 3/10 - Train Loss: 875.303833, Valid Loss: 700.630737
Client 1 - Epoch 4/10 - Train Loss: 839.053016, Valid Loss: 676.303925
Client 1 - Epoch 5/10 - Train Loss: 841.608441, Valid Loss: 664.143646
Client 1 - Epoch 6/10 - Train Loss: 835.766611, Valid Loss: 643.438232
Client 1 - Epoch 7/10 - Train Loss: 779.696848, Valid Loss: 627.805832
Client 1 - Epoch 8/10 - Train Loss: 799.236150, Valid Loss: 608.934433
Client 1 - Epoch 9/10 - Train Loss: 776.514127, Valid Loss: 588.341866
Client 1 - Epoch 10/10 - Train Loss: 724.966508, Valid Loss: 577.119667
Client 1 finished training
Client 1 saved training results to results/fl_simulation_20250618_143948_n_cmapss_s25/output/clients/client_1/training_results_round_2.json
Primary model training complete. Accuracy: N/A
Client 1 has no background tracks to train
=== END CLIENT 1 TRAINING ===


=== CLIENT 1 MODEL SAVING FOR ROUND 2 ===
Client 1 saved model to results/fl_simulation_20250618_143948_n_cmapss_s25/model_storage/round_2/clients/client_1
Saved primary model to results/fl_simulation_20250618_143948_n_cmapss_s25/model_storage/round_2/clients/client_1
Saved 0 background models
=== END CLIENT 1 MODEL SAVING ===

Client 2: Loading track models and training with disagreement resolution...

=== CLIENT 2 MODEL LOADING FOR ROUND 2 ===
No tracks directory found at results/fl_simulation_20250618_143948_n_cmapss_s25/model_storage/round_2/tracks, will use standard global model
Successfully loaded standard global model from results/fl_simulation_20250618_143948_n_cmapss_s25/model_storage/round_2/global_model_for_training
=== END CLIENT 2 MODEL LOADING ===


=== CLIENT 2 TRAINING FOR ROUND 2 ===
Training primary model...
Client 2 starting training for 10 epochs
Client 2 - Epoch 1/10 - Train Loss: 810.905349, Valid Loss: 647.824219
Client 2 - Epoch 2/10 - Train Loss: 775.140733, Valid Loss: 619.960129
Client 2 - Epoch 3/10 - Train Loss: 728.841379, Valid Loss: 590.124878
Client 2 - Epoch 4/10 - Train Loss: 702.463536, Valid Loss: 580.152504
Client 2 - Epoch 5/10 - Train Loss: 680.065979, Valid Loss: 556.589935
Client 2 - Epoch 6/10 - Train Loss: 666.928659, Valid Loss: 559.292572
Client 2 - Epoch 7/10 - Train Loss: 632.011108, Valid Loss: 538.926048
Client 2 - Epoch 8/10 - Train Loss: 644.006202, Valid Loss: 531.538864
Client 2 - Epoch 9/10 - Train Loss: 605.515771, Valid Loss: 513.893997
Client 2 - Epoch 10/10 - Train Loss: 600.299194, Valid Loss: 504.295059
Client 2 finished training
Client 2 saved training results to results/fl_simulation_20250618_143948_n_cmapss_s25/output/clients/client_2/training_results_round_2.json
Primary model training complete. Accuracy: N/A
Client 2 has no background tracks to train
=== END CLIENT 2 TRAINING ===


=== CLIENT 2 MODEL SAVING FOR ROUND 2 ===
Client 2 saved model to results/fl_simulation_20250618_143948_n_cmapss_s25/model_storage/round_2/clients/client_2
Saved primary model to results/fl_simulation_20250618_143948_n_cmapss_s25/model_storage/round_2/clients/client_2
Saved 0 background models
=== END CLIENT 2 MODEL SAVING ===

Client 3: Loading track models and training with disagreement resolution...

=== CLIENT 3 MODEL LOADING FOR ROUND 2 ===
No tracks directory found at results/fl_simulation_20250618_143948_n_cmapss_s25/model_storage/round_2/tracks, will use standard global model
Successfully loaded standard global model from results/fl_simulation_20250618_143948_n_cmapss_s25/model_storage/round_2/global_model_for_training
=== END CLIENT 3 MODEL LOADING ===


=== CLIENT 3 TRAINING FOR ROUND 2 ===
Training primary model...
Client 3 starting training for 10 epochs
Client 3 - Epoch 1/10 - Train Loss: 451.841790, Valid Loss: 498.311798
Client 3 - Epoch 2/10 - Train Loss: 451.790847, Valid Loss: 469.143570
Client 3 - Epoch 3/10 - Train Loss: 427.970950, Valid Loss: 458.818779
Client 3 - Epoch 4/10 - Train Loss: 414.823655, Valid Loss: 446.130478
Client 3 - Epoch 5/10 - Train Loss: 405.972243, Valid Loss: 443.808365
Client 3 - Epoch 6/10 - Train Loss: 403.782299, Valid Loss: 428.260590
Client 3 - Epoch 7/10 - Train Loss: 386.541802, Valid Loss: 422.289726
Client 3 - Epoch 8/10 - Train Loss: 376.749369, Valid Loss: 414.032387
Client 3 - Epoch 9/10 - Train Loss: 374.609481, Valid Loss: 412.144806
Client 3 - Epoch 10/10 - Train Loss: 353.903872, Valid Loss: 394.872849
Client 3 finished training
Client 3 saved training results to results/fl_simulation_20250618_143948_n_cmapss_s25/output/clients/client_3/training_results_round_2.json
Primary model training complete. Accuracy: N/A
Client 3 has no background tracks to train
=== END CLIENT 3 TRAINING ===


=== CLIENT 3 MODEL SAVING FOR ROUND 2 ===
Client 3 saved model to results/fl_simulation_20250618_143948_n_cmapss_s25/model_storage/round_2/clients/client_3
Saved primary model to results/fl_simulation_20250618_143948_n_cmapss_s25/model_storage/round_2/clients/client_3
Saved 0 background models
=== END CLIENT 3 MODEL SAVING ===

Client 4: Loading track models and training with disagreement resolution...

=== CLIENT 4 MODEL LOADING FOR ROUND 2 ===
No tracks directory found at results/fl_simulation_20250618_143948_n_cmapss_s25/model_storage/round_2/tracks, will use standard global model
Successfully loaded standard global model from results/fl_simulation_20250618_143948_n_cmapss_s25/model_storage/round_2/global_model_for_training
=== END CLIENT 4 MODEL LOADING ===


=== CLIENT 4 TRAINING FOR ROUND 2 ===
Training primary model...
Client 4 starting training for 10 epochs
Client 4 - Epoch 1/10 - Train Loss: 638.942758, Valid Loss: 552.265900
Client 4 - Epoch 2/10 - Train Loss: 622.829235, Valid Loss: 534.645683
Client 4 - Epoch 3/10 - Train Loss: 608.025017, Valid Loss: 507.748535
Client 4 - Epoch 4/10 - Train Loss: 576.010519, Valid Loss: 511.916695
Client 4 - Epoch 5/10 - Train Loss: 559.452660, Valid Loss: 475.830780
Client 4 - Epoch 6/10 - Train Loss: 544.388059, Valid Loss: 464.382416
Client 4 - Epoch 7/10 - Train Loss: 503.445151, Valid Loss: 477.150604
Client 4 - Epoch 8/10 - Train Loss: 528.044105, Valid Loss: 440.980812
Client 4 - Epoch 9/10 - Train Loss: 508.670450, Valid Loss: 417.646027
Client 4 - Epoch 10/10 - Train Loss: 481.518315, Valid Loss: 419.145546
Client 4 finished training
Client 4 saved training results to results/fl_simulation_20250618_143948_n_cmapss_s25/output/clients/client_4/training_results_round_2.json
Primary model training complete. Accuracy: N/A
Client 4 has no background tracks to train
=== END CLIENT 4 TRAINING ===


=== CLIENT 4 MODEL SAVING FOR ROUND 2 ===
Client 4 saved model to results/fl_simulation_20250618_143948_n_cmapss_s25/model_storage/round_2/clients/client_4
Saved primary model to results/fl_simulation_20250618_143948_n_cmapss_s25/model_storage/round_2/clients/client_4
Saved 0 background models
=== END CLIENT 4 MODEL SAVING ===

Performing disagreement-aware track-based model aggregation...
Starting file-based aggregation for round 2
Found 5 clients: [4, 3, 2, 0, 1]
Loaded disagreements: {}
Round 2: No disagreements defined in the system
No active disagreements for round 2, using standard aggregation
Updated global model with parameters from 5 clients

=== AGGREGATION TIMING SUMMARY FOR ROUND 2 ===
  Disagreement loading: 0.0000s
  Resolution time: 0.0000s
  Aggregation time: 0.0074s
  Track saving time: 0.0000s
  Total time: 0.0076s
  Has disagreements: False
=== END TIMING SUMMARY ===

Saved global model to results/fl_simulation_20250618_143948_n_cmapss_s25/model_storage/round_2/global_model_aggregated
Evaluating global model and track-specific performance...
Round 2 - RUL Prediction Metrics:
  RMSE: 24.98 cycles
  MAE: 20.39 cycles
  R²: -0.5473
  Within ±10 cycles: 29.60%
  Within ±20 cycles: 57.47%
Round 2 - Global model test loss: 24.982094
Saved results for round 2 (plot mode: minimal)

=== EVALUATING TRACK MODELS FOR ROUND 2 ===
No tracks directory found for round 2
Saved experiment results to results/fl_simulation_20250618_143948_n_cmapss_s25/output/fl_results.json
Saved timing metrics to results/fl_simulation_20250618_143948_n_cmapss_s25/output/aggregation_timing_metrics.json
Round 2 completed with disagreement resolution.

--- Federated Learning Round 3/5 ---
Analyzing disagreements and preparing track-specific models...

=== SERVER PREPARATION FOR ROUND 3 ===
  Using initiation_mechanism: shallow, lifting_mechanism: shallow, deep_lifting_finetune_rounds: 3
Loaded disagreements: {}
Round 3: No disagreements defined in the system
Loading main global model from previous round 2's aggregated model: results/fl_simulation_20250618_143948_n_cmapss_s25/model_storage/round_2/global_model_aggregated
Loaded model from round 2
Loaded global model from results/fl_simulation_20250618_143948_n_cmapss_s25/model_storage/round_2/global_model_aggregated
Saved global model to results/fl_simulation_20250618_143948_n_cmapss_s25/model_storage/round_3/global_model_for_training
Saved main global model for training in round 3 at results/fl_simulation_20250618_143948_n_cmapss_s25/model_storage/round_3/global_model_for_training
No active disagreements for round 3. Using standard global model from results/fl_simulation_20250618_143948_n_cmapss_s25/model_storage/round_2/global_model_aggregated
=== END SERVER PREPARATION FOR ROUND 3 ===\n
Updated track models based on disagreement changes from round 2
Starting disagreement-aware multi-track client training...
Client 0: Loading track models and training with disagreement resolution...

=== CLIENT 0 MODEL LOADING FOR ROUND 3 ===
No tracks directory found at results/fl_simulation_20250618_143948_n_cmapss_s25/model_storage/round_3/tracks, will use standard global model
Successfully loaded standard global model from results/fl_simulation_20250618_143948_n_cmapss_s25/model_storage/round_3/global_model_for_training
=== END CLIENT 0 MODEL LOADING ===


=== CLIENT 0 TRAINING FOR ROUND 3 ===
Training primary model...
Client 0 starting training for 10 epochs
Client 0 - Epoch 1/10 - Train Loss: 516.483105, Valid Loss: 558.033859
Client 0 - Epoch 2/10 - Train Loss: 513.089992, Valid Loss: 539.466675
Client 0 - Epoch 3/10 - Train Loss: 497.341541, Valid Loss: 507.980644
Client 0 - Epoch 4/10 - Train Loss: 476.859776, Valid Loss: 504.323784
Client 0 - Epoch 5/10 - Train Loss: 479.085790, Valid Loss: 492.745682
Client 0 - Epoch 6/10 - Train Loss: 450.153306, Valid Loss: 476.749519
Client 0 - Epoch 7/10 - Train Loss: 444.036959, Valid Loss: 472.095711
Client 0 - Epoch 8/10 - Train Loss: 416.782187, Valid Loss: 464.367935
Client 0 - Epoch 9/10 - Train Loss: 422.077165, Valid Loss: 447.695152
Client 0 - Epoch 10/10 - Train Loss: 395.857495, Valid Loss: 435.522438
Client 0 finished training
Client 0 saved training results to results/fl_simulation_20250618_143948_n_cmapss_s25/output/clients/client_0/training_results_round_3.json
Primary model training complete. Accuracy: N/A
Client 0 has no background tracks to train
=== END CLIENT 0 TRAINING ===


=== CLIENT 0 MODEL SAVING FOR ROUND 3 ===
Client 0 saved model to results/fl_simulation_20250618_143948_n_cmapss_s25/model_storage/round_3/clients/client_0
Saved primary model to results/fl_simulation_20250618_143948_n_cmapss_s25/model_storage/round_3/clients/client_0
Saved 0 background models
=== END CLIENT 0 MODEL SAVING ===

Client 1: Loading track models and training with disagreement resolution...

=== CLIENT 1 MODEL LOADING FOR ROUND 3 ===
No tracks directory found at results/fl_simulation_20250618_143948_n_cmapss_s25/model_storage/round_3/tracks, will use standard global model
Successfully loaded standard global model from results/fl_simulation_20250618_143948_n_cmapss_s25/model_storage/round_3/global_model_for_training
=== END CLIENT 1 MODEL LOADING ===


=== CLIENT 1 TRAINING FOR ROUND 3 ===
Training primary model...
Client 1 starting training for 10 epochs
Client 1 - Epoch 1/10 - Train Loss: 774.179016, Valid Loss: 590.495560
Client 1 - Epoch 2/10 - Train Loss: 759.112577, Valid Loss: 570.298065
Client 1 - Epoch 3/10 - Train Loss: 691.486370, Valid Loss: 555.786179
Client 1 - Epoch 4/10 - Train Loss: 658.474863, Valid Loss: 542.143417
Client 1 - Epoch 5/10 - Train Loss: 643.411030, Valid Loss: 522.637314
Client 1 - Epoch 6/10 - Train Loss: 635.833045, Valid Loss: 497.262955
Client 1 - Epoch 7/10 - Train Loss: 628.260946, Valid Loss: 482.998917
Client 1 - Epoch 8/10 - Train Loss: 607.391799, Valid Loss: 468.177063
Client 1 - Epoch 9/10 - Train Loss: 574.888111, Valid Loss: 442.494232
Client 1 - Epoch 10/10 - Train Loss: 566.343156, Valid Loss: 428.853081
Client 1 finished training
Client 1 saved training results to results/fl_simulation_20250618_143948_n_cmapss_s25/output/clients/client_1/training_results_round_3.json
Primary model training complete. Accuracy: N/A
Client 1 has no background tracks to train
=== END CLIENT 1 TRAINING ===


=== CLIENT 1 MODEL SAVING FOR ROUND 3 ===
Client 1 saved model to results/fl_simulation_20250618_143948_n_cmapss_s25/model_storage/round_3/clients/client_1
Saved primary model to results/fl_simulation_20250618_143948_n_cmapss_s25/model_storage/round_3/clients/client_1
Saved 0 background models
=== END CLIENT 1 MODEL SAVING ===

Client 2: Loading track models and training with disagreement resolution...

=== CLIENT 2 MODEL LOADING FOR ROUND 3 ===
No tracks directory found at results/fl_simulation_20250618_143948_n_cmapss_s25/model_storage/round_3/tracks, will use standard global model
Successfully loaded standard global model from results/fl_simulation_20250618_143948_n_cmapss_s25/model_storage/round_3/global_model_for_training
=== END CLIENT 2 MODEL LOADING ===


=== CLIENT 2 TRAINING FOR ROUND 3 ===
Training primary model...
Client 2 starting training for 10 epochs
Client 2 - Epoch 1/10 - Train Loss: 610.741263, Valid Loss: 495.877869
Client 2 - Epoch 2/10 - Train Loss: 597.089564, Valid Loss: 506.161720
Client 2 - Epoch 3/10 - Train Loss: 572.937695, Valid Loss: 474.944664
Client 2 - Epoch 4/10 - Train Loss: 575.831536, Valid Loss: 471.721237
Client 2 - Epoch 5/10 - Train Loss: 550.437765, Valid Loss: 452.896477
Client 2 - Epoch 6/10 - Train Loss: 547.836010, Valid Loss: 461.028770
Client 2 - Epoch 7/10 - Train Loss: 533.220501, Valid Loss: 431.288368
Client 2 - Epoch 8/10 - Train Loss: 503.418351, Valid Loss: 419.930351
Client 2 - Epoch 9/10 - Train Loss: 508.086118, Valid Loss: 408.259880
Client 2 - Epoch 10/10 - Train Loss: 483.306495, Valid Loss: 397.384659
Client 2 finished training
Client 2 saved training results to results/fl_simulation_20250618_143948_n_cmapss_s25/output/clients/client_2/training_results_round_3.json
Primary model training complete. Accuracy: N/A
Client 2 has no background tracks to train
=== END CLIENT 2 TRAINING ===


=== CLIENT 2 MODEL SAVING FOR ROUND 3 ===
Client 2 saved model to results/fl_simulation_20250618_143948_n_cmapss_s25/model_storage/round_3/clients/client_2
Saved primary model to results/fl_simulation_20250618_143948_n_cmapss_s25/model_storage/round_3/clients/client_2
Saved 0 background models
=== END CLIENT 2 MODEL SAVING ===

Client 3: Loading track models and training with disagreement resolution...

=== CLIENT 3 MODEL LOADING FOR ROUND 3 ===
No tracks directory found at results/fl_simulation_20250618_143948_n_cmapss_s25/model_storage/round_3/tracks, will use standard global model
Successfully loaded standard global model from results/fl_simulation_20250618_143948_n_cmapss_s25/model_storage/round_3/global_model_for_training
=== END CLIENT 3 MODEL LOADING ===


=== CLIENT 3 TRAINING FOR ROUND 3 ===
Training primary model...
Client 3 starting training for 10 epochs
Client 3 - Epoch 1/10 - Train Loss: 360.020585, Valid Loss: 369.347748
Client 3 - Epoch 2/10 - Train Loss: 350.728548, Valid Loss: 374.956329
Client 3 - Epoch 3/10 - Train Loss: 333.051763, Valid Loss: 362.202301
Client 3 - Epoch 4/10 - Train Loss: 322.212832, Valid Loss: 361.101898
Client 3 - Epoch 5/10 - Train Loss: 324.367184, Valid Loss: 355.934502
Client 3 - Epoch 6/10 - Train Loss: 303.639407, Valid Loss: 339.626610
Client 3 - Epoch 7/10 - Train Loss: 307.654642, Valid Loss: 352.181782
Client 3 - Epoch 8/10 - Train Loss: 300.337675, Valid Loss: 328.906834
Client 3 - Epoch 9/10 - Train Loss: 285.602298, Valid Loss: 326.702248
Client 3 - Epoch 10/10 - Train Loss: 290.004851, Valid Loss: 312.625431
Client 3 finished training
Client 3 saved training results to results/fl_simulation_20250618_143948_n_cmapss_s25/output/clients/client_3/training_results_round_3.json
Primary model training complete. Accuracy: N/A
Client 3 has no background tracks to train
=== END CLIENT 3 TRAINING ===


=== CLIENT 3 MODEL SAVING FOR ROUND 3 ===
Client 3 saved model to results/fl_simulation_20250618_143948_n_cmapss_s25/model_storage/round_3/clients/client_3
Saved primary model to results/fl_simulation_20250618_143948_n_cmapss_s25/model_storage/round_3/clients/client_3
Saved 0 background models
=== END CLIENT 3 MODEL SAVING ===

Client 4: Loading track models and training with disagreement resolution...

=== CLIENT 4 MODEL LOADING FOR ROUND 3 ===
No tracks directory found at results/fl_simulation_20250618_143948_n_cmapss_s25/model_storage/round_3/tracks, will use standard global model
Successfully loaded standard global model from results/fl_simulation_20250618_143948_n_cmapss_s25/model_storage/round_3/global_model_for_training
=== END CLIENT 4 MODEL LOADING ===


=== CLIENT 4 TRAINING FOR ROUND 3 ===
Training primary model...
Client 4 starting training for 10 epochs
Client 4 - Epoch 1/10 - Train Loss: 482.940007, Valid Loss: 403.956039
Client 4 - Epoch 2/10 - Train Loss: 451.079888, Valid Loss: 403.190224
Client 4 - Epoch 3/10 - Train Loss: 446.830616, Valid Loss: 383.017059
Client 4 - Epoch 4/10 - Train Loss: 427.664889, Valid Loss: 376.672333
Client 4 - Epoch 5/10 - Train Loss: 411.741192, Valid Loss: 347.762978
Client 4 - Epoch 6/10 - Train Loss: 402.860119, Valid Loss: 344.744141
Client 4 - Epoch 7/10 - Train Loss: 383.506837, Valid Loss: 324.301617
Client 4 - Epoch 8/10 - Train Loss: 351.400742, Valid Loss: 317.370193
Client 4 - Epoch 9/10 - Train Loss: 350.784468, Valid Loss: 302.120026
Client 4 - Epoch 10/10 - Train Loss: 355.666415, Valid Loss: 284.511230
Client 4 finished training
Client 4 saved training results to results/fl_simulation_20250618_143948_n_cmapss_s25/output/clients/client_4/training_results_round_3.json
Primary model training complete. Accuracy: N/A
Client 4 has no background tracks to train
=== END CLIENT 4 TRAINING ===


=== CLIENT 4 MODEL SAVING FOR ROUND 3 ===
Client 4 saved model to results/fl_simulation_20250618_143948_n_cmapss_s25/model_storage/round_3/clients/client_4
Saved primary model to results/fl_simulation_20250618_143948_n_cmapss_s25/model_storage/round_3/clients/client_4
Saved 0 background models
=== END CLIENT 4 MODEL SAVING ===

Performing disagreement-aware track-based model aggregation...
Starting file-based aggregation for round 3
Found 5 clients: [4, 3, 2, 0, 1]
Loaded disagreements: {}
Round 3: No disagreements defined in the system
No active disagreements for round 3, using standard aggregation
Updated global model with parameters from 5 clients

=== AGGREGATION TIMING SUMMARY FOR ROUND 3 ===
  Disagreement loading: 0.0001s
  Resolution time: 0.0000s
  Aggregation time: 0.0074s
  Track saving time: 0.0000s
  Total time: 0.0075s
  Has disagreements: False
=== END TIMING SUMMARY ===

Saved global model to results/fl_simulation_20250618_143948_n_cmapss_s25/model_storage/round_3/global_model_aggregated
Evaluating global model and track-specific performance...
Round 3 - RUL Prediction Metrics:
  RMSE: 23.12 cycles
  MAE: 18.77 cycles
  R²: -0.3259
  Within ±10 cycles: 32.93%
  Within ±20 cycles: 59.47%
Round 3 - Global model test loss: 23.116439
Saved results for round 3 (plot mode: minimal)

=== EVALUATING TRACK MODELS FOR ROUND 3 ===
No tracks directory found for round 3
Saved experiment results to results/fl_simulation_20250618_143948_n_cmapss_s25/output/fl_results.json
Saved timing metrics to results/fl_simulation_20250618_143948_n_cmapss_s25/output/aggregation_timing_metrics.json
Round 3 completed with disagreement resolution.

--- Federated Learning Round 4/5 ---
Analyzing disagreements and preparing track-specific models...

=== SERVER PREPARATION FOR ROUND 4 ===
  Using initiation_mechanism: shallow, lifting_mechanism: shallow, deep_lifting_finetune_rounds: 3
Loaded disagreements: {}
Round 4: No disagreements defined in the system
Loading main global model from previous round 3's aggregated model: results/fl_simulation_20250618_143948_n_cmapss_s25/model_storage/round_3/global_model_aggregated
Loaded model from round 3
Loaded global model from results/fl_simulation_20250618_143948_n_cmapss_s25/model_storage/round_3/global_model_aggregated
Saved global model to results/fl_simulation_20250618_143948_n_cmapss_s25/model_storage/round_4/global_model_for_training
Saved main global model for training in round 4 at results/fl_simulation_20250618_143948_n_cmapss_s25/model_storage/round_4/global_model_for_training
No active disagreements for round 4. Using standard global model from results/fl_simulation_20250618_143948_n_cmapss_s25/model_storage/round_3/global_model_aggregated
=== END SERVER PREPARATION FOR ROUND 4 ===\n
Updated track models based on disagreement changes from round 3
Starting disagreement-aware multi-track client training...
Client 0: Loading track models and training with disagreement resolution...

=== CLIENT 0 MODEL LOADING FOR ROUND 4 ===
No tracks directory found at results/fl_simulation_20250618_143948_n_cmapss_s25/model_storage/round_4/tracks, will use standard global model
Successfully loaded standard global model from results/fl_simulation_20250618_143948_n_cmapss_s25/model_storage/round_4/global_model_for_training
=== END CLIENT 0 MODEL LOADING ===


=== CLIENT 0 TRAINING FOR ROUND 4 ===
Training primary model...
Client 0 starting training for 10 epochs
Client 0 - Epoch 1/10 - Train Loss: 401.554636, Valid Loss: 452.735031
Client 0 - Epoch 2/10 - Train Loss: 411.011700, Valid Loss: 431.666222
Client 0 - Epoch 3/10 - Train Loss: 391.326468, Valid Loss: 412.604446
Client 0 - Epoch 4/10 - Train Loss: 380.306307, Valid Loss: 390.606079
Client 0 - Epoch 5/10 - Train Loss: 363.139421, Valid Loss: 388.780952
Client 0 - Epoch 6/10 - Train Loss: 370.474877, Valid Loss: 377.186363
Client 0 - Epoch 7/10 - Train Loss: 357.590974, Valid Loss: 376.291687
Client 0 - Epoch 8/10 - Train Loss: 344.926738, Valid Loss: 362.803055
Client 0 - Epoch 9/10 - Train Loss: 350.456339, Valid Loss: 355.767464
Client 0 - Epoch 10/10 - Train Loss: 331.785706, Valid Loss: 373.482079
Client 0 finished training
Client 0 saved training results to results/fl_simulation_20250618_143948_n_cmapss_s25/output/clients/client_0/training_results_round_4.json
Primary model training complete. Accuracy: N/A
Client 0 has no background tracks to train
=== END CLIENT 0 TRAINING ===


=== CLIENT 0 MODEL SAVING FOR ROUND 4 ===
Client 0 saved model to results/fl_simulation_20250618_143948_n_cmapss_s25/model_storage/round_4/clients/client_0
Saved primary model to results/fl_simulation_20250618_143948_n_cmapss_s25/model_storage/round_4/clients/client_0
Saved 0 background models
=== END CLIENT 0 MODEL SAVING ===

Client 1: Loading track models and training with disagreement resolution...

=== CLIENT 1 MODEL LOADING FOR ROUND 4 ===
No tracks directory found at results/fl_simulation_20250618_143948_n_cmapss_s25/model_storage/round_4/tracks, will use standard global model
Successfully loaded standard global model from results/fl_simulation_20250618_143948_n_cmapss_s25/model_storage/round_4/global_model_for_training
=== END CLIENT 1 MODEL LOADING ===


=== CLIENT 1 TRAINING FOR ROUND 4 ===
Training primary model...
Client 1 starting training for 10 epochs
Client 1 - Epoch 1/10 - Train Loss: 628.146430, Valid Loss: 436.487686
Client 1 - Epoch 2/10 - Train Loss: 575.374904, Valid Loss: 417.774742
Client 1 - Epoch 3/10 - Train Loss: 548.186657, Valid Loss: 407.150948
Client 1 - Epoch 4/10 - Train Loss: 548.695951, Valid Loss: 383.222694
Client 1 - Epoch 5/10 - Train Loss: 496.254803, Valid Loss: 368.736328
Client 1 - Epoch 6/10 - Train Loss: 502.560930, Valid Loss: 352.985832
Client 1 - Epoch 7/10 - Train Loss: 485.836224, Valid Loss: 343.107834
Client 1 - Epoch 8/10 - Train Loss: 483.771595, Valid Loss: 342.086418
Client 1 - Epoch 9/10 - Train Loss: 466.182399, Valid Loss: 327.802780
Client 1 - Epoch 10/10 - Train Loss: 462.566230, Valid Loss: 317.944534
Client 1 finished training
Client 1 saved training results to results/fl_simulation_20250618_143948_n_cmapss_s25/output/clients/client_1/training_results_round_4.json
Primary model training complete. Accuracy: N/A
Client 1 has no background tracks to train
=== END CLIENT 1 TRAINING ===


=== CLIENT 1 MODEL SAVING FOR ROUND 4 ===
Client 1 saved model to results/fl_simulation_20250618_143948_n_cmapss_s25/model_storage/round_4/clients/client_1
Saved primary model to results/fl_simulation_20250618_143948_n_cmapss_s25/model_storage/round_4/clients/client_1
Saved 0 background models
=== END CLIENT 1 MODEL SAVING ===

Client 2: Loading track models and training with disagreement resolution...

=== CLIENT 2 MODEL LOADING FOR ROUND 4 ===
No tracks directory found at results/fl_simulation_20250618_143948_n_cmapss_s25/model_storage/round_4/tracks, will use standard global model
Successfully loaded standard global model from results/fl_simulation_20250618_143948_n_cmapss_s25/model_storage/round_4/global_model_for_training
=== END CLIENT 2 MODEL LOADING ===


=== CLIENT 2 TRAINING FOR ROUND 4 ===
Training primary model...
Client 2 starting training for 10 epochs
Client 2 - Epoch 1/10 - Train Loss: 479.656543, Valid Loss: 410.460335
Client 2 - Epoch 2/10 - Train Loss: 462.108305, Valid Loss: 375.383499
Client 2 - Epoch 3/10 - Train Loss: 464.060091, Valid Loss: 374.875519
Client 2 - Epoch 4/10 - Train Loss: 456.846903, Valid Loss: 365.618134
Client 2 - Epoch 5/10 - Train Loss: 428.604098, Valid Loss: 352.102768
Client 2 - Epoch 6/10 - Train Loss: 445.322660, Valid Loss: 344.607986
Client 2 - Epoch 7/10 - Train Loss: 444.163154, Valid Loss: 339.878868
Client 2 - Epoch 8/10 - Train Loss: 429.009444, Valid Loss: 339.849724
Client 2 - Epoch 9/10 - Train Loss: 398.067568, Valid Loss: 319.061096
Client 2 - Epoch 10/10 - Train Loss: 409.576101, Valid Loss: 322.673042
Client 2 finished training
Client 2 saved training results to results/fl_simulation_20250618_143948_n_cmapss_s25/output/clients/client_2/training_results_round_4.json
Primary model training complete. Accuracy: N/A
Client 2 has no background tracks to train
=== END CLIENT 2 TRAINING ===


=== CLIENT 2 MODEL SAVING FOR ROUND 4 ===
Client 2 saved model to results/fl_simulation_20250618_143948_n_cmapss_s25/model_storage/round_4/clients/client_2
Saved primary model to results/fl_simulation_20250618_143948_n_cmapss_s25/model_storage/round_4/clients/client_2
Saved 0 background models
=== END CLIENT 2 MODEL SAVING ===

Client 3: Loading track models and training with disagreement resolution...

=== CLIENT 3 MODEL LOADING FOR ROUND 4 ===
No tracks directory found at results/fl_simulation_20250618_143948_n_cmapss_s25/model_storage/round_4/tracks, will use standard global model
Successfully loaded standard global model from results/fl_simulation_20250618_143948_n_cmapss_s25/model_storage/round_4/global_model_for_training
=== END CLIENT 3 MODEL LOADING ===


=== CLIENT 3 TRAINING FOR ROUND 4 ===
Training primary model...
Client 3 starting training for 10 epochs
Client 3 - Epoch 1/10 - Train Loss: 278.049633, Valid Loss: 295.148716
Client 3 - Epoch 2/10 - Train Loss: 253.869154, Valid Loss: 285.091160
Client 3 - Epoch 3/10 - Train Loss: 258.773346, Valid Loss: 290.428497
Client 3 - Epoch 4/10 - Train Loss: 235.260437, Valid Loss: 276.394348
Client 3 - Epoch 5/10 - Train Loss: 231.902834, Valid Loss: 268.749390
Client 3 - Epoch 6/10 - Train Loss: 233.835072, Valid Loss: 272.368420
Client 3 - Epoch 7/10 - Train Loss: 232.974601, Valid Loss: 258.925835
Client 3 - Epoch 8/10 - Train Loss: 233.906793, Valid Loss: 254.410870
Client 3 - Epoch 9/10 - Train Loss: 219.361897, Valid Loss: 253.885109
Client 3 - Epoch 10/10 - Train Loss: 197.889221, Valid Loss: 243.272823
Client 3 finished training
Client 3 saved training results to results/fl_simulation_20250618_143948_n_cmapss_s25/output/clients/client_3/training_results_round_4.json
Primary model training complete. Accuracy: N/A
Client 3 has no background tracks to train
=== END CLIENT 3 TRAINING ===


=== CLIENT 3 MODEL SAVING FOR ROUND 4 ===
Client 3 saved model to results/fl_simulation_20250618_143948_n_cmapss_s25/model_storage/round_4/clients/client_3
Saved primary model to results/fl_simulation_20250618_143948_n_cmapss_s25/model_storage/round_4/clients/client_3
Saved 0 background models
=== END CLIENT 3 MODEL SAVING ===

Client 4: Loading track models and training with disagreement resolution...

=== CLIENT 4 MODEL LOADING FOR ROUND 4 ===
No tracks directory found at results/fl_simulation_20250618_143948_n_cmapss_s25/model_storage/round_4/tracks, will use standard global model
Successfully loaded standard global model from results/fl_simulation_20250618_143948_n_cmapss_s25/model_storage/round_4/global_model_for_training
=== END CLIENT 4 MODEL LOADING ===


=== CLIENT 4 TRAINING FOR ROUND 4 ===
Training primary model...
Client 4 starting training for 10 epochs
Client 4 - Epoch 1/10 - Train Loss: 371.728530, Valid Loss: 293.063541
Client 4 - Epoch 2/10 - Train Loss: 328.464848, Valid Loss: 310.018433
Client 4 - Epoch 3/10 - Train Loss: 336.190590, Valid Loss: 278.023762
Client 4 - Epoch 4/10 - Train Loss: 331.976955, Valid Loss: 275.089584
Client 4 - Epoch 5/10 - Train Loss: 311.084718, Valid Loss: 253.820995
Client 4 - Epoch 6/10 - Train Loss: 294.320080, Valid Loss: 255.012836
Client 4 - Epoch 7/10 - Train Loss: 287.891186, Valid Loss: 240.318558
Client 4 - Epoch 8/10 - Train Loss: 288.356631, Valid Loss: 239.799099
Client 4 - Epoch 9/10 - Train Loss: 296.982510, Valid Loss: 229.631626
Client 4 - Epoch 10/10 - Train Loss: 296.283114, Valid Loss: 232.061321
Client 4 finished training
Client 4 saved training results to results/fl_simulation_20250618_143948_n_cmapss_s25/output/clients/client_4/training_results_round_4.json
Primary model training complete. Accuracy: N/A
Client 4 has no background tracks to train
=== END CLIENT 4 TRAINING ===


=== CLIENT 4 MODEL SAVING FOR ROUND 4 ===
Client 4 saved model to results/fl_simulation_20250618_143948_n_cmapss_s25/model_storage/round_4/clients/client_4
Saved primary model to results/fl_simulation_20250618_143948_n_cmapss_s25/model_storage/round_4/clients/client_4
Saved 0 background models
=== END CLIENT 4 MODEL SAVING ===

Performing disagreement-aware track-based model aggregation...
Starting file-based aggregation for round 4
Found 5 clients: [4, 3, 2, 0, 1]
Loaded disagreements: {}
Round 4: No disagreements defined in the system
No active disagreements for round 4, using standard aggregation
Updated global model with parameters from 5 clients

=== AGGREGATION TIMING SUMMARY FOR ROUND 4 ===
  Disagreement loading: 0.0000s
  Resolution time: 0.0000s
  Aggregation time: 0.0073s
  Track saving time: 0.0000s
  Total time: 0.0074s
  Has disagreements: False
=== END TIMING SUMMARY ===

Saved global model to results/fl_simulation_20250618_143948_n_cmapss_s25/model_storage/round_4/global_model_aggregated
Evaluating global model and track-specific performance...
Round 4 - RUL Prediction Metrics:
  RMSE: 22.09 cycles
  MAE: 17.82 cycles
  R²: -0.2119
  Within ±10 cycles: 35.13%
  Within ±20 cycles: 62.00%
Round 4 - Global model test loss: 22.091426
Saved results for round 4 (plot mode: minimal)

=== EVALUATING TRACK MODELS FOR ROUND 4 ===
No tracks directory found for round 4
Saved experiment results to results/fl_simulation_20250618_143948_n_cmapss_s25/output/fl_results.json
Saved timing metrics to results/fl_simulation_20250618_143948_n_cmapss_s25/output/aggregation_timing_metrics.json
Round 4 completed with disagreement resolution.

--- Federated Learning Round 5/5 ---
Analyzing disagreements and preparing track-specific models...

=== SERVER PREPARATION FOR ROUND 5 ===
  Using initiation_mechanism: shallow, lifting_mechanism: shallow, deep_lifting_finetune_rounds: 3
Loaded disagreements: {}
Round 5: No disagreements defined in the system
Loading main global model from previous round 4's aggregated model: results/fl_simulation_20250618_143948_n_cmapss_s25/model_storage/round_4/global_model_aggregated
Loaded model from round 4
Loaded global model from results/fl_simulation_20250618_143948_n_cmapss_s25/model_storage/round_4/global_model_aggregated
Saved global model to results/fl_simulation_20250618_143948_n_cmapss_s25/model_storage/round_5/global_model_for_training
Saved main global model for training in round 5 at results/fl_simulation_20250618_143948_n_cmapss_s25/model_storage/round_5/global_model_for_training
No active disagreements for round 5. Using standard global model from results/fl_simulation_20250618_143948_n_cmapss_s25/model_storage/round_4/global_model_aggregated
=== END SERVER PREPARATION FOR ROUND 5 ===\n
Updated track models based on disagreement changes from round 4
Starting disagreement-aware multi-track client training...
Client 0: Loading track models and training with disagreement resolution...

=== CLIENT 0 MODEL LOADING FOR ROUND 5 ===
No tracks directory found at results/fl_simulation_20250618_143948_n_cmapss_s25/model_storage/round_5/tracks, will use standard global model
Successfully loaded standard global model from results/fl_simulation_20250618_143948_n_cmapss_s25/model_storage/round_5/global_model_for_training
=== END CLIENT 0 MODEL LOADING ===


=== CLIENT 0 TRAINING FOR ROUND 5 ===
Training primary model...
Client 0 starting training for 10 epochs
Client 0 - Epoch 1/10 - Train Loss: 373.672941, Valid Loss: 349.466679
Client 0 - Epoch 2/10 - Train Loss: 344.005284, Valid Loss: 346.885811
Client 0 - Epoch 3/10 - Train Loss: 335.210511, Valid Loss: 323.258499
Client 0 - Epoch 4/10 - Train Loss: 343.829649, Valid Loss: 324.138992
Client 0 - Epoch 5/10 - Train Loss: 326.577072, Valid Loss: 333.875481
Client 0 - Epoch 6/10 - Train Loss: 321.838739, Valid Loss: 315.347332
Client 0 - Epoch 7/10 - Train Loss: 319.077977, Valid Loss: 302.954319
Client 0 - Epoch 8/10 - Train Loss: 292.006155, Valid Loss: 297.240841
Client 0 - Epoch 9/10 - Train Loss: 300.839839, Valid Loss: 308.800346
Client 0 - Epoch 10/10 - Train Loss: 321.541955, Valid Loss: 299.390690
Client 0 finished training
Client 0 saved training results to results/fl_simulation_20250618_143948_n_cmapss_s25/output/clients/client_0/training_results_round_5.json
Primary model training complete. Accuracy: N/A
Client 0 has no background tracks to train
=== END CLIENT 0 TRAINING ===


=== CLIENT 0 MODEL SAVING FOR ROUND 5 ===
Client 0 saved model to results/fl_simulation_20250618_143948_n_cmapss_s25/model_storage/round_5/clients/client_0
Saved primary model to results/fl_simulation_20250618_143948_n_cmapss_s25/model_storage/round_5/clients/client_0
Saved 0 background models
=== END CLIENT 0 MODEL SAVING ===

Client 1: Loading track models and training with disagreement resolution...

=== CLIENT 1 MODEL LOADING FOR ROUND 5 ===
No tracks directory found at results/fl_simulation_20250618_143948_n_cmapss_s25/model_storage/round_5/tracks, will use standard global model
Successfully loaded standard global model from results/fl_simulation_20250618_143948_n_cmapss_s25/model_storage/round_5/global_model_for_training
=== END CLIENT 1 MODEL LOADING ===


=== CLIENT 1 TRAINING FOR ROUND 5 ===
Training primary model...
Client 1 starting training for 10 epochs
Client 1 - Epoch 1/10 - Train Loss: 508.671516, Valid Loss: 313.164825
Client 1 - Epoch 2/10 - Train Loss: 468.779299, Valid Loss: 311.735184
Client 1 - Epoch 3/10 - Train Loss: 452.384122, Valid Loss: 311.290298
Client 1 - Epoch 4/10 - Train Loss: 459.113258, Valid Loss: 297.765057
Client 1 - Epoch 5/10 - Train Loss: 453.662189, Valid Loss: 282.510780
Client 1 - Epoch 6/10 - Train Loss: 445.207839, Valid Loss: 271.100788
Client 1 - Epoch 7/10 - Train Loss: 447.535637, Valid Loss: 290.259613
Client 1 - Epoch 8/10 - Train Loss: 410.007930, Valid Loss: 255.806946
Client 1 - Epoch 9/10 - Train Loss: 406.262977, Valid Loss: 260.300327
Client 1 - Epoch 10/10 - Train Loss: 392.091745, Valid Loss: 254.840454
Client 1 finished training
Client 1 saved training results to results/fl_simulation_20250618_143948_n_cmapss_s25/output/clients/client_1/training_results_round_5.json
Primary model training complete. Accuracy: N/A
Client 1 has no background tracks to train
=== END CLIENT 1 TRAINING ===


=== CLIENT 1 MODEL SAVING FOR ROUND 5 ===
Client 1 saved model to results/fl_simulation_20250618_143948_n_cmapss_s25/model_storage/round_5/clients/client_1
Saved primary model to results/fl_simulation_20250618_143948_n_cmapss_s25/model_storage/round_5/clients/client_1
Saved 0 background models
=== END CLIENT 1 MODEL SAVING ===

Client 2: Loading track models and training with disagreement resolution...

=== CLIENT 2 MODEL LOADING FOR ROUND 5 ===
No tracks directory found at results/fl_simulation_20250618_143948_n_cmapss_s25/model_storage/round_5/tracks, will use standard global model
Successfully loaded standard global model from results/fl_simulation_20250618_143948_n_cmapss_s25/model_storage/round_5/global_model_for_training
=== END CLIENT 2 MODEL LOADING ===


=== CLIENT 2 TRAINING FOR ROUND 5 ===
Training primary model...
Client 2 starting training for 10 epochs
Client 2 - Epoch 1/10 - Train Loss: 401.052821, Valid Loss: 318.796745
Client 2 - Epoch 2/10 - Train Loss: 402.184779, Valid Loss: 316.760826
Client 2 - Epoch 3/10 - Train Loss: 387.934246, Valid Loss: 299.911491
Client 2 - Epoch 4/10 - Train Loss: 382.915739, Valid Loss: 321.241180
Client 2 - Epoch 5/10 - Train Loss: 369.969881, Valid Loss: 291.497910
Client 2 - Epoch 6/10 - Train Loss: 408.787385, Valid Loss: 288.855118
Client 2 - Epoch 7/10 - Train Loss: 382.475965, Valid Loss: 310.820923
Client 2 - Epoch 8/10 - Train Loss: 377.968869, Valid Loss: 273.028431
Client 2 - Epoch 9/10 - Train Loss: 379.376364, Valid Loss: 273.616554
Client 2 - Epoch 10/10 - Train Loss: 379.070359, Valid Loss: 269.175652
Client 2 finished training
Client 2 saved training results to results/fl_simulation_20250618_143948_n_cmapss_s25/output/clients/client_2/training_results_round_5.json
Primary model training complete. Accuracy: N/A
Client 2 has no background tracks to train
=== END CLIENT 2 TRAINING ===


=== CLIENT 2 MODEL SAVING FOR ROUND 5 ===
Client 2 saved model to results/fl_simulation_20250618_143948_n_cmapss_s25/model_storage/round_5/clients/client_2
Saved primary model to results/fl_simulation_20250618_143948_n_cmapss_s25/model_storage/round_5/clients/client_2
Saved 0 background models
=== END CLIENT 2 MODEL SAVING ===

Client 3: Loading track models and training with disagreement resolution...

=== CLIENT 3 MODEL LOADING FOR ROUND 5 ===
No tracks directory found at results/fl_simulation_20250618_143948_n_cmapss_s25/model_storage/round_5/tracks, will use standard global model
Successfully loaded standard global model from results/fl_simulation_20250618_143948_n_cmapss_s25/model_storage/round_5/global_model_for_training
=== END CLIENT 3 MODEL LOADING ===


=== CLIENT 3 TRAINING FOR ROUND 5 ===
Training primary model...
Client 3 starting training for 10 epochs
Client 3 - Epoch 1/10 - Train Loss: 212.834192, Valid Loss: 237.480423
Client 3 - Epoch 2/10 - Train Loss: 203.859618, Valid Loss: 227.855362
Client 3 - Epoch 3/10 - Train Loss: 201.479016, Valid Loss: 226.266727
Client 3 - Epoch 4/10 - Train Loss: 199.730878, Valid Loss: 221.820232
Client 3 - Epoch 5/10 - Train Loss: 198.974620, Valid Loss: 227.763924
Client 3 - Epoch 6/10 - Train Loss: 197.614730, Valid Loss: 214.960644
Client 3 - Epoch 7/10 - Train Loss: 176.933588, Valid Loss: 214.083584
Client 3 - Epoch 8/10 - Train Loss: 181.990162, Valid Loss: 205.195873
Client 3 - Epoch 9/10 - Train Loss: 160.518740, Valid Loss: 213.382107
Client 3 - Epoch 10/10 - Train Loss: 173.700090, Valid Loss: 199.941402
Client 3 finished training
Client 3 saved training results to results/fl_simulation_20250618_143948_n_cmapss_s25/output/clients/client_3/training_results_round_5.json
Primary model training complete. Accuracy: N/A
Client 3 has no background tracks to train
=== END CLIENT 3 TRAINING ===


=== CLIENT 3 MODEL SAVING FOR ROUND 5 ===
Client 3 saved model to results/fl_simulation_20250618_143948_n_cmapss_s25/model_storage/round_5/clients/client_3
Saved primary model to results/fl_simulation_20250618_143948_n_cmapss_s25/model_storage/round_5/clients/client_3
Saved 0 background models
=== END CLIENT 3 MODEL SAVING ===

Client 4: Loading track models and training with disagreement resolution...

=== CLIENT 4 MODEL LOADING FOR ROUND 5 ===
No tracks directory found at results/fl_simulation_20250618_143948_n_cmapss_s25/model_storage/round_5/tracks, will use standard global model
Successfully loaded standard global model from results/fl_simulation_20250618_143948_n_cmapss_s25/model_storage/round_5/global_model_for_training
=== END CLIENT 4 MODEL LOADING ===


=== CLIENT 4 TRAINING FOR ROUND 5 ===
Training primary model...
Client 4 starting training for 10 epochs
Client 4 - Epoch 1/10 - Train Loss: 285.971586, Valid Loss: 225.832912
Client 4 - Epoch 2/10 - Train Loss: 264.869206, Valid Loss: 213.490982
Client 4 - Epoch 3/10 - Train Loss: 263.242428, Valid Loss: 208.092854
Client 4 - Epoch 4/10 - Train Loss: 262.673451, Valid Loss: 210.130459
Client 4 - Epoch 5/10 - Train Loss: 256.057084, Valid Loss: 198.747643
Client 4 - Epoch 6/10 - Train Loss: 257.795110, Valid Loss: 196.981302
Client 4 - Epoch 7/10 - Train Loss: 274.661221, Valid Loss: 199.871582
Client 4 - Epoch 8/10 - Train Loss: 249.243164, Valid Loss: 190.111324
Client 4 - Epoch 9/10 - Train Loss: 247.748129, Valid Loss: 187.604721
Client 4 - Epoch 10/10 - Train Loss: 249.087075, Valid Loss: 188.820351
Client 4 finished training
Client 4 saved training results to results/fl_simulation_20250618_143948_n_cmapss_s25/output/clients/client_4/training_results_round_5.json
Primary model training complete. Accuracy: N/A
Client 4 has no background tracks to train
=== END CLIENT 4 TRAINING ===


=== CLIENT 4 MODEL SAVING FOR ROUND 5 ===
Client 4 saved model to results/fl_simulation_20250618_143948_n_cmapss_s25/model_storage/round_5/clients/client_4
Saved primary model to results/fl_simulation_20250618_143948_n_cmapss_s25/model_storage/round_5/clients/client_4
Saved 0 background models
=== END CLIENT 4 MODEL SAVING ===

Performing disagreement-aware track-based model aggregation...
Starting file-based aggregation for round 5
Found 5 clients: [4, 3, 2, 0, 1]
Loaded disagreements: {}
Round 5: No disagreements defined in the system
No active disagreements for round 5, using standard aggregation
Updated global model with parameters from 5 clients

=== AGGREGATION TIMING SUMMARY FOR ROUND 5 ===
  Disagreement loading: 0.0000s
  Resolution time: 0.0000s
  Aggregation time: 0.0070s
  Track saving time: 0.0000s
  Total time: 0.0071s
  Has disagreements: False
=== END TIMING SUMMARY ===

Saved global model to results/fl_simulation_20250618_143948_n_cmapss_s25/model_storage/round_5/global_model_aggregated
Evaluating global model and track-specific performance...
Round 5 - RUL Prediction Metrics:
  RMSE: 21.00 cycles
  MAE: 16.91 cycles
  R²: -0.0947
  Within ±10 cycles: 38.13%
  Within ±20 cycles: 63.93%
Round 5 - Global model test loss: 21.000630
Creating timing plots with data from 5 rounds
Saved timing plots for round 5
Summary: Avg total time: 0.010s, Avg aggregation time: 0.010s, Avg resolution time: 0.000ms
Saved results for round 5 (plot mode: last round)

=== EVALUATING TRACK MODELS FOR ROUND 5 ===
No tracks directory found for round 5
Saved experiment results to results/fl_simulation_20250618_143948_n_cmapss_s25/output/fl_results.json
Saved timing metrics to results/fl_simulation_20250618_143948_n_cmapss_s25/output/aggregation_timing_metrics.json
Round 5 completed with disagreement resolution.

Federated learning with disagreement resolution completed!
