Updated configuration in mock_etcd/configuration.json
MNIST data already exists. Skipping setup.
Use --force_setup_data to force recreation.
Initialized global mnist model
Loading MNIST test data from data/mnist/test/mnist_test.npz
Loaded 10000 MNIST test samples
Loaded MNIST test data with 10000 samples
Saved experiment results to results/fl_simulation_20250624_220706_mnist_s7/output/fl_results.json
Loading MNIST data from data/mnist/train/client_0/mnist_data.npz
Client 0 loaded 600 MNIST samples
Client 0 loaded 600 MNIST samples
Loading MNIST data from data/mnist/train/client_1/mnist_data.npz
Client 1 loaded 600 MNIST samples
Client 1 loaded 600 MNIST samples
Loading MNIST data from data/mnist/train/client_2/mnist_data.npz
Client 2 loaded 600 MNIST samples
Client 2 loaded 600 MNIST samples
Loading MNIST data from data/mnist/train/client_3/mnist_data.npz
Client 3 loaded 600 MNIST samples
Client 3 loaded 600 MNIST samples
Loading MNIST data from data/mnist/train/client_4/mnist_data.npz
Client 4 loaded 600 MNIST samples
Client 4 loaded 600 MNIST samples
Loading MNIST data from data/mnist/train/client_5/mnist_data.npz
Client 5 loaded 600 MNIST samples
Client 5 loaded 600 MNIST samples
Loading MNIST data from data/mnist/train/client_6/mnist_data.npz
Client 6 loaded 600 MNIST samples
Client 6 loaded 600 MNIST samples
Loading MNIST data from data/mnist/train/client_7/mnist_data.npz
Client 7 loaded 600 MNIST samples
Client 7 loaded 600 MNIST samples
Loading MNIST data from data/mnist/train/client_8/mnist_data.npz
Client 8 loaded 600 MNIST samples
Client 8 loaded 600 MNIST samples
Loading MNIST data from data/mnist/train/client_9/mnist_data.npz
Client 9 loaded 600 MNIST samples
Client 9 loaded 600 MNIST samples
Initialized disagreement-aware federated learning orchestrator
  - 10 clients for mnist experiment
  - Advanced disagreement resolution with multi-track model training
  - Results directory: results/fl_simulation_20250624_220706_mnist_s7
Starting federated learning with 5 rounds...
Saved global model to results/fl_simulation_20250624_220706_mnist_s7/model_storage/global_model_initial
Initialized and saved the initial global model
Round 0 - MNIST Classification Metrics:
  Overall Accuracy: 0.1222
  Mean Precision: 0.0283
  Mean Recall: 0.1222
  Mean F1 Score: 0.0380
Round 0 - Global model test accuracy: 0.1222
Round 0 - Global model test loss: 2.313011
Saved results for round 0 (plot mode: minimal)
Saved experiment results to results/fl_simulation_20250624_220706_mnist_s7/output/fl_results.json
Initial model evaluation completed

--- Federated Learning Round 1/5 ---
Analyzing disagreements and preparing track-specific models...

=== SERVER PREPARATION FOR ROUND 1 ===
  Using initiation_mechanism: shallow, lifting_mechanism: shallow, deep_lifting_finetune_rounds: 3
Loaded disagreements: {}
Round 1: No disagreements defined in the system
Round 1 starting with initial global model from results/fl_simulation_20250624_220706_mnist_s7/model_storage/global_model_initial
Loaded model from round 0
Loaded global model from results/fl_simulation_20250624_220706_mnist_s7/model_storage/global_model_initial
Saved global model to results/fl_simulation_20250624_220706_mnist_s7/model_storage/round_1/global_model_for_training
Saved global model for training at results/fl_simulation_20250624_220706_mnist_s7/model_storage/round_1/global_model_for_training
=== END SERVER PREPARATION FOR ROUND 1 ===\n
Track model initialization completed in 0.0062 seconds
Created initial track models from global_model_initial for round 1
Starting disagreement-aware multi-track client training...
Client 0: Loading track models and training with disagreement resolution...

=== CLIENT 0 MODEL LOADING FOR ROUND 1 ===
No tracks directory found at results/fl_simulation_20250624_220706_mnist_s7/model_storage/round_1/tracks, will use standard global model
Successfully loaded standard global model from results/fl_simulation_20250624_220706_mnist_s7/model_storage/round_1/global_model_for_training
=== END CLIENT 0 MODEL LOADING ===


=== CLIENT 0 TRAINING FOR ROUND 1 ===
Training primary model...
Client 0 starting training for 1 epochs
Client 0 - Epoch 1/1 - Train Loss: 2.048153, Train Acc: 0.3500, Valid Loss: 1.516696, Valid Acc: 0.5750
Client 0 finished training
Client 0 saved training results to results/fl_simulation_20250624_220706_mnist_s7/output/clients/client_0/training_results_round_1.json
Primary model training complete. Accuracy: N/A
Client 0 has no background tracks to train
=== END CLIENT 0 TRAINING ===


=== CLIENT 0 MODEL SAVING FOR ROUND 1 ===
Client 0 saved model to results/fl_simulation_20250624_220706_mnist_s7/model_storage/round_1/clients/client_0
Saved primary model to results/fl_simulation_20250624_220706_mnist_s7/model_storage/round_1/clients/client_0
Saved 0 background models
=== END CLIENT 0 MODEL SAVING ===

Client 0 completed training in 0.0894 seconds
Client 1: Loading track models and training with disagreement resolution...

=== CLIENT 1 MODEL LOADING FOR ROUND 1 ===
No tracks directory found at results/fl_simulation_20250624_220706_mnist_s7/model_storage/round_1/tracks, will use standard global model
Successfully loaded standard global model from results/fl_simulation_20250624_220706_mnist_s7/model_storage/round_1/global_model_for_training
=== END CLIENT 1 MODEL LOADING ===


=== CLIENT 1 TRAINING FOR ROUND 1 ===
Training primary model...
Client 1 starting training for 1 epochs
Client 1 - Epoch 1/1 - Train Loss: 1.981683, Train Acc: 0.3375, Valid Loss: 1.365834, Valid Acc: 0.6750
Client 1 finished training
Client 1 saved training results to results/fl_simulation_20250624_220706_mnist_s7/output/clients/client_1/training_results_round_1.json
Primary model training complete. Accuracy: N/A
Client 1 has no background tracks to train
=== END CLIENT 1 TRAINING ===


=== CLIENT 1 MODEL SAVING FOR ROUND 1 ===
Client 1 saved model to results/fl_simulation_20250624_220706_mnist_s7/model_storage/round_1/clients/client_1
Saved primary model to results/fl_simulation_20250624_220706_mnist_s7/model_storage/round_1/clients/client_1
Saved 0 background models
=== END CLIENT 1 MODEL SAVING ===

Client 1 completed training in 0.0449 seconds
Client 2: Loading track models and training with disagreement resolution...

=== CLIENT 2 MODEL LOADING FOR ROUND 1 ===
No tracks directory found at results/fl_simulation_20250624_220706_mnist_s7/model_storage/round_1/tracks, will use standard global model
Successfully loaded standard global model from results/fl_simulation_20250624_220706_mnist_s7/model_storage/round_1/global_model_for_training
=== END CLIENT 2 MODEL LOADING ===


=== CLIENT 2 TRAINING FOR ROUND 1 ===
Training primary model...
Client 2 starting training for 1 epochs
Client 2 - Epoch 1/1 - Train Loss: 2.034596, Train Acc: 0.3354, Valid Loss: 1.496750, Valid Acc: 0.6083
Client 2 finished training
Client 2 saved training results to results/fl_simulation_20250624_220706_mnist_s7/output/clients/client_2/training_results_round_1.json
Primary model training complete. Accuracy: N/A
Client 2 has no background tracks to train
=== END CLIENT 2 TRAINING ===


=== CLIENT 2 MODEL SAVING FOR ROUND 1 ===
Client 2 saved model to results/fl_simulation_20250624_220706_mnist_s7/model_storage/round_1/clients/client_2
Saved primary model to results/fl_simulation_20250624_220706_mnist_s7/model_storage/round_1/clients/client_2
Saved 0 background models
=== END CLIENT 2 MODEL SAVING ===

Client 2 completed training in 0.0448 seconds
Client 3: Loading track models and training with disagreement resolution...

=== CLIENT 3 MODEL LOADING FOR ROUND 1 ===
No tracks directory found at results/fl_simulation_20250624_220706_mnist_s7/model_storage/round_1/tracks, will use standard global model
Successfully loaded standard global model from results/fl_simulation_20250624_220706_mnist_s7/model_storage/round_1/global_model_for_training
=== END CLIENT 3 MODEL LOADING ===


=== CLIENT 3 TRAINING FOR ROUND 1 ===
Training primary model...
Client 3 starting training for 1 epochs
Client 3 - Epoch 1/1 - Train Loss: 2.022390, Train Acc: 0.3438, Valid Loss: 1.280200, Valid Acc: 0.7083
Client 3 finished training
Client 3 saved training results to results/fl_simulation_20250624_220706_mnist_s7/output/clients/client_3/training_results_round_1.json
Primary model training complete. Accuracy: N/A
Client 3 has no background tracks to train
=== END CLIENT 3 TRAINING ===


=== CLIENT 3 MODEL SAVING FOR ROUND 1 ===
Client 3 saved model to results/fl_simulation_20250624_220706_mnist_s7/model_storage/round_1/clients/client_3
Saved primary model to results/fl_simulation_20250624_220706_mnist_s7/model_storage/round_1/clients/client_3
Saved 0 background models
=== END CLIENT 3 MODEL SAVING ===

Client 3 completed training in 0.0561 seconds
Client 4: Loading track models and training with disagreement resolution...

=== CLIENT 4 MODEL LOADING FOR ROUND 1 ===
No tracks directory found at results/fl_simulation_20250624_220706_mnist_s7/model_storage/round_1/tracks, will use standard global model
Successfully loaded standard global model from results/fl_simulation_20250624_220706_mnist_s7/model_storage/round_1/global_model_for_training
=== END CLIENT 4 MODEL LOADING ===


=== CLIENT 4 TRAINING FOR ROUND 1 ===
Training primary model...
Client 4 starting training for 1 epochs
Client 4 - Epoch 1/1 - Train Loss: 2.028558, Train Acc: 0.3396, Valid Loss: 1.491825, Valid Acc: 0.6250
Client 4 finished training
Client 4 saved training results to results/fl_simulation_20250624_220706_mnist_s7/output/clients/client_4/training_results_round_1.json
Primary model training complete. Accuracy: N/A
Client 4 has no background tracks to train
=== END CLIENT 4 TRAINING ===


=== CLIENT 4 MODEL SAVING FOR ROUND 1 ===
Client 4 saved model to results/fl_simulation_20250624_220706_mnist_s7/model_storage/round_1/clients/client_4
Saved primary model to results/fl_simulation_20250624_220706_mnist_s7/model_storage/round_1/clients/client_4
Saved 0 background models
=== END CLIENT 4 MODEL SAVING ===

Client 4 completed training in 0.0475 seconds
Client 5: Loading track models and training with disagreement resolution...

=== CLIENT 5 MODEL LOADING FOR ROUND 1 ===
No tracks directory found at results/fl_simulation_20250624_220706_mnist_s7/model_storage/round_1/tracks, will use standard global model
Successfully loaded standard global model from results/fl_simulation_20250624_220706_mnist_s7/model_storage/round_1/global_model_for_training
=== END CLIENT 5 MODEL LOADING ===


=== CLIENT 5 TRAINING FOR ROUND 1 ===
Training primary model...
Client 5 starting training for 1 epochs
Client 5 - Epoch 1/1 - Train Loss: 2.154931, Train Acc: 0.2229, Valid Loss: 1.686232, Valid Acc: 0.5583
Client 5 finished training
Client 5 saved training results to results/fl_simulation_20250624_220706_mnist_s7/output/clients/client_5/training_results_round_1.json
Primary model training complete. Accuracy: N/A
Client 5 has no background tracks to train
=== END CLIENT 5 TRAINING ===


=== CLIENT 5 MODEL SAVING FOR ROUND 1 ===
Client 5 saved model to results/fl_simulation_20250624_220706_mnist_s7/model_storage/round_1/clients/client_5
Saved primary model to results/fl_simulation_20250624_220706_mnist_s7/model_storage/round_1/clients/client_5
Saved 0 background models
=== END CLIENT 5 MODEL SAVING ===

Client 5 completed training in 0.0453 seconds
Client 6: Loading track models and training with disagreement resolution...

=== CLIENT 6 MODEL LOADING FOR ROUND 1 ===
No tracks directory found at results/fl_simulation_20250624_220706_mnist_s7/model_storage/round_1/tracks, will use standard global model
Successfully loaded standard global model from results/fl_simulation_20250624_220706_mnist_s7/model_storage/round_1/global_model_for_training
=== END CLIENT 6 MODEL LOADING ===


=== CLIENT 6 TRAINING FOR ROUND 1 ===
Training primary model...
Client 6 starting training for 1 epochs
Client 6 - Epoch 1/1 - Train Loss: 2.023989, Train Acc: 0.3333, Valid Loss: 1.508233, Valid Acc: 0.5417
Client 6 finished training
Client 6 saved training results to results/fl_simulation_20250624_220706_mnist_s7/output/clients/client_6/training_results_round_1.json
Primary model training complete. Accuracy: N/A
Client 6 has no background tracks to train
=== END CLIENT 6 TRAINING ===


=== CLIENT 6 MODEL SAVING FOR ROUND 1 ===
Client 6 saved model to results/fl_simulation_20250624_220706_mnist_s7/model_storage/round_1/clients/client_6
Saved primary model to results/fl_simulation_20250624_220706_mnist_s7/model_storage/round_1/clients/client_6
Saved 0 background models
=== END CLIENT 6 MODEL SAVING ===

Client 6 completed training in 0.0440 seconds
Client 7: Loading track models and training with disagreement resolution...

=== CLIENT 7 MODEL LOADING FOR ROUND 1 ===
No tracks directory found at results/fl_simulation_20250624_220706_mnist_s7/model_storage/round_1/tracks, will use standard global model
Successfully loaded standard global model from results/fl_simulation_20250624_220706_mnist_s7/model_storage/round_1/global_model_for_training
=== END CLIENT 7 MODEL LOADING ===


=== CLIENT 7 TRAINING FOR ROUND 1 ===
Training primary model...
Client 7 starting training for 1 epochs
Client 7 - Epoch 1/1 - Train Loss: 2.124353, Train Acc: 0.3292, Valid Loss: 1.623290, Valid Acc: 0.5750
Client 7 finished training
Client 7 saved training results to results/fl_simulation_20250624_220706_mnist_s7/output/clients/client_7/training_results_round_1.json
Primary model training complete. Accuracy: N/A
Client 7 has no background tracks to train
=== END CLIENT 7 TRAINING ===


=== CLIENT 7 MODEL SAVING FOR ROUND 1 ===
Client 7 saved model to results/fl_simulation_20250624_220706_mnist_s7/model_storage/round_1/clients/client_7
Saved primary model to results/fl_simulation_20250624_220706_mnist_s7/model_storage/round_1/clients/client_7
Saved 0 background models
=== END CLIENT 7 MODEL SAVING ===

Client 7 completed training in 0.0442 seconds
Client 8: Loading track models and training with disagreement resolution...

=== CLIENT 8 MODEL LOADING FOR ROUND 1 ===
No tracks directory found at results/fl_simulation_20250624_220706_mnist_s7/model_storage/round_1/tracks, will use standard global model
Successfully loaded standard global model from results/fl_simulation_20250624_220706_mnist_s7/model_storage/round_1/global_model_for_training
=== END CLIENT 8 MODEL LOADING ===


=== CLIENT 8 TRAINING FOR ROUND 1 ===
Training primary model...
Client 8 starting training for 1 epochs
Client 8 - Epoch 1/1 - Train Loss: 1.929324, Train Acc: 0.4188, Valid Loss: 1.385332, Valid Acc: 0.5917
Client 8 finished training
Client 8 saved training results to results/fl_simulation_20250624_220706_mnist_s7/output/clients/client_8/training_results_round_1.json
Primary model training complete. Accuracy: N/A
Client 8 has no background tracks to train
=== END CLIENT 8 TRAINING ===


=== CLIENT 8 MODEL SAVING FOR ROUND 1 ===
Client 8 saved model to results/fl_simulation_20250624_220706_mnist_s7/model_storage/round_1/clients/client_8
Saved primary model to results/fl_simulation_20250624_220706_mnist_s7/model_storage/round_1/clients/client_8
Saved 0 background models
=== END CLIENT 8 MODEL SAVING ===

Client 8 completed training in 0.0438 seconds
Client 9: Loading track models and training with disagreement resolution...

=== CLIENT 9 MODEL LOADING FOR ROUND 1 ===
No tracks directory found at results/fl_simulation_20250624_220706_mnist_s7/model_storage/round_1/tracks, will use standard global model
Successfully loaded standard global model from results/fl_simulation_20250624_220706_mnist_s7/model_storage/round_1/global_model_for_training
=== END CLIENT 9 MODEL LOADING ===


=== CLIENT 9 TRAINING FOR ROUND 1 ===
Training primary model...
Client 9 starting training for 1 epochs
Client 9 - Epoch 1/1 - Train Loss: 2.010110, Train Acc: 0.3542, Valid Loss: 1.469277, Valid Acc: 0.6167
Client 9 finished training
Client 9 saved training results to results/fl_simulation_20250624_220706_mnist_s7/output/clients/client_9/training_results_round_1.json
Primary model training complete. Accuracy: N/A
Client 9 has no background tracks to train
=== END CLIENT 9 TRAINING ===


=== CLIENT 9 MODEL SAVING FOR ROUND 1 ===
Client 9 saved model to results/fl_simulation_20250624_220706_mnist_s7/model_storage/round_1/clients/client_9
Saved primary model to results/fl_simulation_20250624_220706_mnist_s7/model_storage/round_1/clients/client_9
Saved 0 background models
=== END CLIENT 9 MODEL SAVING ===

Client 9 completed training in 0.0435 seconds
Performing disagreement-aware track-based model aggregation...
Starting file-based aggregation for round 1
Found 10 clients: [4, 5, 9, 3, 8, 7, 2, 0, 6, 1]
Loaded disagreements: {}
Round 1: No disagreements defined in the system
No active disagreements for round 1, using standard aggregation
Updated global model with parameters from 10 clients

=== AGGREGATION TIMING SUMMARY FOR ROUND 1 ===
  Disagreement loading: 0.0000s
  Resolution time: 0.0000s
  Aggregation time: 0.0333s
  Track saving time: 0.0000s
  Total time: 0.0335s
  Has disagreements: False
=== END TIMING SUMMARY ===

Saved global model to results/fl_simulation_20250624_220706_mnist_s7/model_storage/round_1/global_model_aggregated
Evaluating global model and track-specific performance...
Round 1 - MNIST Classification Metrics:
  Overall Accuracy: 0.7603
  Mean Precision: 0.7829
  Mean Recall: 0.7603
  Mean F1 Score: 0.7524
Round 1 - Global model test accuracy: 0.7603
Round 1 - Global model test loss: 1.628493
Saved results for round 1 (plot mode: minimal)

=== EVALUATING TRACK MODELS FOR ROUND 1 ===
No tracks directory found for round 1
Saved experiment results to results/fl_simulation_20250624_220706_mnist_s7/output/fl_results.json
Saved timing metrics to results/fl_simulation_20250624_220706_mnist_s7/output/timing_metrics.json
Round 1 completed with disagreement resolution.
Round 1 timing summary:
  Track initialization: 0.0062s
  Client training phase: 0.5035s
  Resolution time: 0.0000s
  Aggregation time: 0.0333s
  Total aggregation time: 0.0335s
  Evaluation time: 0.2700s
  Total round time: 0.8158s

--- Federated Learning Round 2/5 ---
Analyzing disagreements and preparing track-specific models...

=== SERVER PREPARATION FOR ROUND 2 ===
  Using initiation_mechanism: shallow, lifting_mechanism: shallow, deep_lifting_finetune_rounds: 3
Loaded disagreements: {}
Round 2: No disagreements defined in the system
Loading main global model from previous round 1's aggregated model: results/fl_simulation_20250624_220706_mnist_s7/model_storage/round_1/global_model_aggregated
Loaded model from round 1
Loaded global model from results/fl_simulation_20250624_220706_mnist_s7/model_storage/round_1/global_model_aggregated
Saved global model to results/fl_simulation_20250624_220706_mnist_s7/model_storage/round_2/global_model_for_training
Saved main global model for training in round 2 at results/fl_simulation_20250624_220706_mnist_s7/model_storage/round_2/global_model_for_training
No active disagreements for round 2. Using standard global model from results/fl_simulation_20250624_220706_mnist_s7/model_storage/round_1/global_model_aggregated
=== END SERVER PREPARATION FOR ROUND 2 ===\n
Track model initialization completed in 0.0053 seconds
Updated track models based on disagreement changes from round 1
Starting disagreement-aware multi-track client training...
Client 0: Loading track models and training with disagreement resolution...

=== CLIENT 0 MODEL LOADING FOR ROUND 2 ===
No tracks directory found at results/fl_simulation_20250624_220706_mnist_s7/model_storage/round_2/tracks, will use standard global model
Successfully loaded standard global model from results/fl_simulation_20250624_220706_mnist_s7/model_storage/round_2/global_model_for_training
=== END CLIENT 0 MODEL LOADING ===


=== CLIENT 0 TRAINING FOR ROUND 2 ===
Training primary model...
Client 0 starting training for 1 epochs
Client 0 - Epoch 1/1 - Train Loss: 1.165309, Train Acc: 0.6771, Valid Loss: 0.809912, Valid Acc: 0.7250
Client 0 finished training
Client 0 saved training results to results/fl_simulation_20250624_220706_mnist_s7/output/clients/client_0/training_results_round_2.json
Primary model training complete. Accuracy: N/A
Client 0 has no background tracks to train
=== END CLIENT 0 TRAINING ===


=== CLIENT 0 MODEL SAVING FOR ROUND 2 ===
Client 0 saved model to results/fl_simulation_20250624_220706_mnist_s7/model_storage/round_2/clients/client_0
Saved primary model to results/fl_simulation_20250624_220706_mnist_s7/model_storage/round_2/clients/client_0
Saved 0 background models
=== END CLIENT 0 MODEL SAVING ===

Client 0 completed training in 0.0436 seconds
Client 1: Loading track models and training with disagreement resolution...

=== CLIENT 1 MODEL LOADING FOR ROUND 2 ===
No tracks directory found at results/fl_simulation_20250624_220706_mnist_s7/model_storage/round_2/tracks, will use standard global model
Successfully loaded standard global model from results/fl_simulation_20250624_220706_mnist_s7/model_storage/round_2/global_model_for_training
=== END CLIENT 1 MODEL LOADING ===


=== CLIENT 1 TRAINING FOR ROUND 2 ===
Training primary model...
Client 1 starting training for 1 epochs
Client 1 - Epoch 1/1 - Train Loss: 1.190616, Train Acc: 0.6625, Valid Loss: 0.946280, Valid Acc: 0.6417
Client 1 finished training
Client 1 saved training results to results/fl_simulation_20250624_220706_mnist_s7/output/clients/client_1/training_results_round_2.json
Primary model training complete. Accuracy: N/A
Client 1 has no background tracks to train
=== END CLIENT 1 TRAINING ===


=== CLIENT 1 MODEL SAVING FOR ROUND 2 ===
Client 1 saved model to results/fl_simulation_20250624_220706_mnist_s7/model_storage/round_2/clients/client_1
Saved primary model to results/fl_simulation_20250624_220706_mnist_s7/model_storage/round_2/clients/client_1
Saved 0 background models
=== END CLIENT 1 MODEL SAVING ===

Client 1 completed training in 0.0436 seconds
Client 2: Loading track models and training with disagreement resolution...

=== CLIENT 2 MODEL LOADING FOR ROUND 2 ===
No tracks directory found at results/fl_simulation_20250624_220706_mnist_s7/model_storage/round_2/tracks, will use standard global model
Successfully loaded standard global model from results/fl_simulation_20250624_220706_mnist_s7/model_storage/round_2/global_model_for_training
=== END CLIENT 2 MODEL LOADING ===


=== CLIENT 2 TRAINING FOR ROUND 2 ===
Training primary model...
Client 2 starting training for 1 epochs
Client 2 - Epoch 1/1 - Train Loss: 1.124019, Train Acc: 0.7083, Valid Loss: 0.829631, Valid Acc: 0.6750
Client 2 finished training
Client 2 saved training results to results/fl_simulation_20250624_220706_mnist_s7/output/clients/client_2/training_results_round_2.json
Primary model training complete. Accuracy: N/A
Client 2 has no background tracks to train
=== END CLIENT 2 TRAINING ===


=== CLIENT 2 MODEL SAVING FOR ROUND 2 ===
Client 2 saved model to results/fl_simulation_20250624_220706_mnist_s7/model_storage/round_2/clients/client_2
Saved primary model to results/fl_simulation_20250624_220706_mnist_s7/model_storage/round_2/clients/client_2
Saved 0 background models
=== END CLIENT 2 MODEL SAVING ===

Client 2 completed training in 0.0436 seconds
Client 3: Loading track models and training with disagreement resolution...

=== CLIENT 3 MODEL LOADING FOR ROUND 2 ===
No tracks directory found at results/fl_simulation_20250624_220706_mnist_s7/model_storage/round_2/tracks, will use standard global model
Successfully loaded standard global model from results/fl_simulation_20250624_220706_mnist_s7/model_storage/round_2/global_model_for_training
=== END CLIENT 3 MODEL LOADING ===


=== CLIENT 3 TRAINING FOR ROUND 2 ===
Training primary model...
Client 3 starting training for 1 epochs
Client 3 - Epoch 1/1 - Train Loss: 1.210757, Train Acc: 0.6542, Valid Loss: 0.602279, Valid Acc: 0.8417
Client 3 finished training
Client 3 saved training results to results/fl_simulation_20250624_220706_mnist_s7/output/clients/client_3/training_results_round_2.json
Primary model training complete. Accuracy: N/A
Client 3 has no background tracks to train
=== END CLIENT 3 TRAINING ===


=== CLIENT 3 MODEL SAVING FOR ROUND 2 ===
Client 3 saved model to results/fl_simulation_20250624_220706_mnist_s7/model_storage/round_2/clients/client_3
Saved primary model to results/fl_simulation_20250624_220706_mnist_s7/model_storage/round_2/clients/client_3
Saved 0 background models
=== END CLIENT 3 MODEL SAVING ===

Client 3 completed training in 0.0437 seconds
Client 4: Loading track models and training with disagreement resolution...

=== CLIENT 4 MODEL LOADING FOR ROUND 2 ===
No tracks directory found at results/fl_simulation_20250624_220706_mnist_s7/model_storage/round_2/tracks, will use standard global model
Successfully loaded standard global model from results/fl_simulation_20250624_220706_mnist_s7/model_storage/round_2/global_model_for_training
=== END CLIENT 4 MODEL LOADING ===


=== CLIENT 4 TRAINING FOR ROUND 2 ===
Training primary model...
Client 4 starting training for 1 epochs
Client 4 - Epoch 1/1 - Train Loss: 1.128702, Train Acc: 0.6792, Valid Loss: 0.659049, Valid Acc: 0.8250
Client 4 finished training
Client 4 saved training results to results/fl_simulation_20250624_220706_mnist_s7/output/clients/client_4/training_results_round_2.json
Primary model training complete. Accuracy: N/A
Client 4 has no background tracks to train
=== END CLIENT 4 TRAINING ===


=== CLIENT 4 MODEL SAVING FOR ROUND 2 ===
Client 4 saved model to results/fl_simulation_20250624_220706_mnist_s7/model_storage/round_2/clients/client_4
Saved primary model to results/fl_simulation_20250624_220706_mnist_s7/model_storage/round_2/clients/client_4
Saved 0 background models
=== END CLIENT 4 MODEL SAVING ===

Client 4 completed training in 0.0440 seconds
Client 5: Loading track models and training with disagreement resolution...

=== CLIENT 5 MODEL LOADING FOR ROUND 2 ===
No tracks directory found at results/fl_simulation_20250624_220706_mnist_s7/model_storage/round_2/tracks, will use standard global model
Successfully loaded standard global model from results/fl_simulation_20250624_220706_mnist_s7/model_storage/round_2/global_model_for_training
=== END CLIENT 5 MODEL LOADING ===


=== CLIENT 5 TRAINING FOR ROUND 2 ===
Training primary model...
Client 5 starting training for 1 epochs
Client 5 - Epoch 1/1 - Train Loss: 1.094792, Train Acc: 0.7167, Valid Loss: 0.716968, Valid Acc: 0.8000
Client 5 finished training
Client 5 saved training results to results/fl_simulation_20250624_220706_mnist_s7/output/clients/client_5/training_results_round_2.json
Primary model training complete. Accuracy: N/A
Client 5 has no background tracks to train
=== END CLIENT 5 TRAINING ===


=== CLIENT 5 MODEL SAVING FOR ROUND 2 ===
Client 5 saved model to results/fl_simulation_20250624_220706_mnist_s7/model_storage/round_2/clients/client_5
Saved primary model to results/fl_simulation_20250624_220706_mnist_s7/model_storage/round_2/clients/client_5
Saved 0 background models
=== END CLIENT 5 MODEL SAVING ===

Client 5 completed training in 0.0437 seconds
Client 6: Loading track models and training with disagreement resolution...

=== CLIENT 6 MODEL LOADING FOR ROUND 2 ===
No tracks directory found at results/fl_simulation_20250624_220706_mnist_s7/model_storage/round_2/tracks, will use standard global model
Successfully loaded standard global model from results/fl_simulation_20250624_220706_mnist_s7/model_storage/round_2/global_model_for_training
=== END CLIENT 6 MODEL LOADING ===


=== CLIENT 6 TRAINING FOR ROUND 2 ===
Training primary model...
Client 6 starting training for 1 epochs
Client 6 - Epoch 1/1 - Train Loss: 1.202968, Train Acc: 0.6583, Valid Loss: 0.735778, Valid Acc: 0.7667
Client 6 finished training
Client 6 saved training results to results/fl_simulation_20250624_220706_mnist_s7/output/clients/client_6/training_results_round_2.json
Primary model training complete. Accuracy: N/A
Client 6 has no background tracks to train
=== END CLIENT 6 TRAINING ===


=== CLIENT 6 MODEL SAVING FOR ROUND 2 ===
Client 6 saved model to results/fl_simulation_20250624_220706_mnist_s7/model_storage/round_2/clients/client_6
Saved primary model to results/fl_simulation_20250624_220706_mnist_s7/model_storage/round_2/clients/client_6
Saved 0 background models
=== END CLIENT 6 MODEL SAVING ===

Client 6 completed training in 0.0436 seconds
Client 7: Loading track models and training with disagreement resolution...

=== CLIENT 7 MODEL LOADING FOR ROUND 2 ===
No tracks directory found at results/fl_simulation_20250624_220706_mnist_s7/model_storage/round_2/tracks, will use standard global model
Successfully loaded standard global model from results/fl_simulation_20250624_220706_mnist_s7/model_storage/round_2/global_model_for_training
=== END CLIENT 7 MODEL LOADING ===


=== CLIENT 7 TRAINING FOR ROUND 2 ===
Training primary model...
Client 7 starting training for 1 epochs
Client 7 - Epoch 1/1 - Train Loss: 1.098777, Train Acc: 0.7167, Valid Loss: 0.740021, Valid Acc: 0.7417
Client 7 finished training
Client 7 saved training results to results/fl_simulation_20250624_220706_mnist_s7/output/clients/client_7/training_results_round_2.json
Primary model training complete. Accuracy: N/A
Client 7 has no background tracks to train
=== END CLIENT 7 TRAINING ===


=== CLIENT 7 MODEL SAVING FOR ROUND 2 ===
Client 7 saved model to results/fl_simulation_20250624_220706_mnist_s7/model_storage/round_2/clients/client_7
Saved primary model to results/fl_simulation_20250624_220706_mnist_s7/model_storage/round_2/clients/client_7
Saved 0 background models
=== END CLIENT 7 MODEL SAVING ===

Client 7 completed training in 0.0437 seconds
Client 8: Loading track models and training with disagreement resolution...

=== CLIENT 8 MODEL LOADING FOR ROUND 2 ===
No tracks directory found at results/fl_simulation_20250624_220706_mnist_s7/model_storage/round_2/tracks, will use standard global model
Successfully loaded standard global model from results/fl_simulation_20250624_220706_mnist_s7/model_storage/round_2/global_model_for_training
=== END CLIENT 8 MODEL LOADING ===


=== CLIENT 8 TRAINING FOR ROUND 2 ===
Training primary model...
Client 8 starting training for 1 epochs
Client 8 - Epoch 1/1 - Train Loss: 1.209852, Train Acc: 0.6646, Valid Loss: 0.778062, Valid Acc: 0.7917
Client 8 finished training
Client 8 saved training results to results/fl_simulation_20250624_220706_mnist_s7/output/clients/client_8/training_results_round_2.json
Primary model training complete. Accuracy: N/A
Client 8 has no background tracks to train
=== END CLIENT 8 TRAINING ===


=== CLIENT 8 MODEL SAVING FOR ROUND 2 ===
Client 8 saved model to results/fl_simulation_20250624_220706_mnist_s7/model_storage/round_2/clients/client_8
Saved primary model to results/fl_simulation_20250624_220706_mnist_s7/model_storage/round_2/clients/client_8
Saved 0 background models
=== END CLIENT 8 MODEL SAVING ===

Client 8 completed training in 0.0455 seconds
Client 9: Loading track models and training with disagreement resolution...

=== CLIENT 9 MODEL LOADING FOR ROUND 2 ===
No tracks directory found at results/fl_simulation_20250624_220706_mnist_s7/model_storage/round_2/tracks, will use standard global model
Successfully loaded standard global model from results/fl_simulation_20250624_220706_mnist_s7/model_storage/round_2/global_model_for_training
=== END CLIENT 9 MODEL LOADING ===


=== CLIENT 9 TRAINING FOR ROUND 2 ===
Training primary model...
Client 9 starting training for 1 epochs
Client 9 - Epoch 1/1 - Train Loss: 1.105825, Train Acc: 0.7208, Valid Loss: 0.787661, Valid Acc: 0.7083
Client 9 finished training
Client 9 saved training results to results/fl_simulation_20250624_220706_mnist_s7/output/clients/client_9/training_results_round_2.json
Primary model training complete. Accuracy: N/A
Client 9 has no background tracks to train
=== END CLIENT 9 TRAINING ===


=== CLIENT 9 MODEL SAVING FOR ROUND 2 ===
Client 9 saved model to results/fl_simulation_20250624_220706_mnist_s7/model_storage/round_2/clients/client_9
Saved primary model to results/fl_simulation_20250624_220706_mnist_s7/model_storage/round_2/clients/client_9
Saved 0 background models
=== END CLIENT 9 MODEL SAVING ===

Client 9 completed training in 0.0442 seconds
Performing disagreement-aware track-based model aggregation...
Starting file-based aggregation for round 2
Found 10 clients: [4, 5, 9, 3, 8, 7, 2, 0, 6, 1]
Loaded disagreements: {}
Round 2: No disagreements defined in the system
No active disagreements for round 2, using standard aggregation
Updated global model with parameters from 10 clients

=== AGGREGATION TIMING SUMMARY FOR ROUND 2 ===
  Disagreement loading: 0.0000s
  Resolution time: 0.0000s
  Aggregation time: 0.0278s
  Track saving time: 0.0000s
  Total time: 0.0280s
  Has disagreements: False
=== END TIMING SUMMARY ===

Saved global model to results/fl_simulation_20250624_220706_mnist_s7/model_storage/round_2/global_model_aggregated
Evaluating global model and track-specific performance...
Round 2 - MNIST Classification Metrics:
  Overall Accuracy: 0.8402
  Mean Precision: 0.8460
  Mean Recall: 0.8402
  Mean F1 Score: 0.8391
Round 2 - Global model test accuracy: 0.8402
Round 2 - Global model test loss: 0.604475
Saved results for round 2 (plot mode: minimal)

=== EVALUATING TRACK MODELS FOR ROUND 2 ===
No tracks directory found for round 2
Saved experiment results to results/fl_simulation_20250624_220706_mnist_s7/output/fl_results.json
Saved timing metrics to results/fl_simulation_20250624_220706_mnist_s7/output/timing_metrics.json
Round 2 completed with disagreement resolution.
Round 2 timing summary:
  Track initialization: 0.0053s
  Client training phase: 0.4392s
  Resolution time: 0.0000s
  Aggregation time: 0.0278s
  Total aggregation time: 0.0280s
  Evaluation time: 0.2744s
  Total round time: 0.7494s

--- Federated Learning Round 3/5 ---
Analyzing disagreements and preparing track-specific models...

=== SERVER PREPARATION FOR ROUND 3 ===
  Using initiation_mechanism: shallow, lifting_mechanism: shallow, deep_lifting_finetune_rounds: 3
Loaded disagreements: {}
Round 3: No disagreements defined in the system
Loading main global model from previous round 2's aggregated model: results/fl_simulation_20250624_220706_mnist_s7/model_storage/round_2/global_model_aggregated
Loaded model from round 2
Loaded global model from results/fl_simulation_20250624_220706_mnist_s7/model_storage/round_2/global_model_aggregated
Saved global model to results/fl_simulation_20250624_220706_mnist_s7/model_storage/round_3/global_model_for_training
Saved main global model for training in round 3 at results/fl_simulation_20250624_220706_mnist_s7/model_storage/round_3/global_model_for_training
No active disagreements for round 3. Using standard global model from results/fl_simulation_20250624_220706_mnist_s7/model_storage/round_2/global_model_aggregated
=== END SERVER PREPARATION FOR ROUND 3 ===\n
Track model initialization completed in 0.0054 seconds
Updated track models based on disagreement changes from round 2
Starting disagreement-aware multi-track client training...
Client 0: Loading track models and training with disagreement resolution...

=== CLIENT 0 MODEL LOADING FOR ROUND 3 ===
No tracks directory found at results/fl_simulation_20250624_220706_mnist_s7/model_storage/round_3/tracks, will use standard global model
Successfully loaded standard global model from results/fl_simulation_20250624_220706_mnist_s7/model_storage/round_3/global_model_for_training
=== END CLIENT 0 MODEL LOADING ===


=== CLIENT 0 TRAINING FOR ROUND 3 ===
Training primary model...
Client 0 starting training for 1 epochs
Client 0 - Epoch 1/1 - Train Loss: 1.012733, Train Acc: 0.6979, Valid Loss: 0.786722, Valid Acc: 0.7333
Client 0 finished training
Client 0 saved training results to results/fl_simulation_20250624_220706_mnist_s7/output/clients/client_0/training_results_round_3.json
Primary model training complete. Accuracy: N/A
Client 0 has no background tracks to train
=== END CLIENT 0 TRAINING ===


=== CLIENT 0 MODEL SAVING FOR ROUND 3 ===
Client 0 saved model to results/fl_simulation_20250624_220706_mnist_s7/model_storage/round_3/clients/client_0
Saved primary model to results/fl_simulation_20250624_220706_mnist_s7/model_storage/round_3/clients/client_0
Saved 0 background models
=== END CLIENT 0 MODEL SAVING ===

Client 0 completed training in 0.0435 seconds
Client 1: Loading track models and training with disagreement resolution...

=== CLIENT 1 MODEL LOADING FOR ROUND 3 ===
No tracks directory found at results/fl_simulation_20250624_220706_mnist_s7/model_storage/round_3/tracks, will use standard global model
Successfully loaded standard global model from results/fl_simulation_20250624_220706_mnist_s7/model_storage/round_3/global_model_for_training
=== END CLIENT 1 MODEL LOADING ===


=== CLIENT 1 TRAINING FOR ROUND 3 ===
Training primary model...
Client 1 starting training for 1 epochs
Client 1 - Epoch 1/1 - Train Loss: 0.993590, Train Acc: 0.6875, Valid Loss: 0.711716, Valid Acc: 0.7917
Client 1 finished training
Client 1 saved training results to results/fl_simulation_20250624_220706_mnist_s7/output/clients/client_1/training_results_round_3.json
Primary model training complete. Accuracy: N/A
Client 1 has no background tracks to train
=== END CLIENT 1 TRAINING ===


=== CLIENT 1 MODEL SAVING FOR ROUND 3 ===
Client 1 saved model to results/fl_simulation_20250624_220706_mnist_s7/model_storage/round_3/clients/client_1
Saved primary model to results/fl_simulation_20250624_220706_mnist_s7/model_storage/round_3/clients/client_1
Saved 0 background models
=== END CLIENT 1 MODEL SAVING ===

Client 1 completed training in 0.0438 seconds
Client 2: Loading track models and training with disagreement resolution...

=== CLIENT 2 MODEL LOADING FOR ROUND 3 ===
No tracks directory found at results/fl_simulation_20250624_220706_mnist_s7/model_storage/round_3/tracks, will use standard global model
Successfully loaded standard global model from results/fl_simulation_20250624_220706_mnist_s7/model_storage/round_3/global_model_for_training
=== END CLIENT 2 MODEL LOADING ===


=== CLIENT 2 TRAINING FOR ROUND 3 ===
Training primary model...
Client 2 starting training for 1 epochs
Client 2 - Epoch 1/1 - Train Loss: 0.864327, Train Acc: 0.7250, Valid Loss: 0.638617, Valid Acc: 0.8583
Client 2 finished training
Client 2 saved training results to results/fl_simulation_20250624_220706_mnist_s7/output/clients/client_2/training_results_round_3.json
Primary model training complete. Accuracy: N/A
Client 2 has no background tracks to train
=== END CLIENT 2 TRAINING ===


=== CLIENT 2 MODEL SAVING FOR ROUND 3 ===
Client 2 saved model to results/fl_simulation_20250624_220706_mnist_s7/model_storage/round_3/clients/client_2
Saved primary model to results/fl_simulation_20250624_220706_mnist_s7/model_storage/round_3/clients/client_2
Saved 0 background models
=== END CLIENT 2 MODEL SAVING ===

Client 2 completed training in 0.0464 seconds
Client 3: Loading track models and training with disagreement resolution...

=== CLIENT 3 MODEL LOADING FOR ROUND 3 ===
No tracks directory found at results/fl_simulation_20250624_220706_mnist_s7/model_storage/round_3/tracks, will use standard global model
Successfully loaded standard global model from results/fl_simulation_20250624_220706_mnist_s7/model_storage/round_3/global_model_for_training
=== END CLIENT 3 MODEL LOADING ===


=== CLIENT 3 TRAINING FOR ROUND 3 ===
Training primary model...
Client 3 starting training for 1 epochs
Client 3 - Epoch 1/1 - Train Loss: 0.943799, Train Acc: 0.6708, Valid Loss: 0.587354, Valid Acc: 0.8750
Client 3 finished training
Client 3 saved training results to results/fl_simulation_20250624_220706_mnist_s7/output/clients/client_3/training_results_round_3.json
Primary model training complete. Accuracy: N/A
Client 3 has no background tracks to train
=== END CLIENT 3 TRAINING ===


=== CLIENT 3 MODEL SAVING FOR ROUND 3 ===
Client 3 saved model to results/fl_simulation_20250624_220706_mnist_s7/model_storage/round_3/clients/client_3
Saved primary model to results/fl_simulation_20250624_220706_mnist_s7/model_storage/round_3/clients/client_3
Saved 0 background models
=== END CLIENT 3 MODEL SAVING ===

Client 3 completed training in 0.0446 seconds
Client 4: Loading track models and training with disagreement resolution...

=== CLIENT 4 MODEL LOADING FOR ROUND 3 ===
No tracks directory found at results/fl_simulation_20250624_220706_mnist_s7/model_storage/round_3/tracks, will use standard global model
Successfully loaded standard global model from results/fl_simulation_20250624_220706_mnist_s7/model_storage/round_3/global_model_for_training
=== END CLIENT 4 MODEL LOADING ===


=== CLIENT 4 TRAINING FOR ROUND 3 ===
Training primary model...
Client 4 starting training for 1 epochs
Client 4 - Epoch 1/1 - Train Loss: 1.028456, Train Acc: 0.6729, Valid Loss: 0.806730, Valid Acc: 0.7667
Client 4 finished training
Client 4 saved training results to results/fl_simulation_20250624_220706_mnist_s7/output/clients/client_4/training_results_round_3.json
Primary model training complete. Accuracy: N/A
Client 4 has no background tracks to train
=== END CLIENT 4 TRAINING ===


=== CLIENT 4 MODEL SAVING FOR ROUND 3 ===
Client 4 saved model to results/fl_simulation_20250624_220706_mnist_s7/model_storage/round_3/clients/client_4
Saved primary model to results/fl_simulation_20250624_220706_mnist_s7/model_storage/round_3/clients/client_4
Saved 0 background models
=== END CLIENT 4 MODEL SAVING ===

Client 4 completed training in 0.0440 seconds
Client 5: Loading track models and training with disagreement resolution...

=== CLIENT 5 MODEL LOADING FOR ROUND 3 ===
No tracks directory found at results/fl_simulation_20250624_220706_mnist_s7/model_storage/round_3/tracks, will use standard global model
Successfully loaded standard global model from results/fl_simulation_20250624_220706_mnist_s7/model_storage/round_3/global_model_for_training
=== END CLIENT 5 MODEL LOADING ===


=== CLIENT 5 TRAINING FOR ROUND 3 ===
Training primary model...
Client 5 starting training for 1 epochs
Client 5 - Epoch 1/1 - Train Loss: 0.920423, Train Acc: 0.7333, Valid Loss: 0.628593, Valid Acc: 0.8583
Client 5 finished training
Client 5 saved training results to results/fl_simulation_20250624_220706_mnist_s7/output/clients/client_5/training_results_round_3.json
Primary model training complete. Accuracy: N/A
Client 5 has no background tracks to train
=== END CLIENT 5 TRAINING ===


=== CLIENT 5 MODEL SAVING FOR ROUND 3 ===
Client 5 saved model to results/fl_simulation_20250624_220706_mnist_s7/model_storage/round_3/clients/client_5
Saved primary model to results/fl_simulation_20250624_220706_mnist_s7/model_storage/round_3/clients/client_5
Saved 0 background models
=== END CLIENT 5 MODEL SAVING ===

Client 5 completed training in 0.0437 seconds
Client 6: Loading track models and training with disagreement resolution...

=== CLIENT 6 MODEL LOADING FOR ROUND 3 ===
No tracks directory found at results/fl_simulation_20250624_220706_mnist_s7/model_storage/round_3/tracks, will use standard global model
Successfully loaded standard global model from results/fl_simulation_20250624_220706_mnist_s7/model_storage/round_3/global_model_for_training
=== END CLIENT 6 MODEL LOADING ===


=== CLIENT 6 TRAINING FOR ROUND 3 ===
Training primary model...
Client 6 starting training for 1 epochs
Client 6 - Epoch 1/1 - Train Loss: 0.855549, Train Acc: 0.7208, Valid Loss: 0.573888, Valid Acc: 0.8333
Client 6 finished training
Client 6 saved training results to results/fl_simulation_20250624_220706_mnist_s7/output/clients/client_6/training_results_round_3.json
Primary model training complete. Accuracy: N/A
Client 6 has no background tracks to train
=== END CLIENT 6 TRAINING ===


=== CLIENT 6 MODEL SAVING FOR ROUND 3 ===
Client 6 saved model to results/fl_simulation_20250624_220706_mnist_s7/model_storage/round_3/clients/client_6
Saved primary model to results/fl_simulation_20250624_220706_mnist_s7/model_storage/round_3/clients/client_6
Saved 0 background models
=== END CLIENT 6 MODEL SAVING ===

Client 6 completed training in 0.0439 seconds
Client 7: Loading track models and training with disagreement resolution...

=== CLIENT 7 MODEL LOADING FOR ROUND 3 ===
No tracks directory found at results/fl_simulation_20250624_220706_mnist_s7/model_storage/round_3/tracks, will use standard global model
Successfully loaded standard global model from results/fl_simulation_20250624_220706_mnist_s7/model_storage/round_3/global_model_for_training
=== END CLIENT 7 MODEL LOADING ===


=== CLIENT 7 TRAINING FOR ROUND 3 ===
Training primary model...
Client 7 starting training for 1 epochs
Client 7 - Epoch 1/1 - Train Loss: 0.937673, Train Acc: 0.7125, Valid Loss: 0.571689, Valid Acc: 0.8500
Client 7 finished training
Client 7 saved training results to results/fl_simulation_20250624_220706_mnist_s7/output/clients/client_7/training_results_round_3.json
Primary model training complete. Accuracy: N/A
Client 7 has no background tracks to train
=== END CLIENT 7 TRAINING ===


=== CLIENT 7 MODEL SAVING FOR ROUND 3 ===
Client 7 saved model to results/fl_simulation_20250624_220706_mnist_s7/model_storage/round_3/clients/client_7
Saved primary model to results/fl_simulation_20250624_220706_mnist_s7/model_storage/round_3/clients/client_7
Saved 0 background models
=== END CLIENT 7 MODEL SAVING ===

Client 7 completed training in 0.0433 seconds
Client 8: Loading track models and training with disagreement resolution...

=== CLIENT 8 MODEL LOADING FOR ROUND 3 ===
No tracks directory found at results/fl_simulation_20250624_220706_mnist_s7/model_storage/round_3/tracks, will use standard global model
Successfully loaded standard global model from results/fl_simulation_20250624_220706_mnist_s7/model_storage/round_3/global_model_for_training
=== END CLIENT 8 MODEL LOADING ===


=== CLIENT 8 TRAINING FOR ROUND 3 ===
Training primary model...
Client 8 starting training for 1 epochs
Client 8 - Epoch 1/1 - Train Loss: 1.175156, Train Acc: 0.7000, Valid Loss: 0.975666, Valid Acc: 0.7667
Client 8 finished training
Client 8 saved training results to results/fl_simulation_20250624_220706_mnist_s7/output/clients/client_8/training_results_round_3.json
Primary model training complete. Accuracy: N/A
Client 8 has no background tracks to train
=== END CLIENT 8 TRAINING ===


=== CLIENT 8 MODEL SAVING FOR ROUND 3 ===
Client 8 saved model to results/fl_simulation_20250624_220706_mnist_s7/model_storage/round_3/clients/client_8
Saved primary model to results/fl_simulation_20250624_220706_mnist_s7/model_storage/round_3/clients/client_8
Saved 0 background models
=== END CLIENT 8 MODEL SAVING ===

Client 8 completed training in 0.0455 seconds
Client 9: Loading track models and training with disagreement resolution...

=== CLIENT 9 MODEL LOADING FOR ROUND 3 ===
No tracks directory found at results/fl_simulation_20250624_220706_mnist_s7/model_storage/round_3/tracks, will use standard global model
Successfully loaded standard global model from results/fl_simulation_20250624_220706_mnist_s7/model_storage/round_3/global_model_for_training
=== END CLIENT 9 MODEL LOADING ===


=== CLIENT 9 TRAINING FOR ROUND 3 ===
Training primary model...
Client 9 starting training for 1 epochs
Client 9 - Epoch 1/1 - Train Loss: 0.912889, Train Acc: 0.7167, Valid Loss: 0.718586, Valid Acc: 0.7417
Client 9 finished training
Client 9 saved training results to results/fl_simulation_20250624_220706_mnist_s7/output/clients/client_9/training_results_round_3.json
Primary model training complete. Accuracy: N/A
Client 9 has no background tracks to train
=== END CLIENT 9 TRAINING ===


=== CLIENT 9 MODEL SAVING FOR ROUND 3 ===
Client 9 saved model to results/fl_simulation_20250624_220706_mnist_s7/model_storage/round_3/clients/client_9
Saved primary model to results/fl_simulation_20250624_220706_mnist_s7/model_storage/round_3/clients/client_9
Saved 0 background models
=== END CLIENT 9 MODEL SAVING ===

Client 9 completed training in 0.0435 seconds
Performing disagreement-aware track-based model aggregation...
Starting file-based aggregation for round 3
Found 10 clients: [4, 5, 9, 3, 8, 7, 2, 0, 6, 1]
Loaded disagreements: {}
Round 3: No disagreements defined in the system
No active disagreements for round 3, using standard aggregation
Updated global model with parameters from 10 clients

=== AGGREGATION TIMING SUMMARY FOR ROUND 3 ===
  Disagreement loading: 0.0000s
  Resolution time: 0.0000s
  Aggregation time: 0.0275s
  Track saving time: 0.0000s
  Total time: 0.0277s
  Has disagreements: False
=== END TIMING SUMMARY ===

Saved global model to results/fl_simulation_20250624_220706_mnist_s7/model_storage/round_3/global_model_aggregated
Evaluating global model and track-specific performance...
Round 3 - MNIST Classification Metrics:
  Overall Accuracy: 0.8548
  Mean Precision: 0.8629
  Mean Recall: 0.8548
  Mean F1 Score: 0.8500
Round 3 - Global model test accuracy: 0.8548
Round 3 - Global model test loss: 0.596625
Saved results for round 3 (plot mode: minimal)

=== EVALUATING TRACK MODELS FOR ROUND 3 ===
No tracks directory found for round 3
Saved experiment results to results/fl_simulation_20250624_220706_mnist_s7/output/fl_results.json
Saved timing metrics to results/fl_simulation_20250624_220706_mnist_s7/output/timing_metrics.json
Round 3 completed with disagreement resolution.
Round 3 timing summary:
  Track initialization: 0.0054s
  Client training phase: 0.4423s
  Resolution time: 0.0000s
  Aggregation time: 0.0275s
  Total aggregation time: 0.0277s
  Evaluation time: 0.2769s
  Total round time: 0.7547s

--- Federated Learning Round 4/5 ---
Analyzing disagreements and preparing track-specific models...

=== SERVER PREPARATION FOR ROUND 4 ===
  Using initiation_mechanism: shallow, lifting_mechanism: shallow, deep_lifting_finetune_rounds: 3
Loaded disagreements: {}
Round 4: No disagreements defined in the system
Loading main global model from previous round 3's aggregated model: results/fl_simulation_20250624_220706_mnist_s7/model_storage/round_3/global_model_aggregated
Loaded model from round 3
Loaded global model from results/fl_simulation_20250624_220706_mnist_s7/model_storage/round_3/global_model_aggregated
Saved global model to results/fl_simulation_20250624_220706_mnist_s7/model_storage/round_4/global_model_for_training
Saved main global model for training in round 4 at results/fl_simulation_20250624_220706_mnist_s7/model_storage/round_4/global_model_for_training
No active disagreements for round 4. Using standard global model from results/fl_simulation_20250624_220706_mnist_s7/model_storage/round_3/global_model_aggregated
=== END SERVER PREPARATION FOR ROUND 4 ===\n
Track model initialization completed in 0.0053 seconds
Updated track models based on disagreement changes from round 3
Starting disagreement-aware multi-track client training...
Client 0: Loading track models and training with disagreement resolution...

=== CLIENT 0 MODEL LOADING FOR ROUND 4 ===
No tracks directory found at results/fl_simulation_20250624_220706_mnist_s7/model_storage/round_4/tracks, will use standard global model
Successfully loaded standard global model from results/fl_simulation_20250624_220706_mnist_s7/model_storage/round_4/global_model_for_training
=== END CLIENT 0 MODEL LOADING ===


=== CLIENT 0 TRAINING FOR ROUND 4 ===
Training primary model...
Client 0 starting training for 1 epochs
Client 0 - Epoch 1/1 - Train Loss: 0.634426, Train Acc: 0.8021, Valid Loss: 0.432437, Valid Acc: 0.8583
Client 0 finished training
Client 0 saved training results to results/fl_simulation_20250624_220706_mnist_s7/output/clients/client_0/training_results_round_4.json
Primary model training complete. Accuracy: N/A
Client 0 has no background tracks to train
=== END CLIENT 0 TRAINING ===


=== CLIENT 0 MODEL SAVING FOR ROUND 4 ===
Client 0 saved model to results/fl_simulation_20250624_220706_mnist_s7/model_storage/round_4/clients/client_0
Saved primary model to results/fl_simulation_20250624_220706_mnist_s7/model_storage/round_4/clients/client_0
Saved 0 background models
=== END CLIENT 0 MODEL SAVING ===

Client 0 completed training in 0.0433 seconds
Client 1: Loading track models and training with disagreement resolution...

=== CLIENT 1 MODEL LOADING FOR ROUND 4 ===
No tracks directory found at results/fl_simulation_20250624_220706_mnist_s7/model_storage/round_4/tracks, will use standard global model
Successfully loaded standard global model from results/fl_simulation_20250624_220706_mnist_s7/model_storage/round_4/global_model_for_training
=== END CLIENT 1 MODEL LOADING ===


=== CLIENT 1 TRAINING FOR ROUND 4 ===
Training primary model...
Client 1 starting training for 1 epochs
Client 1 - Epoch 1/1 - Train Loss: 0.682061, Train Acc: 0.7958, Valid Loss: 0.502849, Valid Acc: 0.8250
Client 1 finished training
Client 1 saved training results to results/fl_simulation_20250624_220706_mnist_s7/output/clients/client_1/training_results_round_4.json
Primary model training complete. Accuracy: N/A
Client 1 has no background tracks to train
=== END CLIENT 1 TRAINING ===


=== CLIENT 1 MODEL SAVING FOR ROUND 4 ===
Client 1 saved model to results/fl_simulation_20250624_220706_mnist_s7/model_storage/round_4/clients/client_1
Saved primary model to results/fl_simulation_20250624_220706_mnist_s7/model_storage/round_4/clients/client_1
Saved 0 background models
=== END CLIENT 1 MODEL SAVING ===

Client 1 completed training in 0.0431 seconds
Client 2: Loading track models and training with disagreement resolution...

=== CLIENT 2 MODEL LOADING FOR ROUND 4 ===
No tracks directory found at results/fl_simulation_20250624_220706_mnist_s7/model_storage/round_4/tracks, will use standard global model
Successfully loaded standard global model from results/fl_simulation_20250624_220706_mnist_s7/model_storage/round_4/global_model_for_training
=== END CLIENT 2 MODEL LOADING ===


=== CLIENT 2 TRAINING FOR ROUND 4 ===
Training primary model...
Client 2 starting training for 1 epochs
Client 2 - Epoch 1/1 - Train Loss: 0.600180, Train Acc: 0.8333, Valid Loss: 0.518873, Valid Acc: 0.8333
Client 2 finished training
Client 2 saved training results to results/fl_simulation_20250624_220706_mnist_s7/output/clients/client_2/training_results_round_4.json
Primary model training complete. Accuracy: N/A
Client 2 has no background tracks to train
=== END CLIENT 2 TRAINING ===


=== CLIENT 2 MODEL SAVING FOR ROUND 4 ===
Client 2 saved model to results/fl_simulation_20250624_220706_mnist_s7/model_storage/round_4/clients/client_2
Saved primary model to results/fl_simulation_20250624_220706_mnist_s7/model_storage/round_4/clients/client_2
Saved 0 background models
=== END CLIENT 2 MODEL SAVING ===

Client 2 completed training in 0.0437 seconds
Client 3: Loading track models and training with disagreement resolution...

=== CLIENT 3 MODEL LOADING FOR ROUND 4 ===
No tracks directory found at results/fl_simulation_20250624_220706_mnist_s7/model_storage/round_4/tracks, will use standard global model
Successfully loaded standard global model from results/fl_simulation_20250624_220706_mnist_s7/model_storage/round_4/global_model_for_training
=== END CLIENT 3 MODEL LOADING ===


=== CLIENT 3 TRAINING FOR ROUND 4 ===
Training primary model...
Client 3 starting training for 1 epochs
Client 3 - Epoch 1/1 - Train Loss: 0.685909, Train Acc: 0.7729, Valid Loss: 0.459505, Valid Acc: 0.8750
Client 3 finished training
Client 3 saved training results to results/fl_simulation_20250624_220706_mnist_s7/output/clients/client_3/training_results_round_4.json
Primary model training complete. Accuracy: N/A
Client 3 has no background tracks to train
=== END CLIENT 3 TRAINING ===


=== CLIENT 3 MODEL SAVING FOR ROUND 4 ===
Client 3 saved model to results/fl_simulation_20250624_220706_mnist_s7/model_storage/round_4/clients/client_3
Saved primary model to results/fl_simulation_20250624_220706_mnist_s7/model_storage/round_4/clients/client_3
Saved 0 background models
=== END CLIENT 3 MODEL SAVING ===

Client 3 completed training in 0.0434 seconds
Client 4: Loading track models and training with disagreement resolution...

=== CLIENT 4 MODEL LOADING FOR ROUND 4 ===
No tracks directory found at results/fl_simulation_20250624_220706_mnist_s7/model_storage/round_4/tracks, will use standard global model
Successfully loaded standard global model from results/fl_simulation_20250624_220706_mnist_s7/model_storage/round_4/global_model_for_training
=== END CLIENT 4 MODEL LOADING ===


=== CLIENT 4 TRAINING FOR ROUND 4 ===
Training primary model...
Client 4 starting training for 1 epochs
Client 4 - Epoch 1/1 - Train Loss: 0.596109, Train Acc: 0.8292, Valid Loss: 0.408318, Valid Acc: 0.8750
Client 4 finished training
Client 4 saved training results to results/fl_simulation_20250624_220706_mnist_s7/output/clients/client_4/training_results_round_4.json
Primary model training complete. Accuracy: N/A
Client 4 has no background tracks to train
=== END CLIENT 4 TRAINING ===


=== CLIENT 4 MODEL SAVING FOR ROUND 4 ===
Client 4 saved model to results/fl_simulation_20250624_220706_mnist_s7/model_storage/round_4/clients/client_4
Saved primary model to results/fl_simulation_20250624_220706_mnist_s7/model_storage/round_4/clients/client_4
Saved 0 background models
=== END CLIENT 4 MODEL SAVING ===

Client 4 completed training in 0.0436 seconds
Client 5: Loading track models and training with disagreement resolution...

=== CLIENT 5 MODEL LOADING FOR ROUND 4 ===
No tracks directory found at results/fl_simulation_20250624_220706_mnist_s7/model_storage/round_4/tracks, will use standard global model
Successfully loaded standard global model from results/fl_simulation_20250624_220706_mnist_s7/model_storage/round_4/global_model_for_training
=== END CLIENT 5 MODEL LOADING ===


=== CLIENT 5 TRAINING FOR ROUND 4 ===
Training primary model...
Client 5 starting training for 1 epochs
Client 5 - Epoch 1/1 - Train Loss: 0.602427, Train Acc: 0.8021, Valid Loss: 0.441461, Valid Acc: 0.8667
Client 5 finished training
Client 5 saved training results to results/fl_simulation_20250624_220706_mnist_s7/output/clients/client_5/training_results_round_4.json
Primary model training complete. Accuracy: N/A
Client 5 has no background tracks to train
=== END CLIENT 5 TRAINING ===


=== CLIENT 5 MODEL SAVING FOR ROUND 4 ===
Client 5 saved model to results/fl_simulation_20250624_220706_mnist_s7/model_storage/round_4/clients/client_5
Saved primary model to results/fl_simulation_20250624_220706_mnist_s7/model_storage/round_4/clients/client_5
Saved 0 background models
=== END CLIENT 5 MODEL SAVING ===

Client 5 completed training in 0.0438 seconds
Client 6: Loading track models and training with disagreement resolution...

=== CLIENT 6 MODEL LOADING FOR ROUND 4 ===
No tracks directory found at results/fl_simulation_20250624_220706_mnist_s7/model_storage/round_4/tracks, will use standard global model
Successfully loaded standard global model from results/fl_simulation_20250624_220706_mnist_s7/model_storage/round_4/global_model_for_training
=== END CLIENT 6 MODEL LOADING ===


=== CLIENT 6 TRAINING FOR ROUND 4 ===
Training primary model...
Client 6 starting training for 1 epochs
Client 6 - Epoch 1/1 - Train Loss: 0.559756, Train Acc: 0.8125, Valid Loss: 0.477635, Valid Acc: 0.8167
Client 6 finished training
Client 6 saved training results to results/fl_simulation_20250624_220706_mnist_s7/output/clients/client_6/training_results_round_4.json
Primary model training complete. Accuracy: N/A
Client 6 has no background tracks to train
=== END CLIENT 6 TRAINING ===


=== CLIENT 6 MODEL SAVING FOR ROUND 4 ===
Client 6 saved model to results/fl_simulation_20250624_220706_mnist_s7/model_storage/round_4/clients/client_6
Saved primary model to results/fl_simulation_20250624_220706_mnist_s7/model_storage/round_4/clients/client_6
Saved 0 background models
=== END CLIENT 6 MODEL SAVING ===

Client 6 completed training in 0.0433 seconds
Client 7: Loading track models and training with disagreement resolution...

=== CLIENT 7 MODEL LOADING FOR ROUND 4 ===
No tracks directory found at results/fl_simulation_20250624_220706_mnist_s7/model_storage/round_4/tracks, will use standard global model
Successfully loaded standard global model from results/fl_simulation_20250624_220706_mnist_s7/model_storage/round_4/global_model_for_training
=== END CLIENT 7 MODEL LOADING ===


=== CLIENT 7 TRAINING FOR ROUND 4 ===
Training primary model...
Client 7 starting training for 1 epochs
Client 7 - Epoch 1/1 - Train Loss: 0.648643, Train Acc: 0.7958, Valid Loss: 0.493762, Valid Acc: 0.8583
Client 7 finished training
Client 7 saved training results to results/fl_simulation_20250624_220706_mnist_s7/output/clients/client_7/training_results_round_4.json
Primary model training complete. Accuracy: N/A
Client 7 has no background tracks to train
=== END CLIENT 7 TRAINING ===


=== CLIENT 7 MODEL SAVING FOR ROUND 4 ===
Client 7 saved model to results/fl_simulation_20250624_220706_mnist_s7/model_storage/round_4/clients/client_7
Saved primary model to results/fl_simulation_20250624_220706_mnist_s7/model_storage/round_4/clients/client_7
Saved 0 background models
=== END CLIENT 7 MODEL SAVING ===

Client 7 completed training in 0.0433 seconds
Client 8: Loading track models and training with disagreement resolution...

=== CLIENT 8 MODEL LOADING FOR ROUND 4 ===
No tracks directory found at results/fl_simulation_20250624_220706_mnist_s7/model_storage/round_4/tracks, will use standard global model
Successfully loaded standard global model from results/fl_simulation_20250624_220706_mnist_s7/model_storage/round_4/global_model_for_training
=== END CLIENT 8 MODEL LOADING ===


=== CLIENT 8 TRAINING FOR ROUND 4 ===
Training primary model...
Client 8 starting training for 1 epochs
Client 8 - Epoch 1/1 - Train Loss: 0.571450, Train Acc: 0.8271, Valid Loss: 0.492364, Valid Acc: 0.8333
Client 8 finished training
Client 8 saved training results to results/fl_simulation_20250624_220706_mnist_s7/output/clients/client_8/training_results_round_4.json
Primary model training complete. Accuracy: N/A
Client 8 has no background tracks to train
=== END CLIENT 8 TRAINING ===


=== CLIENT 8 MODEL SAVING FOR ROUND 4 ===
Client 8 saved model to results/fl_simulation_20250624_220706_mnist_s7/model_storage/round_4/clients/client_8
Saved primary model to results/fl_simulation_20250624_220706_mnist_s7/model_storage/round_4/clients/client_8
Saved 0 background models
=== END CLIENT 8 MODEL SAVING ===

Client 8 completed training in 0.0449 seconds
Client 9: Loading track models and training with disagreement resolution...

=== CLIENT 9 MODEL LOADING FOR ROUND 4 ===
No tracks directory found at results/fl_simulation_20250624_220706_mnist_s7/model_storage/round_4/tracks, will use standard global model
Successfully loaded standard global model from results/fl_simulation_20250624_220706_mnist_s7/model_storage/round_4/global_model_for_training
=== END CLIENT 9 MODEL LOADING ===


=== CLIENT 9 TRAINING FOR ROUND 4 ===
Training primary model...
Client 9 starting training for 1 epochs
Client 9 - Epoch 1/1 - Train Loss: 0.562817, Train Acc: 0.8208, Valid Loss: 0.527750, Valid Acc: 0.8083
Client 9 finished training
Client 9 saved training results to results/fl_simulation_20250624_220706_mnist_s7/output/clients/client_9/training_results_round_4.json
Primary model training complete. Accuracy: N/A
Client 9 has no background tracks to train
=== END CLIENT 9 TRAINING ===


=== CLIENT 9 MODEL SAVING FOR ROUND 4 ===
Client 9 saved model to results/fl_simulation_20250624_220706_mnist_s7/model_storage/round_4/clients/client_9
Saved primary model to results/fl_simulation_20250624_220706_mnist_s7/model_storage/round_4/clients/client_9
Saved 0 background models
=== END CLIENT 9 MODEL SAVING ===

Client 9 completed training in 0.0447 seconds
Performing disagreement-aware track-based model aggregation...
Starting file-based aggregation for round 4
Found 10 clients: [4, 5, 9, 3, 8, 7, 2, 0, 6, 1]
Loaded disagreements: {}
Round 4: No disagreements defined in the system
No active disagreements for round 4, using standard aggregation
Updated global model with parameters from 10 clients

=== AGGREGATION TIMING SUMMARY FOR ROUND 4 ===
  Disagreement loading: 0.0001s
  Resolution time: 0.0000s
  Aggregation time: 0.0278s
  Track saving time: 0.0000s
  Total time: 0.0280s
  Has disagreements: False
=== END TIMING SUMMARY ===

Saved global model to results/fl_simulation_20250624_220706_mnist_s7/model_storage/round_4/global_model_aggregated
Evaluating global model and track-specific performance...
Round 4 - MNIST Classification Metrics:
  Overall Accuracy: 0.9047
  Mean Precision: 0.9082
  Mean Recall: 0.9047
  Mean F1 Score: 0.9046
Round 4 - Global model test accuracy: 0.9047
Round 4 - Global model test loss: 0.366410
Saved results for round 4 (plot mode: minimal)

=== EVALUATING TRACK MODELS FOR ROUND 4 ===
No tracks directory found for round 4
Saved experiment results to results/fl_simulation_20250624_220706_mnist_s7/output/fl_results.json
Saved timing metrics to results/fl_simulation_20250624_220706_mnist_s7/output/timing_metrics.json
Round 4 completed with disagreement resolution.
Round 4 timing summary:
  Track initialization: 0.0053s
  Client training phase: 0.4371s
  Resolution time: 0.0000s
  Aggregation time: 0.0278s
  Total aggregation time: 0.0280s
  Evaluation time: 0.2788s
  Total round time: 0.7517s

--- Federated Learning Round 5/5 ---
Analyzing disagreements and preparing track-specific models...

=== SERVER PREPARATION FOR ROUND 5 ===
  Using initiation_mechanism: shallow, lifting_mechanism: shallow, deep_lifting_finetune_rounds: 3
Loaded disagreements: {}
Round 5: No disagreements defined in the system
Loading main global model from previous round 4's aggregated model: results/fl_simulation_20250624_220706_mnist_s7/model_storage/round_4/global_model_aggregated
Loaded model from round 4
Loaded global model from results/fl_simulation_20250624_220706_mnist_s7/model_storage/round_4/global_model_aggregated
Saved global model to results/fl_simulation_20250624_220706_mnist_s7/model_storage/round_5/global_model_for_training
Saved main global model for training in round 5 at results/fl_simulation_20250624_220706_mnist_s7/model_storage/round_5/global_model_for_training
No active disagreements for round 5. Using standard global model from results/fl_simulation_20250624_220706_mnist_s7/model_storage/round_4/global_model_aggregated
=== END SERVER PREPARATION FOR ROUND 5 ===\n
Track model initialization completed in 0.0054 seconds
Updated track models based on disagreement changes from round 4
Starting disagreement-aware multi-track client training...
Client 0: Loading track models and training with disagreement resolution...

=== CLIENT 0 MODEL LOADING FOR ROUND 5 ===
No tracks directory found at results/fl_simulation_20250624_220706_mnist_s7/model_storage/round_5/tracks, will use standard global model
Successfully loaded standard global model from results/fl_simulation_20250624_220706_mnist_s7/model_storage/round_5/global_model_for_training
=== END CLIENT 0 MODEL LOADING ===


=== CLIENT 0 TRAINING FOR ROUND 5 ===
Training primary model...
Client 0 starting training for 1 epochs
Client 0 - Epoch 1/1 - Train Loss: 0.474329, Train Acc: 0.8562, Valid Loss: 0.393759, Valid Acc: 0.8917
Client 0 finished training
Client 0 saved training results to results/fl_simulation_20250624_220706_mnist_s7/output/clients/client_0/training_results_round_5.json
Primary model training complete. Accuracy: N/A
Client 0 has no background tracks to train
=== END CLIENT 0 TRAINING ===


=== CLIENT 0 MODEL SAVING FOR ROUND 5 ===
Client 0 saved model to results/fl_simulation_20250624_220706_mnist_s7/model_storage/round_5/clients/client_0
Saved primary model to results/fl_simulation_20250624_220706_mnist_s7/model_storage/round_5/clients/client_0
Saved 0 background models
=== END CLIENT 0 MODEL SAVING ===

Client 0 completed training in 0.0435 seconds
Client 1: Loading track models and training with disagreement resolution...

=== CLIENT 1 MODEL LOADING FOR ROUND 5 ===
No tracks directory found at results/fl_simulation_20250624_220706_mnist_s7/model_storage/round_5/tracks, will use standard global model
Successfully loaded standard global model from results/fl_simulation_20250624_220706_mnist_s7/model_storage/round_5/global_model_for_training
=== END CLIENT 1 MODEL LOADING ===


=== CLIENT 1 TRAINING FOR ROUND 5 ===
Training primary model...
Client 1 starting training for 1 epochs
Client 1 - Epoch 1/1 - Train Loss: 0.469685, Train Acc: 0.8458, Valid Loss: 0.318538, Valid Acc: 0.9000
Client 1 finished training
Client 1 saved training results to results/fl_simulation_20250624_220706_mnist_s7/output/clients/client_1/training_results_round_5.json
Primary model training complete. Accuracy: N/A
Client 1 has no background tracks to train
=== END CLIENT 1 TRAINING ===


=== CLIENT 1 MODEL SAVING FOR ROUND 5 ===
Client 1 saved model to results/fl_simulation_20250624_220706_mnist_s7/model_storage/round_5/clients/client_1
Saved primary model to results/fl_simulation_20250624_220706_mnist_s7/model_storage/round_5/clients/client_1
Saved 0 background models
=== END CLIENT 1 MODEL SAVING ===

Client 1 completed training in 0.0435 seconds
Client 2: Loading track models and training with disagreement resolution...

=== CLIENT 2 MODEL LOADING FOR ROUND 5 ===
No tracks directory found at results/fl_simulation_20250624_220706_mnist_s7/model_storage/round_5/tracks, will use standard global model
Successfully loaded standard global model from results/fl_simulation_20250624_220706_mnist_s7/model_storage/round_5/global_model_for_training
=== END CLIENT 2 MODEL LOADING ===


=== CLIENT 2 TRAINING FOR ROUND 5 ===
Training primary model...
Client 2 starting training for 1 epochs
Client 2 - Epoch 1/1 - Train Loss: 0.520057, Train Acc: 0.8208, Valid Loss: 0.423125, Valid Acc: 0.8750
Client 2 finished training
Client 2 saved training results to results/fl_simulation_20250624_220706_mnist_s7/output/clients/client_2/training_results_round_5.json
Primary model training complete. Accuracy: N/A
Client 2 has no background tracks to train
=== END CLIENT 2 TRAINING ===


=== CLIENT 2 MODEL SAVING FOR ROUND 5 ===
Client 2 saved model to results/fl_simulation_20250624_220706_mnist_s7/model_storage/round_5/clients/client_2
Saved primary model to results/fl_simulation_20250624_220706_mnist_s7/model_storage/round_5/clients/client_2
Saved 0 background models
=== END CLIENT 2 MODEL SAVING ===

Client 2 completed training in 0.0442 seconds
Client 3: Loading track models and training with disagreement resolution...

=== CLIENT 3 MODEL LOADING FOR ROUND 5 ===
No tracks directory found at results/fl_simulation_20250624_220706_mnist_s7/model_storage/round_5/tracks, will use standard global model
Successfully loaded standard global model from results/fl_simulation_20250624_220706_mnist_s7/model_storage/round_5/global_model_for_training
=== END CLIENT 3 MODEL LOADING ===


=== CLIENT 3 TRAINING FOR ROUND 5 ===
Training primary model...
Client 3 starting training for 1 epochs
Client 3 - Epoch 1/1 - Train Loss: 0.539726, Train Acc: 0.8354, Valid Loss: 0.291620, Valid Acc: 0.9333
Client 3 finished training
Client 3 saved training results to results/fl_simulation_20250624_220706_mnist_s7/output/clients/client_3/training_results_round_5.json
Primary model training complete. Accuracy: N/A
Client 3 has no background tracks to train
=== END CLIENT 3 TRAINING ===


=== CLIENT 3 MODEL SAVING FOR ROUND 5 ===
Client 3 saved model to results/fl_simulation_20250624_220706_mnist_s7/model_storage/round_5/clients/client_3
Saved primary model to results/fl_simulation_20250624_220706_mnist_s7/model_storage/round_5/clients/client_3
Saved 0 background models
=== END CLIENT 3 MODEL SAVING ===

Client 3 completed training in 0.0440 seconds
Client 4: Loading track models and training with disagreement resolution...

=== CLIENT 4 MODEL LOADING FOR ROUND 5 ===
No tracks directory found at results/fl_simulation_20250624_220706_mnist_s7/model_storage/round_5/tracks, will use standard global model
Successfully loaded standard global model from results/fl_simulation_20250624_220706_mnist_s7/model_storage/round_5/global_model_for_training
=== END CLIENT 4 MODEL LOADING ===


=== CLIENT 4 TRAINING FOR ROUND 5 ===
Training primary model...
Client 4 starting training for 1 epochs
Client 4 - Epoch 1/1 - Train Loss: 0.461540, Train Acc: 0.8750, Valid Loss: 0.277159, Valid Acc: 0.9250
Client 4 finished training
Client 4 saved training results to results/fl_simulation_20250624_220706_mnist_s7/output/clients/client_4/training_results_round_5.json
Primary model training complete. Accuracy: N/A
Client 4 has no background tracks to train
=== END CLIENT 4 TRAINING ===


=== CLIENT 4 MODEL SAVING FOR ROUND 5 ===
Client 4 saved model to results/fl_simulation_20250624_220706_mnist_s7/model_storage/round_5/clients/client_4
Saved primary model to results/fl_simulation_20250624_220706_mnist_s7/model_storage/round_5/clients/client_4
Saved 0 background models
=== END CLIENT 4 MODEL SAVING ===

Client 4 completed training in 0.0436 seconds
Client 5: Loading track models and training with disagreement resolution...

=== CLIENT 5 MODEL LOADING FOR ROUND 5 ===
No tracks directory found at results/fl_simulation_20250624_220706_mnist_s7/model_storage/round_5/tracks, will use standard global model
Successfully loaded standard global model from results/fl_simulation_20250624_220706_mnist_s7/model_storage/round_5/global_model_for_training
=== END CLIENT 5 MODEL LOADING ===


=== CLIENT 5 TRAINING FOR ROUND 5 ===
Training primary model...
Client 5 starting training for 1 epochs
Client 5 - Epoch 1/1 - Train Loss: 0.499661, Train Acc: 0.8125, Valid Loss: 0.426979, Valid Acc: 0.8750
Client 5 finished training
Client 5 saved training results to results/fl_simulation_20250624_220706_mnist_s7/output/clients/client_5/training_results_round_5.json
Primary model training complete. Accuracy: N/A
Client 5 has no background tracks to train
=== END CLIENT 5 TRAINING ===


=== CLIENT 5 MODEL SAVING FOR ROUND 5 ===
Client 5 saved model to results/fl_simulation_20250624_220706_mnist_s7/model_storage/round_5/clients/client_5
Saved primary model to results/fl_simulation_20250624_220706_mnist_s7/model_storage/round_5/clients/client_5
Saved 0 background models
=== END CLIENT 5 MODEL SAVING ===

Client 5 completed training in 0.0435 seconds
Client 6: Loading track models and training with disagreement resolution...

=== CLIENT 6 MODEL LOADING FOR ROUND 5 ===
No tracks directory found at results/fl_simulation_20250624_220706_mnist_s7/model_storage/round_5/tracks, will use standard global model
Successfully loaded standard global model from results/fl_simulation_20250624_220706_mnist_s7/model_storage/round_5/global_model_for_training
=== END CLIENT 6 MODEL LOADING ===


=== CLIENT 6 TRAINING FOR ROUND 5 ===
Training primary model...
Client 6 starting training for 1 epochs
Client 6 - Epoch 1/1 - Train Loss: 0.430065, Train Acc: 0.8667, Valid Loss: 0.279110, Valid Acc: 0.9250
Client 6 finished training
Client 6 saved training results to results/fl_simulation_20250624_220706_mnist_s7/output/clients/client_6/training_results_round_5.json
Primary model training complete. Accuracy: N/A
Client 6 has no background tracks to train
=== END CLIENT 6 TRAINING ===


=== CLIENT 6 MODEL SAVING FOR ROUND 5 ===
Client 6 saved model to results/fl_simulation_20250624_220706_mnist_s7/model_storage/round_5/clients/client_6
Saved primary model to results/fl_simulation_20250624_220706_mnist_s7/model_storage/round_5/clients/client_6
Saved 0 background models
=== END CLIENT 6 MODEL SAVING ===

Client 6 completed training in 0.0437 seconds
Client 7: Loading track models and training with disagreement resolution...

=== CLIENT 7 MODEL LOADING FOR ROUND 5 ===
No tracks directory found at results/fl_simulation_20250624_220706_mnist_s7/model_storage/round_5/tracks, will use standard global model
Successfully loaded standard global model from results/fl_simulation_20250624_220706_mnist_s7/model_storage/round_5/global_model_for_training
=== END CLIENT 7 MODEL LOADING ===


=== CLIENT 7 TRAINING FOR ROUND 5 ===
Training primary model...
Client 7 starting training for 1 epochs
Client 7 - Epoch 1/1 - Train Loss: 0.540077, Train Acc: 0.8375, Valid Loss: 0.384764, Valid Acc: 0.8750
Client 7 finished training
Client 7 saved training results to results/fl_simulation_20250624_220706_mnist_s7/output/clients/client_7/training_results_round_5.json
Primary model training complete. Accuracy: N/A
Client 7 has no background tracks to train
=== END CLIENT 7 TRAINING ===


=== CLIENT 7 MODEL SAVING FOR ROUND 5 ===
Client 7 saved model to results/fl_simulation_20250624_220706_mnist_s7/model_storage/round_5/clients/client_7
Saved primary model to results/fl_simulation_20250624_220706_mnist_s7/model_storage/round_5/clients/client_7
Saved 0 background models
=== END CLIENT 7 MODEL SAVING ===

Client 7 completed training in 0.0435 seconds
Client 8: Loading track models and training with disagreement resolution...

=== CLIENT 8 MODEL LOADING FOR ROUND 5 ===
No tracks directory found at results/fl_simulation_20250624_220706_mnist_s7/model_storage/round_5/tracks, will use standard global model
Successfully loaded standard global model from results/fl_simulation_20250624_220706_mnist_s7/model_storage/round_5/global_model_for_training
=== END CLIENT 8 MODEL LOADING ===


=== CLIENT 8 TRAINING FOR ROUND 5 ===
Training primary model...
Client 8 starting training for 1 epochs
Client 8 - Epoch 1/1 - Train Loss: 0.481534, Train Acc: 0.8625, Valid Loss: 0.363927, Valid Acc: 0.8667
Client 8 finished training
Client 8 saved training results to results/fl_simulation_20250624_220706_mnist_s7/output/clients/client_8/training_results_round_5.json
Primary model training complete. Accuracy: N/A
Client 8 has no background tracks to train
=== END CLIENT 8 TRAINING ===


=== CLIENT 8 MODEL SAVING FOR ROUND 5 ===
Client 8 saved model to results/fl_simulation_20250624_220706_mnist_s7/model_storage/round_5/clients/client_8
Saved primary model to results/fl_simulation_20250624_220706_mnist_s7/model_storage/round_5/clients/client_8
Saved 0 background models
=== END CLIENT 8 MODEL SAVING ===

Client 8 completed training in 0.0440 seconds
Client 9: Loading track models and training with disagreement resolution...

=== CLIENT 9 MODEL LOADING FOR ROUND 5 ===
No tracks directory found at results/fl_simulation_20250624_220706_mnist_s7/model_storage/round_5/tracks, will use standard global model
Successfully loaded standard global model from results/fl_simulation_20250624_220706_mnist_s7/model_storage/round_5/global_model_for_training
=== END CLIENT 9 MODEL LOADING ===


=== CLIENT 9 TRAINING FOR ROUND 5 ===
Training primary model...
Client 9 starting training for 1 epochs
Client 9 - Epoch 1/1 - Train Loss: 0.411309, Train Acc: 0.8562, Valid Loss: 0.501780, Valid Acc: 0.8500
Client 9 finished training
Client 9 saved training results to results/fl_simulation_20250624_220706_mnist_s7/output/clients/client_9/training_results_round_5.json
Primary model training complete. Accuracy: N/A
Client 9 has no background tracks to train
=== END CLIENT 9 TRAINING ===


=== CLIENT 9 MODEL SAVING FOR ROUND 5 ===
Client 9 saved model to results/fl_simulation_20250624_220706_mnist_s7/model_storage/round_5/clients/client_9
Saved primary model to results/fl_simulation_20250624_220706_mnist_s7/model_storage/round_5/clients/client_9
Saved 0 background models
=== END CLIENT 9 MODEL SAVING ===

Client 9 completed training in 0.0435 seconds
Performing disagreement-aware track-based model aggregation...
Starting file-based aggregation for round 5
Found 10 clients: [4, 5, 9, 3, 8, 7, 2, 0, 6, 1]
Loaded disagreements: {}
Round 5: No disagreements defined in the system
No active disagreements for round 5, using standard aggregation
Updated global model with parameters from 10 clients

=== AGGREGATION TIMING SUMMARY FOR ROUND 5 ===
  Disagreement loading: 0.0000s
  Resolution time: 0.0000s
  Aggregation time: 0.0271s
  Track saving time: 0.0000s
  Total time: 0.0272s
  Has disagreements: False
=== END TIMING SUMMARY ===

Saved global model to results/fl_simulation_20250624_220706_mnist_s7/model_storage/round_5/global_model_aggregated
Evaluating global model and track-specific performance...
Round 5 - MNIST Classification Metrics:
  Overall Accuracy: 0.9258
  Mean Precision: 0.9261
  Mean Recall: 0.9258
  Mean F1 Score: 0.9256
Round 5 - Global model test accuracy: 0.9258
Round 5 - Global model test loss: 0.297429
Creating timing plots with data from 5 rounds
Saved timing plots for round 5
Summary: Avg total time: 0.029s, Avg aggregation time: 0.029s, Avg resolution time: 0.000ms
Saved results for round 5 (plot mode: last round)

=== EVALUATING TRACK MODELS FOR ROUND 5 ===
No tracks directory found for round 5
Saved experiment results to results/fl_simulation_20250624_220706_mnist_s7/output/fl_results.json
Saved timing metrics to results/fl_simulation_20250624_220706_mnist_s7/output/timing_metrics.json
Round 5 completed with disagreement resolution.
Round 5 timing summary:
  Track initialization: 0.0054s
  Client training phase: 0.4371s
  Resolution time: 0.0000s
  Aggregation time: 0.0271s
  Total aggregation time: 0.0272s
  Evaluation time: 2.7823s
  Total round time: 3.2546s
Saved experiment results to results/fl_simulation_20250624_220706_mnist_s7/output/fl_results.json
Saved timing metrics to results/fl_simulation_20250624_220706_mnist_s7/output/timing_metrics.json

Federated learning with disagreement resolution completed!
Experiment initialization time: 0.46 seconds
Total running time: 6.79 seconds
