Updated configuration in mock_etcd/configuration.json
MNIST data already exists. Skipping setup.
Use --force_setup_data to force recreation.
Initialized global mnist model
Loading MNIST test data from data/mnist/test/mnist_test.npz
Loaded 10000 MNIST test samples
Loaded MNIST test data with 10000 samples
Saved experiment results to results/fl_simulation_20250619_231633_mnist_s4/output/fl_results.json
Loading MNIST data from data/mnist/train/client_0/mnist_data.npz
Client 0 loaded 600 MNIST samples
Client 0 loaded 600 MNIST samples
Loading MNIST data from data/mnist/train/client_1/mnist_data.npz
Client 1 loaded 600 MNIST samples
Client 1 loaded 600 MNIST samples
Loading MNIST data from data/mnist/train/client_2/mnist_data.npz
Client 2 loaded 600 MNIST samples
Client 2 loaded 600 MNIST samples
Loading MNIST data from data/mnist/train/client_3/mnist_data.npz
Client 3 loaded 600 MNIST samples
Client 3 loaded 600 MNIST samples
Loading MNIST data from data/mnist/train/client_4/mnist_data.npz
Client 4 loaded 600 MNIST samples
Client 4 loaded 600 MNIST samples
Loading MNIST data from data/mnist/train/client_5/mnist_data.npz
Client 5 loaded 600 MNIST samples
Client 5 loaded 600 MNIST samples
Initialized disagreement-aware federated learning orchestrator
  - 6 clients for mnist experiment
  - Advanced disagreement resolution with multi-track model training
  - Results directory: results/fl_simulation_20250619_231633_mnist_s4
Starting federated learning with 5 rounds...
Saved global model to results/fl_simulation_20250619_231633_mnist_s4/model_storage/global_model_initial
Initialized and saved the initial global model
Round 0 - MNIST Classification Metrics:
  Overall Accuracy: 0.0996
  Mean Precision: 0.0115
  Mean Recall: 0.0996
  Mean F1 Score: 0.0199
Round 0 - Global model test accuracy: 0.0996
Round 0 - Global model test loss: 2.313578
Saved results for round 0 (plot mode: minimal)
Saved experiment results to results/fl_simulation_20250619_231633_mnist_s4/output/fl_results.json
Initial model evaluation completed

--- Federated Learning Round 1/5 ---
Analyzing disagreements and preparing track-specific models...

=== SERVER PREPARATION FOR ROUND 1 ===
  Using initiation_mechanism: shallow, lifting_mechanism: shallow, deep_lifting_finetune_rounds: 3
Loaded disagreements: {'client_0': [{'type': 'inbound', 'target': 'client_1', 'active_rounds': {'start': 1, 'end': 3}}]}
Filtering disagreements for round 1...
  Active: Client client_0 inbound disagreement with client client_1 (expires after round 3)
Round 1: Found 1 clients with active disagreements
Round 1 starting with initial global model from results/fl_simulation_20250619_231633_mnist_s4/model_storage/global_model_initial
Loaded model from round 0
Loaded global model from results/fl_simulation_20250619_231633_mnist_s4/model_storage/global_model_initial
Creating initial tracks for round 1 from global initial model
Creating model tracks for active disagreements: {'client_0': [{'type': 'inbound', 'target': 'client_1', 'active_rounds': {'start': 1, 'end': 3}}]}
Client 2 assigned to global track (no disagreements)
Client 3 assigned to global track (no disagreements)
Client 4 assigned to global track (no disagreements)
Client 5 assigned to global track (no disagreements)
Client 1 assigned to global track (no outbound exclusions)
Clients not involved in disagreements: {2, 3, 4, 5}

=== MODEL TRACK ASSIGNMENTS ===
Total tracks created: 2

Track 'track_0_no1':
  Participating clients: [0, 2, 3, 4, 5]
  Primary for clients: [0]

Track 'global':
  Participating clients: [0, 1, 2, 3, 4, 5]
  Primary for clients: [1, 2, 3, 4, 5]

Client primary track assignments:
  Client 0 → Primary track: track_0_no1
  Client 1 → Primary track: global
  Client 2 → Primary track: global
  Client 3 → Primary track: global
  Client 4 → Primary track: global
  Client 5 → Primary track: global

Client background participations:
  Client 0 (primary: track_0_no1) → Background participations: [2, 3, 4, 5]
=== END TRACK ASSIGNMENTS ===

Disagreement resolution completed in 0.0001 seconds
Created initial track 'track_0_no1' for round 1
Created initial track 'global' for round 1
Saved global model to results/fl_simulation_20250619_231633_mnist_s4/model_storage/round_1/global_model_for_training
Saved global model for training at results/fl_simulation_20250619_231633_mnist_s4/model_storage/round_1/global_model_for_training
=== END SERVER PREPARATION FOR ROUND 1 ===\n
Created initial track models from global_model_initial for round 1
Starting disagreement-aware multi-track client training...
Client 0: Loading track models and training with disagreement resolution...

=== CLIENT 0 MODEL LOADING FOR ROUND 1 ===
Found tracks directory at: results/fl_simulation_20250619_231633_mnist_s4/model_storage/round_1/tracks
Found 2 tracks: ['track_0_no1', 'global']
Client 0 is assigned to primary track: 'track_0_no1'
Primary track 'track_0_no1' details:
        Round: 1
        Clients: [0, 2, 3, 4, 5]
        Rewound this round: False
        No clients currently finetuning
Successfully loaded primary track model from results/fl_simulation_20250619_231633_mnist_s4/model_storage/round_1/tracks/track_0_no1
This is a new track model created for round 1
Client 0 will also train on background tracks: ['global']
Successfully loaded background track model 'global' from results/fl_simulation_20250619_231633_mnist_s4/model_storage/round_1/tracks/global
=== END CLIENT 0 MODEL LOADING ===


=== CLIENT 0 TRAINING FOR ROUND 1 ===
Training primary model...
Client 0 starting training for 1 epochs
Client 0 - Epoch 1/1 - Train Loss: 2.007769, Train Acc: 0.3708, Valid Loss: 1.440722, Valid Acc: 0.5833
Client 0 finished training
Client 0 saved training results to results/fl_simulation_20250619_231633_mnist_s4/output/clients/client_0/training_results_round_1.json
Primary model training complete. Accuracy: N/A
Client 0 has 1 background tracks to train
Training on background track: 'global'
Client 0 starting training for 1 epochs
Client 0 - Epoch 1/1 - Train Loss: 2.095359, Train Acc: 0.3104, Valid Loss: 1.566372, Valid Acc: 0.5667
Client 0 finished training
Background model 'global' training complete. Accuracy: N/A
=== END CLIENT 0 TRAINING ===


=== CLIENT 0 MODEL SAVING FOR ROUND 1 ===
Client 0 saved model to results/fl_simulation_20250619_231633_mnist_s4/model_storage/round_1/clients/client_0
Saved primary model to results/fl_simulation_20250619_231633_mnist_s4/model_storage/round_1/clients/client_0
Saving trained background model for track: 'global'
Saved 1 background models
=== END CLIENT 0 MODEL SAVING ===

Client 1: Loading track models and training with disagreement resolution...

=== CLIENT 1 MODEL LOADING FOR ROUND 1 ===
Found tracks directory at: results/fl_simulation_20250619_231633_mnist_s4/model_storage/round_1/tracks
Found 2 tracks: ['track_0_no1', 'global']
Client 1 is assigned to primary track: 'global'
Primary track 'global' details:
        Round: 1
        Clients: [0, 1, 2, 3, 4, 5]
        Rewound this round: False
        No clients currently finetuning
Successfully loaded primary track model from results/fl_simulation_20250619_231633_mnist_s4/model_storage/round_1/tracks/global
This is a new track model created for round 1
Client 1 has no background tracks to train on
=== END CLIENT 1 MODEL LOADING ===


=== CLIENT 1 TRAINING FOR ROUND 1 ===
Training primary model...
Client 1 starting training for 1 epochs
Client 1 - Epoch 1/1 - Train Loss: 2.027868, Train Acc: 0.2437, Valid Loss: 1.509191, Valid Acc: 0.5833
Client 1 finished training
Client 1 saved training results to results/fl_simulation_20250619_231633_mnist_s4/output/clients/client_1/training_results_round_1.json
Primary model training complete. Accuracy: N/A
Client 1 has no background tracks to train
=== END CLIENT 1 TRAINING ===


=== CLIENT 1 MODEL SAVING FOR ROUND 1 ===
Client 1 saved model to results/fl_simulation_20250619_231633_mnist_s4/model_storage/round_1/clients/client_1
Saved primary model to results/fl_simulation_20250619_231633_mnist_s4/model_storage/round_1/clients/client_1
Saved 0 background models
=== END CLIENT 1 MODEL SAVING ===

Client 2: Loading track models and training with disagreement resolution...

=== CLIENT 2 MODEL LOADING FOR ROUND 1 ===
Found tracks directory at: results/fl_simulation_20250619_231633_mnist_s4/model_storage/round_1/tracks
Found 2 tracks: ['track_0_no1', 'global']
Client 2 is assigned to primary track: 'global'
Primary track 'global' details:
        Round: 1
        Clients: [0, 1, 2, 3, 4, 5]
        Rewound this round: False
        No clients currently finetuning
Successfully loaded primary track model from results/fl_simulation_20250619_231633_mnist_s4/model_storage/round_1/tracks/global
This is a new track model created for round 1
Client 2 will also train on background tracks: ['track_0_no1']
Successfully loaded background track model 'track_0_no1' from results/fl_simulation_20250619_231633_mnist_s4/model_storage/round_1/tracks/track_0_no1
=== END CLIENT 2 MODEL LOADING ===


=== CLIENT 2 TRAINING FOR ROUND 1 ===
Training primary model...
Client 2 starting training for 1 epochs
Client 2 - Epoch 1/1 - Train Loss: 1.982036, Train Acc: 0.3271, Valid Loss: 1.383343, Valid Acc: 0.6167
Client 2 finished training
Client 2 saved training results to results/fl_simulation_20250619_231633_mnist_s4/output/clients/client_2/training_results_round_1.json
Primary model training complete. Accuracy: N/A
Client 2 has 1 background tracks to train
Training on background track: 'track_0_no1'
Client 2 starting training for 1 epochs
Client 2 - Epoch 1/1 - Train Loss: 2.097280, Train Acc: 0.3000, Valid Loss: 1.633890, Valid Acc: 0.6083
Client 2 finished training
Background model 'track_0_no1' training complete. Accuracy: N/A
=== END CLIENT 2 TRAINING ===


=== CLIENT 2 MODEL SAVING FOR ROUND 1 ===
Client 2 saved model to results/fl_simulation_20250619_231633_mnist_s4/model_storage/round_1/clients/client_2
Saved primary model to results/fl_simulation_20250619_231633_mnist_s4/model_storage/round_1/clients/client_2
Saving trained background model for track: 'track_0_no1'
Saved 1 background models
=== END CLIENT 2 MODEL SAVING ===

Client 3: Loading track models and training with disagreement resolution...

=== CLIENT 3 MODEL LOADING FOR ROUND 1 ===
Found tracks directory at: results/fl_simulation_20250619_231633_mnist_s4/model_storage/round_1/tracks
Found 2 tracks: ['track_0_no1', 'global']
Client 3 is assigned to primary track: 'global'
Primary track 'global' details:
        Round: 1
        Clients: [0, 1, 2, 3, 4, 5]
        Rewound this round: False
        No clients currently finetuning
Successfully loaded primary track model from results/fl_simulation_20250619_231633_mnist_s4/model_storage/round_1/tracks/global
This is a new track model created for round 1
Client 3 will also train on background tracks: ['track_0_no1']
Successfully loaded background track model 'track_0_no1' from results/fl_simulation_20250619_231633_mnist_s4/model_storage/round_1/tracks/track_0_no1
=== END CLIENT 3 MODEL LOADING ===


=== CLIENT 3 TRAINING FOR ROUND 1 ===
Training primary model...
Client 3 starting training for 1 epochs
Client 3 - Epoch 1/1 - Train Loss: 2.060645, Train Acc: 0.3250, Valid Loss: 1.485521, Valid Acc: 0.7500
Client 3 finished training
Client 3 saved training results to results/fl_simulation_20250619_231633_mnist_s4/output/clients/client_3/training_results_round_1.json
Primary model training complete. Accuracy: N/A
Client 3 has 1 background tracks to train
Training on background track: 'track_0_no1'
Client 3 starting training for 1 epochs
Client 3 - Epoch 1/1 - Train Loss: 2.058515, Train Acc: 0.3083, Valid Loss: 1.389237, Valid Acc: 0.7250
Client 3 finished training
Background model 'track_0_no1' training complete. Accuracy: N/A
=== END CLIENT 3 TRAINING ===


=== CLIENT 3 MODEL SAVING FOR ROUND 1 ===
Client 3 saved model to results/fl_simulation_20250619_231633_mnist_s4/model_storage/round_1/clients/client_3
Saved primary model to results/fl_simulation_20250619_231633_mnist_s4/model_storage/round_1/clients/client_3
Saving trained background model for track: 'track_0_no1'
Saved 1 background models
=== END CLIENT 3 MODEL SAVING ===

Client 4: Loading track models and training with disagreement resolution...

=== CLIENT 4 MODEL LOADING FOR ROUND 1 ===
Found tracks directory at: results/fl_simulation_20250619_231633_mnist_s4/model_storage/round_1/tracks
Found 2 tracks: ['track_0_no1', 'global']
Client 4 is assigned to primary track: 'global'
Primary track 'global' details:
        Round: 1
        Clients: [0, 1, 2, 3, 4, 5]
        Rewound this round: False
        No clients currently finetuning
Successfully loaded primary track model from results/fl_simulation_20250619_231633_mnist_s4/model_storage/round_1/tracks/global
This is a new track model created for round 1
Client 4 will also train on background tracks: ['track_0_no1']
Successfully loaded background track model 'track_0_no1' from results/fl_simulation_20250619_231633_mnist_s4/model_storage/round_1/tracks/track_0_no1
=== END CLIENT 4 MODEL LOADING ===


=== CLIENT 4 TRAINING FOR ROUND 1 ===
Training primary model...
Client 4 starting training for 1 epochs
Client 4 - Epoch 1/1 - Train Loss: 1.967703, Train Acc: 0.3729, Valid Loss: 1.373575, Valid Acc: 0.6333
Client 4 finished training
Client 4 saved training results to results/fl_simulation_20250619_231633_mnist_s4/output/clients/client_4/training_results_round_1.json
Primary model training complete. Accuracy: N/A
Client 4 has 1 background tracks to train
Training on background track: 'track_0_no1'
Client 4 starting training for 1 epochs
Client 4 - Epoch 1/1 - Train Loss: 1.973130, Train Acc: 0.3458, Valid Loss: 1.350234, Valid Acc: 0.6583
Client 4 finished training
Background model 'track_0_no1' training complete. Accuracy: N/A
=== END CLIENT 4 TRAINING ===


=== CLIENT 4 MODEL SAVING FOR ROUND 1 ===
Client 4 saved model to results/fl_simulation_20250619_231633_mnist_s4/model_storage/round_1/clients/client_4
Saved primary model to results/fl_simulation_20250619_231633_mnist_s4/model_storage/round_1/clients/client_4
Saving trained background model for track: 'track_0_no1'
Saved 1 background models
=== END CLIENT 4 MODEL SAVING ===

Client 5: Loading track models and training with disagreement resolution...

=== CLIENT 5 MODEL LOADING FOR ROUND 1 ===
Found tracks directory at: results/fl_simulation_20250619_231633_mnist_s4/model_storage/round_1/tracks
Found 2 tracks: ['track_0_no1', 'global']
Client 5 is assigned to primary track: 'global'
Primary track 'global' details:
        Round: 1
        Clients: [0, 1, 2, 3, 4, 5]
        Rewound this round: False
        No clients currently finetuning
Successfully loaded primary track model from results/fl_simulation_20250619_231633_mnist_s4/model_storage/round_1/tracks/global
This is a new track model created for round 1
Client 5 will also train on background tracks: ['track_0_no1']
Successfully loaded background track model 'track_0_no1' from results/fl_simulation_20250619_231633_mnist_s4/model_storage/round_1/tracks/track_0_no1
=== END CLIENT 5 MODEL LOADING ===


=== CLIENT 5 TRAINING FOR ROUND 1 ===
Training primary model...
Client 5 starting training for 1 epochs
Client 5 - Epoch 1/1 - Train Loss: 1.959386, Train Acc: 0.3479, Valid Loss: 1.361801, Valid Acc: 0.6333
Client 5 finished training
Client 5 saved training results to results/fl_simulation_20250619_231633_mnist_s4/output/clients/client_5/training_results_round_1.json
Primary model training complete. Accuracy: N/A
Client 5 has 1 background tracks to train
Training on background track: 'track_0_no1'
Client 5 starting training for 1 epochs
Client 5 - Epoch 1/1 - Train Loss: 2.083266, Train Acc: 0.3438, Valid Loss: 1.511425, Valid Acc: 0.6917
Client 5 finished training
Background model 'track_0_no1' training complete. Accuracy: N/A
=== END CLIENT 5 TRAINING ===


=== CLIENT 5 MODEL SAVING FOR ROUND 1 ===
Client 5 saved model to results/fl_simulation_20250619_231633_mnist_s4/model_storage/round_1/clients/client_5
Saved primary model to results/fl_simulation_20250619_231633_mnist_s4/model_storage/round_1/clients/client_5
Saving trained background model for track: 'track_0_no1'
Saved 1 background models
=== END CLIENT 5 MODEL SAVING ===

Performing disagreement-aware track-based model aggregation...
Starting file-based aggregation for round 1
Found 6 clients: [4, 5, 3, 2, 0, 1]
Loaded disagreements: {'client_0': [{'type': 'inbound', 'target': 'client_1', 'active_rounds': {'start': 1, 'end': 3}}]}
Filtering disagreements for round 1...
  Active: Client client_0 inbound disagreement with client client_1 (expires after round 3)
Round 1: Found 1 clients with active disagreements
Active disagreements found for round 1: {'client_0': [{'type': 'inbound', 'target': 'client_1', 'active_rounds': {'start': 1, 'end': 3}}]}
Creating model tracks for active disagreements: {'client_0': [{'type': 'inbound', 'target': 'client_1', 'active_rounds': {'start': 1, 'end': 3}}]}
Client 2 assigned to global track (no disagreements)
Client 3 assigned to global track (no disagreements)
Client 4 assigned to global track (no disagreements)
Client 5 assigned to global track (no disagreements)
Client 1 assigned to global track (no outbound exclusions)
Clients not involved in disagreements: {2, 3, 4, 5}

=== MODEL TRACK ASSIGNMENTS ===
Total tracks created: 2

Track 'track_0_no1':
  Participating clients: [0, 2, 3, 4, 5]
  Primary for clients: [0]

Track 'global':
  Participating clients: [0, 1, 2, 3, 4, 5]
  Primary for clients: [1, 2, 3, 4, 5]

Client primary track assignments:
  Client 0 → Primary track: track_0_no1
  Client 1 → Primary track: global
  Client 2 → Primary track: global
  Client 3 → Primary track: global
  Client 4 → Primary track: global
  Client 5 → Primary track: global

Client background participations:
  Client 0 (primary: track_0_no1) → Background participations: [2, 3, 4, 5]
=== END TRACK ASSIGNMENTS ===

Disagreement resolution completed in 0.0001 seconds

=== AGGREGATION FOR ROUND 1 ===
Found 6 clients: [4, 5, 3, 2, 0, 1]
Loaded primary model from client 4
Loaded background model from client 4 for track track_0_no1
Loaded primary model from client 5
Loaded background model from client 5 for track track_0_no1
Loaded primary model from client 3
Loaded background model from client 3 for track track_0_no1
Loaded primary model from client 2
Loaded background model from client 2 for track track_0_no1
Loaded primary model from client 0
Loaded background model from client 0 for track global
Loaded primary model from client 1

Aggregating 2 tracks:
Loaded initial model parameters as fallback
Created true global model with parameters from all 6 clients

Aggregating track: 'track_0_no1' with clients: [0, 2, 3, 4, 5]
  Including primary model from client 0 with adjusted weight 0.1667 (original: 0.1667)
  Primary models aggregated: [0] with total weight 0.1667
  Including background model from client 4 with adjusted weight 0.1667 (original: 0.1667)
  Including background model from client 5 with adjusted weight 0.1667 (original: 0.1667)
  Including background model from client 3 with adjusted weight 0.1667 (original: 0.1667)
  Including background model from client 2 with adjusted weight 0.1667 (original: 0.1667)
  Background models aggregated: [2, 3, 4, 5] with total weight 0.6667
  Track 'track_0_no1' normalized with combined weight 0.8333
  Track 'track_0_no1' aggregation complete.

Aggregating track: 'global' with clients: [0, 1, 2, 3, 4, 5]
  Including primary model from client 1 with adjusted weight 0.1667 (original: 0.1667)
  Including primary model from client 2 with adjusted weight 0.1667 (original: 0.1667)
  Including primary model from client 3 with adjusted weight 0.1667 (original: 0.1667)
  Including primary model from client 4 with adjusted weight 0.1667 (original: 0.1667)
  Including primary model from client 5 with adjusted weight 0.1667 (original: 0.1667)
  Primary models aggregated: [1, 2, 3, 4, 5] with total weight 0.8333
  Including background model from client 0 with adjusted weight 0.1667 (original: 0.1667)
  Background models aggregated: [0] with total weight 0.1667
  Track 'global' normalized with combined weight 1.0000
  Track 'global' aggregation complete.
Saved true global model to results/fl_simulation_20250619_231633_mnist_s4/model_storage/round_1/global_model_aggregated
Saved track model: track_0_no1
Saved track model: global
Track saving completed in 0.0124 seconds

Updated server's global model with parameters from true global model
=== END AGGREGATION FOR ROUND 1 ===


=== AGGREGATION TIMING SUMMARY FOR ROUND 1 ===
  Disagreement loading: 0.0001s
  Resolution time: 0.0001s
  Aggregation time: 0.0666s
  Track saving time: 0.0000s
  Total time: 0.0670s
  Has disagreements: True
=== END TIMING SUMMARY ===

Saved global model to results/fl_simulation_20250619_231633_mnist_s4/model_storage/round_1/global_model_aggregated
Evaluating global model and track-specific performance...
Round 1 - MNIST Classification Metrics:
  Overall Accuracy: 0.6876
  Mean Precision: 0.7701
  Mean Recall: 0.6876
  Mean F1 Score: 0.6850
Round 1 - Global model test accuracy: 0.6876
Round 1 - Global model test loss: 1.580843
Saved results for round 1 (plot mode: minimal)

=== EVALUATING TRACK MODELS FOR ROUND 1 ===
Found 2 tracks to evaluate: ['track_0_no1', 'global']
Evaluating track: track_0_no1
Track 'track_0_no1' - Accuracy: 0.6191, F1: 0.5994
Evaluating track: global
Track 'global' - Accuracy: 0.6876, F1: 0.6850

=== TRACK EVALUATION SUMMARY FOR ROUND 1 ===
Global model - Accuracy: 0.687600
track_0_no1 - Accuracy: 0.619100
global - Accuracy: 0.687600
=== END TRACK EVALUATION ===

Saved experiment results to results/fl_simulation_20250619_231633_mnist_s4/output/fl_results.json
Saved timing metrics to results/fl_simulation_20250619_231633_mnist_s4/output/aggregation_timing_metrics.json
Round 1 completed with disagreement resolution.

--- Federated Learning Round 2/5 ---
Analyzing disagreements and preparing track-specific models...

=== SERVER PREPARATION FOR ROUND 2 ===
  Using initiation_mechanism: shallow, lifting_mechanism: shallow, deep_lifting_finetune_rounds: 3
Loaded disagreements: {'client_0': [{'type': 'inbound', 'target': 'client_1', 'active_rounds': {'start': 1, 'end': 3}}]}
Filtering disagreements for round 2...
  Active: Client client_0 inbound disagreement with client client_1 (expires after round 3)
Round 2: Found 1 clients with active disagreements
Loading main global model from previous round 1's aggregated model: results/fl_simulation_20250619_231633_mnist_s4/model_storage/round_1/global_model_aggregated
Loaded model from round 1
Loaded global model from results/fl_simulation_20250619_231633_mnist_s4/model_storage/round_1/global_model_aggregated
Saved global model to results/fl_simulation_20250619_231633_mnist_s4/model_storage/round_2/global_model_for_training
Saved main global model for training in round 2 at results/fl_simulation_20250619_231633_mnist_s4/model_storage/round_2/global_model_for_training
Active disagreements found for round 2. Initiation mechanism: shallow
Creating model tracks for active disagreements: {'client_0': [{'type': 'inbound', 'target': 'client_1', 'active_rounds': {'start': 1, 'end': 3}}]}
Client 2 assigned to global track (no disagreements)
Client 3 assigned to global track (no disagreements)
Client 4 assigned to global track (no disagreements)
Client 5 assigned to global track (no disagreements)
Client 1 assigned to global track (no outbound exclusions)
Clients not involved in disagreements: {2, 3, 4, 5}

=== MODEL TRACK ASSIGNMENTS ===
Total tracks created: 2

Track 'track_0_no1':
  Participating clients: [0, 2, 3, 4, 5]
  Primary for clients: [0]

Track 'global':
  Participating clients: [0, 1, 2, 3, 4, 5]
  Primary for clients: [1, 2, 3, 4, 5]

Client primary track assignments:
  Client 0 → Primary track: track_0_no1
  Client 1 → Primary track: global
  Client 2 → Primary track: global
  Client 3 → Primary track: global
  Client 4 → Primary track: global
  Client 5 → Primary track: global

Client background participations:
  Client 0 (primary: track_0_no1) → Background participations: [2, 3, 4, 5]
=== END TRACK ASSIGNMENTS ===

Disagreement resolution completed in 0.0001 seconds
    No clients require finetuning in track 'track_0_no1'
  Evaluating track: 'track_0_no1'. Existed previously: True
    Track 'track_0_no1' existed and composition UNCHANGED.
    Perform rewind for 'track_0_no1': False
Loading model for track 'track_0_no1' from 'results/fl_simulation_20250619_231633_mnist_s4/model_storage/round_1/tracks/track_0_no1'.
Loaded model from round 1
Loaded global model from results/fl_simulation_20250619_231633_mnist_s4/model_storage/round_1/tracks/track_0_no1
Saved global model to results/fl_simulation_20250619_231633_mnist_s4/model_storage/round_2/tracks/track_0_no1
    No clients require finetuning in track 'global'
  Evaluating track: 'global'. Existed previously: True
    Track 'global' existed and composition UNCHANGED.
    Perform rewind for 'global': False
Loading model for track 'global' from 'results/fl_simulation_20250619_231633_mnist_s4/model_storage/round_1/tracks/global'.
Loaded model from round 1
Loaded global model from results/fl_simulation_20250619_231633_mnist_s4/model_storage/round_1/tracks/global
Saved global model to results/fl_simulation_20250619_231633_mnist_s4/model_storage/round_2/tracks/global
Saved track metadata for round 2.
=== END SERVER PREPARATION FOR ROUND 2 ===\n
Updated track models based on disagreement changes from round 1
Starting disagreement-aware multi-track client training...
Client 0: Loading track models and training with disagreement resolution...

=== CLIENT 0 MODEL LOADING FOR ROUND 2 ===
Found tracks directory at: results/fl_simulation_20250619_231633_mnist_s4/model_storage/round_2/tracks
Found 2 tracks: ['track_0_no1', 'global']
Client 0 is assigned to primary track: 'track_0_no1'
Primary track 'track_0_no1' details:
        Round: 2
        Clients: [0, 2, 3, 4, 5]
        Rewound this round: False
        No clients currently finetuning
Successfully loaded primary track model from results/fl_simulation_20250619_231633_mnist_s4/model_storage/round_2/tracks/track_0_no1
This is a new track model created for round 2
Client 0 will also train on background tracks: ['global']
Successfully loaded background track model 'global' from results/fl_simulation_20250619_231633_mnist_s4/model_storage/round_2/tracks/global
=== END CLIENT 0 MODEL LOADING ===


=== CLIENT 0 TRAINING FOR ROUND 2 ===
Training primary model...
Client 0 starting training for 1 epochs
Client 0 - Epoch 1/1 - Train Loss: 1.169849, Train Acc: 0.6396, Valid Loss: 0.655996, Valid Acc: 0.8083
Client 0 finished training
Client 0 saved training results to results/fl_simulation_20250619_231633_mnist_s4/output/clients/client_0/training_results_round_2.json
Primary model training complete. Accuracy: N/A
Client 0 has 1 background tracks to train
Training on background track: 'global'
Client 0 starting training for 1 epochs
Client 0 - Epoch 1/1 - Train Loss: 1.187961, Train Acc: 0.6542, Valid Loss: 0.752836, Valid Acc: 0.7667
Client 0 finished training
Background model 'global' training complete. Accuracy: N/A
=== END CLIENT 0 TRAINING ===


=== CLIENT 0 MODEL SAVING FOR ROUND 2 ===
Client 0 saved model to results/fl_simulation_20250619_231633_mnist_s4/model_storage/round_2/clients/client_0
Saved primary model to results/fl_simulation_20250619_231633_mnist_s4/model_storage/round_2/clients/client_0
Saving trained background model for track: 'global'
Saved 1 background models
=== END CLIENT 0 MODEL SAVING ===

Client 1: Loading track models and training with disagreement resolution...

=== CLIENT 1 MODEL LOADING FOR ROUND 2 ===
Found tracks directory at: results/fl_simulation_20250619_231633_mnist_s4/model_storage/round_2/tracks
Found 2 tracks: ['track_0_no1', 'global']
Client 1 is assigned to primary track: 'global'
Primary track 'global' details:
        Round: 2
        Clients: [0, 1, 2, 3, 4, 5]
        Rewound this round: False
        No clients currently finetuning
Successfully loaded primary track model from results/fl_simulation_20250619_231633_mnist_s4/model_storage/round_2/tracks/global
This is a new track model created for round 2
Client 1 has no background tracks to train on
=== END CLIENT 1 MODEL LOADING ===


=== CLIENT 1 TRAINING FOR ROUND 2 ===
Training primary model...
Client 1 starting training for 1 epochs
Client 1 - Epoch 1/1 - Train Loss: 1.154626, Train Acc: 0.6500, Valid Loss: 0.702081, Valid Acc: 0.7417
Client 1 finished training
Client 1 saved training results to results/fl_simulation_20250619_231633_mnist_s4/output/clients/client_1/training_results_round_2.json
Primary model training complete. Accuracy: N/A
Client 1 has no background tracks to train
=== END CLIENT 1 TRAINING ===


=== CLIENT 1 MODEL SAVING FOR ROUND 2 ===
Client 1 saved model to results/fl_simulation_20250619_231633_mnist_s4/model_storage/round_2/clients/client_1
Saved primary model to results/fl_simulation_20250619_231633_mnist_s4/model_storage/round_2/clients/client_1
Saved 0 background models
=== END CLIENT 1 MODEL SAVING ===

Client 2: Loading track models and training with disagreement resolution...

=== CLIENT 2 MODEL LOADING FOR ROUND 2 ===
Found tracks directory at: results/fl_simulation_20250619_231633_mnist_s4/model_storage/round_2/tracks
Found 2 tracks: ['track_0_no1', 'global']
Client 2 is assigned to primary track: 'global'
Primary track 'global' details:
        Round: 2
        Clients: [0, 1, 2, 3, 4, 5]
        Rewound this round: False
        No clients currently finetuning
Successfully loaded primary track model from results/fl_simulation_20250619_231633_mnist_s4/model_storage/round_2/tracks/global
This is a new track model created for round 2
Client 2 will also train on background tracks: ['track_0_no1']
Successfully loaded background track model 'track_0_no1' from results/fl_simulation_20250619_231633_mnist_s4/model_storage/round_2/tracks/track_0_no1
=== END CLIENT 2 MODEL LOADING ===


=== CLIENT 2 TRAINING FOR ROUND 2 ===
Training primary model...
Client 2 starting training for 1 epochs
Client 2 - Epoch 1/1 - Train Loss: 1.134974, Train Acc: 0.6625, Valid Loss: 0.802083, Valid Acc: 0.7000
Client 2 finished training
Client 2 saved training results to results/fl_simulation_20250619_231633_mnist_s4/output/clients/client_2/training_results_round_2.json
Primary model training complete. Accuracy: N/A
Client 2 has 1 background tracks to train
Training on background track: 'track_0_no1'
Client 2 starting training for 1 epochs
Client 2 - Epoch 1/1 - Train Loss: 1.143198, Train Acc: 0.6250, Valid Loss: 0.898834, Valid Acc: 0.7000
Client 2 finished training
Background model 'track_0_no1' training complete. Accuracy: N/A
=== END CLIENT 2 TRAINING ===


=== CLIENT 2 MODEL SAVING FOR ROUND 2 ===
Client 2 saved model to results/fl_simulation_20250619_231633_mnist_s4/model_storage/round_2/clients/client_2
Saved primary model to results/fl_simulation_20250619_231633_mnist_s4/model_storage/round_2/clients/client_2
Saving trained background model for track: 'track_0_no1'
Saved 1 background models
=== END CLIENT 2 MODEL SAVING ===

Client 3: Loading track models and training with disagreement resolution...

=== CLIENT 3 MODEL LOADING FOR ROUND 2 ===
Found tracks directory at: results/fl_simulation_20250619_231633_mnist_s4/model_storage/round_2/tracks
Found 2 tracks: ['track_0_no1', 'global']
Client 3 is assigned to primary track: 'global'
Primary track 'global' details:
        Round: 2
        Clients: [0, 1, 2, 3, 4, 5]
        Rewound this round: False
        No clients currently finetuning
Successfully loaded primary track model from results/fl_simulation_20250619_231633_mnist_s4/model_storage/round_2/tracks/global
This is a new track model created for round 2
Client 3 will also train on background tracks: ['track_0_no1']
Successfully loaded background track model 'track_0_no1' from results/fl_simulation_20250619_231633_mnist_s4/model_storage/round_2/tracks/track_0_no1
=== END CLIENT 3 MODEL LOADING ===


=== CLIENT 3 TRAINING FOR ROUND 2 ===
Training primary model...
Client 3 starting training for 1 epochs
Client 3 - Epoch 1/1 - Train Loss: 1.261657, Train Acc: 0.6500, Valid Loss: 0.690400, Valid Acc: 0.8083
Client 3 finished training
Client 3 saved training results to results/fl_simulation_20250619_231633_mnist_s4/output/clients/client_3/training_results_round_2.json
Primary model training complete. Accuracy: N/A
Client 3 has 1 background tracks to train
Training on background track: 'track_0_no1'
Client 3 starting training for 1 epochs
Client 3 - Epoch 1/1 - Train Loss: 1.164590, Train Acc: 0.6583, Valid Loss: 0.711527, Valid Acc: 0.7750
Client 3 finished training
Background model 'track_0_no1' training complete. Accuracy: N/A
=== END CLIENT 3 TRAINING ===


=== CLIENT 3 MODEL SAVING FOR ROUND 2 ===
Client 3 saved model to results/fl_simulation_20250619_231633_mnist_s4/model_storage/round_2/clients/client_3
Saved primary model to results/fl_simulation_20250619_231633_mnist_s4/model_storage/round_2/clients/client_3
Saving trained background model for track: 'track_0_no1'
Saved 1 background models
=== END CLIENT 3 MODEL SAVING ===

Client 4: Loading track models and training with disagreement resolution...

=== CLIENT 4 MODEL LOADING FOR ROUND 2 ===
Found tracks directory at: results/fl_simulation_20250619_231633_mnist_s4/model_storage/round_2/tracks
Found 2 tracks: ['track_0_no1', 'global']
Client 4 is assigned to primary track: 'global'
Primary track 'global' details:
        Round: 2
        Clients: [0, 1, 2, 3, 4, 5]
        Rewound this round: False
        No clients currently finetuning
Successfully loaded primary track model from results/fl_simulation_20250619_231633_mnist_s4/model_storage/round_2/tracks/global
This is a new track model created for round 2
Client 4 will also train on background tracks: ['track_0_no1']
Successfully loaded background track model 'track_0_no1' from results/fl_simulation_20250619_231633_mnist_s4/model_storage/round_2/tracks/track_0_no1
=== END CLIENT 4 MODEL LOADING ===


=== CLIENT 4 TRAINING FOR ROUND 2 ===
Training primary model...
Client 4 starting training for 1 epochs
Client 4 - Epoch 1/1 - Train Loss: 1.090891, Train Acc: 0.6646, Valid Loss: 0.787558, Valid Acc: 0.7333
Client 4 finished training
Client 4 saved training results to results/fl_simulation_20250619_231633_mnist_s4/output/clients/client_4/training_results_round_2.json
Primary model training complete. Accuracy: N/A
Client 4 has 1 background tracks to train
Training on background track: 'track_0_no1'
Client 4 starting training for 1 epochs
Client 4 - Epoch 1/1 - Train Loss: 1.116797, Train Acc: 0.6333, Valid Loss: 0.673278, Valid Acc: 0.8167
Client 4 finished training
Background model 'track_0_no1' training complete. Accuracy: N/A
=== END CLIENT 4 TRAINING ===


=== CLIENT 4 MODEL SAVING FOR ROUND 2 ===
Client 4 saved model to results/fl_simulation_20250619_231633_mnist_s4/model_storage/round_2/clients/client_4
Saved primary model to results/fl_simulation_20250619_231633_mnist_s4/model_storage/round_2/clients/client_4
Saving trained background model for track: 'track_0_no1'
Saved 1 background models
=== END CLIENT 4 MODEL SAVING ===

Client 5: Loading track models and training with disagreement resolution...

=== CLIENT 5 MODEL LOADING FOR ROUND 2 ===
Found tracks directory at: results/fl_simulation_20250619_231633_mnist_s4/model_storage/round_2/tracks
Found 2 tracks: ['track_0_no1', 'global']
Client 5 is assigned to primary track: 'global'
Primary track 'global' details:
        Round: 2
        Clients: [0, 1, 2, 3, 4, 5]
        Rewound this round: False
        No clients currently finetuning
Successfully loaded primary track model from results/fl_simulation_20250619_231633_mnist_s4/model_storage/round_2/tracks/global
This is a new track model created for round 2
Client 5 will also train on background tracks: ['track_0_no1']
Successfully loaded background track model 'track_0_no1' from results/fl_simulation_20250619_231633_mnist_s4/model_storage/round_2/tracks/track_0_no1
=== END CLIENT 5 MODEL LOADING ===


=== CLIENT 5 TRAINING FOR ROUND 2 ===
Training primary model...
Client 5 starting training for 1 epochs
Client 5 - Epoch 1/1 - Train Loss: 1.121263, Train Acc: 0.6896, Valid Loss: 0.727700, Valid Acc: 0.7667
Client 5 finished training
Client 5 saved training results to results/fl_simulation_20250619_231633_mnist_s4/output/clients/client_5/training_results_round_2.json
Primary model training complete. Accuracy: N/A
Client 5 has 1 background tracks to train
Training on background track: 'track_0_no1'
Client 5 starting training for 1 epochs
Client 5 - Epoch 1/1 - Train Loss: 1.149781, Train Acc: 0.6458, Valid Loss: 0.669920, Valid Acc: 0.7667
Client 5 finished training
Background model 'track_0_no1' training complete. Accuracy: N/A
=== END CLIENT 5 TRAINING ===


=== CLIENT 5 MODEL SAVING FOR ROUND 2 ===
Client 5 saved model to results/fl_simulation_20250619_231633_mnist_s4/model_storage/round_2/clients/client_5
Saved primary model to results/fl_simulation_20250619_231633_mnist_s4/model_storage/round_2/clients/client_5
Saving trained background model for track: 'track_0_no1'
Saved 1 background models
=== END CLIENT 5 MODEL SAVING ===

Performing disagreement-aware track-based model aggregation...
Starting file-based aggregation for round 2
Found 6 clients: [4, 5, 3, 2, 0, 1]
Loaded disagreements: {'client_0': [{'type': 'inbound', 'target': 'client_1', 'active_rounds': {'start': 1, 'end': 3}}]}
Filtering disagreements for round 2...
  Active: Client client_0 inbound disagreement with client client_1 (expires after round 3)
Round 2: Found 1 clients with active disagreements
Active disagreements found for round 2: {'client_0': [{'type': 'inbound', 'target': 'client_1', 'active_rounds': {'start': 1, 'end': 3}}]}
Creating model tracks for active disagreements: {'client_0': [{'type': 'inbound', 'target': 'client_1', 'active_rounds': {'start': 1, 'end': 3}}]}
Client 2 assigned to global track (no disagreements)
Client 3 assigned to global track (no disagreements)
Client 4 assigned to global track (no disagreements)
Client 5 assigned to global track (no disagreements)
Client 1 assigned to global track (no outbound exclusions)
Clients not involved in disagreements: {2, 3, 4, 5}

=== MODEL TRACK ASSIGNMENTS ===
Total tracks created: 2

Track 'track_0_no1':
  Participating clients: [0, 2, 3, 4, 5]
  Primary for clients: [0]

Track 'global':
  Participating clients: [0, 1, 2, 3, 4, 5]
  Primary for clients: [1, 2, 3, 4, 5]

Client primary track assignments:
  Client 0 → Primary track: track_0_no1
  Client 1 → Primary track: global
  Client 2 → Primary track: global
  Client 3 → Primary track: global
  Client 4 → Primary track: global
  Client 5 → Primary track: global

Client background participations:
  Client 0 (primary: track_0_no1) → Background participations: [2, 3, 4, 5]
=== END TRACK ASSIGNMENTS ===

Disagreement resolution completed in 0.0001 seconds

=== AGGREGATION FOR ROUND 2 ===
Found 6 clients: [4, 5, 3, 2, 0, 1]
Loaded primary model from client 4
Loaded background model from client 4 for track track_0_no1
Loaded primary model from client 5
Loaded background model from client 5 for track track_0_no1
Loaded primary model from client 3
Loaded background model from client 3 for track track_0_no1
Loaded primary model from client 2
Loaded background model from client 2 for track track_0_no1
Loaded primary model from client 0
Loaded background model from client 0 for track global
Loaded primary model from client 1

Aggregating 2 tracks:
Loaded initial model parameters as fallback
Created true global model with parameters from all 6 clients

Aggregating track: 'track_0_no1' with clients: [0, 2, 3, 4, 5]
  Including primary model from client 0 with adjusted weight 0.1667 (original: 0.1667)
  Primary models aggregated: [0] with total weight 0.1667
  Including background model from client 4 with adjusted weight 0.1667 (original: 0.1667)
  Including background model from client 5 with adjusted weight 0.1667 (original: 0.1667)
  Including background model from client 3 with adjusted weight 0.1667 (original: 0.1667)
  Including background model from client 2 with adjusted weight 0.1667 (original: 0.1667)
  Background models aggregated: [2, 3, 4, 5] with total weight 0.6667
  Track 'track_0_no1' normalized with combined weight 0.8333
  Track 'track_0_no1' aggregation complete.

Aggregating track: 'global' with clients: [0, 1, 2, 3, 4, 5]
  Including primary model from client 1 with adjusted weight 0.1667 (original: 0.1667)
  Including primary model from client 2 with adjusted weight 0.1667 (original: 0.1667)
  Including primary model from client 3 with adjusted weight 0.1667 (original: 0.1667)
  Including primary model from client 4 with adjusted weight 0.1667 (original: 0.1667)
  Including primary model from client 5 with adjusted weight 0.1667 (original: 0.1667)
  Primary models aggregated: [1, 2, 3, 4, 5] with total weight 0.8333
  Including background model from client 0 with adjusted weight 0.1667 (original: 0.1667)
  Background models aggregated: [0] with total weight 0.1667
  Track 'global' normalized with combined weight 1.0000
  Track 'global' aggregation complete.
Saved true global model to results/fl_simulation_20250619_231633_mnist_s4/model_storage/round_2/global_model_aggregated
Saved track model: track_0_no1
Saved track model: global
Track saving completed in 0.0124 seconds

Updated server's global model with parameters from true global model
=== END AGGREGATION FOR ROUND 2 ===


=== AGGREGATION TIMING SUMMARY FOR ROUND 2 ===
  Disagreement loading: 0.0001s
  Resolution time: 0.0001s
  Aggregation time: 0.0532s
  Track saving time: 0.0000s
  Total time: 0.0535s
  Has disagreements: True
=== END TIMING SUMMARY ===

Saved global model to results/fl_simulation_20250619_231633_mnist_s4/model_storage/round_2/global_model_aggregated
Evaluating global model and track-specific performance...
Round 2 - MNIST Classification Metrics:
  Overall Accuracy: 0.8136
  Mean Precision: 0.8247
  Mean Recall: 0.8136
  Mean F1 Score: 0.8088
Round 2 - Global model test accuracy: 0.8136
Round 2 - Global model test loss: 0.669766
Only 1 rounds of track data found - need at least 2 to create progress plots
Saved results for round 2 (plot mode: minimal)

=== EVALUATING TRACK MODELS FOR ROUND 2 ===
Found 2 tracks to evaluate: ['track_0_no1', 'global']
Evaluating track: track_0_no1
Track 'track_0_no1' - Accuracy: 0.8022, F1: 0.7951
Evaluating track: global
Track 'global' - Accuracy: 0.8136, F1: 0.8088

=== TRACK EVALUATION SUMMARY FOR ROUND 2 ===
Global model - Accuracy: 0.813600
track_0_no1 - Accuracy: 0.802200
global - Accuracy: 0.813600
=== END TRACK EVALUATION ===

Saved experiment results to results/fl_simulation_20250619_231633_mnist_s4/output/fl_results.json
Saved timing metrics to results/fl_simulation_20250619_231633_mnist_s4/output/aggregation_timing_metrics.json
Round 2 completed with disagreement resolution.

--- Federated Learning Round 3/5 ---
Analyzing disagreements and preparing track-specific models...

=== SERVER PREPARATION FOR ROUND 3 ===
  Using initiation_mechanism: shallow, lifting_mechanism: shallow, deep_lifting_finetune_rounds: 3
Loaded disagreements: {'client_0': [{'type': 'inbound', 'target': 'client_1', 'active_rounds': {'start': 1, 'end': 3}}]}
Filtering disagreements for round 3...
  Active: Client client_0 inbound disagreement with client client_1 (expires after round 3)
Round 3: Found 1 clients with active disagreements
Loading main global model from previous round 2's aggregated model: results/fl_simulation_20250619_231633_mnist_s4/model_storage/round_2/global_model_aggregated
Loaded model from round 2
Loaded global model from results/fl_simulation_20250619_231633_mnist_s4/model_storage/round_2/global_model_aggregated
Saved global model to results/fl_simulation_20250619_231633_mnist_s4/model_storage/round_3/global_model_for_training
Saved main global model for training in round 3 at results/fl_simulation_20250619_231633_mnist_s4/model_storage/round_3/global_model_for_training
Active disagreements found for round 3. Initiation mechanism: shallow
Creating model tracks for active disagreements: {'client_0': [{'type': 'inbound', 'target': 'client_1', 'active_rounds': {'start': 1, 'end': 3}}]}
Client 2 assigned to global track (no disagreements)
Client 3 assigned to global track (no disagreements)
Client 4 assigned to global track (no disagreements)
Client 5 assigned to global track (no disagreements)
Client 1 assigned to global track (no outbound exclusions)
Clients not involved in disagreements: {2, 3, 4, 5}

=== MODEL TRACK ASSIGNMENTS ===
Total tracks created: 2

Track 'track_0_no1':
  Participating clients: [0, 2, 3, 4, 5]
  Primary for clients: [0]

Track 'global':
  Participating clients: [0, 1, 2, 3, 4, 5]
  Primary for clients: [1, 2, 3, 4, 5]

Client primary track assignments:
  Client 0 → Primary track: track_0_no1
  Client 1 → Primary track: global
  Client 2 → Primary track: global
  Client 3 → Primary track: global
  Client 4 → Primary track: global
  Client 5 → Primary track: global

Client background participations:
  Client 0 (primary: track_0_no1) → Background participations: [2, 3, 4, 5]
=== END TRACK ASSIGNMENTS ===

Disagreement resolution completed in 0.0001 seconds
    No clients require finetuning in track 'track_0_no1'
  Evaluating track: 'track_0_no1'. Existed previously: True
    Track 'track_0_no1' existed and composition UNCHANGED.
    Perform rewind for 'track_0_no1': False
Loading model for track 'track_0_no1' from 'results/fl_simulation_20250619_231633_mnist_s4/model_storage/round_2/tracks/track_0_no1'.
Loaded model from round 2
Loaded global model from results/fl_simulation_20250619_231633_mnist_s4/model_storage/round_2/tracks/track_0_no1
Saved global model to results/fl_simulation_20250619_231633_mnist_s4/model_storage/round_3/tracks/track_0_no1
    No clients require finetuning in track 'global'
  Evaluating track: 'global'. Existed previously: True
    Track 'global' existed and composition UNCHANGED.
    Perform rewind for 'global': False
Loading model for track 'global' from 'results/fl_simulation_20250619_231633_mnist_s4/model_storage/round_2/tracks/global'.
Loaded model from round 2
Loaded global model from results/fl_simulation_20250619_231633_mnist_s4/model_storage/round_2/tracks/global
Saved global model to results/fl_simulation_20250619_231633_mnist_s4/model_storage/round_3/tracks/global
Saved track metadata for round 3.
=== END SERVER PREPARATION FOR ROUND 3 ===\n
Updated track models based on disagreement changes from round 2
Starting disagreement-aware multi-track client training...
Client 0: Loading track models and training with disagreement resolution...

=== CLIENT 0 MODEL LOADING FOR ROUND 3 ===
Found tracks directory at: results/fl_simulation_20250619_231633_mnist_s4/model_storage/round_3/tracks
Found 2 tracks: ['track_0_no1', 'global']
Client 0 is assigned to primary track: 'track_0_no1'
Primary track 'track_0_no1' details:
        Round: 3
        Clients: [0, 2, 3, 4, 5]
        Rewound this round: False
        No clients currently finetuning
Successfully loaded primary track model from results/fl_simulation_20250619_231633_mnist_s4/model_storage/round_3/tracks/track_0_no1
This is a new track model created for round 3
Client 0 will also train on background tracks: ['global']
Successfully loaded background track model 'global' from results/fl_simulation_20250619_231633_mnist_s4/model_storage/round_3/tracks/global
=== END CLIENT 0 MODEL LOADING ===


=== CLIENT 0 TRAINING FOR ROUND 3 ===
Training primary model...
Client 0 starting training for 1 epochs
Client 0 - Epoch 1/1 - Train Loss: 0.899575, Train Acc: 0.7104, Valid Loss: 0.653751, Valid Acc: 0.8167
Client 0 finished training
Client 0 saved training results to results/fl_simulation_20250619_231633_mnist_s4/output/clients/client_0/training_results_round_3.json
Primary model training complete. Accuracy: N/A
Client 0 has 1 background tracks to train
Training on background track: 'global'
Client 0 starting training for 1 epochs
Client 0 - Epoch 1/1 - Train Loss: 0.903811, Train Acc: 0.7375, Valid Loss: 0.561962, Valid Acc: 0.8500
Client 0 finished training
Background model 'global' training complete. Accuracy: N/A
=== END CLIENT 0 TRAINING ===


=== CLIENT 0 MODEL SAVING FOR ROUND 3 ===
Client 0 saved model to results/fl_simulation_20250619_231633_mnist_s4/model_storage/round_3/clients/client_0
Saved primary model to results/fl_simulation_20250619_231633_mnist_s4/model_storage/round_3/clients/client_0
Saving trained background model for track: 'global'
Saved 1 background models
=== END CLIENT 0 MODEL SAVING ===

Client 1: Loading track models and training with disagreement resolution...

=== CLIENT 1 MODEL LOADING FOR ROUND 3 ===
Found tracks directory at: results/fl_simulation_20250619_231633_mnist_s4/model_storage/round_3/tracks
Found 2 tracks: ['track_0_no1', 'global']
Client 1 is assigned to primary track: 'global'
Primary track 'global' details:
        Round: 3
        Clients: [0, 1, 2, 3, 4, 5]
        Rewound this round: False
        No clients currently finetuning
Successfully loaded primary track model from results/fl_simulation_20250619_231633_mnist_s4/model_storage/round_3/tracks/global
This is a new track model created for round 3
Client 1 has no background tracks to train on
=== END CLIENT 1 MODEL LOADING ===


=== CLIENT 1 TRAINING FOR ROUND 3 ===
Training primary model...
Client 1 starting training for 1 epochs
Client 1 - Epoch 1/1 - Train Loss: 0.918510, Train Acc: 0.7188, Valid Loss: 0.610251, Valid Acc: 0.8583
Client 1 finished training
Client 1 saved training results to results/fl_simulation_20250619_231633_mnist_s4/output/clients/client_1/training_results_round_3.json
Primary model training complete. Accuracy: N/A
Client 1 has no background tracks to train
=== END CLIENT 1 TRAINING ===


=== CLIENT 1 MODEL SAVING FOR ROUND 3 ===
Client 1 saved model to results/fl_simulation_20250619_231633_mnist_s4/model_storage/round_3/clients/client_1
Saved primary model to results/fl_simulation_20250619_231633_mnist_s4/model_storage/round_3/clients/client_1
Saved 0 background models
=== END CLIENT 1 MODEL SAVING ===

Client 2: Loading track models and training with disagreement resolution...

=== CLIENT 2 MODEL LOADING FOR ROUND 3 ===
Found tracks directory at: results/fl_simulation_20250619_231633_mnist_s4/model_storage/round_3/tracks
Found 2 tracks: ['track_0_no1', 'global']
Client 2 is assigned to primary track: 'global'
Primary track 'global' details:
        Round: 3
        Clients: [0, 1, 2, 3, 4, 5]
        Rewound this round: False
        No clients currently finetuning
Successfully loaded primary track model from results/fl_simulation_20250619_231633_mnist_s4/model_storage/round_3/tracks/global
This is a new track model created for round 3
Client 2 will also train on background tracks: ['track_0_no1']
Successfully loaded background track model 'track_0_no1' from results/fl_simulation_20250619_231633_mnist_s4/model_storage/round_3/tracks/track_0_no1
=== END CLIENT 2 MODEL LOADING ===


=== CLIENT 2 TRAINING FOR ROUND 3 ===
Training primary model...
Client 2 starting training for 1 epochs
Client 2 - Epoch 1/1 - Train Loss: 0.845420, Train Acc: 0.7333, Valid Loss: 0.679069, Valid Acc: 0.7583
Client 2 finished training
Client 2 saved training results to results/fl_simulation_20250619_231633_mnist_s4/output/clients/client_2/training_results_round_3.json
Primary model training complete. Accuracy: N/A
Client 2 has 1 background tracks to train
Training on background track: 'track_0_no1'
Client 2 starting training for 1 epochs
Client 2 - Epoch 1/1 - Train Loss: 0.911281, Train Acc: 0.6958, Valid Loss: 0.745412, Valid Acc: 0.8167
Client 2 finished training
Background model 'track_0_no1' training complete. Accuracy: N/A
=== END CLIENT 2 TRAINING ===


=== CLIENT 2 MODEL SAVING FOR ROUND 3 ===
Client 2 saved model to results/fl_simulation_20250619_231633_mnist_s4/model_storage/round_3/clients/client_2
Saved primary model to results/fl_simulation_20250619_231633_mnist_s4/model_storage/round_3/clients/client_2
Saving trained background model for track: 'track_0_no1'
Saved 1 background models
=== END CLIENT 2 MODEL SAVING ===

Client 3: Loading track models and training with disagreement resolution...

=== CLIENT 3 MODEL LOADING FOR ROUND 3 ===
Found tracks directory at: results/fl_simulation_20250619_231633_mnist_s4/model_storage/round_3/tracks
Found 2 tracks: ['track_0_no1', 'global']
Client 3 is assigned to primary track: 'global'
Primary track 'global' details:
        Round: 3
        Clients: [0, 1, 2, 3, 4, 5]
        Rewound this round: False
        No clients currently finetuning
Successfully loaded primary track model from results/fl_simulation_20250619_231633_mnist_s4/model_storage/round_3/tracks/global
This is a new track model created for round 3
Client 3 will also train on background tracks: ['track_0_no1']
Successfully loaded background track model 'track_0_no1' from results/fl_simulation_20250619_231633_mnist_s4/model_storage/round_3/tracks/track_0_no1
=== END CLIENT 3 MODEL LOADING ===


=== CLIENT 3 TRAINING FOR ROUND 3 ===
Training primary model...
Client 3 starting training for 1 epochs
Client 3 - Epoch 1/1 - Train Loss: 1.120111, Train Acc: 0.6458, Valid Loss: 0.680753, Valid Acc: 0.8250
Client 3 finished training
Client 3 saved training results to results/fl_simulation_20250619_231633_mnist_s4/output/clients/client_3/training_results_round_3.json
Primary model training complete. Accuracy: N/A
Client 3 has 1 background tracks to train
Training on background track: 'track_0_no1'
Client 3 starting training for 1 epochs
Client 3 - Epoch 1/1 - Train Loss: 1.013977, Train Acc: 0.6833, Valid Loss: 0.685793, Valid Acc: 0.8417
Client 3 finished training
Background model 'track_0_no1' training complete. Accuracy: N/A
=== END CLIENT 3 TRAINING ===


=== CLIENT 3 MODEL SAVING FOR ROUND 3 ===
Client 3 saved model to results/fl_simulation_20250619_231633_mnist_s4/model_storage/round_3/clients/client_3
Saved primary model to results/fl_simulation_20250619_231633_mnist_s4/model_storage/round_3/clients/client_3
Saving trained background model for track: 'track_0_no1'
Saved 1 background models
=== END CLIENT 3 MODEL SAVING ===

Client 4: Loading track models and training with disagreement resolution...

=== CLIENT 4 MODEL LOADING FOR ROUND 3 ===
Found tracks directory at: results/fl_simulation_20250619_231633_mnist_s4/model_storage/round_3/tracks
Found 2 tracks: ['track_0_no1', 'global']
Client 4 is assigned to primary track: 'global'
Primary track 'global' details:
        Round: 3
        Clients: [0, 1, 2, 3, 4, 5]
        Rewound this round: False
        No clients currently finetuning
Successfully loaded primary track model from results/fl_simulation_20250619_231633_mnist_s4/model_storage/round_3/tracks/global
This is a new track model created for round 3
Client 4 will also train on background tracks: ['track_0_no1']
Successfully loaded background track model 'track_0_no1' from results/fl_simulation_20250619_231633_mnist_s4/model_storage/round_3/tracks/track_0_no1
=== END CLIENT 4 MODEL LOADING ===


=== CLIENT 4 TRAINING FOR ROUND 3 ===
Training primary model...
Client 4 starting training for 1 epochs
Client 4 - Epoch 1/1 - Train Loss: 0.958891, Train Acc: 0.7208, Valid Loss: 0.899509, Valid Acc: 0.7917
Client 4 finished training
Client 4 saved training results to results/fl_simulation_20250619_231633_mnist_s4/output/clients/client_4/training_results_round_3.json
Primary model training complete. Accuracy: N/A
Client 4 has 1 background tracks to train
Training on background track: 'track_0_no1'
Client 4 starting training for 1 epochs
Client 4 - Epoch 1/1 - Train Loss: 0.891545, Train Acc: 0.7083, Valid Loss: 0.657367, Valid Acc: 0.8333
Client 4 finished training
Background model 'track_0_no1' training complete. Accuracy: N/A
=== END CLIENT 4 TRAINING ===


=== CLIENT 4 MODEL SAVING FOR ROUND 3 ===
Client 4 saved model to results/fl_simulation_20250619_231633_mnist_s4/model_storage/round_3/clients/client_4
Saved primary model to results/fl_simulation_20250619_231633_mnist_s4/model_storage/round_3/clients/client_4
Saving trained background model for track: 'track_0_no1'
Saved 1 background models
=== END CLIENT 4 MODEL SAVING ===

Client 5: Loading track models and training with disagreement resolution...

=== CLIENT 5 MODEL LOADING FOR ROUND 3 ===
Found tracks directory at: results/fl_simulation_20250619_231633_mnist_s4/model_storage/round_3/tracks
Found 2 tracks: ['track_0_no1', 'global']
Client 5 is assigned to primary track: 'global'
Primary track 'global' details:
        Round: 3
        Clients: [0, 1, 2, 3, 4, 5]
        Rewound this round: False
        No clients currently finetuning
Successfully loaded primary track model from results/fl_simulation_20250619_231633_mnist_s4/model_storage/round_3/tracks/global
This is a new track model created for round 3
Client 5 will also train on background tracks: ['track_0_no1']
Successfully loaded background track model 'track_0_no1' from results/fl_simulation_20250619_231633_mnist_s4/model_storage/round_3/tracks/track_0_no1
=== END CLIENT 5 MODEL LOADING ===


=== CLIENT 5 TRAINING FOR ROUND 3 ===
Training primary model...
Client 5 starting training for 1 epochs
Client 5 - Epoch 1/1 - Train Loss: 0.925631, Train Acc: 0.6917, Valid Loss: 0.707139, Valid Acc: 0.8167
Client 5 finished training
Client 5 saved training results to results/fl_simulation_20250619_231633_mnist_s4/output/clients/client_5/training_results_round_3.json
Primary model training complete. Accuracy: N/A
Client 5 has 1 background tracks to train
Training on background track: 'track_0_no1'
Client 5 starting training for 1 epochs
Client 5 - Epoch 1/1 - Train Loss: 0.898343, Train Acc: 0.6979, Valid Loss: 0.693917, Valid Acc: 0.7917
Client 5 finished training
Background model 'track_0_no1' training complete. Accuracy: N/A
=== END CLIENT 5 TRAINING ===


=== CLIENT 5 MODEL SAVING FOR ROUND 3 ===
Client 5 saved model to results/fl_simulation_20250619_231633_mnist_s4/model_storage/round_3/clients/client_5
Saved primary model to results/fl_simulation_20250619_231633_mnist_s4/model_storage/round_3/clients/client_5
Saving trained background model for track: 'track_0_no1'
Saved 1 background models
=== END CLIENT 5 MODEL SAVING ===

Performing disagreement-aware track-based model aggregation...
Starting file-based aggregation for round 3
Found 6 clients: [4, 5, 3, 2, 0, 1]
Loaded disagreements: {'client_0': [{'type': 'inbound', 'target': 'client_1', 'active_rounds': {'start': 1, 'end': 3}}]}
Filtering disagreements for round 3...
  Active: Client client_0 inbound disagreement with client client_1 (expires after round 3)
Round 3: Found 1 clients with active disagreements
Active disagreements found for round 3: {'client_0': [{'type': 'inbound', 'target': 'client_1', 'active_rounds': {'start': 1, 'end': 3}}]}
Creating model tracks for active disagreements: {'client_0': [{'type': 'inbound', 'target': 'client_1', 'active_rounds': {'start': 1, 'end': 3}}]}
Client 2 assigned to global track (no disagreements)
Client 3 assigned to global track (no disagreements)
Client 4 assigned to global track (no disagreements)
Client 5 assigned to global track (no disagreements)
Client 1 assigned to global track (no outbound exclusions)
Clients not involved in disagreements: {2, 3, 4, 5}

=== MODEL TRACK ASSIGNMENTS ===
Total tracks created: 2

Track 'track_0_no1':
  Participating clients: [0, 2, 3, 4, 5]
  Primary for clients: [0]

Track 'global':
  Participating clients: [0, 1, 2, 3, 4, 5]
  Primary for clients: [1, 2, 3, 4, 5]

Client primary track assignments:
  Client 0 → Primary track: track_0_no1
  Client 1 → Primary track: global
  Client 2 → Primary track: global
  Client 3 → Primary track: global
  Client 4 → Primary track: global
  Client 5 → Primary track: global

Client background participations:
  Client 0 (primary: track_0_no1) → Background participations: [2, 3, 4, 5]
=== END TRACK ASSIGNMENTS ===

Disagreement resolution completed in 0.0001 seconds

=== AGGREGATION FOR ROUND 3 ===
Found 6 clients: [4, 5, 3, 2, 0, 1]
Loaded primary model from client 4
Loaded background model from client 4 for track track_0_no1
Loaded primary model from client 5
Loaded background model from client 5 for track track_0_no1
Loaded primary model from client 3
Loaded background model from client 3 for track track_0_no1
Loaded primary model from client 2
Loaded background model from client 2 for track track_0_no1
Loaded primary model from client 0
Loaded background model from client 0 for track global
Loaded primary model from client 1

Aggregating 2 tracks:
Loaded initial model parameters as fallback
Created true global model with parameters from all 6 clients

Aggregating track: 'track_0_no1' with clients: [0, 2, 3, 4, 5]
  Including primary model from client 0 with adjusted weight 0.1667 (original: 0.1667)
  Primary models aggregated: [0] with total weight 0.1667
  Including background model from client 4 with adjusted weight 0.1667 (original: 0.1667)
  Including background model from client 5 with adjusted weight 0.1667 (original: 0.1667)
  Including background model from client 3 with adjusted weight 0.1667 (original: 0.1667)
  Including background model from client 2 with adjusted weight 0.1667 (original: 0.1667)
  Background models aggregated: [2, 3, 4, 5] with total weight 0.6667
  Track 'track_0_no1' normalized with combined weight 0.8333
  Track 'track_0_no1' aggregation complete.

Aggregating track: 'global' with clients: [0, 1, 2, 3, 4, 5]
  Including primary model from client 1 with adjusted weight 0.1667 (original: 0.1667)
  Including primary model from client 2 with adjusted weight 0.1667 (original: 0.1667)
  Including primary model from client 3 with adjusted weight 0.1667 (original: 0.1667)
  Including primary model from client 4 with adjusted weight 0.1667 (original: 0.1667)
  Including primary model from client 5 with adjusted weight 0.1667 (original: 0.1667)
  Primary models aggregated: [1, 2, 3, 4, 5] with total weight 0.8333
  Including background model from client 0 with adjusted weight 0.1667 (original: 0.1667)
  Background models aggregated: [0] with total weight 0.1667
  Track 'global' normalized with combined weight 1.0000
  Track 'global' aggregation complete.
Saved true global model to results/fl_simulation_20250619_231633_mnist_s4/model_storage/round_3/global_model_aggregated
Saved track model: track_0_no1
Saved track model: global
Track saving completed in 0.0110 seconds

Updated server's global model with parameters from true global model
=== END AGGREGATION FOR ROUND 3 ===


=== AGGREGATION TIMING SUMMARY FOR ROUND 3 ===
  Disagreement loading: 0.0001s
  Resolution time: 0.0001s
  Aggregation time: 0.0482s
  Track saving time: 0.0000s
  Total time: 0.0484s
  Has disagreements: True
=== END TIMING SUMMARY ===

Saved global model to results/fl_simulation_20250619_231633_mnist_s4/model_storage/round_3/global_model_aggregated
Evaluating global model and track-specific performance...
Round 3 - MNIST Classification Metrics:
  Overall Accuracy: 0.8300
  Mean Precision: 0.8512
  Mean Recall: 0.8300
  Mean F1 Score: 0.8237
Round 3 - Global model test accuracy: 0.8300
Round 3 - Global model test loss: 0.635065
Creating track progress plots with data from 2 rounds
Saved 0 track progress plots for round 3
Saved results for round 3 (plot mode: minimal)

=== EVALUATING TRACK MODELS FOR ROUND 3 ===
Found 2 tracks to evaluate: ['track_0_no1', 'global']
Evaluating track: track_0_no1
Track 'track_0_no1' - Accuracy: 0.8209, F1: 0.8119
Evaluating track: global
Track 'global' - Accuracy: 0.8300, F1: 0.8237

=== TRACK EVALUATION SUMMARY FOR ROUND 3 ===
Global model - Accuracy: 0.830000
track_0_no1 - Accuracy: 0.820900
global - Accuracy: 0.830000
=== END TRACK EVALUATION ===

Saved experiment results to results/fl_simulation_20250619_231633_mnist_s4/output/fl_results.json
Saved timing metrics to results/fl_simulation_20250619_231633_mnist_s4/output/aggregation_timing_metrics.json
Round 3 completed with disagreement resolution.

--- Federated Learning Round 4/5 ---
Analyzing disagreements and preparing track-specific models...

=== SERVER PREPARATION FOR ROUND 4 ===
  Using initiation_mechanism: shallow, lifting_mechanism: shallow, deep_lifting_finetune_rounds: 3
Loaded disagreements: {'client_0': [{'type': 'inbound', 'target': 'client_1', 'active_rounds': {'start': 1, 'end': 3}}]}
Filtering disagreements for round 4...
  Inactive: Client client_0 inbound disagreement with client client_1 (expired)
Round 4: All disagreements have expired or not yet started
Loading main global model from previous round 3's aggregated model: results/fl_simulation_20250619_231633_mnist_s4/model_storage/round_3/global_model_aggregated
Loaded model from round 3
Loaded global model from results/fl_simulation_20250619_231633_mnist_s4/model_storage/round_3/global_model_aggregated
Saved global model to results/fl_simulation_20250619_231633_mnist_s4/model_storage/round_4/global_model_for_training
Saved main global model for training in round 4 at results/fl_simulation_20250619_231633_mnist_s4/model_storage/round_4/global_model_for_training
No active disagreements for round 4. Using standard global model from results/fl_simulation_20250619_231633_mnist_s4/model_storage/round_3/global_model_aggregated
=== END SERVER PREPARATION FOR ROUND 4 ===\n
Updated track models based on disagreement changes from round 3
Starting disagreement-aware multi-track client training...
Client 0: Loading track models and training with disagreement resolution...

=== CLIENT 0 MODEL LOADING FOR ROUND 4 ===
No tracks directory found at results/fl_simulation_20250619_231633_mnist_s4/model_storage/round_4/tracks, will use standard global model
Successfully loaded standard global model from results/fl_simulation_20250619_231633_mnist_s4/model_storage/round_4/global_model_for_training
=== END CLIENT 0 MODEL LOADING ===


=== CLIENT 0 TRAINING FOR ROUND 4 ===
Training primary model...
Client 0 starting training for 1 epochs
Client 0 - Epoch 1/1 - Train Loss: 0.595164, Train Acc: 0.8229, Valid Loss: 0.403080, Valid Acc: 0.8833
Client 0 finished training
Client 0 saved training results to results/fl_simulation_20250619_231633_mnist_s4/output/clients/client_0/training_results_round_4.json
Primary model training complete. Accuracy: N/A
Client 0 has no background tracks to train
=== END CLIENT 0 TRAINING ===


=== CLIENT 0 MODEL SAVING FOR ROUND 4 ===
Client 0 saved model to results/fl_simulation_20250619_231633_mnist_s4/model_storage/round_4/clients/client_0
Saved primary model to results/fl_simulation_20250619_231633_mnist_s4/model_storage/round_4/clients/client_0
Saved 0 background models
=== END CLIENT 0 MODEL SAVING ===

Client 1: Loading track models and training with disagreement resolution...

=== CLIENT 1 MODEL LOADING FOR ROUND 4 ===
No tracks directory found at results/fl_simulation_20250619_231633_mnist_s4/model_storage/round_4/tracks, will use standard global model
Successfully loaded standard global model from results/fl_simulation_20250619_231633_mnist_s4/model_storage/round_4/global_model_for_training
=== END CLIENT 1 MODEL LOADING ===


=== CLIENT 1 TRAINING FOR ROUND 4 ===
Training primary model...
Client 1 starting training for 1 epochs
Client 1 - Epoch 1/1 - Train Loss: 0.596000, Train Acc: 0.8167, Valid Loss: 0.428865, Valid Acc: 0.8917
Client 1 finished training
Client 1 saved training results to results/fl_simulation_20250619_231633_mnist_s4/output/clients/client_1/training_results_round_4.json
Primary model training complete. Accuracy: N/A
Client 1 has no background tracks to train
=== END CLIENT 1 TRAINING ===


=== CLIENT 1 MODEL SAVING FOR ROUND 4 ===
Client 1 saved model to results/fl_simulation_20250619_231633_mnist_s4/model_storage/round_4/clients/client_1
Saved primary model to results/fl_simulation_20250619_231633_mnist_s4/model_storage/round_4/clients/client_1
Saved 0 background models
=== END CLIENT 1 MODEL SAVING ===

Client 2: Loading track models and training with disagreement resolution...

=== CLIENT 2 MODEL LOADING FOR ROUND 4 ===
No tracks directory found at results/fl_simulation_20250619_231633_mnist_s4/model_storage/round_4/tracks, will use standard global model
Successfully loaded standard global model from results/fl_simulation_20250619_231633_mnist_s4/model_storage/round_4/global_model_for_training
=== END CLIENT 2 MODEL LOADING ===


=== CLIENT 2 TRAINING FOR ROUND 4 ===
Training primary model...
Client 2 starting training for 1 epochs
Client 2 - Epoch 1/1 - Train Loss: 0.580236, Train Acc: 0.8292, Valid Loss: 0.588621, Valid Acc: 0.7917
Client 2 finished training
Client 2 saved training results to results/fl_simulation_20250619_231633_mnist_s4/output/clients/client_2/training_results_round_4.json
Primary model training complete. Accuracy: N/A
Client 2 has no background tracks to train
=== END CLIENT 2 TRAINING ===


=== CLIENT 2 MODEL SAVING FOR ROUND 4 ===
Client 2 saved model to results/fl_simulation_20250619_231633_mnist_s4/model_storage/round_4/clients/client_2
Saved primary model to results/fl_simulation_20250619_231633_mnist_s4/model_storage/round_4/clients/client_2
Saved 0 background models
=== END CLIENT 2 MODEL SAVING ===

Client 3: Loading track models and training with disagreement resolution...

=== CLIENT 3 MODEL LOADING FOR ROUND 4 ===
No tracks directory found at results/fl_simulation_20250619_231633_mnist_s4/model_storage/round_4/tracks, will use standard global model
Successfully loaded standard global model from results/fl_simulation_20250619_231633_mnist_s4/model_storage/round_4/global_model_for_training
=== END CLIENT 3 MODEL LOADING ===


=== CLIENT 3 TRAINING FOR ROUND 4 ===
Training primary model...
Client 3 starting training for 1 epochs
Client 3 - Epoch 1/1 - Train Loss: 0.715990, Train Acc: 0.7479, Valid Loss: 0.473553, Valid Acc: 0.8750
Client 3 finished training
Client 3 saved training results to results/fl_simulation_20250619_231633_mnist_s4/output/clients/client_3/training_results_round_4.json
Primary model training complete. Accuracy: N/A
Client 3 has no background tracks to train
=== END CLIENT 3 TRAINING ===


=== CLIENT 3 MODEL SAVING FOR ROUND 4 ===
Client 3 saved model to results/fl_simulation_20250619_231633_mnist_s4/model_storage/round_4/clients/client_3
Saved primary model to results/fl_simulation_20250619_231633_mnist_s4/model_storage/round_4/clients/client_3
Saved 0 background models
=== END CLIENT 3 MODEL SAVING ===

Client 4: Loading track models and training with disagreement resolution...

=== CLIENT 4 MODEL LOADING FOR ROUND 4 ===
No tracks directory found at results/fl_simulation_20250619_231633_mnist_s4/model_storage/round_4/tracks, will use standard global model
Successfully loaded standard global model from results/fl_simulation_20250619_231633_mnist_s4/model_storage/round_4/global_model_for_training
=== END CLIENT 4 MODEL LOADING ===


=== CLIENT 4 TRAINING FOR ROUND 4 ===
Training primary model...
Client 4 starting training for 1 epochs
Client 4 - Epoch 1/1 - Train Loss: 0.561113, Train Acc: 0.8333, Valid Loss: 0.387829, Valid Acc: 0.8917
Client 4 finished training
Client 4 saved training results to results/fl_simulation_20250619_231633_mnist_s4/output/clients/client_4/training_results_round_4.json
Primary model training complete. Accuracy: N/A
Client 4 has no background tracks to train
=== END CLIENT 4 TRAINING ===


=== CLIENT 4 MODEL SAVING FOR ROUND 4 ===
Client 4 saved model to results/fl_simulation_20250619_231633_mnist_s4/model_storage/round_4/clients/client_4
Saved primary model to results/fl_simulation_20250619_231633_mnist_s4/model_storage/round_4/clients/client_4
Saved 0 background models
=== END CLIENT 4 MODEL SAVING ===

Client 5: Loading track models and training with disagreement resolution...

=== CLIENT 5 MODEL LOADING FOR ROUND 4 ===
No tracks directory found at results/fl_simulation_20250619_231633_mnist_s4/model_storage/round_4/tracks, will use standard global model
Successfully loaded standard global model from results/fl_simulation_20250619_231633_mnist_s4/model_storage/round_4/global_model_for_training
=== END CLIENT 5 MODEL LOADING ===


=== CLIENT 5 TRAINING FOR ROUND 4 ===
Training primary model...
Client 5 starting training for 1 epochs
Client 5 - Epoch 1/1 - Train Loss: 0.621973, Train Acc: 0.8104, Valid Loss: 0.505072, Valid Acc: 0.8500
Client 5 finished training
Client 5 saved training results to results/fl_simulation_20250619_231633_mnist_s4/output/clients/client_5/training_results_round_4.json
Primary model training complete. Accuracy: N/A
Client 5 has no background tracks to train
=== END CLIENT 5 TRAINING ===


=== CLIENT 5 MODEL SAVING FOR ROUND 4 ===
Client 5 saved model to results/fl_simulation_20250619_231633_mnist_s4/model_storage/round_4/clients/client_5
Saved primary model to results/fl_simulation_20250619_231633_mnist_s4/model_storage/round_4/clients/client_5
Saved 0 background models
=== END CLIENT 5 MODEL SAVING ===

Performing disagreement-aware track-based model aggregation...
Starting file-based aggregation for round 4
Found 6 clients: [4, 5, 3, 2, 0, 1]
Loaded disagreements: {'client_0': [{'type': 'inbound', 'target': 'client_1', 'active_rounds': {'start': 1, 'end': 3}}]}
Filtering disagreements for round 4...
  Inactive: Client client_0 inbound disagreement with client client_1 (expired)
Round 4: All disagreements have expired or not yet started
No active disagreements for round 4, using standard aggregation
Updated global model with parameters from 6 clients

=== AGGREGATION TIMING SUMMARY FOR ROUND 4 ===
  Disagreement loading: 0.0001s
  Resolution time: 0.0000s
  Aggregation time: 0.0174s
  Track saving time: 0.0000s
  Total time: 0.0176s
  Has disagreements: False
=== END TIMING SUMMARY ===

Saved global model to results/fl_simulation_20250619_231633_mnist_s4/model_storage/round_4/global_model_aggregated
Evaluating global model and track-specific performance...
Round 4 - MNIST Classification Metrics:
  Overall Accuracy: 0.8911
  Mean Precision: 0.8980
  Mean Recall: 0.8911
  Mean F1 Score: 0.8921
Round 4 - Global model test accuracy: 0.8911
Round 4 - Global model test loss: 0.404256
Creating track progress plots with data from 3 rounds
No tracks directory for round 4 - disagreements likely expired
Saved 0 track progress plots for round 4
Saved results for round 4 (plot mode: minimal)

=== EVALUATING TRACK MODELS FOR ROUND 4 ===
No tracks directory found for round 4
Disagreements have expired in round 4, evaluating only the global model
Global model - Accuracy: 0.8911, F1: 0.8921

=== TRACK EVALUATION SUMMARY FOR ROUND 4 ===
Global model - Accuracy: 0.891100
global - Accuracy: 0.891100
=== END TRACK EVALUATION ===

Saved experiment results to results/fl_simulation_20250619_231633_mnist_s4/output/fl_results.json
Saved timing metrics to results/fl_simulation_20250619_231633_mnist_s4/output/aggregation_timing_metrics.json
Round 4 completed with disagreement resolution.

--- Federated Learning Round 5/5 ---
Analyzing disagreements and preparing track-specific models...

=== SERVER PREPARATION FOR ROUND 5 ===
  Using initiation_mechanism: shallow, lifting_mechanism: shallow, deep_lifting_finetune_rounds: 3
Loaded disagreements: {'client_0': [{'type': 'inbound', 'target': 'client_1', 'active_rounds': {'start': 1, 'end': 3}}]}
Filtering disagreements for round 5...
  Inactive: Client client_0 inbound disagreement with client client_1 (expired)
Round 5: All disagreements have expired or not yet started
Loading main global model from previous round 4's aggregated model: results/fl_simulation_20250619_231633_mnist_s4/model_storage/round_4/global_model_aggregated
Loaded model from round 4
Loaded global model from results/fl_simulation_20250619_231633_mnist_s4/model_storage/round_4/global_model_aggregated
Saved global model to results/fl_simulation_20250619_231633_mnist_s4/model_storage/round_5/global_model_for_training
Saved main global model for training in round 5 at results/fl_simulation_20250619_231633_mnist_s4/model_storage/round_5/global_model_for_training
No active disagreements for round 5. Using standard global model from results/fl_simulation_20250619_231633_mnist_s4/model_storage/round_4/global_model_aggregated
=== END SERVER PREPARATION FOR ROUND 5 ===\n
Updated track models based on disagreement changes from round 4
Starting disagreement-aware multi-track client training...
Client 0: Loading track models and training with disagreement resolution...

=== CLIENT 0 MODEL LOADING FOR ROUND 5 ===
No tracks directory found at results/fl_simulation_20250619_231633_mnist_s4/model_storage/round_5/tracks, will use standard global model
Successfully loaded standard global model from results/fl_simulation_20250619_231633_mnist_s4/model_storage/round_5/global_model_for_training
=== END CLIENT 0 MODEL LOADING ===


=== CLIENT 0 TRAINING FOR ROUND 5 ===
Training primary model...
Client 0 starting training for 1 epochs
Client 0 - Epoch 1/1 - Train Loss: 0.553938, Train Acc: 0.8417, Valid Loss: 0.459835, Valid Acc: 0.8917
Client 0 finished training
Client 0 saved training results to results/fl_simulation_20250619_231633_mnist_s4/output/clients/client_0/training_results_round_5.json
Primary model training complete. Accuracy: N/A
Client 0 has no background tracks to train
=== END CLIENT 0 TRAINING ===


=== CLIENT 0 MODEL SAVING FOR ROUND 5 ===
Client 0 saved model to results/fl_simulation_20250619_231633_mnist_s4/model_storage/round_5/clients/client_0
Saved primary model to results/fl_simulation_20250619_231633_mnist_s4/model_storage/round_5/clients/client_0
Saved 0 background models
=== END CLIENT 0 MODEL SAVING ===

Client 1: Loading track models and training with disagreement resolution...

=== CLIENT 1 MODEL LOADING FOR ROUND 5 ===
No tracks directory found at results/fl_simulation_20250619_231633_mnist_s4/model_storage/round_5/tracks, will use standard global model
Successfully loaded standard global model from results/fl_simulation_20250619_231633_mnist_s4/model_storage/round_5/global_model_for_training
=== END CLIENT 1 MODEL LOADING ===


=== CLIENT 1 TRAINING FOR ROUND 5 ===
Training primary model...
Client 1 starting training for 1 epochs
Client 1 - Epoch 1/1 - Train Loss: 0.555632, Train Acc: 0.8083, Valid Loss: 0.418618, Valid Acc: 0.8500
Client 1 finished training
Client 1 saved training results to results/fl_simulation_20250619_231633_mnist_s4/output/clients/client_1/training_results_round_5.json
Primary model training complete. Accuracy: N/A
Client 1 has no background tracks to train
=== END CLIENT 1 TRAINING ===


=== CLIENT 1 MODEL SAVING FOR ROUND 5 ===
Client 1 saved model to results/fl_simulation_20250619_231633_mnist_s4/model_storage/round_5/clients/client_1
Saved primary model to results/fl_simulation_20250619_231633_mnist_s4/model_storage/round_5/clients/client_1
Saved 0 background models
=== END CLIENT 1 MODEL SAVING ===

Client 2: Loading track models and training with disagreement resolution...

=== CLIENT 2 MODEL LOADING FOR ROUND 5 ===
No tracks directory found at results/fl_simulation_20250619_231633_mnist_s4/model_storage/round_5/tracks, will use standard global model
Successfully loaded standard global model from results/fl_simulation_20250619_231633_mnist_s4/model_storage/round_5/global_model_for_training
=== END CLIENT 2 MODEL LOADING ===


=== CLIENT 2 TRAINING FOR ROUND 5 ===
Training primary model...
Client 2 starting training for 1 epochs
Client 2 - Epoch 1/1 - Train Loss: 0.544074, Train Acc: 0.8375, Valid Loss: 0.513812, Valid Acc: 0.8667
Client 2 finished training
Client 2 saved training results to results/fl_simulation_20250619_231633_mnist_s4/output/clients/client_2/training_results_round_5.json
Primary model training complete. Accuracy: N/A
Client 2 has no background tracks to train
=== END CLIENT 2 TRAINING ===


=== CLIENT 2 MODEL SAVING FOR ROUND 5 ===
Client 2 saved model to results/fl_simulation_20250619_231633_mnist_s4/model_storage/round_5/clients/client_2
Saved primary model to results/fl_simulation_20250619_231633_mnist_s4/model_storage/round_5/clients/client_2
Saved 0 background models
=== END CLIENT 2 MODEL SAVING ===

Client 3: Loading track models and training with disagreement resolution...

=== CLIENT 3 MODEL LOADING FOR ROUND 5 ===
No tracks directory found at results/fl_simulation_20250619_231633_mnist_s4/model_storage/round_5/tracks, will use standard global model
Successfully loaded standard global model from results/fl_simulation_20250619_231633_mnist_s4/model_storage/round_5/global_model_for_training
=== END CLIENT 3 MODEL LOADING ===


=== CLIENT 3 TRAINING FOR ROUND 5 ===
Training primary model...
Client 3 starting training for 1 epochs
Client 3 - Epoch 1/1 - Train Loss: 0.548794, Train Acc: 0.7979, Valid Loss: 0.293183, Valid Acc: 0.9417
Client 3 finished training
Client 3 saved training results to results/fl_simulation_20250619_231633_mnist_s4/output/clients/client_3/training_results_round_5.json
Primary model training complete. Accuracy: N/A
Client 3 has no background tracks to train
=== END CLIENT 3 TRAINING ===


=== CLIENT 3 MODEL SAVING FOR ROUND 5 ===
Client 3 saved model to results/fl_simulation_20250619_231633_mnist_s4/model_storage/round_5/clients/client_3
Saved primary model to results/fl_simulation_20250619_231633_mnist_s4/model_storage/round_5/clients/client_3
Saved 0 background models
=== END CLIENT 3 MODEL SAVING ===

Client 4: Loading track models and training with disagreement resolution...

=== CLIENT 4 MODEL LOADING FOR ROUND 5 ===
No tracks directory found at results/fl_simulation_20250619_231633_mnist_s4/model_storage/round_5/tracks, will use standard global model
Successfully loaded standard global model from results/fl_simulation_20250619_231633_mnist_s4/model_storage/round_5/global_model_for_training
=== END CLIENT 4 MODEL LOADING ===


=== CLIENT 4 TRAINING FOR ROUND 5 ===
Training primary model...
Client 4 starting training for 1 epochs
Client 4 - Epoch 1/1 - Train Loss: 0.524605, Train Acc: 0.8354, Valid Loss: 0.429738, Valid Acc: 0.8583
Client 4 finished training
Client 4 saved training results to results/fl_simulation_20250619_231633_mnist_s4/output/clients/client_4/training_results_round_5.json
Primary model training complete. Accuracy: N/A
Client 4 has no background tracks to train
=== END CLIENT 4 TRAINING ===


=== CLIENT 4 MODEL SAVING FOR ROUND 5 ===
Client 4 saved model to results/fl_simulation_20250619_231633_mnist_s4/model_storage/round_5/clients/client_4
Saved primary model to results/fl_simulation_20250619_231633_mnist_s4/model_storage/round_5/clients/client_4
Saved 0 background models
=== END CLIENT 4 MODEL SAVING ===

Client 5: Loading track models and training with disagreement resolution...

=== CLIENT 5 MODEL LOADING FOR ROUND 5 ===
No tracks directory found at results/fl_simulation_20250619_231633_mnist_s4/model_storage/round_5/tracks, will use standard global model
Successfully loaded standard global model from results/fl_simulation_20250619_231633_mnist_s4/model_storage/round_5/global_model_for_training
=== END CLIENT 5 MODEL LOADING ===


=== CLIENT 5 TRAINING FOR ROUND 5 ===
Training primary model...
Client 5 starting training for 1 epochs
Client 5 - Epoch 1/1 - Train Loss: 0.438759, Train Acc: 0.8625, Valid Loss: 0.426690, Valid Acc: 0.9167
Client 5 finished training
Client 5 saved training results to results/fl_simulation_20250619_231633_mnist_s4/output/clients/client_5/training_results_round_5.json
Primary model training complete. Accuracy: N/A
Client 5 has no background tracks to train
=== END CLIENT 5 TRAINING ===


=== CLIENT 5 MODEL SAVING FOR ROUND 5 ===
Client 5 saved model to results/fl_simulation_20250619_231633_mnist_s4/model_storage/round_5/clients/client_5
Saved primary model to results/fl_simulation_20250619_231633_mnist_s4/model_storage/round_5/clients/client_5
Saved 0 background models
=== END CLIENT 5 MODEL SAVING ===

Performing disagreement-aware track-based model aggregation...
Starting file-based aggregation for round 5
Found 6 clients: [4, 5, 3, 2, 0, 1]
Loaded disagreements: {'client_0': [{'type': 'inbound', 'target': 'client_1', 'active_rounds': {'start': 1, 'end': 3}}]}
Filtering disagreements for round 5...
  Inactive: Client client_0 inbound disagreement with client client_1 (expired)
Round 5: All disagreements have expired or not yet started
No active disagreements for round 5, using standard aggregation
Updated global model with parameters from 6 clients

=== AGGREGATION TIMING SUMMARY FOR ROUND 5 ===
  Disagreement loading: 0.0001s
  Resolution time: 0.0000s
  Aggregation time: 0.0175s
  Track saving time: 0.0000s
  Total time: 0.0176s
  Has disagreements: False
=== END TIMING SUMMARY ===

Saved global model to results/fl_simulation_20250619_231633_mnist_s4/model_storage/round_5/global_model_aggregated
Evaluating global model and track-specific performance...
Round 5 - MNIST Classification Metrics:
  Overall Accuracy: 0.9145
  Mean Precision: 0.9167
  Mean Recall: 0.9145
  Mean F1 Score: 0.9147
Round 5 - Global model test accuracy: 0.9145
Round 5 - Global model test loss: 0.361101
Creating track progress plots with data from 4 rounds
No tracks directory for round 5 - disagreements likely expired
Saved 5 track progress plots for round 5
Creating timing plots with data from 5 rounds
Saved timing plots for round 5
Summary: Avg total time: 0.041s, Avg aggregation time: 0.041s, Avg resolution time: 0.063ms
Saved results for round 5 (plot mode: last round)

=== EVALUATING TRACK MODELS FOR ROUND 5 ===
No tracks directory found for round 5
Disagreements have expired in round 5, evaluating only the global model
Global model - Accuracy: 0.9145, F1: 0.9147

=== TRACK EVALUATION SUMMARY FOR ROUND 5 ===
Global model - Accuracy: 0.914500
global - Accuracy: 0.914500
=== END TRACK EVALUATION ===

Saved experiment results to results/fl_simulation_20250619_231633_mnist_s4/output/fl_results.json
Saved timing metrics to results/fl_simulation_20250619_231633_mnist_s4/output/aggregation_timing_metrics.json
Round 5 completed with disagreement resolution.
Saved experiment results to results/fl_simulation_20250619_231633_mnist_s4/output/fl_results.json
Saved timing metrics to results/fl_simulation_20250619_231633_mnist_s4/output/aggregation_timing_metrics.json

Federated learning with disagreement resolution completed!
Total running time: 10.03 seconds
