Updated configuration in mock_etcd/configuration.json
Initialized global n_cmapss model
Loading test data from data/n-cmapss/test/Unit11_win50_str1_smp10.npz
Sampling 500 instances from 66301 for test unit 11
Loading test data from data/n-cmapss/test/Unit14_win50_str1_smp10.npz
Sampling 500 instances from 15628 for test unit 14
Loading test data from data/n-cmapss/test/Unit15_win50_str1_smp10.npz
Sampling 500 instances from 43298 for test unit 15
Loaded test data with 1500 samples
Saved experiment results to results/fl_simulation_20250620_002849_n_cmapss_s25/output/fl_results.json
Loading data from data/n-cmapss/train/client_0/Unit2_win50_str1_smp10.npz
Sampling 1000 instances from 85266 for client 0
Client 0 loaded 1000 samples
Loading data from data/n-cmapss/train/client_1/Unit5_win50_str1_smp10.npz
Sampling 1000 instances from 103293 for client 1
Client 1 loaded 1000 samples
Loading data from data/n-cmapss/train/client_2/Unit10_win50_str1_smp10.npz
Sampling 1000 instances from 95222 for client 2
Client 2 loaded 1000 samples
Loading data from data/n-cmapss/train/client_3/Unit16_win50_str1_smp10.npz
Sampling 1000 instances from 76480 for client 3
Client 3 loaded 1000 samples
Loading data from data/n-cmapss/train/client_4/Unit18_win50_str1_smp10.npz
Sampling 1000 instances from 89023 for client 4
Client 4 loaded 1000 samples
Initialized disagreement-aware federated learning orchestrator
  - 5 clients for n_cmapss experiment
  - Advanced disagreement resolution with multi-track model training
  - Results directory: results/fl_simulation_20250620_002849_n_cmapss_s25
Starting federated learning with 5 rounds...
Saved global model to results/fl_simulation_20250620_002849_n_cmapss_s25/model_storage/global_model_initial
Initialized and saved the initial global model
Round 0 - RUL Prediction Metrics:
  RMSE: 37.91 cycles
  MAE: 32.03 cycles
  R²: -2.5135
  Within ±10 cycles: 17.80%
  Within ±20 cycles: 34.07%
Round 0 - Global model test loss: 37.914084
Saved results for round 0 (plot mode: minimal)
Saved experiment results to results/fl_simulation_20250620_002849_n_cmapss_s25/output/fl_results.json
Initial model evaluation completed

--- Federated Learning Round 1/5 ---
Analyzing disagreements and preparing track-specific models...

=== SERVER PREPARATION FOR ROUND 1 ===
  Using initiation_mechanism: shallow, lifting_mechanism: shallow, deep_lifting_finetune_rounds: 3
Loaded disagreements: {}
Round 1: No disagreements defined in the system
Round 1 starting with initial global model from results/fl_simulation_20250620_002849_n_cmapss_s25/model_storage/global_model_initial
Loaded model from round 0
Loaded global model from results/fl_simulation_20250620_002849_n_cmapss_s25/model_storage/global_model_initial
Saved global model to results/fl_simulation_20250620_002849_n_cmapss_s25/model_storage/round_1/global_model_for_training
Saved global model for training at results/fl_simulation_20250620_002849_n_cmapss_s25/model_storage/round_1/global_model_for_training
=== END SERVER PREPARATION FOR ROUND 1 ===\n
Created initial track models from global_model_initial for round 1
Starting disagreement-aware multi-track client training...
Client 0: Loading track models and training with disagreement resolution...

=== CLIENT 0 MODEL LOADING FOR ROUND 1 ===
No tracks directory found at results/fl_simulation_20250620_002849_n_cmapss_s25/model_storage/round_1/tracks, will use standard global model
Successfully loaded standard global model from results/fl_simulation_20250620_002849_n_cmapss_s25/model_storage/round_1/global_model_for_training
=== END CLIENT 0 MODEL LOADING ===


=== CLIENT 0 TRAINING FOR ROUND 1 ===
Training primary model...
Client 0 starting training for 10 epochs
Client 0 - Epoch 1/10 - Train Loss: 1515.894296, Valid Loss: 1289.968384
Client 0 - Epoch 2/10 - Train Loss: 1140.551772, Valid Loss: 1024.161713
Client 0 - Epoch 3/10 - Train Loss: 933.805157, Valid Loss: 902.265350
Client 0 - Epoch 4/10 - Train Loss: 833.259390, Valid Loss: 878.270187
Client 0 - Epoch 5/10 - Train Loss: 796.943707, Valid Loss: 833.249298
Client 0 - Epoch 6/10 - Train Loss: 723.407013, Valid Loss: 792.446991
Client 0 - Epoch 7/10 - Train Loss: 695.433016, Valid Loss: 771.320969
Client 0 - Epoch 8/10 - Train Loss: 686.420039, Valid Loss: 755.337936
Client 0 - Epoch 9/10 - Train Loss: 642.116112, Valid Loss: 745.602905
Client 0 - Epoch 10/10 - Train Loss: 650.927481, Valid Loss: 743.991714
Client 0 finished training
Client 0 saved training results to results/fl_simulation_20250620_002849_n_cmapss_s25/output/clients/client_0/training_results_round_1.json
Primary model training complete. Accuracy: N/A
Client 0 has no background tracks to train
=== END CLIENT 0 TRAINING ===


=== CLIENT 0 MODEL SAVING FOR ROUND 1 ===
Client 0 saved model to results/fl_simulation_20250620_002849_n_cmapss_s25/model_storage/round_1/clients/client_0
Saved primary model to results/fl_simulation_20250620_002849_n_cmapss_s25/model_storage/round_1/clients/client_0
Saved 0 background models
=== END CLIENT 0 MODEL SAVING ===

Client 1: Loading track models and training with disagreement resolution...

=== CLIENT 1 MODEL LOADING FOR ROUND 1 ===
No tracks directory found at results/fl_simulation_20250620_002849_n_cmapss_s25/model_storage/round_1/tracks, will use standard global model
Successfully loaded standard global model from results/fl_simulation_20250620_002849_n_cmapss_s25/model_storage/round_1/global_model_for_training
=== END CLIENT 1 MODEL LOADING ===


=== CLIENT 1 TRAINING FOR ROUND 1 ===
Training primary model...
Client 1 starting training for 10 epochs
Client 1 - Epoch 1/10 - Train Loss: 2399.113103, Valid Loss: 1921.569489
Client 1 - Epoch 2/10 - Train Loss: 1802.013709, Valid Loss: 1447.523651
Client 1 - Epoch 3/10 - Train Loss: 1429.132775, Valid Loss: 1193.390900
Client 1 - Epoch 4/10 - Train Loss: 1223.810091, Valid Loss: 1093.490204
Client 1 - Epoch 5/10 - Train Loss: 1114.900616, Valid Loss: 1064.038696
Client 1 - Epoch 6/10 - Train Loss: 1130.748357, Valid Loss: 1037.291916
Client 1 - Epoch 7/10 - Train Loss: 1074.448975, Valid Loss: 995.149231
Client 1 - Epoch 8/10 - Train Loss: 1039.688378, Valid Loss: 972.761810
Client 1 - Epoch 9/10 - Train Loss: 984.723492, Valid Loss: 965.938248
Client 1 - Epoch 10/10 - Train Loss: 947.447242, Valid Loss: 962.546356
Client 1 finished training
Client 1 saved training results to results/fl_simulation_20250620_002849_n_cmapss_s25/output/clients/client_1/training_results_round_1.json
Primary model training complete. Accuracy: N/A
Client 1 has no background tracks to train
=== END CLIENT 1 TRAINING ===


=== CLIENT 1 MODEL SAVING FOR ROUND 1 ===
Client 1 saved model to results/fl_simulation_20250620_002849_n_cmapss_s25/model_storage/round_1/clients/client_1
Saved primary model to results/fl_simulation_20250620_002849_n_cmapss_s25/model_storage/round_1/clients/client_1
Saved 0 background models
=== END CLIENT 1 MODEL SAVING ===

Client 2: Loading track models and training with disagreement resolution...

=== CLIENT 2 MODEL LOADING FOR ROUND 1 ===
No tracks directory found at results/fl_simulation_20250620_002849_n_cmapss_s25/model_storage/round_1/tracks, will use standard global model
Successfully loaded standard global model from results/fl_simulation_20250620_002849_n_cmapss_s25/model_storage/round_1/global_model_for_training
=== END CLIENT 2 MODEL LOADING ===


=== CLIENT 2 TRAINING FOR ROUND 1 ===
Training primary model...
Client 2 starting training for 10 epochs
Client 2 - Epoch 1/10 - Train Loss: 1840.846783, Valid Loss: 1634.571228
Client 2 - Epoch 2/10 - Train Loss: 1368.152536, Valid Loss: 1373.940948
Client 2 - Epoch 3/10 - Train Loss: 1159.740192, Valid Loss: 1218.850067
Client 2 - Epoch 4/10 - Train Loss: 967.285086, Valid Loss: 1077.295181
Client 2 - Epoch 5/10 - Train Loss: 882.217619, Valid Loss: 998.827148
Client 2 - Epoch 6/10 - Train Loss: 823.189824, Valid Loss: 920.460709
Client 2 - Epoch 7/10 - Train Loss: 786.815632, Valid Loss: 837.576279
Client 2 - Epoch 8/10 - Train Loss: 780.290471, Valid Loss: 767.846237
Client 2 - Epoch 9/10 - Train Loss: 720.144954, Valid Loss: 698.761665
Client 2 - Epoch 10/10 - Train Loss: 676.940458, Valid Loss: 665.366447
Client 2 finished training
Client 2 saved training results to results/fl_simulation_20250620_002849_n_cmapss_s25/output/clients/client_2/training_results_round_1.json
Primary model training complete. Accuracy: N/A
Client 2 has no background tracks to train
=== END CLIENT 2 TRAINING ===


=== CLIENT 2 MODEL SAVING FOR ROUND 1 ===
Client 2 saved model to results/fl_simulation_20250620_002849_n_cmapss_s25/model_storage/round_1/clients/client_2
Saved primary model to results/fl_simulation_20250620_002849_n_cmapss_s25/model_storage/round_1/clients/client_2
Saved 0 background models
=== END CLIENT 2 MODEL SAVING ===

Client 3: Loading track models and training with disagreement resolution...

=== CLIENT 3 MODEL LOADING FOR ROUND 1 ===
No tracks directory found at results/fl_simulation_20250620_002849_n_cmapss_s25/model_storage/round_1/tracks, will use standard global model
Successfully loaded standard global model from results/fl_simulation_20250620_002849_n_cmapss_s25/model_storage/round_1/global_model_for_training
=== END CLIENT 3 MODEL LOADING ===


=== CLIENT 3 TRAINING FOR ROUND 1 ===
Training primary model...
Client 3 starting training for 10 epochs
Client 3 - Epoch 1/10 - Train Loss: 1051.946435, Valid Loss: 659.502319
Client 3 - Epoch 2/10 - Train Loss: 741.083909, Valid Loss: 421.610188
Client 3 - Epoch 3/10 - Train Loss: 553.845952, Valid Loss: 342.750439
Client 3 - Epoch 4/10 - Train Loss: 507.354851, Valid Loss: 335.242180
Client 3 - Epoch 5/10 - Train Loss: 482.970722, Valid Loss: 318.521492
Client 3 - Epoch 6/10 - Train Loss: 470.383259, Valid Loss: 315.936234
Client 3 - Epoch 7/10 - Train Loss: 441.877934, Valid Loss: 312.857800
Client 3 - Epoch 8/10 - Train Loss: 415.937502, Valid Loss: 311.386520
Client 3 - Epoch 9/10 - Train Loss: 420.485929, Valid Loss: 310.213554
Client 3 - Epoch 10/10 - Train Loss: 418.129636, Valid Loss: 310.573349
Client 3 finished training
Client 3 saved training results to results/fl_simulation_20250620_002849_n_cmapss_s25/output/clients/client_3/training_results_round_1.json
Primary model training complete. Accuracy: N/A
Client 3 has no background tracks to train
=== END CLIENT 3 TRAINING ===


=== CLIENT 3 MODEL SAVING FOR ROUND 1 ===
Client 3 saved model to results/fl_simulation_20250620_002849_n_cmapss_s25/model_storage/round_1/clients/client_3
Saved primary model to results/fl_simulation_20250620_002849_n_cmapss_s25/model_storage/round_1/clients/client_3
Saved 0 background models
=== END CLIENT 3 MODEL SAVING ===

Client 4: Loading track models and training with disagreement resolution...

=== CLIENT 4 MODEL LOADING FOR ROUND 1 ===
No tracks directory found at results/fl_simulation_20250620_002849_n_cmapss_s25/model_storage/round_1/tracks, will use standard global model
Successfully loaded standard global model from results/fl_simulation_20250620_002849_n_cmapss_s25/model_storage/round_1/global_model_for_training
=== END CLIENT 4 MODEL LOADING ===


=== CLIENT 4 TRAINING FOR ROUND 1 ===
Training primary model...
Client 4 starting training for 10 epochs
Client 4 - Epoch 1/10 - Train Loss: 1446.357056, Valid Loss: 1064.001968
Client 4 - Epoch 2/10 - Train Loss: 1086.555584, Valid Loss: 836.779175
Client 4 - Epoch 3/10 - Train Loss: 876.789645, Valid Loss: 707.213013
Client 4 - Epoch 4/10 - Train Loss: 760.044387, Valid Loss: 651.324463
Client 4 - Epoch 5/10 - Train Loss: 736.042222, Valid Loss: 636.735382
Client 4 - Epoch 6/10 - Train Loss: 717.859471, Valid Loss: 607.941505
Client 4 - Epoch 7/10 - Train Loss: 684.556777, Valid Loss: 578.575417
Client 4 - Epoch 8/10 - Train Loss: 643.208271, Valid Loss: 551.896294
Client 4 - Epoch 9/10 - Train Loss: 628.929418, Valid Loss: 531.829239
Client 4 - Epoch 10/10 - Train Loss: 594.236938, Valid Loss: 522.296165
Client 4 finished training
Client 4 saved training results to results/fl_simulation_20250620_002849_n_cmapss_s25/output/clients/client_4/training_results_round_1.json
Primary model training complete. Accuracy: N/A
Client 4 has no background tracks to train
=== END CLIENT 4 TRAINING ===


=== CLIENT 4 MODEL SAVING FOR ROUND 1 ===
Client 4 saved model to results/fl_simulation_20250620_002849_n_cmapss_s25/model_storage/round_1/clients/client_4
Saved primary model to results/fl_simulation_20250620_002849_n_cmapss_s25/model_storage/round_1/clients/client_4
Saved 0 background models
=== END CLIENT 4 MODEL SAVING ===

Performing disagreement-aware track-based model aggregation...
Starting file-based aggregation for round 1
Found 5 clients: [4, 3, 2, 0, 1]
Loaded disagreements: {}
Round 1: No disagreements defined in the system
No active disagreements for round 1, using standard aggregation
Updated global model with parameters from 5 clients

=== AGGREGATION TIMING SUMMARY FOR ROUND 1 ===
  Disagreement loading: 0.0001s
  Resolution time: 0.0000s
  Aggregation time: 0.0195s
  Track saving time: 0.0000s
  Total time: 0.0198s
  Has disagreements: False
=== END TIMING SUMMARY ===

Saved global model to results/fl_simulation_20250620_002849_n_cmapss_s25/model_storage/round_1/global_model_aggregated
Evaluating global model and track-specific performance...
Round 1 - RUL Prediction Metrics:
  RMSE: 25.88 cycles
  MAE: 21.01 cycles
  R²: -0.6530
  Within ±10 cycles: 29.47%
  Within ±20 cycles: 55.00%
Round 1 - Global model test loss: 25.875861
Saved results for round 1 (plot mode: minimal)

=== EVALUATING TRACK MODELS FOR ROUND 1 ===
No tracks directory found for round 1
Saved experiment results to results/fl_simulation_20250620_002849_n_cmapss_s25/output/fl_results.json
Saved timing metrics to results/fl_simulation_20250620_002849_n_cmapss_s25/output/aggregation_timing_metrics.json
Round 1 completed with disagreement resolution.

--- Federated Learning Round 2/5 ---
Analyzing disagreements and preparing track-specific models...

=== SERVER PREPARATION FOR ROUND 2 ===
  Using initiation_mechanism: shallow, lifting_mechanism: shallow, deep_lifting_finetune_rounds: 3
Loaded disagreements: {}
Round 2: No disagreements defined in the system
Loading main global model from previous round 1's aggregated model: results/fl_simulation_20250620_002849_n_cmapss_s25/model_storage/round_1/global_model_aggregated
Loaded model from round 1
Loaded global model from results/fl_simulation_20250620_002849_n_cmapss_s25/model_storage/round_1/global_model_aggregated
Saved global model to results/fl_simulation_20250620_002849_n_cmapss_s25/model_storage/round_2/global_model_for_training
Saved main global model for training in round 2 at results/fl_simulation_20250620_002849_n_cmapss_s25/model_storage/round_2/global_model_for_training
No active disagreements for round 2. Using standard global model from results/fl_simulation_20250620_002849_n_cmapss_s25/model_storage/round_1/global_model_aggregated
=== END SERVER PREPARATION FOR ROUND 2 ===\n
Updated track models based on disagreement changes from round 1
Starting disagreement-aware multi-track client training...
Client 0: Loading track models and training with disagreement resolution...

=== CLIENT 0 MODEL LOADING FOR ROUND 2 ===
No tracks directory found at results/fl_simulation_20250620_002849_n_cmapss_s25/model_storage/round_2/tracks, will use standard global model
Successfully loaded standard global model from results/fl_simulation_20250620_002849_n_cmapss_s25/model_storage/round_2/global_model_for_training
=== END CLIENT 0 MODEL LOADING ===


=== CLIENT 0 TRAINING FOR ROUND 2 ===
Training primary model...
Client 0 starting training for 10 epochs
Client 0 - Epoch 1/10 - Train Loss: 668.085768, Valid Loss: 720.142693
Client 0 - Epoch 2/10 - Train Loss: 628.443317, Valid Loss: 723.072571
Client 0 - Epoch 3/10 - Train Loss: 629.627014, Valid Loss: 732.232025
Client 0 - Epoch 4/10 - Train Loss: 591.472987, Valid Loss: 714.522995
Client 0 - Epoch 5/10 - Train Loss: 580.459644, Valid Loss: 698.414078
Client 0 - Epoch 6/10 - Train Loss: 569.637982, Valid Loss: 695.641632
Client 0 - Epoch 7/10 - Train Loss: 560.825371, Valid Loss: 674.398682
Client 0 - Epoch 8/10 - Train Loss: 552.662760, Valid Loss: 677.619980
Client 0 - Epoch 9/10 - Train Loss: 541.625958, Valid Loss: 661.091743
Client 0 - Epoch 10/10 - Train Loss: 512.968318, Valid Loss: 634.379822
Client 0 finished training
Client 0 saved training results to results/fl_simulation_20250620_002849_n_cmapss_s25/output/clients/client_0/training_results_round_2.json
Primary model training complete. Accuracy: N/A
Client 0 has no background tracks to train
=== END CLIENT 0 TRAINING ===


=== CLIENT 0 MODEL SAVING FOR ROUND 2 ===
Client 0 saved model to results/fl_simulation_20250620_002849_n_cmapss_s25/model_storage/round_2/clients/client_0
Saved primary model to results/fl_simulation_20250620_002849_n_cmapss_s25/model_storage/round_2/clients/client_0
Saved 0 background models
=== END CLIENT 0 MODEL SAVING ===

Client 1: Loading track models and training with disagreement resolution...

=== CLIENT 1 MODEL LOADING FOR ROUND 2 ===
No tracks directory found at results/fl_simulation_20250620_002849_n_cmapss_s25/model_storage/round_2/tracks, will use standard global model
Successfully loaded standard global model from results/fl_simulation_20250620_002849_n_cmapss_s25/model_storage/round_2/global_model_for_training
=== END CLIENT 1 MODEL LOADING ===


=== CLIENT 1 TRAINING FOR ROUND 2 ===
Training primary model...
Client 1 starting training for 10 epochs
Client 1 - Epoch 1/10 - Train Loss: 995.120267, Valid Loss: 952.183578
Client 1 - Epoch 2/10 - Train Loss: 929.660598, Valid Loss: 951.276993
Client 1 - Epoch 3/10 - Train Loss: 945.936012, Valid Loss: 920.103531
Client 1 - Epoch 4/10 - Train Loss: 896.519785, Valid Loss: 896.402390
Client 1 - Epoch 5/10 - Train Loss: 860.541053, Valid Loss: 896.314026
Client 1 - Epoch 6/10 - Train Loss: 860.027128, Valid Loss: 868.591415
Client 1 - Epoch 7/10 - Train Loss: 860.507662, Valid Loss: 843.203461
Client 1 - Epoch 8/10 - Train Loss: 813.740892, Valid Loss: 823.431229
Client 1 - Epoch 9/10 - Train Loss: 789.932434, Valid Loss: 785.736984
Client 1 - Epoch 10/10 - Train Loss: 790.054918, Valid Loss: 767.680725
Client 1 finished training
Client 1 saved training results to results/fl_simulation_20250620_002849_n_cmapss_s25/output/clients/client_1/training_results_round_2.json
Primary model training complete. Accuracy: N/A
Client 1 has no background tracks to train
=== END CLIENT 1 TRAINING ===


=== CLIENT 1 MODEL SAVING FOR ROUND 2 ===
Client 1 saved model to results/fl_simulation_20250620_002849_n_cmapss_s25/model_storage/round_2/clients/client_1
Saved primary model to results/fl_simulation_20250620_002849_n_cmapss_s25/model_storage/round_2/clients/client_1
Saved 0 background models
=== END CLIENT 1 MODEL SAVING ===

Client 2: Loading track models and training with disagreement resolution...

=== CLIENT 2 MODEL LOADING FOR ROUND 2 ===
No tracks directory found at results/fl_simulation_20250620_002849_n_cmapss_s25/model_storage/round_2/tracks, will use standard global model
Successfully loaded standard global model from results/fl_simulation_20250620_002849_n_cmapss_s25/model_storage/round_2/global_model_for_training
=== END CLIENT 2 MODEL LOADING ===


=== CLIENT 2 TRAINING FOR ROUND 2 ===
Training primary model...
Client 2 starting training for 10 epochs
Client 2 - Epoch 1/10 - Train Loss: 723.610183, Valid Loss: 677.469635
Client 2 - Epoch 2/10 - Train Loss: 690.675105, Valid Loss: 628.425018
Client 2 - Epoch 3/10 - Train Loss: 679.594518, Valid Loss: 606.565765
Client 2 - Epoch 4/10 - Train Loss: 646.376188, Valid Loss: 581.165932
Client 2 - Epoch 5/10 - Train Loss: 616.517963, Valid Loss: 572.252632
Client 2 - Epoch 6/10 - Train Loss: 612.883700, Valid Loss: 557.602386
Client 2 - Epoch 7/10 - Train Loss: 590.352417, Valid Loss: 558.498596
Client 2 - Epoch 8/10 - Train Loss: 599.344511, Valid Loss: 544.453560
Client 2 - Epoch 9/10 - Train Loss: 573.029201, Valid Loss: 541.126434
Client 2 - Epoch 10/10 - Train Loss: 579.120364, Valid Loss: 518.481491
Client 2 finished training
Client 2 saved training results to results/fl_simulation_20250620_002849_n_cmapss_s25/output/clients/client_2/training_results_round_2.json
Primary model training complete. Accuracy: N/A
Client 2 has no background tracks to train
=== END CLIENT 2 TRAINING ===


=== CLIENT 2 MODEL SAVING FOR ROUND 2 ===
Client 2 saved model to results/fl_simulation_20250620_002849_n_cmapss_s25/model_storage/round_2/clients/client_2
Saved primary model to results/fl_simulation_20250620_002849_n_cmapss_s25/model_storage/round_2/clients/client_2
Saved 0 background models
=== END CLIENT 2 MODEL SAVING ===

Client 3: Loading track models and training with disagreement resolution...

=== CLIENT 3 MODEL LOADING FOR ROUND 2 ===
No tracks directory found at results/fl_simulation_20250620_002849_n_cmapss_s25/model_storage/round_2/tracks, will use standard global model
Successfully loaded standard global model from results/fl_simulation_20250620_002849_n_cmapss_s25/model_storage/round_2/global_model_for_training
=== END CLIENT 3 MODEL LOADING ===


=== CLIENT 3 TRAINING FOR ROUND 2 ===
Training primary model...
Client 3 starting training for 10 epochs
Client 3 - Epoch 1/10 - Train Loss: 415.917309, Valid Loss: 293.663429
Client 3 - Epoch 2/10 - Train Loss: 396.281309, Valid Loss: 289.775169
Client 3 - Epoch 3/10 - Train Loss: 388.851422, Valid Loss: 294.727345
Client 3 - Epoch 4/10 - Train Loss: 376.075188, Valid Loss: 293.153065
Client 3 - Epoch 5/10 - Train Loss: 344.996535, Valid Loss: 281.707020
Client 3 - Epoch 6/10 - Train Loss: 364.898304, Valid Loss: 264.345509
Client 3 - Epoch 7/10 - Train Loss: 334.586017, Valid Loss: 258.434250
Client 3 - Epoch 8/10 - Train Loss: 332.680703, Valid Loss: 257.552910
Client 3 - Epoch 9/10 - Train Loss: 330.507169, Valid Loss: 246.452499
Client 3 - Epoch 10/10 - Train Loss: 311.035895, Valid Loss: 234.998665
Client 3 finished training
Client 3 saved training results to results/fl_simulation_20250620_002849_n_cmapss_s25/output/clients/client_3/training_results_round_2.json
Primary model training complete. Accuracy: N/A
Client 3 has no background tracks to train
=== END CLIENT 3 TRAINING ===


=== CLIENT 3 MODEL SAVING FOR ROUND 2 ===
Client 3 saved model to results/fl_simulation_20250620_002849_n_cmapss_s25/model_storage/round_2/clients/client_3
Saved primary model to results/fl_simulation_20250620_002849_n_cmapss_s25/model_storage/round_2/clients/client_3
Saved 0 background models
=== END CLIENT 3 MODEL SAVING ===

Client 4: Loading track models and training with disagreement resolution...

=== CLIENT 4 MODEL LOADING FOR ROUND 2 ===
No tracks directory found at results/fl_simulation_20250620_002849_n_cmapss_s25/model_storage/round_2/tracks, will use standard global model
Successfully loaded standard global model from results/fl_simulation_20250620_002849_n_cmapss_s25/model_storage/round_2/global_model_for_training
=== END CLIENT 4 MODEL LOADING ===


=== CLIENT 4 TRAINING FOR ROUND 2 ===
Training primary model...
Client 4 starting training for 10 epochs
Client 4 - Epoch 1/10 - Train Loss: 583.558718, Valid Loss: 513.256691
Client 4 - Epoch 2/10 - Train Loss: 579.922530, Valid Loss: 497.266457
Client 4 - Epoch 3/10 - Train Loss: 543.225288, Valid Loss: 487.982155
Client 4 - Epoch 4/10 - Train Loss: 533.061735, Valid Loss: 480.575577
Client 4 - Epoch 5/10 - Train Loss: 537.339147, Valid Loss: 466.452759
Client 4 - Epoch 6/10 - Train Loss: 502.082076, Valid Loss: 459.369232
Client 4 - Epoch 7/10 - Train Loss: 501.559204, Valid Loss: 446.634586
Client 4 - Epoch 8/10 - Train Loss: 477.951090, Valid Loss: 438.063293
Client 4 - Epoch 9/10 - Train Loss: 478.257693, Valid Loss: 423.686775
Client 4 - Epoch 10/10 - Train Loss: 456.787926, Valid Loss: 412.451462
Client 4 finished training
Client 4 saved training results to results/fl_simulation_20250620_002849_n_cmapss_s25/output/clients/client_4/training_results_round_2.json
Primary model training complete. Accuracy: N/A
Client 4 has no background tracks to train
=== END CLIENT 4 TRAINING ===


=== CLIENT 4 MODEL SAVING FOR ROUND 2 ===
Client 4 saved model to results/fl_simulation_20250620_002849_n_cmapss_s25/model_storage/round_2/clients/client_4
Saved primary model to results/fl_simulation_20250620_002849_n_cmapss_s25/model_storage/round_2/clients/client_4
Saved 0 background models
=== END CLIENT 4 MODEL SAVING ===

Performing disagreement-aware track-based model aggregation...
Starting file-based aggregation for round 2
Found 5 clients: [4, 3, 2, 0, 1]
Loaded disagreements: {}
Round 2: No disagreements defined in the system
No active disagreements for round 2, using standard aggregation
Updated global model with parameters from 5 clients

=== AGGREGATION TIMING SUMMARY FOR ROUND 2 ===
  Disagreement loading: 0.0000s
  Resolution time: 0.0000s
  Aggregation time: 0.0071s
  Track saving time: 0.0000s
  Total time: 0.0072s
  Has disagreements: False
=== END TIMING SUMMARY ===

Saved global model to results/fl_simulation_20250620_002849_n_cmapss_s25/model_storage/round_2/global_model_aggregated
Evaluating global model and track-specific performance...
Round 2 - RUL Prediction Metrics:
  RMSE: 24.38 cycles
  MAE: 19.81 cycles
  R²: -0.4698
  Within ±10 cycles: 29.67%
  Within ±20 cycles: 57.93%
Round 2 - Global model test loss: 24.375668
Saved results for round 2 (plot mode: minimal)

=== EVALUATING TRACK MODELS FOR ROUND 2 ===
No tracks directory found for round 2
Saved experiment results to results/fl_simulation_20250620_002849_n_cmapss_s25/output/fl_results.json
Saved timing metrics to results/fl_simulation_20250620_002849_n_cmapss_s25/output/aggregation_timing_metrics.json
Round 2 completed with disagreement resolution.

--- Federated Learning Round 3/5 ---
Analyzing disagreements and preparing track-specific models...

=== SERVER PREPARATION FOR ROUND 3 ===
  Using initiation_mechanism: shallow, lifting_mechanism: shallow, deep_lifting_finetune_rounds: 3
Loaded disagreements: {}
Round 3: No disagreements defined in the system
Loading main global model from previous round 2's aggregated model: results/fl_simulation_20250620_002849_n_cmapss_s25/model_storage/round_2/global_model_aggregated
Loaded model from round 2
Loaded global model from results/fl_simulation_20250620_002849_n_cmapss_s25/model_storage/round_2/global_model_aggregated
Saved global model to results/fl_simulation_20250620_002849_n_cmapss_s25/model_storage/round_3/global_model_for_training
Saved main global model for training in round 3 at results/fl_simulation_20250620_002849_n_cmapss_s25/model_storage/round_3/global_model_for_training
No active disagreements for round 3. Using standard global model from results/fl_simulation_20250620_002849_n_cmapss_s25/model_storage/round_2/global_model_aggregated
=== END SERVER PREPARATION FOR ROUND 3 ===\n
Updated track models based on disagreement changes from round 2
Starting disagreement-aware multi-track client training...
Client 0: Loading track models and training with disagreement resolution...

=== CLIENT 0 MODEL LOADING FOR ROUND 3 ===
No tracks directory found at results/fl_simulation_20250620_002849_n_cmapss_s25/model_storage/round_3/tracks, will use standard global model
Successfully loaded standard global model from results/fl_simulation_20250620_002849_n_cmapss_s25/model_storage/round_3/global_model_for_training
=== END CLIENT 0 MODEL LOADING ===


=== CLIENT 0 TRAINING FOR ROUND 3 ===
Training primary model...
Client 0 starting training for 10 epochs
Client 0 - Epoch 1/10 - Train Loss: 524.196852, Valid Loss: 633.465912
Client 0 - Epoch 2/10 - Train Loss: 513.233201, Valid Loss: 615.198448
Client 0 - Epoch 3/10 - Train Loss: 500.033821, Valid Loss: 606.685219
Client 0 - Epoch 4/10 - Train Loss: 491.552591, Valid Loss: 587.235519
Client 0 - Epoch 5/10 - Train Loss: 470.324475, Valid Loss: 573.839142
Client 0 - Epoch 6/10 - Train Loss: 451.095140, Valid Loss: 550.640297
Client 0 - Epoch 7/10 - Train Loss: 443.931035, Valid Loss: 526.609871
Client 0 - Epoch 8/10 - Train Loss: 429.435547, Valid Loss: 520.814621
Client 0 - Epoch 9/10 - Train Loss: 410.847011, Valid Loss: 511.507370
Client 0 - Epoch 10/10 - Train Loss: 393.517825, Valid Loss: 482.967026
Client 0 finished training
Client 0 saved training results to results/fl_simulation_20250620_002849_n_cmapss_s25/output/clients/client_0/training_results_round_3.json
Primary model training complete. Accuracy: N/A
Client 0 has no background tracks to train
=== END CLIENT 0 TRAINING ===


=== CLIENT 0 MODEL SAVING FOR ROUND 3 ===
Client 0 saved model to results/fl_simulation_20250620_002849_n_cmapss_s25/model_storage/round_3/clients/client_0
Saved primary model to results/fl_simulation_20250620_002849_n_cmapss_s25/model_storage/round_3/clients/client_0
Saved 0 background models
=== END CLIENT 0 MODEL SAVING ===

Client 1: Loading track models and training with disagreement resolution...

=== CLIENT 1 MODEL LOADING FOR ROUND 3 ===
No tracks directory found at results/fl_simulation_20250620_002849_n_cmapss_s25/model_storage/round_3/tracks, will use standard global model
Successfully loaded standard global model from results/fl_simulation_20250620_002849_n_cmapss_s25/model_storage/round_3/global_model_for_training
=== END CLIENT 1 MODEL LOADING ===


=== CLIENT 1 TRAINING FOR ROUND 3 ===
Training primary model...
Client 1 starting training for 10 epochs
Client 1 - Epoch 1/10 - Train Loss: 811.126549, Valid Loss: 773.743881
Client 1 - Epoch 2/10 - Train Loss: 786.701116, Valid Loss: 747.755447
Client 1 - Epoch 3/10 - Train Loss: 768.164875, Valid Loss: 706.340454
Client 1 - Epoch 4/10 - Train Loss: 735.236061, Valid Loss: 682.857513
Client 1 - Epoch 5/10 - Train Loss: 709.009033, Valid Loss: 663.145706
Client 1 - Epoch 6/10 - Train Loss: 707.702266, Valid Loss: 632.149399
Client 1 - Epoch 7/10 - Train Loss: 713.156447, Valid Loss: 636.804382
Client 1 - Epoch 8/10 - Train Loss: 628.908863, Valid Loss: 593.719376
Client 1 - Epoch 9/10 - Train Loss: 645.047077, Valid Loss: 574.500626
Client 1 - Epoch 10/10 - Train Loss: 620.078956, Valid Loss: 547.100250
Client 1 finished training
Client 1 saved training results to results/fl_simulation_20250620_002849_n_cmapss_s25/output/clients/client_1/training_results_round_3.json
Primary model training complete. Accuracy: N/A
Client 1 has no background tracks to train
=== END CLIENT 1 TRAINING ===


=== CLIENT 1 MODEL SAVING FOR ROUND 3 ===
Client 1 saved model to results/fl_simulation_20250620_002849_n_cmapss_s25/model_storage/round_3/clients/client_1
Saved primary model to results/fl_simulation_20250620_002849_n_cmapss_s25/model_storage/round_3/clients/client_1
Saved 0 background models
=== END CLIENT 1 MODEL SAVING ===

Client 2: Loading track models and training with disagreement resolution...

=== CLIENT 2 MODEL LOADING FOR ROUND 3 ===
No tracks directory found at results/fl_simulation_20250620_002849_n_cmapss_s25/model_storage/round_3/tracks, will use standard global model
Successfully loaded standard global model from results/fl_simulation_20250620_002849_n_cmapss_s25/model_storage/round_3/global_model_for_training
=== END CLIENT 2 MODEL LOADING ===


=== CLIENT 2 TRAINING FOR ROUND 3 ===
Training primary model...
Client 2 starting training for 10 epochs
Client 2 - Epoch 1/10 - Train Loss: 555.939362, Valid Loss: 502.981491
Client 2 - Epoch 2/10 - Train Loss: 553.416152, Valid Loss: 488.008339
Client 2 - Epoch 3/10 - Train Loss: 536.750392, Valid Loss: 483.566002
Client 2 - Epoch 4/10 - Train Loss: 522.030839, Valid Loss: 472.854347
Client 2 - Epoch 5/10 - Train Loss: 541.381188, Valid Loss: 462.216019
Client 2 - Epoch 6/10 - Train Loss: 498.219903, Valid Loss: 449.852455
Client 2 - Epoch 7/10 - Train Loss: 463.953282, Valid Loss: 440.369904
Client 2 - Epoch 8/10 - Train Loss: 483.929004, Valid Loss: 428.003677
Client 2 - Epoch 9/10 - Train Loss: 462.843149, Valid Loss: 431.481209
Client 2 - Epoch 10/10 - Train Loss: 440.879498, Valid Loss: 415.734856
Client 2 finished training
Client 2 saved training results to results/fl_simulation_20250620_002849_n_cmapss_s25/output/clients/client_2/training_results_round_3.json
Primary model training complete. Accuracy: N/A
Client 2 has no background tracks to train
=== END CLIENT 2 TRAINING ===


=== CLIENT 2 MODEL SAVING FOR ROUND 3 ===
Client 2 saved model to results/fl_simulation_20250620_002849_n_cmapss_s25/model_storage/round_3/clients/client_2
Saved primary model to results/fl_simulation_20250620_002849_n_cmapss_s25/model_storage/round_3/clients/client_2
Saved 0 background models
=== END CLIENT 2 MODEL SAVING ===

Client 3: Loading track models and training with disagreement resolution...

=== CLIENT 3 MODEL LOADING FOR ROUND 3 ===
No tracks directory found at results/fl_simulation_20250620_002849_n_cmapss_s25/model_storage/round_3/tracks, will use standard global model
Successfully loaded standard global model from results/fl_simulation_20250620_002849_n_cmapss_s25/model_storage/round_3/global_model_for_training
=== END CLIENT 3 MODEL LOADING ===


=== CLIENT 3 TRAINING FOR ROUND 3 ===
Training primary model...
Client 3 starting training for 10 epochs
Client 3 - Epoch 1/10 - Train Loss: 331.035463, Valid Loss: 237.019520
Client 3 - Epoch 2/10 - Train Loss: 335.934681, Valid Loss: 223.402901
Client 3 - Epoch 3/10 - Train Loss: 302.218275, Valid Loss: 214.992764
Client 3 - Epoch 4/10 - Train Loss: 306.564296, Valid Loss: 208.782505
Client 3 - Epoch 5/10 - Train Loss: 292.732354, Valid Loss: 196.851147
Client 3 - Epoch 6/10 - Train Loss: 288.325948, Valid Loss: 195.606730
Client 3 - Epoch 7/10 - Train Loss: 272.527314, Valid Loss: 189.140469
Client 3 - Epoch 8/10 - Train Loss: 272.656423, Valid Loss: 182.006031
Client 3 - Epoch 9/10 - Train Loss: 254.969939, Valid Loss: 175.329515
Client 3 - Epoch 10/10 - Train Loss: 245.742021, Valid Loss: 164.654675
Client 3 finished training
Client 3 saved training results to results/fl_simulation_20250620_002849_n_cmapss_s25/output/clients/client_3/training_results_round_3.json
Primary model training complete. Accuracy: N/A
Client 3 has no background tracks to train
=== END CLIENT 3 TRAINING ===


=== CLIENT 3 MODEL SAVING FOR ROUND 3 ===
Client 3 saved model to results/fl_simulation_20250620_002849_n_cmapss_s25/model_storage/round_3/clients/client_3
Saved primary model to results/fl_simulation_20250620_002849_n_cmapss_s25/model_storage/round_3/clients/client_3
Saved 0 background models
=== END CLIENT 3 MODEL SAVING ===

Client 4: Loading track models and training with disagreement resolution...

=== CLIENT 4 MODEL LOADING FOR ROUND 3 ===
No tracks directory found at results/fl_simulation_20250620_002849_n_cmapss_s25/model_storage/round_3/tracks, will use standard global model
Successfully loaded standard global model from results/fl_simulation_20250620_002849_n_cmapss_s25/model_storage/round_3/global_model_for_training
=== END CLIENT 4 MODEL LOADING ===


=== CLIENT 4 TRAINING FOR ROUND 3 ===
Training primary model...
Client 4 starting training for 10 epochs
Client 4 - Epoch 1/10 - Train Loss: 478.662051, Valid Loss: 422.124058
Client 4 - Epoch 2/10 - Train Loss: 440.052441, Valid Loss: 410.011887
Client 4 - Epoch 3/10 - Train Loss: 442.472710, Valid Loss: 393.649738
Client 4 - Epoch 4/10 - Train Loss: 430.904527, Valid Loss: 382.001133
Client 4 - Epoch 5/10 - Train Loss: 415.926389, Valid Loss: 370.181400
Client 4 - Epoch 6/10 - Train Loss: 386.907158, Valid Loss: 361.229954
Client 4 - Epoch 7/10 - Train Loss: 393.202026, Valid Loss: 356.191933
Client 4 - Epoch 8/10 - Train Loss: 374.049178, Valid Loss: 335.312664
Client 4 - Epoch 9/10 - Train Loss: 341.129963, Valid Loss: 331.454815
Client 4 - Epoch 10/10 - Train Loss: 347.972924, Valid Loss: 320.931717
Client 4 finished training
Client 4 saved training results to results/fl_simulation_20250620_002849_n_cmapss_s25/output/clients/client_4/training_results_round_3.json
Primary model training complete. Accuracy: N/A
Client 4 has no background tracks to train
=== END CLIENT 4 TRAINING ===


=== CLIENT 4 MODEL SAVING FOR ROUND 3 ===
Client 4 saved model to results/fl_simulation_20250620_002849_n_cmapss_s25/model_storage/round_3/clients/client_4
Saved primary model to results/fl_simulation_20250620_002849_n_cmapss_s25/model_storage/round_3/clients/client_4
Saved 0 background models
=== END CLIENT 4 MODEL SAVING ===

Performing disagreement-aware track-based model aggregation...
Starting file-based aggregation for round 3
Found 5 clients: [4, 3, 2, 0, 1]
Loaded disagreements: {}
Round 3: No disagreements defined in the system
No active disagreements for round 3, using standard aggregation
Updated global model with parameters from 5 clients

=== AGGREGATION TIMING SUMMARY FOR ROUND 3 ===
  Disagreement loading: 0.0000s
  Resolution time: 0.0000s
  Aggregation time: 0.0070s
  Track saving time: 0.0000s
  Total time: 0.0072s
  Has disagreements: False
=== END TIMING SUMMARY ===

Saved global model to results/fl_simulation_20250620_002849_n_cmapss_s25/model_storage/round_3/global_model_aggregated
Evaluating global model and track-specific performance...
Round 3 - RUL Prediction Metrics:
  RMSE: 22.99 cycles
  MAE: 18.59 cycles
  R²: -0.3078
  Within ±10 cycles: 33.73%
  Within ±20 cycles: 59.87%
Round 3 - Global model test loss: 22.987277
Saved results for round 3 (plot mode: minimal)

=== EVALUATING TRACK MODELS FOR ROUND 3 ===
No tracks directory found for round 3
Saved experiment results to results/fl_simulation_20250620_002849_n_cmapss_s25/output/fl_results.json
Saved timing metrics to results/fl_simulation_20250620_002849_n_cmapss_s25/output/aggregation_timing_metrics.json
Round 3 completed with disagreement resolution.

--- Federated Learning Round 4/5 ---
Analyzing disagreements and preparing track-specific models...

=== SERVER PREPARATION FOR ROUND 4 ===
  Using initiation_mechanism: shallow, lifting_mechanism: shallow, deep_lifting_finetune_rounds: 3
Loaded disagreements: {}
Round 4: No disagreements defined in the system
Loading main global model from previous round 3's aggregated model: results/fl_simulation_20250620_002849_n_cmapss_s25/model_storage/round_3/global_model_aggregated
Loaded model from round 3
Loaded global model from results/fl_simulation_20250620_002849_n_cmapss_s25/model_storage/round_3/global_model_aggregated
Saved global model to results/fl_simulation_20250620_002849_n_cmapss_s25/model_storage/round_4/global_model_for_training
Saved main global model for training in round 4 at results/fl_simulation_20250620_002849_n_cmapss_s25/model_storage/round_4/global_model_for_training
No active disagreements for round 4. Using standard global model from results/fl_simulation_20250620_002849_n_cmapss_s25/model_storage/round_3/global_model_aggregated
=== END SERVER PREPARATION FOR ROUND 4 ===\n
Updated track models based on disagreement changes from round 3
Starting disagreement-aware multi-track client training...
Client 0: Loading track models and training with disagreement resolution...

=== CLIENT 0 MODEL LOADING FOR ROUND 4 ===
No tracks directory found at results/fl_simulation_20250620_002849_n_cmapss_s25/model_storage/round_4/tracks, will use standard global model
Successfully loaded standard global model from results/fl_simulation_20250620_002849_n_cmapss_s25/model_storage/round_4/global_model_for_training
=== END CLIENT 0 MODEL LOADING ===


=== CLIENT 0 TRAINING FOR ROUND 4 ===
Training primary model...
Client 0 starting training for 10 epochs
Client 0 - Epoch 1/10 - Train Loss: 427.466553, Valid Loss: 485.134323
Client 0 - Epoch 2/10 - Train Loss: 408.305267, Valid Loss: 460.712532
Client 0 - Epoch 3/10 - Train Loss: 399.498831, Valid Loss: 454.574783
Client 0 - Epoch 4/10 - Train Loss: 375.339753, Valid Loss: 439.074509
Client 0 - Epoch 5/10 - Train Loss: 364.390895, Valid Loss: 418.694115
Client 0 - Epoch 6/10 - Train Loss: 338.478128, Valid Loss: 418.939568
Client 0 - Epoch 7/10 - Train Loss: 319.831656, Valid Loss: 390.989601
Client 0 - Epoch 8/10 - Train Loss: 338.839489, Valid Loss: 367.395721
Client 0 - Epoch 9/10 - Train Loss: 301.279687, Valid Loss: 369.504349
Client 0 - Epoch 10/10 - Train Loss: 323.785443, Valid Loss: 351.377792
Client 0 finished training
Client 0 saved training results to results/fl_simulation_20250620_002849_n_cmapss_s25/output/clients/client_0/training_results_round_4.json
Primary model training complete. Accuracy: N/A
Client 0 has no background tracks to train
=== END CLIENT 0 TRAINING ===


=== CLIENT 0 MODEL SAVING FOR ROUND 4 ===
Client 0 saved model to results/fl_simulation_20250620_002849_n_cmapss_s25/model_storage/round_4/clients/client_0
Saved primary model to results/fl_simulation_20250620_002849_n_cmapss_s25/model_storage/round_4/clients/client_0
Saved 0 background models
=== END CLIENT 0 MODEL SAVING ===

Client 1: Loading track models and training with disagreement resolution...

=== CLIENT 1 MODEL LOADING FOR ROUND 4 ===
No tracks directory found at results/fl_simulation_20250620_002849_n_cmapss_s25/model_storage/round_4/tracks, will use standard global model
Successfully loaded standard global model from results/fl_simulation_20250620_002849_n_cmapss_s25/model_storage/round_4/global_model_for_training
=== END CLIENT 1 MODEL LOADING ===


=== CLIENT 1 TRAINING FOR ROUND 4 ===
Training primary model...
Client 1 starting training for 10 epochs
Client 1 - Epoch 1/10 - Train Loss: 632.164314, Valid Loss: 556.875595
Client 1 - Epoch 2/10 - Train Loss: 613.770942, Valid Loss: 548.806305
Client 1 - Epoch 3/10 - Train Loss: 589.779172, Valid Loss: 524.940140
Client 1 - Epoch 4/10 - Train Loss: 585.970391, Valid Loss: 505.136459
Client 1 - Epoch 5/10 - Train Loss: 561.430603, Valid Loss: 491.309143
Client 1 - Epoch 6/10 - Train Loss: 552.609326, Valid Loss: 461.861351
Client 1 - Epoch 7/10 - Train Loss: 529.508193, Valid Loss: 450.375603
Client 1 - Epoch 8/10 - Train Loss: 542.058514, Valid Loss: 428.141457
Client 1 - Epoch 9/10 - Train Loss: 478.991882, Valid Loss: 421.050911
Client 1 - Epoch 10/10 - Train Loss: 480.353232, Valid Loss: 399.628357
Client 1 finished training
Client 1 saved training results to results/fl_simulation_20250620_002849_n_cmapss_s25/output/clients/client_1/training_results_round_4.json
Primary model training complete. Accuracy: N/A
Client 1 has no background tracks to train
=== END CLIENT 1 TRAINING ===


=== CLIENT 1 MODEL SAVING FOR ROUND 4 ===
Client 1 saved model to results/fl_simulation_20250620_002849_n_cmapss_s25/model_storage/round_4/clients/client_1
Saved primary model to results/fl_simulation_20250620_002849_n_cmapss_s25/model_storage/round_4/clients/client_1
Saved 0 background models
=== END CLIENT 1 MODEL SAVING ===

Client 2: Loading track models and training with disagreement resolution...

=== CLIENT 2 MODEL LOADING FOR ROUND 4 ===
No tracks directory found at results/fl_simulation_20250620_002849_n_cmapss_s25/model_storage/round_4/tracks, will use standard global model
Successfully loaded standard global model from results/fl_simulation_20250620_002849_n_cmapss_s25/model_storage/round_4/global_model_for_training
=== END CLIENT 2 MODEL LOADING ===


=== CLIENT 2 TRAINING FOR ROUND 4 ===
Training primary model...
Client 2 starting training for 10 epochs
Client 2 - Epoch 1/10 - Train Loss: 440.088759, Valid Loss: 405.961304
Client 2 - Epoch 2/10 - Train Loss: 434.537030, Valid Loss: 383.103096
Client 2 - Epoch 3/10 - Train Loss: 421.666333, Valid Loss: 389.970673
Client 2 - Epoch 4/10 - Train Loss: 395.846640, Valid Loss: 373.263016
Client 2 - Epoch 5/10 - Train Loss: 387.644052, Valid Loss: 356.970200
Client 2 - Epoch 6/10 - Train Loss: 396.502247, Valid Loss: 356.725044
Client 2 - Epoch 7/10 - Train Loss: 397.430169, Valid Loss: 340.760872
Client 2 - Epoch 8/10 - Train Loss: 371.017320, Valid Loss: 331.721115
Client 2 - Epoch 9/10 - Train Loss: 367.750533, Valid Loss: 322.121971
Client 2 - Epoch 10/10 - Train Loss: 344.812030, Valid Loss: 321.077072
Client 2 finished training
Client 2 saved training results to results/fl_simulation_20250620_002849_n_cmapss_s25/output/clients/client_2/training_results_round_4.json
Primary model training complete. Accuracy: N/A
Client 2 has no background tracks to train
=== END CLIENT 2 TRAINING ===


=== CLIENT 2 MODEL SAVING FOR ROUND 4 ===
Client 2 saved model to results/fl_simulation_20250620_002849_n_cmapss_s25/model_storage/round_4/clients/client_2
Saved primary model to results/fl_simulation_20250620_002849_n_cmapss_s25/model_storage/round_4/clients/client_2
Saved 0 background models
=== END CLIENT 2 MODEL SAVING ===

Client 3: Loading track models and training with disagreement resolution...

=== CLIENT 3 MODEL LOADING FOR ROUND 4 ===
No tracks directory found at results/fl_simulation_20250620_002849_n_cmapss_s25/model_storage/round_4/tracks, will use standard global model
Successfully loaded standard global model from results/fl_simulation_20250620_002849_n_cmapss_s25/model_storage/round_4/global_model_for_training
=== END CLIENT 3 MODEL LOADING ===


=== CLIENT 3 TRAINING FOR ROUND 4 ===
Training primary model...
Client 3 starting training for 10 epochs
Client 3 - Epoch 1/10 - Train Loss: 261.332599, Valid Loss: 161.935055
Client 3 - Epoch 2/10 - Train Loss: 234.690522, Valid Loss: 148.671854
Client 3 - Epoch 3/10 - Train Loss: 235.446993, Valid Loss: 143.823547
Client 3 - Epoch 4/10 - Train Loss: 228.493831, Valid Loss: 150.896307
Client 3 - Epoch 5/10 - Train Loss: 207.795616, Valid Loss: 140.196997
Client 3 - Epoch 6/10 - Train Loss: 214.389221, Valid Loss: 137.252329
Client 3 - Epoch 7/10 - Train Loss: 214.068634, Valid Loss: 127.903742
Client 3 - Epoch 8/10 - Train Loss: 205.483217, Valid Loss: 123.529640
Client 3 - Epoch 9/10 - Train Loss: 192.138003, Valid Loss: 119.645033
Client 3 - Epoch 10/10 - Train Loss: 180.065687, Valid Loss: 118.613849
Client 3 finished training
Client 3 saved training results to results/fl_simulation_20250620_002849_n_cmapss_s25/output/clients/client_3/training_results_round_4.json
Primary model training complete. Accuracy: N/A
Client 3 has no background tracks to train
=== END CLIENT 3 TRAINING ===


=== CLIENT 3 MODEL SAVING FOR ROUND 4 ===
Client 3 saved model to results/fl_simulation_20250620_002849_n_cmapss_s25/model_storage/round_4/clients/client_3
Saved primary model to results/fl_simulation_20250620_002849_n_cmapss_s25/model_storage/round_4/clients/client_3
Saved 0 background models
=== END CLIENT 3 MODEL SAVING ===

Client 4: Loading track models and training with disagreement resolution...

=== CLIENT 4 MODEL LOADING FOR ROUND 4 ===
No tracks directory found at results/fl_simulation_20250620_002849_n_cmapss_s25/model_storage/round_4/tracks, will use standard global model
Successfully loaded standard global model from results/fl_simulation_20250620_002849_n_cmapss_s25/model_storage/round_4/global_model_for_training
=== END CLIENT 4 MODEL LOADING ===


=== CLIENT 4 TRAINING FOR ROUND 4 ===
Training primary model...
Client 4 starting training for 10 epochs
Client 4 - Epoch 1/10 - Train Loss: 357.516053, Valid Loss: 314.663841
Client 4 - Epoch 2/10 - Train Loss: 343.836921, Valid Loss: 304.111153
Client 4 - Epoch 3/10 - Train Loss: 337.548819, Valid Loss: 301.479530
Client 4 - Epoch 4/10 - Train Loss: 306.473336, Valid Loss: 290.304550
Client 4 - Epoch 5/10 - Train Loss: 316.216865, Valid Loss: 279.236713
Client 4 - Epoch 6/10 - Train Loss: 297.090616, Valid Loss: 270.496136
Client 4 - Epoch 7/10 - Train Loss: 287.275666, Valid Loss: 265.089432
Client 4 - Epoch 8/10 - Train Loss: 284.663858, Valid Loss: 255.356510
Client 4 - Epoch 9/10 - Train Loss: 273.559451, Valid Loss: 248.316998
Client 4 - Epoch 10/10 - Train Loss: 252.413862, Valid Loss: 239.973763
Client 4 finished training
Client 4 saved training results to results/fl_simulation_20250620_002849_n_cmapss_s25/output/clients/client_4/training_results_round_4.json
Primary model training complete. Accuracy: N/A
Client 4 has no background tracks to train
=== END CLIENT 4 TRAINING ===


=== CLIENT 4 MODEL SAVING FOR ROUND 4 ===
Client 4 saved model to results/fl_simulation_20250620_002849_n_cmapss_s25/model_storage/round_4/clients/client_4
Saved primary model to results/fl_simulation_20250620_002849_n_cmapss_s25/model_storage/round_4/clients/client_4
Saved 0 background models
=== END CLIENT 4 MODEL SAVING ===

Performing disagreement-aware track-based model aggregation...
Starting file-based aggregation for round 4
Found 5 clients: [4, 3, 2, 0, 1]
Loaded disagreements: {}
Round 4: No disagreements defined in the system
No active disagreements for round 4, using standard aggregation
Updated global model with parameters from 5 clients

=== AGGREGATION TIMING SUMMARY FOR ROUND 4 ===
  Disagreement loading: 0.0000s
  Resolution time: 0.0000s
  Aggregation time: 0.0070s
  Track saving time: 0.0000s
  Total time: 0.0071s
  Has disagreements: False
=== END TIMING SUMMARY ===

Saved global model to results/fl_simulation_20250620_002849_n_cmapss_s25/model_storage/round_4/global_model_aggregated
Evaluating global model and track-specific performance...
Round 4 - RUL Prediction Metrics:
  RMSE: 20.56 cycles
  MAE: 16.60 cycles
  R²: -0.0448
  Within ±10 cycles: 37.93%
  Within ±20 cycles: 64.73%
Round 4 - Global model test loss: 20.557734
Saved results for round 4 (plot mode: minimal)

=== EVALUATING TRACK MODELS FOR ROUND 4 ===
No tracks directory found for round 4
Saved experiment results to results/fl_simulation_20250620_002849_n_cmapss_s25/output/fl_results.json
Saved timing metrics to results/fl_simulation_20250620_002849_n_cmapss_s25/output/aggregation_timing_metrics.json
Round 4 completed with disagreement resolution.

--- Federated Learning Round 5/5 ---
Analyzing disagreements and preparing track-specific models...

=== SERVER PREPARATION FOR ROUND 5 ===
  Using initiation_mechanism: shallow, lifting_mechanism: shallow, deep_lifting_finetune_rounds: 3
Loaded disagreements: {}
Round 5: No disagreements defined in the system
Loading main global model from previous round 4's aggregated model: results/fl_simulation_20250620_002849_n_cmapss_s25/model_storage/round_4/global_model_aggregated
Loaded model from round 4
Loaded global model from results/fl_simulation_20250620_002849_n_cmapss_s25/model_storage/round_4/global_model_aggregated
Saved global model to results/fl_simulation_20250620_002849_n_cmapss_s25/model_storage/round_5/global_model_for_training
Saved main global model for training in round 5 at results/fl_simulation_20250620_002849_n_cmapss_s25/model_storage/round_5/global_model_for_training
No active disagreements for round 5. Using standard global model from results/fl_simulation_20250620_002849_n_cmapss_s25/model_storage/round_4/global_model_aggregated
=== END SERVER PREPARATION FOR ROUND 5 ===\n
Updated track models based on disagreement changes from round 4
Starting disagreement-aware multi-track client training...
Client 0: Loading track models and training with disagreement resolution...

=== CLIENT 0 MODEL LOADING FOR ROUND 5 ===
No tracks directory found at results/fl_simulation_20250620_002849_n_cmapss_s25/model_storage/round_5/tracks, will use standard global model
Successfully loaded standard global model from results/fl_simulation_20250620_002849_n_cmapss_s25/model_storage/round_5/global_model_for_training
=== END CLIENT 0 MODEL LOADING ===


=== CLIENT 0 TRAINING FOR ROUND 5 ===
Training primary model...
Client 0 starting training for 10 epochs
Client 0 - Epoch 1/10 - Train Loss: 332.411870, Valid Loss: 376.408318
Client 0 - Epoch 2/10 - Train Loss: 308.601526, Valid Loss: 324.392769
Client 0 - Epoch 3/10 - Train Loss: 296.104948, Valid Loss: 325.379738
Client 0 - Epoch 4/10 - Train Loss: 298.354164, Valid Loss: 311.656185
Client 0 - Epoch 5/10 - Train Loss: 277.707118, Valid Loss: 305.668556
Client 0 - Epoch 6/10 - Train Loss: 264.659824, Valid Loss: 297.144436
Client 0 - Epoch 7/10 - Train Loss: 265.772349, Valid Loss: 290.105743
Client 0 - Epoch 8/10 - Train Loss: 249.888497, Valid Loss: 282.449112
Client 0 - Epoch 9/10 - Train Loss: 251.686367, Valid Loss: 267.779465
Client 0 - Epoch 10/10 - Train Loss: 241.351214, Valid Loss: 272.574936
Client 0 finished training
Client 0 saved training results to results/fl_simulation_20250620_002849_n_cmapss_s25/output/clients/client_0/training_results_round_5.json
Primary model training complete. Accuracy: N/A
Client 0 has no background tracks to train
=== END CLIENT 0 TRAINING ===


=== CLIENT 0 MODEL SAVING FOR ROUND 5 ===
Client 0 saved model to results/fl_simulation_20250620_002849_n_cmapss_s25/model_storage/round_5/clients/client_0
Saved primary model to results/fl_simulation_20250620_002849_n_cmapss_s25/model_storage/round_5/clients/client_0
Saved 0 background models
=== END CLIENT 0 MODEL SAVING ===

Client 1: Loading track models and training with disagreement resolution...

=== CLIENT 1 MODEL LOADING FOR ROUND 5 ===
No tracks directory found at results/fl_simulation_20250620_002849_n_cmapss_s25/model_storage/round_5/tracks, will use standard global model
Successfully loaded standard global model from results/fl_simulation_20250620_002849_n_cmapss_s25/model_storage/round_5/global_model_for_training
=== END CLIENT 1 MODEL LOADING ===


=== CLIENT 1 TRAINING FOR ROUND 5 ===
Training primary model...
Client 1 starting training for 10 epochs
Client 1 - Epoch 1/10 - Train Loss: 533.700115, Valid Loss: 418.586670
Client 1 - Epoch 2/10 - Train Loss: 498.544391, Valid Loss: 403.214027
Client 1 - Epoch 3/10 - Train Loss: 488.892980, Valid Loss: 383.193741
Client 1 - Epoch 4/10 - Train Loss: 472.085437, Valid Loss: 366.518562
Client 1 - Epoch 5/10 - Train Loss: 440.555420, Valid Loss: 374.803825
Client 1 - Epoch 6/10 - Train Loss: 431.844774, Valid Loss: 350.319771
Client 1 - Epoch 7/10 - Train Loss: 429.581743, Valid Loss: 333.421494
Client 1 - Epoch 8/10 - Train Loss: 415.028830, Valid Loss: 335.349449
Client 1 - Epoch 9/10 - Train Loss: 417.728405, Valid Loss: 321.149269
Client 1 - Epoch 10/10 - Train Loss: 388.201062, Valid Loss: 310.572174
Client 1 finished training
Client 1 saved training results to results/fl_simulation_20250620_002849_n_cmapss_s25/output/clients/client_1/training_results_round_5.json
Primary model training complete. Accuracy: N/A
Client 1 has no background tracks to train
=== END CLIENT 1 TRAINING ===


=== CLIENT 1 MODEL SAVING FOR ROUND 5 ===
Client 1 saved model to results/fl_simulation_20250620_002849_n_cmapss_s25/model_storage/round_5/clients/client_1
Saved primary model to results/fl_simulation_20250620_002849_n_cmapss_s25/model_storage/round_5/clients/client_1
Saved 0 background models
=== END CLIENT 1 MODEL SAVING ===

Client 2: Loading track models and training with disagreement resolution...

=== CLIENT 2 MODEL LOADING FOR ROUND 5 ===
No tracks directory found at results/fl_simulation_20250620_002849_n_cmapss_s25/model_storage/round_5/tracks, will use standard global model
Successfully loaded standard global model from results/fl_simulation_20250620_002849_n_cmapss_s25/model_storage/round_5/global_model_for_training
=== END CLIENT 2 MODEL LOADING ===


=== CLIENT 2 TRAINING FOR ROUND 5 ===
Training primary model...
Client 2 starting training for 10 epochs
Client 2 - Epoch 1/10 - Train Loss: 354.892059, Valid Loss: 312.356346
Client 2 - Epoch 2/10 - Train Loss: 345.631688, Valid Loss: 305.840637
Client 2 - Epoch 3/10 - Train Loss: 345.659257, Valid Loss: 304.493073
Client 2 - Epoch 4/10 - Train Loss: 338.234138, Valid Loss: 295.148468
Client 2 - Epoch 5/10 - Train Loss: 325.405651, Valid Loss: 286.009583
Client 2 - Epoch 6/10 - Train Loss: 309.724709, Valid Loss: 278.534409
Client 2 - Epoch 7/10 - Train Loss: 298.936480, Valid Loss: 271.871056
Client 2 - Epoch 8/10 - Train Loss: 295.932989, Valid Loss: 270.750656
Client 2 - Epoch 9/10 - Train Loss: 292.089251, Valid Loss: 262.912239
Client 2 - Epoch 10/10 - Train Loss: 305.394894, Valid Loss: 256.775272
Client 2 finished training
Client 2 saved training results to results/fl_simulation_20250620_002849_n_cmapss_s25/output/clients/client_2/training_results_round_5.json
Primary model training complete. Accuracy: N/A
Client 2 has no background tracks to train
=== END CLIENT 2 TRAINING ===


=== CLIENT 2 MODEL SAVING FOR ROUND 5 ===
Client 2 saved model to results/fl_simulation_20250620_002849_n_cmapss_s25/model_storage/round_5/clients/client_2
Saved primary model to results/fl_simulation_20250620_002849_n_cmapss_s25/model_storage/round_5/clients/client_2
Saved 0 background models
=== END CLIENT 2 MODEL SAVING ===

Client 3: Loading track models and training with disagreement resolution...

=== CLIENT 3 MODEL LOADING FOR ROUND 5 ===
No tracks directory found at results/fl_simulation_20250620_002849_n_cmapss_s25/model_storage/round_5/tracks, will use standard global model
Successfully loaded standard global model from results/fl_simulation_20250620_002849_n_cmapss_s25/model_storage/round_5/global_model_for_training
=== END CLIENT 3 MODEL LOADING ===


=== CLIENT 3 TRAINING FOR ROUND 5 ===
Training primary model...
Client 3 starting training for 10 epochs
Client 3 - Epoch 1/10 - Train Loss: 215.367373, Valid Loss: 121.546370
Client 3 - Epoch 2/10 - Train Loss: 192.127045, Valid Loss: 104.244648
Client 3 - Epoch 3/10 - Train Loss: 183.490609, Valid Loss: 106.070314
Client 3 - Epoch 4/10 - Train Loss: 171.662980, Valid Loss: 103.814470
Client 3 - Epoch 5/10 - Train Loss: 177.156320, Valid Loss: 108.080308
Client 3 - Epoch 6/10 - Train Loss: 168.171039, Valid Loss: 111.258352
Client 3 - Epoch 7/10 - Train Loss: 178.182455, Valid Loss: 106.768869
Client 3 - Epoch 8/10 - Train Loss: 168.373549, Valid Loss: 95.786128
Client 3 - Epoch 9/10 - Train Loss: 160.066270, Valid Loss: 95.111668
Client 3 - Epoch 10/10 - Train Loss: 153.676063, Valid Loss: 95.969070
Client 3 finished training
Client 3 saved training results to results/fl_simulation_20250620_002849_n_cmapss_s25/output/clients/client_3/training_results_round_5.json
Primary model training complete. Accuracy: N/A
Client 3 has no background tracks to train
=== END CLIENT 3 TRAINING ===


=== CLIENT 3 MODEL SAVING FOR ROUND 5 ===
Client 3 saved model to results/fl_simulation_20250620_002849_n_cmapss_s25/model_storage/round_5/clients/client_3
Saved primary model to results/fl_simulation_20250620_002849_n_cmapss_s25/model_storage/round_5/clients/client_3
Saved 0 background models
=== END CLIENT 3 MODEL SAVING ===

Client 4: Loading track models and training with disagreement resolution...

=== CLIENT 4 MODEL LOADING FOR ROUND 5 ===
No tracks directory found at results/fl_simulation_20250620_002849_n_cmapss_s25/model_storage/round_5/tracks, will use standard global model
Successfully loaded standard global model from results/fl_simulation_20250620_002849_n_cmapss_s25/model_storage/round_5/global_model_for_training
=== END CLIENT 4 MODEL LOADING ===


=== CLIENT 4 TRAINING FOR ROUND 5 ===
Training primary model...
Client 4 starting training for 10 epochs
Client 4 - Epoch 1/10 - Train Loss: 274.698422, Valid Loss: 238.696674
Client 4 - Epoch 2/10 - Train Loss: 262.466793, Valid Loss: 227.557629
Client 4 - Epoch 3/10 - Train Loss: 243.782822, Valid Loss: 220.139633
Client 4 - Epoch 4/10 - Train Loss: 249.287742, Valid Loss: 213.288322
Client 4 - Epoch 5/10 - Train Loss: 235.433461, Valid Loss: 208.985580
Client 4 - Epoch 6/10 - Train Loss: 236.700826, Valid Loss: 202.386505
Client 4 - Epoch 7/10 - Train Loss: 218.603106, Valid Loss: 210.647900
Client 4 - Epoch 8/10 - Train Loss: 224.149712, Valid Loss: 200.775146
Client 4 - Epoch 9/10 - Train Loss: 220.048759, Valid Loss: 191.974476
Client 4 - Epoch 10/10 - Train Loss: 212.484059, Valid Loss: 189.467758
Client 4 finished training
Client 4 saved training results to results/fl_simulation_20250620_002849_n_cmapss_s25/output/clients/client_4/training_results_round_5.json
Primary model training complete. Accuracy: N/A
Client 4 has no background tracks to train
=== END CLIENT 4 TRAINING ===


=== CLIENT 4 MODEL SAVING FOR ROUND 5 ===
Client 4 saved model to results/fl_simulation_20250620_002849_n_cmapss_s25/model_storage/round_5/clients/client_4
Saved primary model to results/fl_simulation_20250620_002849_n_cmapss_s25/model_storage/round_5/clients/client_4
Saved 0 background models
=== END CLIENT 4 MODEL SAVING ===

Performing disagreement-aware track-based model aggregation...
Starting file-based aggregation for round 5
Found 5 clients: [4, 3, 2, 0, 1]
Loaded disagreements: {}
Round 5: No disagreements defined in the system
No active disagreements for round 5, using standard aggregation
Updated global model with parameters from 5 clients

=== AGGREGATION TIMING SUMMARY FOR ROUND 5 ===
  Disagreement loading: 0.0000s
  Resolution time: 0.0000s
  Aggregation time: 0.0069s
  Track saving time: 0.0000s
  Total time: 0.0070s
  Has disagreements: False
=== END TIMING SUMMARY ===

Saved global model to results/fl_simulation_20250620_002849_n_cmapss_s25/model_storage/round_5/global_model_aggregated
Evaluating global model and track-specific performance...
Round 5 - RUL Prediction Metrics:
  RMSE: 19.70 cycles
  MAE: 15.80 cycles
  R²: 0.0410
  Within ±10 cycles: 39.87%
  Within ±20 cycles: 67.67%
Round 5 - Global model test loss: 19.699377
Creating timing plots with data from 5 rounds
Saved timing plots for round 5
Summary: Avg total time: 0.010s, Avg aggregation time: 0.010s, Avg resolution time: 0.000ms
Saved results for round 5 (plot mode: last round)

=== EVALUATING TRACK MODELS FOR ROUND 5 ===
No tracks directory found for round 5
Saved experiment results to results/fl_simulation_20250620_002849_n_cmapss_s25/output/fl_results.json
Saved timing metrics to results/fl_simulation_20250620_002849_n_cmapss_s25/output/aggregation_timing_metrics.json
Round 5 completed with disagreement resolution.
Saved experiment results to results/fl_simulation_20250620_002849_n_cmapss_s25/output/fl_results.json
Saved timing metrics to results/fl_simulation_20250620_002849_n_cmapss_s25/output/aggregation_timing_metrics.json

Federated learning with disagreement resolution completed!
Total running time: 7.14 seconds
