Updated configuration in mock_etcd/configuration.json
MNIST data already exists. Skipping setup.
Use --force_setup_data to force recreation.
Initialized global mnist model
Loading MNIST test data from data/mnist/test/mnist_test.npz
Loaded 10000 MNIST test samples
Loaded MNIST test data with 10000 samples
Saved experiment results to results/fl_simulation_20250619_233709_mnist_s25/output/fl_results.json
Loading MNIST data from data/mnist/train/client_0/mnist_data.npz
Client 0 loaded 600 MNIST samples
Client 0 loaded 600 MNIST samples
Loading MNIST data from data/mnist/train/client_1/mnist_data.npz
Client 1 loaded 600 MNIST samples
Client 1 loaded 600 MNIST samples
Loading MNIST data from data/mnist/train/client_2/mnist_data.npz
Client 2 loaded 600 MNIST samples
Client 2 loaded 600 MNIST samples
Loading MNIST data from data/mnist/train/client_3/mnist_data.npz
Client 3 loaded 600 MNIST samples
Client 3 loaded 600 MNIST samples
Loading MNIST data from data/mnist/train/client_4/mnist_data.npz
Client 4 loaded 600 MNIST samples
Client 4 loaded 600 MNIST samples
Initialized disagreement-aware federated learning orchestrator
  - 5 clients for mnist experiment
  - Advanced disagreement resolution with multi-track model training
  - Results directory: results/fl_simulation_20250619_233709_mnist_s25
Starting federated learning with 5 rounds...
Saved global model to results/fl_simulation_20250619_233709_mnist_s25/model_storage/global_model_initial
Initialized and saved the initial global model
Round 0 - MNIST Classification Metrics:
  Overall Accuracy: 0.1305
  Mean Precision: 0.0730
  Mean Recall: 0.1305
  Mean F1 Score: 0.0548
Round 0 - Global model test accuracy: 0.1305
Round 0 - Global model test loss: 2.308748
Saved results for round 0 (plot mode: minimal)
Saved experiment results to results/fl_simulation_20250619_233709_mnist_s25/output/fl_results.json
Initial model evaluation completed

--- Federated Learning Round 1/5 ---
Analyzing disagreements and preparing track-specific models...

=== SERVER PREPARATION FOR ROUND 1 ===
  Using initiation_mechanism: shallow, lifting_mechanism: shallow, deep_lifting_finetune_rounds: 3
Loaded disagreements: {}
Round 1: No disagreements defined in the system
Round 1 starting with initial global model from results/fl_simulation_20250619_233709_mnist_s25/model_storage/global_model_initial
Loaded model from round 0
Loaded global model from results/fl_simulation_20250619_233709_mnist_s25/model_storage/global_model_initial
Saved global model to results/fl_simulation_20250619_233709_mnist_s25/model_storage/round_1/global_model_for_training
Saved global model for training at results/fl_simulation_20250619_233709_mnist_s25/model_storage/round_1/global_model_for_training
=== END SERVER PREPARATION FOR ROUND 1 ===\n
Created initial track models from global_model_initial for round 1
Starting disagreement-aware multi-track client training...
Client 0: Loading track models and training with disagreement resolution...

=== CLIENT 0 MODEL LOADING FOR ROUND 1 ===
No tracks directory found at results/fl_simulation_20250619_233709_mnist_s25/model_storage/round_1/tracks, will use standard global model
Successfully loaded standard global model from results/fl_simulation_20250619_233709_mnist_s25/model_storage/round_1/global_model_for_training
=== END CLIENT 0 MODEL LOADING ===


=== CLIENT 0 TRAINING FOR ROUND 1 ===
Training primary model...
Client 0 starting training for 1 epochs
Client 0 - Epoch 1/1 - Train Loss: 2.013501, Train Acc: 0.3354, Valid Loss: 1.466193, Valid Acc: 0.6333
Client 0 finished training
Client 0 saved training results to results/fl_simulation_20250619_233709_mnist_s25/output/clients/client_0/training_results_round_1.json
Primary model training complete. Accuracy: N/A
Client 0 has no background tracks to train
=== END CLIENT 0 TRAINING ===


=== CLIENT 0 MODEL SAVING FOR ROUND 1 ===
Client 0 saved model to results/fl_simulation_20250619_233709_mnist_s25/model_storage/round_1/clients/client_0
Saved primary model to results/fl_simulation_20250619_233709_mnist_s25/model_storage/round_1/clients/client_0
Saved 0 background models
=== END CLIENT 0 MODEL SAVING ===

Client 1: Loading track models and training with disagreement resolution...

=== CLIENT 1 MODEL LOADING FOR ROUND 1 ===
No tracks directory found at results/fl_simulation_20250619_233709_mnist_s25/model_storage/round_1/tracks, will use standard global model
Successfully loaded standard global model from results/fl_simulation_20250619_233709_mnist_s25/model_storage/round_1/global_model_for_training
=== END CLIENT 1 MODEL LOADING ===


=== CLIENT 1 TRAINING FOR ROUND 1 ===
Training primary model...
Client 1 starting training for 1 epochs
Client 1 - Epoch 1/1 - Train Loss: 2.136035, Train Acc: 0.2979, Valid Loss: 1.674101, Valid Acc: 0.6667
Client 1 finished training
Client 1 saved training results to results/fl_simulation_20250619_233709_mnist_s25/output/clients/client_1/training_results_round_1.json
Primary model training complete. Accuracy: N/A
Client 1 has no background tracks to train
=== END CLIENT 1 TRAINING ===


=== CLIENT 1 MODEL SAVING FOR ROUND 1 ===
Client 1 saved model to results/fl_simulation_20250619_233709_mnist_s25/model_storage/round_1/clients/client_1
Saved primary model to results/fl_simulation_20250619_233709_mnist_s25/model_storage/round_1/clients/client_1
Saved 0 background models
=== END CLIENT 1 MODEL SAVING ===

Client 2: Loading track models and training with disagreement resolution...

=== CLIENT 2 MODEL LOADING FOR ROUND 1 ===
No tracks directory found at results/fl_simulation_20250619_233709_mnist_s25/model_storage/round_1/tracks, will use standard global model
Successfully loaded standard global model from results/fl_simulation_20250619_233709_mnist_s25/model_storage/round_1/global_model_for_training
=== END CLIENT 2 MODEL LOADING ===


=== CLIENT 2 TRAINING FOR ROUND 1 ===
Training primary model...
Client 2 starting training for 1 epochs
Client 2 - Epoch 1/1 - Train Loss: 1.984466, Train Acc: 0.3354, Valid Loss: 1.460790, Valid Acc: 0.5750
Client 2 finished training
Client 2 saved training results to results/fl_simulation_20250619_233709_mnist_s25/output/clients/client_2/training_results_round_1.json
Primary model training complete. Accuracy: N/A
Client 2 has no background tracks to train
=== END CLIENT 2 TRAINING ===


=== CLIENT 2 MODEL SAVING FOR ROUND 1 ===
Client 2 saved model to results/fl_simulation_20250619_233709_mnist_s25/model_storage/round_1/clients/client_2
Saved primary model to results/fl_simulation_20250619_233709_mnist_s25/model_storage/round_1/clients/client_2
Saved 0 background models
=== END CLIENT 2 MODEL SAVING ===

Client 3: Loading track models and training with disagreement resolution...

=== CLIENT 3 MODEL LOADING FOR ROUND 1 ===
No tracks directory found at results/fl_simulation_20250619_233709_mnist_s25/model_storage/round_1/tracks, will use standard global model
Successfully loaded standard global model from results/fl_simulation_20250619_233709_mnist_s25/model_storage/round_1/global_model_for_training
=== END CLIENT 3 MODEL LOADING ===


=== CLIENT 3 TRAINING FOR ROUND 1 ===
Training primary model...
Client 3 starting training for 1 epochs
Client 3 - Epoch 1/1 - Train Loss: 1.966417, Train Acc: 0.3563, Valid Loss: 1.370190, Valid Acc: 0.6250
Client 3 finished training
Client 3 saved training results to results/fl_simulation_20250619_233709_mnist_s25/output/clients/client_3/training_results_round_1.json
Primary model training complete. Accuracy: N/A
Client 3 has no background tracks to train
=== END CLIENT 3 TRAINING ===


=== CLIENT 3 MODEL SAVING FOR ROUND 1 ===
Client 3 saved model to results/fl_simulation_20250619_233709_mnist_s25/model_storage/round_1/clients/client_3
Saved primary model to results/fl_simulation_20250619_233709_mnist_s25/model_storage/round_1/clients/client_3
Saved 0 background models
=== END CLIENT 3 MODEL SAVING ===

Client 4: Loading track models and training with disagreement resolution...

=== CLIENT 4 MODEL LOADING FOR ROUND 1 ===
No tracks directory found at results/fl_simulation_20250619_233709_mnist_s25/model_storage/round_1/tracks, will use standard global model
Successfully loaded standard global model from results/fl_simulation_20250619_233709_mnist_s25/model_storage/round_1/global_model_for_training
=== END CLIENT 4 MODEL LOADING ===


=== CLIENT 4 TRAINING FOR ROUND 1 ===
Training primary model...
Client 4 starting training for 1 epochs
Client 4 - Epoch 1/1 - Train Loss: 1.988566, Train Acc: 0.3167, Valid Loss: 1.476337, Valid Acc: 0.5667
Client 4 finished training
Client 4 saved training results to results/fl_simulation_20250619_233709_mnist_s25/output/clients/client_4/training_results_round_1.json
Primary model training complete. Accuracy: N/A
Client 4 has no background tracks to train
=== END CLIENT 4 TRAINING ===


=== CLIENT 4 MODEL SAVING FOR ROUND 1 ===
Client 4 saved model to results/fl_simulation_20250619_233709_mnist_s25/model_storage/round_1/clients/client_4
Saved primary model to results/fl_simulation_20250619_233709_mnist_s25/model_storage/round_1/clients/client_4
Saved 0 background models
=== END CLIENT 4 MODEL SAVING ===

Performing disagreement-aware track-based model aggregation...
Starting file-based aggregation for round 1
Found 5 clients: [4, 3, 2, 0, 1]
Loaded disagreements: {}
Round 1: No disagreements defined in the system
No active disagreements for round 1, using standard aggregation
Updated global model with parameters from 5 clients

=== AGGREGATION TIMING SUMMARY FOR ROUND 1 ===
  Disagreement loading: 0.0001s
  Resolution time: 0.0000s
  Aggregation time: 0.0218s
  Track saving time: 0.0000s
  Total time: 0.0220s
  Has disagreements: False
=== END TIMING SUMMARY ===

Saved global model to results/fl_simulation_20250619_233709_mnist_s25/model_storage/round_1/global_model_aggregated
Evaluating global model and track-specific performance...
Round 1 - MNIST Classification Metrics:
  Overall Accuracy: 0.6434
  Mean Precision: 0.6881
  Mean Recall: 0.6434
  Mean F1 Score: 0.6235
Round 1 - Global model test accuracy: 0.6434
Round 1 - Global model test loss: 1.645358
Saved results for round 1 (plot mode: minimal)

=== EVALUATING TRACK MODELS FOR ROUND 1 ===
No tracks directory found for round 1
Saved experiment results to results/fl_simulation_20250619_233709_mnist_s25/output/fl_results.json
Saved timing metrics to results/fl_simulation_20250619_233709_mnist_s25/output/aggregation_timing_metrics.json
Round 1 completed with disagreement resolution.

--- Federated Learning Round 2/5 ---
Analyzing disagreements and preparing track-specific models...

=== SERVER PREPARATION FOR ROUND 2 ===
  Using initiation_mechanism: shallow, lifting_mechanism: shallow, deep_lifting_finetune_rounds: 3
Loaded disagreements: {}
Round 2: No disagreements defined in the system
Loading main global model from previous round 1's aggregated model: results/fl_simulation_20250619_233709_mnist_s25/model_storage/round_1/global_model_aggregated
Loaded model from round 1
Loaded global model from results/fl_simulation_20250619_233709_mnist_s25/model_storage/round_1/global_model_aggregated
Saved global model to results/fl_simulation_20250619_233709_mnist_s25/model_storage/round_2/global_model_for_training
Saved main global model for training in round 2 at results/fl_simulation_20250619_233709_mnist_s25/model_storage/round_2/global_model_for_training
No active disagreements for round 2. Using standard global model from results/fl_simulation_20250619_233709_mnist_s25/model_storage/round_1/global_model_aggregated
=== END SERVER PREPARATION FOR ROUND 2 ===\n
Updated track models based on disagreement changes from round 1
Starting disagreement-aware multi-track client training...
Client 0: Loading track models and training with disagreement resolution...

=== CLIENT 0 MODEL LOADING FOR ROUND 2 ===
No tracks directory found at results/fl_simulation_20250619_233709_mnist_s25/model_storage/round_2/tracks, will use standard global model
Successfully loaded standard global model from results/fl_simulation_20250619_233709_mnist_s25/model_storage/round_2/global_model_for_training
=== END CLIENT 0 MODEL LOADING ===


=== CLIENT 0 TRAINING FOR ROUND 2 ===
Training primary model...
Client 0 starting training for 1 epochs
Client 0 - Epoch 1/1 - Train Loss: 1.253486, Train Acc: 0.6354, Valid Loss: 0.750585, Valid Acc: 0.7917
Client 0 finished training
Client 0 saved training results to results/fl_simulation_20250619_233709_mnist_s25/output/clients/client_0/training_results_round_2.json
Primary model training complete. Accuracy: N/A
Client 0 has no background tracks to train
=== END CLIENT 0 TRAINING ===


=== CLIENT 0 MODEL SAVING FOR ROUND 2 ===
Client 0 saved model to results/fl_simulation_20250619_233709_mnist_s25/model_storage/round_2/clients/client_0
Saved primary model to results/fl_simulation_20250619_233709_mnist_s25/model_storage/round_2/clients/client_0
Saved 0 background models
=== END CLIENT 0 MODEL SAVING ===

Client 1: Loading track models and training with disagreement resolution...

=== CLIENT 1 MODEL LOADING FOR ROUND 2 ===
No tracks directory found at results/fl_simulation_20250619_233709_mnist_s25/model_storage/round_2/tracks, will use standard global model
Successfully loaded standard global model from results/fl_simulation_20250619_233709_mnist_s25/model_storage/round_2/global_model_for_training
=== END CLIENT 1 MODEL LOADING ===


=== CLIENT 1 TRAINING FOR ROUND 2 ===
Training primary model...
Client 1 starting training for 1 epochs
Client 1 - Epoch 1/1 - Train Loss: 1.166456, Train Acc: 0.6729, Valid Loss: 0.678116, Valid Acc: 0.8083
Client 1 finished training
Client 1 saved training results to results/fl_simulation_20250619_233709_mnist_s25/output/clients/client_1/training_results_round_2.json
Primary model training complete. Accuracy: N/A
Client 1 has no background tracks to train
=== END CLIENT 1 TRAINING ===


=== CLIENT 1 MODEL SAVING FOR ROUND 2 ===
Client 1 saved model to results/fl_simulation_20250619_233709_mnist_s25/model_storage/round_2/clients/client_1
Saved primary model to results/fl_simulation_20250619_233709_mnist_s25/model_storage/round_2/clients/client_1
Saved 0 background models
=== END CLIENT 1 MODEL SAVING ===

Client 2: Loading track models and training with disagreement resolution...

=== CLIENT 2 MODEL LOADING FOR ROUND 2 ===
No tracks directory found at results/fl_simulation_20250619_233709_mnist_s25/model_storage/round_2/tracks, will use standard global model
Successfully loaded standard global model from results/fl_simulation_20250619_233709_mnist_s25/model_storage/round_2/global_model_for_training
=== END CLIENT 2 MODEL LOADING ===


=== CLIENT 2 TRAINING FOR ROUND 2 ===
Training primary model...
Client 2 starting training for 1 epochs
Client 2 - Epoch 1/1 - Train Loss: 1.155683, Train Acc: 0.6667, Valid Loss: 0.762630, Valid Acc: 0.7750
Client 2 finished training
Client 2 saved training results to results/fl_simulation_20250619_233709_mnist_s25/output/clients/client_2/training_results_round_2.json
Primary model training complete. Accuracy: N/A
Client 2 has no background tracks to train
=== END CLIENT 2 TRAINING ===


=== CLIENT 2 MODEL SAVING FOR ROUND 2 ===
Client 2 saved model to results/fl_simulation_20250619_233709_mnist_s25/model_storage/round_2/clients/client_2
Saved primary model to results/fl_simulation_20250619_233709_mnist_s25/model_storage/round_2/clients/client_2
Saved 0 background models
=== END CLIENT 2 MODEL SAVING ===

Client 3: Loading track models and training with disagreement resolution...

=== CLIENT 3 MODEL LOADING FOR ROUND 2 ===
No tracks directory found at results/fl_simulation_20250619_233709_mnist_s25/model_storage/round_2/tracks, will use standard global model
Successfully loaded standard global model from results/fl_simulation_20250619_233709_mnist_s25/model_storage/round_2/global_model_for_training
=== END CLIENT 3 MODEL LOADING ===


=== CLIENT 3 TRAINING FOR ROUND 2 ===
Training primary model...
Client 3 starting training for 1 epochs
Client 3 - Epoch 1/1 - Train Loss: 1.327488, Train Acc: 0.6125, Valid Loss: 0.815107, Valid Acc: 0.7833
Client 3 finished training
Client 3 saved training results to results/fl_simulation_20250619_233709_mnist_s25/output/clients/client_3/training_results_round_2.json
Primary model training complete. Accuracy: N/A
Client 3 has no background tracks to train
=== END CLIENT 3 TRAINING ===


=== CLIENT 3 MODEL SAVING FOR ROUND 2 ===
Client 3 saved model to results/fl_simulation_20250619_233709_mnist_s25/model_storage/round_2/clients/client_3
Saved primary model to results/fl_simulation_20250619_233709_mnist_s25/model_storage/round_2/clients/client_3
Saved 0 background models
=== END CLIENT 3 MODEL SAVING ===

Client 4: Loading track models and training with disagreement resolution...

=== CLIENT 4 MODEL LOADING FOR ROUND 2 ===
No tracks directory found at results/fl_simulation_20250619_233709_mnist_s25/model_storage/round_2/tracks, will use standard global model
Successfully loaded standard global model from results/fl_simulation_20250619_233709_mnist_s25/model_storage/round_2/global_model_for_training
=== END CLIENT 4 MODEL LOADING ===


=== CLIENT 4 TRAINING FOR ROUND 2 ===
Training primary model...
Client 4 starting training for 1 epochs
Client 4 - Epoch 1/1 - Train Loss: 1.167900, Train Acc: 0.6604, Valid Loss: 0.747866, Valid Acc: 0.8000
Client 4 finished training
Client 4 saved training results to results/fl_simulation_20250619_233709_mnist_s25/output/clients/client_4/training_results_round_2.json
Primary model training complete. Accuracy: N/A
Client 4 has no background tracks to train
=== END CLIENT 4 TRAINING ===


=== CLIENT 4 MODEL SAVING FOR ROUND 2 ===
Client 4 saved model to results/fl_simulation_20250619_233709_mnist_s25/model_storage/round_2/clients/client_4
Saved primary model to results/fl_simulation_20250619_233709_mnist_s25/model_storage/round_2/clients/client_4
Saved 0 background models
=== END CLIENT 4 MODEL SAVING ===

Performing disagreement-aware track-based model aggregation...
Starting file-based aggregation for round 2
Found 5 clients: [4, 3, 2, 0, 1]
Loaded disagreements: {}
Round 2: No disagreements defined in the system
No active disagreements for round 2, using standard aggregation
Updated global model with parameters from 5 clients

=== AGGREGATION TIMING SUMMARY FOR ROUND 2 ===
  Disagreement loading: 0.0000s
  Resolution time: 0.0000s
  Aggregation time: 0.0162s
  Track saving time: 0.0000s
  Total time: 0.0163s
  Has disagreements: False
=== END TIMING SUMMARY ===

Saved global model to results/fl_simulation_20250619_233709_mnist_s25/model_storage/round_2/global_model_aggregated
Evaluating global model and track-specific performance...
Round 2 - MNIST Classification Metrics:
  Overall Accuracy: 0.8358
  Mean Precision: 0.8384
  Mean Recall: 0.8358
  Mean F1 Score: 0.8348
Round 2 - Global model test accuracy: 0.8358
Round 2 - Global model test loss: 0.686921
Saved results for round 2 (plot mode: minimal)

=== EVALUATING TRACK MODELS FOR ROUND 2 ===
No tracks directory found for round 2
Saved experiment results to results/fl_simulation_20250619_233709_mnist_s25/output/fl_results.json
Saved timing metrics to results/fl_simulation_20250619_233709_mnist_s25/output/aggregation_timing_metrics.json
Round 2 completed with disagreement resolution.

--- Federated Learning Round 3/5 ---
Analyzing disagreements and preparing track-specific models...

=== SERVER PREPARATION FOR ROUND 3 ===
  Using initiation_mechanism: shallow, lifting_mechanism: shallow, deep_lifting_finetune_rounds: 3
Loaded disagreements: {}
Round 3: No disagreements defined in the system
Loading main global model from previous round 2's aggregated model: results/fl_simulation_20250619_233709_mnist_s25/model_storage/round_2/global_model_aggregated
Loaded model from round 2
Loaded global model from results/fl_simulation_20250619_233709_mnist_s25/model_storage/round_2/global_model_aggregated
Saved global model to results/fl_simulation_20250619_233709_mnist_s25/model_storage/round_3/global_model_for_training
Saved main global model for training in round 3 at results/fl_simulation_20250619_233709_mnist_s25/model_storage/round_3/global_model_for_training
No active disagreements for round 3. Using standard global model from results/fl_simulation_20250619_233709_mnist_s25/model_storage/round_2/global_model_aggregated
=== END SERVER PREPARATION FOR ROUND 3 ===\n
Updated track models based on disagreement changes from round 2
Starting disagreement-aware multi-track client training...
Client 0: Loading track models and training with disagreement resolution...

=== CLIENT 0 MODEL LOADING FOR ROUND 3 ===
No tracks directory found at results/fl_simulation_20250619_233709_mnist_s25/model_storage/round_3/tracks, will use standard global model
Successfully loaded standard global model from results/fl_simulation_20250619_233709_mnist_s25/model_storage/round_3/global_model_for_training
=== END CLIENT 0 MODEL LOADING ===


=== CLIENT 0 TRAINING FOR ROUND 3 ===
Training primary model...
Client 0 starting training for 1 epochs
Client 0 - Epoch 1/1 - Train Loss: 0.843937, Train Acc: 0.7500, Valid Loss: 0.591808, Valid Acc: 0.8167
Client 0 finished training
Client 0 saved training results to results/fl_simulation_20250619_233709_mnist_s25/output/clients/client_0/training_results_round_3.json
Primary model training complete. Accuracy: N/A
Client 0 has no background tracks to train
=== END CLIENT 0 TRAINING ===


=== CLIENT 0 MODEL SAVING FOR ROUND 3 ===
Client 0 saved model to results/fl_simulation_20250619_233709_mnist_s25/model_storage/round_3/clients/client_0
Saved primary model to results/fl_simulation_20250619_233709_mnist_s25/model_storage/round_3/clients/client_0
Saved 0 background models
=== END CLIENT 0 MODEL SAVING ===

Client 1: Loading track models and training with disagreement resolution...

=== CLIENT 1 MODEL LOADING FOR ROUND 3 ===
No tracks directory found at results/fl_simulation_20250619_233709_mnist_s25/model_storage/round_3/tracks, will use standard global model
Successfully loaded standard global model from results/fl_simulation_20250619_233709_mnist_s25/model_storage/round_3/global_model_for_training
=== END CLIENT 1 MODEL LOADING ===


=== CLIENT 1 TRAINING FOR ROUND 3 ===
Training primary model...
Client 1 starting training for 1 epochs
Client 1 - Epoch 1/1 - Train Loss: 0.899020, Train Acc: 0.7083, Valid Loss: 0.574366, Valid Acc: 0.8583
Client 1 finished training
Client 1 saved training results to results/fl_simulation_20250619_233709_mnist_s25/output/clients/client_1/training_results_round_3.json
Primary model training complete. Accuracy: N/A
Client 1 has no background tracks to train
=== END CLIENT 1 TRAINING ===


=== CLIENT 1 MODEL SAVING FOR ROUND 3 ===
Client 1 saved model to results/fl_simulation_20250619_233709_mnist_s25/model_storage/round_3/clients/client_1
Saved primary model to results/fl_simulation_20250619_233709_mnist_s25/model_storage/round_3/clients/client_1
Saved 0 background models
=== END CLIENT 1 MODEL SAVING ===

Client 2: Loading track models and training with disagreement resolution...

=== CLIENT 2 MODEL LOADING FOR ROUND 3 ===
No tracks directory found at results/fl_simulation_20250619_233709_mnist_s25/model_storage/round_3/tracks, will use standard global model
Successfully loaded standard global model from results/fl_simulation_20250619_233709_mnist_s25/model_storage/round_3/global_model_for_training
=== END CLIENT 2 MODEL LOADING ===


=== CLIENT 2 TRAINING FOR ROUND 3 ===
Training primary model...
Client 2 starting training for 1 epochs
Client 2 - Epoch 1/1 - Train Loss: 0.873532, Train Acc: 0.7167, Valid Loss: 0.641167, Valid Acc: 0.7917
Client 2 finished training
Client 2 saved training results to results/fl_simulation_20250619_233709_mnist_s25/output/clients/client_2/training_results_round_3.json
Primary model training complete. Accuracy: N/A
Client 2 has no background tracks to train
=== END CLIENT 2 TRAINING ===


=== CLIENT 2 MODEL SAVING FOR ROUND 3 ===
Client 2 saved model to results/fl_simulation_20250619_233709_mnist_s25/model_storage/round_3/clients/client_2
Saved primary model to results/fl_simulation_20250619_233709_mnist_s25/model_storage/round_3/clients/client_2
Saved 0 background models
=== END CLIENT 2 MODEL SAVING ===

Client 3: Loading track models and training with disagreement resolution...

=== CLIENT 3 MODEL LOADING FOR ROUND 3 ===
No tracks directory found at results/fl_simulation_20250619_233709_mnist_s25/model_storage/round_3/tracks, will use standard global model
Successfully loaded standard global model from results/fl_simulation_20250619_233709_mnist_s25/model_storage/round_3/global_model_for_training
=== END CLIENT 3 MODEL LOADING ===


=== CLIENT 3 TRAINING FOR ROUND 3 ===
Training primary model...
Client 3 starting training for 1 epochs
Client 3 - Epoch 1/1 - Train Loss: 0.902250, Train Acc: 0.7021, Valid Loss: 0.499916, Valid Acc: 0.8917
Client 3 finished training
Client 3 saved training results to results/fl_simulation_20250619_233709_mnist_s25/output/clients/client_3/training_results_round_3.json
Primary model training complete. Accuracy: N/A
Client 3 has no background tracks to train
=== END CLIENT 3 TRAINING ===


=== CLIENT 3 MODEL SAVING FOR ROUND 3 ===
Client 3 saved model to results/fl_simulation_20250619_233709_mnist_s25/model_storage/round_3/clients/client_3
Saved primary model to results/fl_simulation_20250619_233709_mnist_s25/model_storage/round_3/clients/client_3
Saved 0 background models
=== END CLIENT 3 MODEL SAVING ===

Client 4: Loading track models and training with disagreement resolution...

=== CLIENT 4 MODEL LOADING FOR ROUND 3 ===
No tracks directory found at results/fl_simulation_20250619_233709_mnist_s25/model_storage/round_3/tracks, will use standard global model
Successfully loaded standard global model from results/fl_simulation_20250619_233709_mnist_s25/model_storage/round_3/global_model_for_training
=== END CLIENT 4 MODEL LOADING ===


=== CLIENT 4 TRAINING FOR ROUND 3 ===
Training primary model...
Client 4 starting training for 1 epochs
Client 4 - Epoch 1/1 - Train Loss: 0.870725, Train Acc: 0.7458, Valid Loss: 0.564978, Valid Acc: 0.8833
Client 4 finished training
Client 4 saved training results to results/fl_simulation_20250619_233709_mnist_s25/output/clients/client_4/training_results_round_3.json
Primary model training complete. Accuracy: N/A
Client 4 has no background tracks to train
=== END CLIENT 4 TRAINING ===


=== CLIENT 4 MODEL SAVING FOR ROUND 3 ===
Client 4 saved model to results/fl_simulation_20250619_233709_mnist_s25/model_storage/round_3/clients/client_4
Saved primary model to results/fl_simulation_20250619_233709_mnist_s25/model_storage/round_3/clients/client_4
Saved 0 background models
=== END CLIENT 4 MODEL SAVING ===

Performing disagreement-aware track-based model aggregation...
Starting file-based aggregation for round 3
Found 5 clients: [4, 3, 2, 0, 1]
Loaded disagreements: {}
Round 3: No disagreements defined in the system
No active disagreements for round 3, using standard aggregation
Updated global model with parameters from 5 clients

=== AGGREGATION TIMING SUMMARY FOR ROUND 3 ===
  Disagreement loading: 0.0000s
  Resolution time: 0.0000s
  Aggregation time: 0.0161s
  Track saving time: 0.0000s
  Total time: 0.0162s
  Has disagreements: False
=== END TIMING SUMMARY ===

Saved global model to results/fl_simulation_20250619_233709_mnist_s25/model_storage/round_3/global_model_aggregated
Evaluating global model and track-specific performance...
Round 3 - MNIST Classification Metrics:
  Overall Accuracy: 0.8702
  Mean Precision: 0.8799
  Mean Recall: 0.8702
  Mean F1 Score: 0.8698
Round 3 - Global model test accuracy: 0.8702
Round 3 - Global model test loss: 0.539045
Saved results for round 3 (plot mode: minimal)

=== EVALUATING TRACK MODELS FOR ROUND 3 ===
No tracks directory found for round 3
Saved experiment results to results/fl_simulation_20250619_233709_mnist_s25/output/fl_results.json
Saved timing metrics to results/fl_simulation_20250619_233709_mnist_s25/output/aggregation_timing_metrics.json
Round 3 completed with disagreement resolution.

--- Federated Learning Round 4/5 ---
Analyzing disagreements and preparing track-specific models...

=== SERVER PREPARATION FOR ROUND 4 ===
  Using initiation_mechanism: shallow, lifting_mechanism: shallow, deep_lifting_finetune_rounds: 3
Loaded disagreements: {}
Round 4: No disagreements defined in the system
Loading main global model from previous round 3's aggregated model: results/fl_simulation_20250619_233709_mnist_s25/model_storage/round_3/global_model_aggregated
Loaded model from round 3
Loaded global model from results/fl_simulation_20250619_233709_mnist_s25/model_storage/round_3/global_model_aggregated
Saved global model to results/fl_simulation_20250619_233709_mnist_s25/model_storage/round_4/global_model_for_training
Saved main global model for training in round 4 at results/fl_simulation_20250619_233709_mnist_s25/model_storage/round_4/global_model_for_training
No active disagreements for round 4. Using standard global model from results/fl_simulation_20250619_233709_mnist_s25/model_storage/round_3/global_model_aggregated
=== END SERVER PREPARATION FOR ROUND 4 ===\n
Updated track models based on disagreement changes from round 3
Starting disagreement-aware multi-track client training...
Client 0: Loading track models and training with disagreement resolution...

=== CLIENT 0 MODEL LOADING FOR ROUND 4 ===
No tracks directory found at results/fl_simulation_20250619_233709_mnist_s25/model_storage/round_4/tracks, will use standard global model
Successfully loaded standard global model from results/fl_simulation_20250619_233709_mnist_s25/model_storage/round_4/global_model_for_training
=== END CLIENT 0 MODEL LOADING ===


=== CLIENT 0 TRAINING FOR ROUND 4 ===
Training primary model...
Client 0 starting training for 1 epochs
Client 0 - Epoch 1/1 - Train Loss: 0.631018, Train Acc: 0.7958, Valid Loss: 0.430782, Valid Acc: 0.8750
Client 0 finished training
Client 0 saved training results to results/fl_simulation_20250619_233709_mnist_s25/output/clients/client_0/training_results_round_4.json
Primary model training complete. Accuracy: N/A
Client 0 has no background tracks to train
=== END CLIENT 0 TRAINING ===


=== CLIENT 0 MODEL SAVING FOR ROUND 4 ===
Client 0 saved model to results/fl_simulation_20250619_233709_mnist_s25/model_storage/round_4/clients/client_0
Saved primary model to results/fl_simulation_20250619_233709_mnist_s25/model_storage/round_4/clients/client_0
Saved 0 background models
=== END CLIENT 0 MODEL SAVING ===

Client 1: Loading track models and training with disagreement resolution...

=== CLIENT 1 MODEL LOADING FOR ROUND 4 ===
No tracks directory found at results/fl_simulation_20250619_233709_mnist_s25/model_storage/round_4/tracks, will use standard global model
Successfully loaded standard global model from results/fl_simulation_20250619_233709_mnist_s25/model_storage/round_4/global_model_for_training
=== END CLIENT 1 MODEL LOADING ===


=== CLIENT 1 TRAINING FOR ROUND 4 ===
Training primary model...
Client 1 starting training for 1 epochs
Client 1 - Epoch 1/1 - Train Loss: 0.746422, Train Acc: 0.7521, Valid Loss: 0.573475, Valid Acc: 0.8333
Client 1 finished training
Client 1 saved training results to results/fl_simulation_20250619_233709_mnist_s25/output/clients/client_1/training_results_round_4.json
Primary model training complete. Accuracy: N/A
Client 1 has no background tracks to train
=== END CLIENT 1 TRAINING ===


=== CLIENT 1 MODEL SAVING FOR ROUND 4 ===
Client 1 saved model to results/fl_simulation_20250619_233709_mnist_s25/model_storage/round_4/clients/client_1
Saved primary model to results/fl_simulation_20250619_233709_mnist_s25/model_storage/round_4/clients/client_1
Saved 0 background models
=== END CLIENT 1 MODEL SAVING ===

Client 2: Loading track models and training with disagreement resolution...

=== CLIENT 2 MODEL LOADING FOR ROUND 4 ===
No tracks directory found at results/fl_simulation_20250619_233709_mnist_s25/model_storage/round_4/tracks, will use standard global model
Successfully loaded standard global model from results/fl_simulation_20250619_233709_mnist_s25/model_storage/round_4/global_model_for_training
=== END CLIENT 2 MODEL LOADING ===


=== CLIENT 2 TRAINING FOR ROUND 4 ===
Training primary model...
Client 2 starting training for 1 epochs
Client 2 - Epoch 1/1 - Train Loss: 0.660571, Train Acc: 0.7708, Valid Loss: 0.479522, Valid Acc: 0.8333
Client 2 finished training
Client 2 saved training results to results/fl_simulation_20250619_233709_mnist_s25/output/clients/client_2/training_results_round_4.json
Primary model training complete. Accuracy: N/A
Client 2 has no background tracks to train
=== END CLIENT 2 TRAINING ===


=== CLIENT 2 MODEL SAVING FOR ROUND 4 ===
Client 2 saved model to results/fl_simulation_20250619_233709_mnist_s25/model_storage/round_4/clients/client_2
Saved primary model to results/fl_simulation_20250619_233709_mnist_s25/model_storage/round_4/clients/client_2
Saved 0 background models
=== END CLIENT 2 MODEL SAVING ===

Client 3: Loading track models and training with disagreement resolution...

=== CLIENT 3 MODEL LOADING FOR ROUND 4 ===
No tracks directory found at results/fl_simulation_20250619_233709_mnist_s25/model_storage/round_4/tracks, will use standard global model
Successfully loaded standard global model from results/fl_simulation_20250619_233709_mnist_s25/model_storage/round_4/global_model_for_training
=== END CLIENT 3 MODEL LOADING ===


=== CLIENT 3 TRAINING FOR ROUND 4 ===
Training primary model...
Client 3 starting training for 1 epochs
Client 3 - Epoch 1/1 - Train Loss: 0.716391, Train Acc: 0.7625, Valid Loss: 0.407228, Valid Acc: 0.8833
Client 3 finished training
Client 3 saved training results to results/fl_simulation_20250619_233709_mnist_s25/output/clients/client_3/training_results_round_4.json
Primary model training complete. Accuracy: N/A
Client 3 has no background tracks to train
=== END CLIENT 3 TRAINING ===


=== CLIENT 3 MODEL SAVING FOR ROUND 4 ===
Client 3 saved model to results/fl_simulation_20250619_233709_mnist_s25/model_storage/round_4/clients/client_3
Saved primary model to results/fl_simulation_20250619_233709_mnist_s25/model_storage/round_4/clients/client_3
Saved 0 background models
=== END CLIENT 3 MODEL SAVING ===

Client 4: Loading track models and training with disagreement resolution...

=== CLIENT 4 MODEL LOADING FOR ROUND 4 ===
No tracks directory found at results/fl_simulation_20250619_233709_mnist_s25/model_storage/round_4/tracks, will use standard global model
Successfully loaded standard global model from results/fl_simulation_20250619_233709_mnist_s25/model_storage/round_4/global_model_for_training
=== END CLIENT 4 MODEL LOADING ===


=== CLIENT 4 TRAINING FOR ROUND 4 ===
Training primary model...
Client 4 starting training for 1 epochs
Client 4 - Epoch 1/1 - Train Loss: 0.703489, Train Acc: 0.7750, Valid Loss: 0.519076, Valid Acc: 0.8417
Client 4 finished training
Client 4 saved training results to results/fl_simulation_20250619_233709_mnist_s25/output/clients/client_4/training_results_round_4.json
Primary model training complete. Accuracy: N/A
Client 4 has no background tracks to train
=== END CLIENT 4 TRAINING ===


=== CLIENT 4 MODEL SAVING FOR ROUND 4 ===
Client 4 saved model to results/fl_simulation_20250619_233709_mnist_s25/model_storage/round_4/clients/client_4
Saved primary model to results/fl_simulation_20250619_233709_mnist_s25/model_storage/round_4/clients/client_4
Saved 0 background models
=== END CLIENT 4 MODEL SAVING ===

Performing disagreement-aware track-based model aggregation...
Starting file-based aggregation for round 4
Found 5 clients: [4, 3, 2, 0, 1]
Loaded disagreements: {}
Round 4: No disagreements defined in the system
No active disagreements for round 4, using standard aggregation
Updated global model with parameters from 5 clients

=== AGGREGATION TIMING SUMMARY FOR ROUND 4 ===
  Disagreement loading: 0.0000s
  Resolution time: 0.0000s
  Aggregation time: 0.0163s
  Track saving time: 0.0000s
  Total time: 0.0164s
  Has disagreements: False
=== END TIMING SUMMARY ===

Saved global model to results/fl_simulation_20250619_233709_mnist_s25/model_storage/round_4/global_model_aggregated
Evaluating global model and track-specific performance...
Round 4 - MNIST Classification Metrics:
  Overall Accuracy: 0.8926
  Mean Precision: 0.8970
  Mean Recall: 0.8926
  Mean F1 Score: 0.8920
Round 4 - Global model test accuracy: 0.8926
Round 4 - Global model test loss: 0.441485
Saved results for round 4 (plot mode: minimal)

=== EVALUATING TRACK MODELS FOR ROUND 4 ===
No tracks directory found for round 4
Saved experiment results to results/fl_simulation_20250619_233709_mnist_s25/output/fl_results.json
Saved timing metrics to results/fl_simulation_20250619_233709_mnist_s25/output/aggregation_timing_metrics.json
Round 4 completed with disagreement resolution.

--- Federated Learning Round 5/5 ---
Analyzing disagreements and preparing track-specific models...

=== SERVER PREPARATION FOR ROUND 5 ===
  Using initiation_mechanism: shallow, lifting_mechanism: shallow, deep_lifting_finetune_rounds: 3
Loaded disagreements: {}
Round 5: No disagreements defined in the system
Loading main global model from previous round 4's aggregated model: results/fl_simulation_20250619_233709_mnist_s25/model_storage/round_4/global_model_aggregated
Loaded model from round 4
Loaded global model from results/fl_simulation_20250619_233709_mnist_s25/model_storage/round_4/global_model_aggregated
Saved global model to results/fl_simulation_20250619_233709_mnist_s25/model_storage/round_5/global_model_for_training
Saved main global model for training in round 5 at results/fl_simulation_20250619_233709_mnist_s25/model_storage/round_5/global_model_for_training
No active disagreements for round 5. Using standard global model from results/fl_simulation_20250619_233709_mnist_s25/model_storage/round_4/global_model_aggregated
=== END SERVER PREPARATION FOR ROUND 5 ===\n
Updated track models based on disagreement changes from round 4
Starting disagreement-aware multi-track client training...
Client 0: Loading track models and training with disagreement resolution...

=== CLIENT 0 MODEL LOADING FOR ROUND 5 ===
No tracks directory found at results/fl_simulation_20250619_233709_mnist_s25/model_storage/round_5/tracks, will use standard global model
Successfully loaded standard global model from results/fl_simulation_20250619_233709_mnist_s25/model_storage/round_5/global_model_for_training
=== END CLIENT 0 MODEL LOADING ===


=== CLIENT 0 TRAINING FOR ROUND 5 ===
Training primary model...
Client 0 starting training for 1 epochs
Client 0 - Epoch 1/1 - Train Loss: 0.565044, Train Acc: 0.8208, Valid Loss: 0.469518, Valid Acc: 0.8417
Client 0 finished training
Client 0 saved training results to results/fl_simulation_20250619_233709_mnist_s25/output/clients/client_0/training_results_round_5.json
Primary model training complete. Accuracy: N/A
Client 0 has no background tracks to train
=== END CLIENT 0 TRAINING ===


=== CLIENT 0 MODEL SAVING FOR ROUND 5 ===
Client 0 saved model to results/fl_simulation_20250619_233709_mnist_s25/model_storage/round_5/clients/client_0
Saved primary model to results/fl_simulation_20250619_233709_mnist_s25/model_storage/round_5/clients/client_0
Saved 0 background models
=== END CLIENT 0 MODEL SAVING ===

Client 1: Loading track models and training with disagreement resolution...

=== CLIENT 1 MODEL LOADING FOR ROUND 5 ===
No tracks directory found at results/fl_simulation_20250619_233709_mnist_s25/model_storage/round_5/tracks, will use standard global model
Successfully loaded standard global model from results/fl_simulation_20250619_233709_mnist_s25/model_storage/round_5/global_model_for_training
=== END CLIENT 1 MODEL LOADING ===


=== CLIENT 1 TRAINING FOR ROUND 5 ===
Training primary model...
Client 1 starting training for 1 epochs
Client 1 - Epoch 1/1 - Train Loss: 0.577684, Train Acc: 0.7917, Valid Loss: 0.376548, Valid Acc: 0.8417
Client 1 finished training
Client 1 saved training results to results/fl_simulation_20250619_233709_mnist_s25/output/clients/client_1/training_results_round_5.json
Primary model training complete. Accuracy: N/A
Client 1 has no background tracks to train
=== END CLIENT 1 TRAINING ===


=== CLIENT 1 MODEL SAVING FOR ROUND 5 ===
Client 1 saved model to results/fl_simulation_20250619_233709_mnist_s25/model_storage/round_5/clients/client_1
Saved primary model to results/fl_simulation_20250619_233709_mnist_s25/model_storage/round_5/clients/client_1
Saved 0 background models
=== END CLIENT 1 MODEL SAVING ===

Client 2: Loading track models and training with disagreement resolution...

=== CLIENT 2 MODEL LOADING FOR ROUND 5 ===
No tracks directory found at results/fl_simulation_20250619_233709_mnist_s25/model_storage/round_5/tracks, will use standard global model
Successfully loaded standard global model from results/fl_simulation_20250619_233709_mnist_s25/model_storage/round_5/global_model_for_training
=== END CLIENT 2 MODEL LOADING ===


=== CLIENT 2 TRAINING FOR ROUND 5 ===
Training primary model...
Client 2 starting training for 1 epochs
Client 2 - Epoch 1/1 - Train Loss: 0.461462, Train Acc: 0.8688, Valid Loss: 0.424856, Valid Acc: 0.8250
Client 2 finished training
Client 2 saved training results to results/fl_simulation_20250619_233709_mnist_s25/output/clients/client_2/training_results_round_5.json
Primary model training complete. Accuracy: N/A
Client 2 has no background tracks to train
=== END CLIENT 2 TRAINING ===


=== CLIENT 2 MODEL SAVING FOR ROUND 5 ===
Client 2 saved model to results/fl_simulation_20250619_233709_mnist_s25/model_storage/round_5/clients/client_2
Saved primary model to results/fl_simulation_20250619_233709_mnist_s25/model_storage/round_5/clients/client_2
Saved 0 background models
=== END CLIENT 2 MODEL SAVING ===

Client 3: Loading track models and training with disagreement resolution...

=== CLIENT 3 MODEL LOADING FOR ROUND 5 ===
No tracks directory found at results/fl_simulation_20250619_233709_mnist_s25/model_storage/round_5/tracks, will use standard global model
Successfully loaded standard global model from results/fl_simulation_20250619_233709_mnist_s25/model_storage/round_5/global_model_for_training
=== END CLIENT 3 MODEL LOADING ===


=== CLIENT 3 TRAINING FOR ROUND 5 ===
Training primary model...
Client 3 starting training for 1 epochs
Client 3 - Epoch 1/1 - Train Loss: 0.638889, Train Acc: 0.7562, Valid Loss: 0.296818, Valid Acc: 0.9333
Client 3 finished training
Client 3 saved training results to results/fl_simulation_20250619_233709_mnist_s25/output/clients/client_3/training_results_round_5.json
Primary model training complete. Accuracy: N/A
Client 3 has no background tracks to train
=== END CLIENT 3 TRAINING ===


=== CLIENT 3 MODEL SAVING FOR ROUND 5 ===
Client 3 saved model to results/fl_simulation_20250619_233709_mnist_s25/model_storage/round_5/clients/client_3
Saved primary model to results/fl_simulation_20250619_233709_mnist_s25/model_storage/round_5/clients/client_3
Saved 0 background models
=== END CLIENT 3 MODEL SAVING ===

Client 4: Loading track models and training with disagreement resolution...

=== CLIENT 4 MODEL LOADING FOR ROUND 5 ===
No tracks directory found at results/fl_simulation_20250619_233709_mnist_s25/model_storage/round_5/tracks, will use standard global model
Successfully loaded standard global model from results/fl_simulation_20250619_233709_mnist_s25/model_storage/round_5/global_model_for_training
=== END CLIENT 4 MODEL LOADING ===


=== CLIENT 4 TRAINING FOR ROUND 5 ===
Training primary model...
Client 4 starting training for 1 epochs
Client 4 - Epoch 1/1 - Train Loss: 0.493364, Train Acc: 0.8521, Valid Loss: 0.496218, Valid Acc: 0.8250
Client 4 finished training
Client 4 saved training results to results/fl_simulation_20250619_233709_mnist_s25/output/clients/client_4/training_results_round_5.json
Primary model training complete. Accuracy: N/A
Client 4 has no background tracks to train
=== END CLIENT 4 TRAINING ===


=== CLIENT 4 MODEL SAVING FOR ROUND 5 ===
Client 4 saved model to results/fl_simulation_20250619_233709_mnist_s25/model_storage/round_5/clients/client_4
Saved primary model to results/fl_simulation_20250619_233709_mnist_s25/model_storage/round_5/clients/client_4
Saved 0 background models
=== END CLIENT 4 MODEL SAVING ===

Performing disagreement-aware track-based model aggregation...
Starting file-based aggregation for round 5
Found 5 clients: [4, 3, 2, 0, 1]
Loaded disagreements: {}
Round 5: No disagreements defined in the system
No active disagreements for round 5, using standard aggregation
Updated global model with parameters from 5 clients

=== AGGREGATION TIMING SUMMARY FOR ROUND 5 ===
  Disagreement loading: 0.0000s
  Resolution time: 0.0000s
  Aggregation time: 0.0163s
  Track saving time: 0.0000s
  Total time: 0.0164s
  Has disagreements: False
=== END TIMING SUMMARY ===

Saved global model to results/fl_simulation_20250619_233709_mnist_s25/model_storage/round_5/global_model_aggregated
Evaluating global model and track-specific performance...
Round 5 - MNIST Classification Metrics:
  Overall Accuracy: 0.9064
  Mean Precision: 0.9099
  Mean Recall: 0.9064
  Mean F1 Score: 0.9059
Round 5 - Global model test accuracy: 0.9064
Round 5 - Global model test loss: 0.352036
Creating timing plots with data from 5 rounds
Saved timing plots for round 5
Summary: Avg total time: 0.017s, Avg aggregation time: 0.017s, Avg resolution time: 0.000ms
Saved results for round 5 (plot mode: last round)

=== EVALUATING TRACK MODELS FOR ROUND 5 ===
No tracks directory found for round 5
Saved experiment results to results/fl_simulation_20250619_233709_mnist_s25/output/fl_results.json
Saved timing metrics to results/fl_simulation_20250619_233709_mnist_s25/output/aggregation_timing_metrics.json
Round 5 completed with disagreement resolution.
Saved experiment results to results/fl_simulation_20250619_233709_mnist_s25/output/fl_results.json
Saved timing metrics to results/fl_simulation_20250619_233709_mnist_s25/output/aggregation_timing_metrics.json

Federated learning with disagreement resolution completed!
Total running time: 5.65 seconds
