Updated configuration in mock_etcd/configuration.json
MNIST data already exists. Skipping setup.
Use --force_setup_data to force recreation.
Initialized global mnist model
Loading MNIST test data from data/mnist/test/mnist_test.npz
Loaded 10000 MNIST test samples
Loaded MNIST test data with 10000 samples
Saved experiment results to results/fl_simulation_20250618_140628_mnist_s13/output/fl_results.json
Loading MNIST data from data/mnist/train/client_0/mnist_data.npz
Client 0 loaded 600 MNIST samples
Client 0 loaded 600 MNIST samples
Loading MNIST data from data/mnist/train/client_1/mnist_data.npz
Client 1 loaded 600 MNIST samples
Client 1 loaded 600 MNIST samples
Loading MNIST data from data/mnist/train/client_2/mnist_data.npz
Client 2 loaded 600 MNIST samples
Client 2 loaded 600 MNIST samples
Loading MNIST data from data/mnist/train/client_3/mnist_data.npz
Client 3 loaded 600 MNIST samples
Client 3 loaded 600 MNIST samples
Loading MNIST data from data/mnist/train/client_4/mnist_data.npz
Client 4 loaded 600 MNIST samples
Client 4 loaded 600 MNIST samples
Loading MNIST data from data/mnist/train/client_5/mnist_data.npz
Client 5 loaded 600 MNIST samples
Client 5 loaded 600 MNIST samples
Initialized disagreement-aware federated learning orchestrator
  - 6 clients for mnist experiment
  - Advanced disagreement resolution with multi-track model training
  - Results directory: results/fl_simulation_20250618_140628_mnist_s13
Starting federated learning with 5 rounds...
Saved global model to results/fl_simulation_20250618_140628_mnist_s13/model_storage/global_model_initial
Initialized and saved the initial global model
Round 0 - MNIST Classification Metrics:
  Overall Accuracy: 0.1088
  Mean Precision: 0.0377
  Mean Recall: 0.1088
  Mean F1 Score: 0.0356
Round 0 - Global model test accuracy: 0.1088
Round 0 - Global model test loss: 2.301191
Saved results for round 0 (plot mode: minimal)
Saved experiment results to results/fl_simulation_20250618_140628_mnist_s13/output/fl_results.json
Initial model evaluation completed

--- Federated Learning Round 1/5 ---
Analyzing disagreements and preparing track-specific models...

=== SERVER PREPARATION FOR ROUND 1 ===
  Using initiation_mechanism: shallow, lifting_mechanism: shallow, deep_lifting_finetune_rounds: 3
Loaded disagreements: {}
Round 1: No disagreements defined in the system
Round 1 starting with initial global model from results/fl_simulation_20250618_140628_mnist_s13/model_storage/global_model_initial
Loaded model from round 0
Loaded global model from results/fl_simulation_20250618_140628_mnist_s13/model_storage/global_model_initial
Saved global model to results/fl_simulation_20250618_140628_mnist_s13/model_storage/round_1/global_model_for_training
Saved global model for training at results/fl_simulation_20250618_140628_mnist_s13/model_storage/round_1/global_model_for_training
=== END SERVER PREPARATION FOR ROUND 1 ===\n
Created initial track models from global_model_initial for round 1
Starting disagreement-aware multi-track client training...
Client 0: Loading track models and training with disagreement resolution...

=== CLIENT 0 MODEL LOADING FOR ROUND 1 ===
No tracks directory found at results/fl_simulation_20250618_140628_mnist_s13/model_storage/round_1/tracks, will use standard global model
Successfully loaded standard global model from results/fl_simulation_20250618_140628_mnist_s13/model_storage/round_1/global_model_for_training
=== END CLIENT 0 MODEL LOADING ===


=== CLIENT 0 TRAINING FOR ROUND 1 ===
Training primary model...
Client 0 starting training for 1 epochs
Client 0 - Epoch 1/1 - Train Loss: 1.980187, Train Acc: 0.3146, Valid Loss: 1.430372, Valid Acc: 0.5667
Client 0 finished training
Client 0 saved training results to results/fl_simulation_20250618_140628_mnist_s13/output/clients/client_0/training_results_round_1.json
Primary model training complete. Accuracy: N/A
Client 0 has no background tracks to train
=== END CLIENT 0 TRAINING ===


=== CLIENT 0 MODEL SAVING FOR ROUND 1 ===
Client 0 saved model to results/fl_simulation_20250618_140628_mnist_s13/model_storage/round_1/clients/client_0
Saved primary model to results/fl_simulation_20250618_140628_mnist_s13/model_storage/round_1/clients/client_0
Saved 0 background models
=== END CLIENT 0 MODEL SAVING ===

Client 1: Loading track models and training with disagreement resolution...

=== CLIENT 1 MODEL LOADING FOR ROUND 1 ===
No tracks directory found at results/fl_simulation_20250618_140628_mnist_s13/model_storage/round_1/tracks, will use standard global model
Successfully loaded standard global model from results/fl_simulation_20250618_140628_mnist_s13/model_storage/round_1/global_model_for_training
=== END CLIENT 1 MODEL LOADING ===


=== CLIENT 1 TRAINING FOR ROUND 1 ===
Training primary model...
Client 1 starting training for 1 epochs
Client 1 - Epoch 1/1 - Train Loss: 2.000872, Train Acc: 0.3000, Valid Loss: 1.498737, Valid Acc: 0.6000
Client 1 finished training
Client 1 saved training results to results/fl_simulation_20250618_140628_mnist_s13/output/clients/client_1/training_results_round_1.json
Primary model training complete. Accuracy: N/A
Client 1 has no background tracks to train
=== END CLIENT 1 TRAINING ===


=== CLIENT 1 MODEL SAVING FOR ROUND 1 ===
Client 1 saved model to results/fl_simulation_20250618_140628_mnist_s13/model_storage/round_1/clients/client_1
Saved primary model to results/fl_simulation_20250618_140628_mnist_s13/model_storage/round_1/clients/client_1
Saved 0 background models
=== END CLIENT 1 MODEL SAVING ===

Client 2: Loading track models and training with disagreement resolution...

=== CLIENT 2 MODEL LOADING FOR ROUND 1 ===
No tracks directory found at results/fl_simulation_20250618_140628_mnist_s13/model_storage/round_1/tracks, will use standard global model
Successfully loaded standard global model from results/fl_simulation_20250618_140628_mnist_s13/model_storage/round_1/global_model_for_training
=== END CLIENT 2 MODEL LOADING ===


=== CLIENT 2 TRAINING FOR ROUND 1 ===
Training primary model...
Client 2 starting training for 1 epochs
Client 2 - Epoch 1/1 - Train Loss: 2.072323, Train Acc: 0.3354, Valid Loss: 1.677623, Valid Acc: 0.5583
Client 2 finished training
Client 2 saved training results to results/fl_simulation_20250618_140628_mnist_s13/output/clients/client_2/training_results_round_1.json
Primary model training complete. Accuracy: N/A
Client 2 has no background tracks to train
=== END CLIENT 2 TRAINING ===


=== CLIENT 2 MODEL SAVING FOR ROUND 1 ===
Client 2 saved model to results/fl_simulation_20250618_140628_mnist_s13/model_storage/round_1/clients/client_2
Saved primary model to results/fl_simulation_20250618_140628_mnist_s13/model_storage/round_1/clients/client_2
Saved 0 background models
=== END CLIENT 2 MODEL SAVING ===

Client 3: Loading track models and training with disagreement resolution...

=== CLIENT 3 MODEL LOADING FOR ROUND 1 ===
No tracks directory found at results/fl_simulation_20250618_140628_mnist_s13/model_storage/round_1/tracks, will use standard global model
Successfully loaded standard global model from results/fl_simulation_20250618_140628_mnist_s13/model_storage/round_1/global_model_for_training
=== END CLIENT 3 MODEL LOADING ===


=== CLIENT 3 TRAINING FOR ROUND 1 ===
Training primary model...
Client 3 starting training for 1 epochs
Client 3 - Epoch 1/1 - Train Loss: 2.031121, Train Acc: 0.2875, Valid Loss: 1.401280, Valid Acc: 0.6333
Client 3 finished training
Client 3 saved training results to results/fl_simulation_20250618_140628_mnist_s13/output/clients/client_3/training_results_round_1.json
Primary model training complete. Accuracy: N/A
Client 3 has no background tracks to train
=== END CLIENT 3 TRAINING ===


=== CLIENT 3 MODEL SAVING FOR ROUND 1 ===
Client 3 saved model to results/fl_simulation_20250618_140628_mnist_s13/model_storage/round_1/clients/client_3
Saved primary model to results/fl_simulation_20250618_140628_mnist_s13/model_storage/round_1/clients/client_3
Saved 0 background models
=== END CLIENT 3 MODEL SAVING ===

Client 4: Loading track models and training with disagreement resolution...

=== CLIENT 4 MODEL LOADING FOR ROUND 1 ===
No tracks directory found at results/fl_simulation_20250618_140628_mnist_s13/model_storage/round_1/tracks, will use standard global model
Successfully loaded standard global model from results/fl_simulation_20250618_140628_mnist_s13/model_storage/round_1/global_model_for_training
=== END CLIENT 4 MODEL LOADING ===


=== CLIENT 4 TRAINING FOR ROUND 1 ===
Training primary model...
Client 4 starting training for 1 epochs
Client 4 - Epoch 1/1 - Train Loss: 2.135730, Train Acc: 0.2750, Valid Loss: 1.669106, Valid Acc: 0.7250
Client 4 finished training
Client 4 saved training results to results/fl_simulation_20250618_140628_mnist_s13/output/clients/client_4/training_results_round_1.json
Primary model training complete. Accuracy: N/A
Client 4 has no background tracks to train
=== END CLIENT 4 TRAINING ===


=== CLIENT 4 MODEL SAVING FOR ROUND 1 ===
Client 4 saved model to results/fl_simulation_20250618_140628_mnist_s13/model_storage/round_1/clients/client_4
Saved primary model to results/fl_simulation_20250618_140628_mnist_s13/model_storage/round_1/clients/client_4
Saved 0 background models
=== END CLIENT 4 MODEL SAVING ===

Client 5: Loading track models and training with disagreement resolution...

=== CLIENT 5 MODEL LOADING FOR ROUND 1 ===
No tracks directory found at results/fl_simulation_20250618_140628_mnist_s13/model_storage/round_1/tracks, will use standard global model
Successfully loaded standard global model from results/fl_simulation_20250618_140628_mnist_s13/model_storage/round_1/global_model_for_training
=== END CLIENT 5 MODEL LOADING ===


=== CLIENT 5 TRAINING FOR ROUND 1 ===
Training primary model...
Client 5 starting training for 1 epochs
Client 5 - Epoch 1/1 - Train Loss: 2.025282, Train Acc: 0.3271, Valid Loss: 1.477758, Valid Acc: 0.6083
Client 5 finished training
Client 5 saved training results to results/fl_simulation_20250618_140628_mnist_s13/output/clients/client_5/training_results_round_1.json
Primary model training complete. Accuracy: N/A
Client 5 has no background tracks to train
=== END CLIENT 5 TRAINING ===


=== CLIENT 5 MODEL SAVING FOR ROUND 1 ===
Client 5 saved model to results/fl_simulation_20250618_140628_mnist_s13/model_storage/round_1/clients/client_5
Saved primary model to results/fl_simulation_20250618_140628_mnist_s13/model_storage/round_1/clients/client_5
Saved 0 background models
=== END CLIENT 5 MODEL SAVING ===

Performing disagreement-aware track-based model aggregation...
Starting file-based aggregation for round 1
Found 6 clients: [4, 5, 3, 2, 0, 1]
Loaded disagreements: {}
Round 1: No disagreements defined in the system
No active disagreements for round 1, using standard aggregation
Updated global model with parameters from 6 clients

=== AGGREGATION TIMING SUMMARY FOR ROUND 1 ===
  Disagreement loading: 0.0000s
  Resolution time: 0.0000s
  Aggregation time: 0.0228s
  Track saving time: 0.0000s
  Total time: 0.0230s
  Has disagreements: False
=== END TIMING SUMMARY ===

Saved global model to results/fl_simulation_20250618_140628_mnist_s13/model_storage/round_1/global_model_aggregated
Evaluating global model and track-specific performance...
Round 1 - MNIST Classification Metrics:
  Overall Accuracy: 0.6922
  Mean Precision: 0.7914
  Mean Recall: 0.6922
  Mean F1 Score: 0.6555
Round 1 - Global model test accuracy: 0.6922
Round 1 - Global model test loss: 1.693069
Saved results for round 1 (plot mode: minimal)

=== EVALUATING TRACK MODELS FOR ROUND 1 ===
No tracks directory found for round 1
Saved experiment results to results/fl_simulation_20250618_140628_mnist_s13/output/fl_results.json
Saved timing metrics to results/fl_simulation_20250618_140628_mnist_s13/output/aggregation_timing_metrics.json
Round 1 completed with disagreement resolution.

--- Federated Learning Round 2/5 ---
Analyzing disagreements and preparing track-specific models...

=== SERVER PREPARATION FOR ROUND 2 ===
  Using initiation_mechanism: shallow, lifting_mechanism: shallow, deep_lifting_finetune_rounds: 3
Loaded disagreements: {}
Round 2: No disagreements defined in the system
Loading main global model from previous round 1's aggregated model: results/fl_simulation_20250618_140628_mnist_s13/model_storage/round_1/global_model_aggregated
Loaded model from round 1
Loaded global model from results/fl_simulation_20250618_140628_mnist_s13/model_storage/round_1/global_model_aggregated
Saved global model to results/fl_simulation_20250618_140628_mnist_s13/model_storage/round_2/global_model_for_training
Saved main global model for training in round 2 at results/fl_simulation_20250618_140628_mnist_s13/model_storage/round_2/global_model_for_training
No active disagreements for round 2. Using standard global model from results/fl_simulation_20250618_140628_mnist_s13/model_storage/round_1/global_model_aggregated
=== END SERVER PREPARATION FOR ROUND 2 ===\n
Updated track models based on disagreement changes from round 1
Starting disagreement-aware multi-track client training...
Client 0: Loading track models and training with disagreement resolution...

=== CLIENT 0 MODEL LOADING FOR ROUND 2 ===
No tracks directory found at results/fl_simulation_20250618_140628_mnist_s13/model_storage/round_2/tracks, will use standard global model
Successfully loaded standard global model from results/fl_simulation_20250618_140628_mnist_s13/model_storage/round_2/global_model_for_training
=== END CLIENT 0 MODEL LOADING ===


=== CLIENT 0 TRAINING FOR ROUND 2 ===
Training primary model...
Client 0 starting training for 1 epochs
Client 0 - Epoch 1/1 - Train Loss: 1.228894, Train Acc: 0.6646, Valid Loss: 0.734399, Valid Acc: 0.8000
Client 0 finished training
Client 0 saved training results to results/fl_simulation_20250618_140628_mnist_s13/output/clients/client_0/training_results_round_2.json
Primary model training complete. Accuracy: N/A
Client 0 has no background tracks to train
=== END CLIENT 0 TRAINING ===


=== CLIENT 0 MODEL SAVING FOR ROUND 2 ===
Client 0 saved model to results/fl_simulation_20250618_140628_mnist_s13/model_storage/round_2/clients/client_0
Saved primary model to results/fl_simulation_20250618_140628_mnist_s13/model_storage/round_2/clients/client_0
Saved 0 background models
=== END CLIENT 0 MODEL SAVING ===

Client 1: Loading track models and training with disagreement resolution...

=== CLIENT 1 MODEL LOADING FOR ROUND 2 ===
No tracks directory found at results/fl_simulation_20250618_140628_mnist_s13/model_storage/round_2/tracks, will use standard global model
Successfully loaded standard global model from results/fl_simulation_20250618_140628_mnist_s13/model_storage/round_2/global_model_for_training
=== END CLIENT 1 MODEL LOADING ===


=== CLIENT 1 TRAINING FOR ROUND 2 ===
Training primary model...
Client 1 starting training for 1 epochs
Client 1 - Epoch 1/1 - Train Loss: 1.267652, Train Acc: 0.6604, Valid Loss: 0.920979, Valid Acc: 0.7083
Client 1 finished training
Client 1 saved training results to results/fl_simulation_20250618_140628_mnist_s13/output/clients/client_1/training_results_round_2.json
Primary model training complete. Accuracy: N/A
Client 1 has no background tracks to train
=== END CLIENT 1 TRAINING ===


=== CLIENT 1 MODEL SAVING FOR ROUND 2 ===
Client 1 saved model to results/fl_simulation_20250618_140628_mnist_s13/model_storage/round_2/clients/client_1
Saved primary model to results/fl_simulation_20250618_140628_mnist_s13/model_storage/round_2/clients/client_1
Saved 0 background models
=== END CLIENT 1 MODEL SAVING ===

Client 2: Loading track models and training with disagreement resolution...

=== CLIENT 2 MODEL LOADING FOR ROUND 2 ===
No tracks directory found at results/fl_simulation_20250618_140628_mnist_s13/model_storage/round_2/tracks, will use standard global model
Successfully loaded standard global model from results/fl_simulation_20250618_140628_mnist_s13/model_storage/round_2/global_model_for_training
=== END CLIENT 2 MODEL LOADING ===


=== CLIENT 2 TRAINING FOR ROUND 2 ===
Training primary model...
Client 2 starting training for 1 epochs
Client 2 - Epoch 1/1 - Train Loss: 1.205844, Train Acc: 0.6750, Valid Loss: 0.851391, Valid Acc: 0.7583
Client 2 finished training
Client 2 saved training results to results/fl_simulation_20250618_140628_mnist_s13/output/clients/client_2/training_results_round_2.json
Primary model training complete. Accuracy: N/A
Client 2 has no background tracks to train
=== END CLIENT 2 TRAINING ===


=== CLIENT 2 MODEL SAVING FOR ROUND 2 ===
Client 2 saved model to results/fl_simulation_20250618_140628_mnist_s13/model_storage/round_2/clients/client_2
Saved primary model to results/fl_simulation_20250618_140628_mnist_s13/model_storage/round_2/clients/client_2
Saved 0 background models
=== END CLIENT 2 MODEL SAVING ===

Client 3: Loading track models and training with disagreement resolution...

=== CLIENT 3 MODEL LOADING FOR ROUND 2 ===
No tracks directory found at results/fl_simulation_20250618_140628_mnist_s13/model_storage/round_2/tracks, will use standard global model
Successfully loaded standard global model from results/fl_simulation_20250618_140628_mnist_s13/model_storage/round_2/global_model_for_training
=== END CLIENT 3 MODEL LOADING ===


=== CLIENT 3 TRAINING FOR ROUND 2 ===
Training primary model...
Client 3 starting training for 1 epochs
Client 3 - Epoch 1/1 - Train Loss: 1.262892, Train Acc: 0.6771, Valid Loss: 0.700488, Valid Acc: 0.8083
Client 3 finished training
Client 3 saved training results to results/fl_simulation_20250618_140628_mnist_s13/output/clients/client_3/training_results_round_2.json
Primary model training complete. Accuracy: N/A
Client 3 has no background tracks to train
=== END CLIENT 3 TRAINING ===


=== CLIENT 3 MODEL SAVING FOR ROUND 2 ===
Client 3 saved model to results/fl_simulation_20250618_140628_mnist_s13/model_storage/round_2/clients/client_3
Saved primary model to results/fl_simulation_20250618_140628_mnist_s13/model_storage/round_2/clients/client_3
Saved 0 background models
=== END CLIENT 3 MODEL SAVING ===

Client 4: Loading track models and training with disagreement resolution...

=== CLIENT 4 MODEL LOADING FOR ROUND 2 ===
No tracks directory found at results/fl_simulation_20250618_140628_mnist_s13/model_storage/round_2/tracks, will use standard global model
Successfully loaded standard global model from results/fl_simulation_20250618_140628_mnist_s13/model_storage/round_2/global_model_for_training
=== END CLIENT 4 MODEL LOADING ===


=== CLIENT 4 TRAINING FOR ROUND 2 ===
Training primary model...
Client 4 starting training for 1 epochs
Client 4 - Epoch 1/1 - Train Loss: 1.138975, Train Acc: 0.7271, Valid Loss: 0.631130, Valid Acc: 0.8250
Client 4 finished training
Client 4 saved training results to results/fl_simulation_20250618_140628_mnist_s13/output/clients/client_4/training_results_round_2.json
Primary model training complete. Accuracy: N/A
Client 4 has no background tracks to train
=== END CLIENT 4 TRAINING ===


=== CLIENT 4 MODEL SAVING FOR ROUND 2 ===
Client 4 saved model to results/fl_simulation_20250618_140628_mnist_s13/model_storage/round_2/clients/client_4
Saved primary model to results/fl_simulation_20250618_140628_mnist_s13/model_storage/round_2/clients/client_4
Saved 0 background models
=== END CLIENT 4 MODEL SAVING ===

Client 5: Loading track models and training with disagreement resolution...

=== CLIENT 5 MODEL LOADING FOR ROUND 2 ===
No tracks directory found at results/fl_simulation_20250618_140628_mnist_s13/model_storage/round_2/tracks, will use standard global model
Successfully loaded standard global model from results/fl_simulation_20250618_140628_mnist_s13/model_storage/round_2/global_model_for_training
=== END CLIENT 5 MODEL LOADING ===


=== CLIENT 5 TRAINING FOR ROUND 2 ===
Training primary model...
Client 5 starting training for 1 epochs
Client 5 - Epoch 1/1 - Train Loss: 1.212810, Train Acc: 0.6667, Valid Loss: 0.904040, Valid Acc: 0.6917
Client 5 finished training
Client 5 saved training results to results/fl_simulation_20250618_140628_mnist_s13/output/clients/client_5/training_results_round_2.json
Primary model training complete. Accuracy: N/A
Client 5 has no background tracks to train
=== END CLIENT 5 TRAINING ===


=== CLIENT 5 MODEL SAVING FOR ROUND 2 ===
Client 5 saved model to results/fl_simulation_20250618_140628_mnist_s13/model_storage/round_2/clients/client_5
Saved primary model to results/fl_simulation_20250618_140628_mnist_s13/model_storage/round_2/clients/client_5
Saved 0 background models
=== END CLIENT 5 MODEL SAVING ===

Performing disagreement-aware track-based model aggregation...
Starting file-based aggregation for round 2
Found 6 clients: [4, 5, 3, 2, 0, 1]
Loaded disagreements: {}
Round 2: No disagreements defined in the system
No active disagreements for round 2, using standard aggregation
Updated global model with parameters from 6 clients

=== AGGREGATION TIMING SUMMARY FOR ROUND 2 ===
  Disagreement loading: 0.0000s
  Resolution time: 0.0000s
  Aggregation time: 0.0186s
  Track saving time: 0.0000s
  Total time: 0.0187s
  Has disagreements: False
=== END TIMING SUMMARY ===

Saved global model to results/fl_simulation_20250618_140628_mnist_s13/model_storage/round_2/global_model_aggregated
Evaluating global model and track-specific performance...
Round 2 - MNIST Classification Metrics:
  Overall Accuracy: 0.7923
  Mean Precision: 0.8253
  Mean Recall: 0.7923
  Mean F1 Score: 0.7780
Round 2 - Global model test accuracy: 0.7923
Round 2 - Global model test loss: 0.697819
Saved results for round 2 (plot mode: minimal)

=== EVALUATING TRACK MODELS FOR ROUND 2 ===
No tracks directory found for round 2
Saved experiment results to results/fl_simulation_20250618_140628_mnist_s13/output/fl_results.json
Saved timing metrics to results/fl_simulation_20250618_140628_mnist_s13/output/aggregation_timing_metrics.json
Round 2 completed with disagreement resolution.

--- Federated Learning Round 3/5 ---
Analyzing disagreements and preparing track-specific models...

=== SERVER PREPARATION FOR ROUND 3 ===
  Using initiation_mechanism: shallow, lifting_mechanism: shallow, deep_lifting_finetune_rounds: 3
Loaded disagreements: {}
Round 3: No disagreements defined in the system
Loading main global model from previous round 2's aggregated model: results/fl_simulation_20250618_140628_mnist_s13/model_storage/round_2/global_model_aggregated
Loaded model from round 2
Loaded global model from results/fl_simulation_20250618_140628_mnist_s13/model_storage/round_2/global_model_aggregated
Saved global model to results/fl_simulation_20250618_140628_mnist_s13/model_storage/round_3/global_model_for_training
Saved main global model for training in round 3 at results/fl_simulation_20250618_140628_mnist_s13/model_storage/round_3/global_model_for_training
No active disagreements for round 3. Using standard global model from results/fl_simulation_20250618_140628_mnist_s13/model_storage/round_2/global_model_aggregated
=== END SERVER PREPARATION FOR ROUND 3 ===\n
Updated track models based on disagreement changes from round 2
Starting disagreement-aware multi-track client training...
Client 0: Loading track models and training with disagreement resolution...

=== CLIENT 0 MODEL LOADING FOR ROUND 3 ===
No tracks directory found at results/fl_simulation_20250618_140628_mnist_s13/model_storage/round_3/tracks, will use standard global model
Successfully loaded standard global model from results/fl_simulation_20250618_140628_mnist_s13/model_storage/round_3/global_model_for_training
=== END CLIENT 0 MODEL LOADING ===


=== CLIENT 0 TRAINING FOR ROUND 3 ===
Training primary model...
Client 0 starting training for 1 epochs
Client 0 - Epoch 1/1 - Train Loss: 0.928997, Train Acc: 0.7063, Valid Loss: 0.685680, Valid Acc: 0.8083
Client 0 finished training
Client 0 saved training results to results/fl_simulation_20250618_140628_mnist_s13/output/clients/client_0/training_results_round_3.json
Primary model training complete. Accuracy: N/A
Client 0 has no background tracks to train
=== END CLIENT 0 TRAINING ===


=== CLIENT 0 MODEL SAVING FOR ROUND 3 ===
Client 0 saved model to results/fl_simulation_20250618_140628_mnist_s13/model_storage/round_3/clients/client_0
Saved primary model to results/fl_simulation_20250618_140628_mnist_s13/model_storage/round_3/clients/client_0
Saved 0 background models
=== END CLIENT 0 MODEL SAVING ===

Client 1: Loading track models and training with disagreement resolution...

=== CLIENT 1 MODEL LOADING FOR ROUND 3 ===
No tracks directory found at results/fl_simulation_20250618_140628_mnist_s13/model_storage/round_3/tracks, will use standard global model
Successfully loaded standard global model from results/fl_simulation_20250618_140628_mnist_s13/model_storage/round_3/global_model_for_training
=== END CLIENT 1 MODEL LOADING ===


=== CLIENT 1 TRAINING FOR ROUND 3 ===
Training primary model...
Client 1 starting training for 1 epochs
Client 1 - Epoch 1/1 - Train Loss: 0.841089, Train Acc: 0.7208, Valid Loss: 0.583843, Valid Acc: 0.8667
Client 1 finished training
Client 1 saved training results to results/fl_simulation_20250618_140628_mnist_s13/output/clients/client_1/training_results_round_3.json
Primary model training complete. Accuracy: N/A
Client 1 has no background tracks to train
=== END CLIENT 1 TRAINING ===


=== CLIENT 1 MODEL SAVING FOR ROUND 3 ===
Client 1 saved model to results/fl_simulation_20250618_140628_mnist_s13/model_storage/round_3/clients/client_1
Saved primary model to results/fl_simulation_20250618_140628_mnist_s13/model_storage/round_3/clients/client_1
Saved 0 background models
=== END CLIENT 1 MODEL SAVING ===

Client 2: Loading track models and training with disagreement resolution...

=== CLIENT 2 MODEL LOADING FOR ROUND 3 ===
No tracks directory found at results/fl_simulation_20250618_140628_mnist_s13/model_storage/round_3/tracks, will use standard global model
Successfully loaded standard global model from results/fl_simulation_20250618_140628_mnist_s13/model_storage/round_3/global_model_for_training
=== END CLIENT 2 MODEL LOADING ===


=== CLIENT 2 TRAINING FOR ROUND 3 ===
Training primary model...
Client 2 starting training for 1 epochs
Client 2 - Epoch 1/1 - Train Loss: 0.897134, Train Acc: 0.7042, Valid Loss: 0.641804, Valid Acc: 0.8333
Client 2 finished training
Client 2 saved training results to results/fl_simulation_20250618_140628_mnist_s13/output/clients/client_2/training_results_round_3.json
Primary model training complete. Accuracy: N/A
Client 2 has no background tracks to train
=== END CLIENT 2 TRAINING ===


=== CLIENT 2 MODEL SAVING FOR ROUND 3 ===
Client 2 saved model to results/fl_simulation_20250618_140628_mnist_s13/model_storage/round_3/clients/client_2
Saved primary model to results/fl_simulation_20250618_140628_mnist_s13/model_storage/round_3/clients/client_2
Saved 0 background models
=== END CLIENT 2 MODEL SAVING ===

Client 3: Loading track models and training with disagreement resolution...

=== CLIENT 3 MODEL LOADING FOR ROUND 3 ===
No tracks directory found at results/fl_simulation_20250618_140628_mnist_s13/model_storage/round_3/tracks, will use standard global model
Successfully loaded standard global model from results/fl_simulation_20250618_140628_mnist_s13/model_storage/round_3/global_model_for_training
=== END CLIENT 3 MODEL LOADING ===


=== CLIENT 3 TRAINING FOR ROUND 3 ===
Training primary model...
Client 3 starting training for 1 epochs
Client 3 - Epoch 1/1 - Train Loss: 0.900326, Train Acc: 0.7188, Valid Loss: 0.502789, Valid Acc: 0.8500
Client 3 finished training
Client 3 saved training results to results/fl_simulation_20250618_140628_mnist_s13/output/clients/client_3/training_results_round_3.json
Primary model training complete. Accuracy: N/A
Client 3 has no background tracks to train
=== END CLIENT 3 TRAINING ===


=== CLIENT 3 MODEL SAVING FOR ROUND 3 ===
Client 3 saved model to results/fl_simulation_20250618_140628_mnist_s13/model_storage/round_3/clients/client_3
Saved primary model to results/fl_simulation_20250618_140628_mnist_s13/model_storage/round_3/clients/client_3
Saved 0 background models
=== END CLIENT 3 MODEL SAVING ===

Client 4: Loading track models and training with disagreement resolution...

=== CLIENT 4 MODEL LOADING FOR ROUND 3 ===
No tracks directory found at results/fl_simulation_20250618_140628_mnist_s13/model_storage/round_3/tracks, will use standard global model
Successfully loaded standard global model from results/fl_simulation_20250618_140628_mnist_s13/model_storage/round_3/global_model_for_training
=== END CLIENT 4 MODEL LOADING ===


=== CLIENT 4 TRAINING FOR ROUND 3 ===
Training primary model...
Client 4 starting training for 1 epochs
Client 4 - Epoch 1/1 - Train Loss: 0.822871, Train Acc: 0.7229, Valid Loss: 0.599791, Valid Acc: 0.8333
Client 4 finished training
Client 4 saved training results to results/fl_simulation_20250618_140628_mnist_s13/output/clients/client_4/training_results_round_3.json
Primary model training complete. Accuracy: N/A
Client 4 has no background tracks to train
=== END CLIENT 4 TRAINING ===


=== CLIENT 4 MODEL SAVING FOR ROUND 3 ===
Client 4 saved model to results/fl_simulation_20250618_140628_mnist_s13/model_storage/round_3/clients/client_4
Saved primary model to results/fl_simulation_20250618_140628_mnist_s13/model_storage/round_3/clients/client_4
Saved 0 background models
=== END CLIENT 4 MODEL SAVING ===

Client 5: Loading track models and training with disagreement resolution...

=== CLIENT 5 MODEL LOADING FOR ROUND 3 ===
No tracks directory found at results/fl_simulation_20250618_140628_mnist_s13/model_storage/round_3/tracks, will use standard global model
Successfully loaded standard global model from results/fl_simulation_20250618_140628_mnist_s13/model_storage/round_3/global_model_for_training
=== END CLIENT 5 MODEL LOADING ===


=== CLIENT 5 TRAINING FOR ROUND 3 ===
Training primary model...
Client 5 starting training for 1 epochs
Client 5 - Epoch 1/1 - Train Loss: 0.860800, Train Acc: 0.7292, Valid Loss: 0.621163, Valid Acc: 0.8500
Client 5 finished training
Client 5 saved training results to results/fl_simulation_20250618_140628_mnist_s13/output/clients/client_5/training_results_round_3.json
Primary model training complete. Accuracy: N/A
Client 5 has no background tracks to train
=== END CLIENT 5 TRAINING ===


=== CLIENT 5 MODEL SAVING FOR ROUND 3 ===
Client 5 saved model to results/fl_simulation_20250618_140628_mnist_s13/model_storage/round_3/clients/client_5
Saved primary model to results/fl_simulation_20250618_140628_mnist_s13/model_storage/round_3/clients/client_5
Saved 0 background models
=== END CLIENT 5 MODEL SAVING ===

Performing disagreement-aware track-based model aggregation...
Starting file-based aggregation for round 3
Found 6 clients: [4, 5, 3, 2, 0, 1]
Loaded disagreements: {}
Round 3: No disagreements defined in the system
No active disagreements for round 3, using standard aggregation
Updated global model with parameters from 6 clients

=== AGGREGATION TIMING SUMMARY FOR ROUND 3 ===
  Disagreement loading: 0.0000s
  Resolution time: 0.0000s
  Aggregation time: 0.0167s
  Track saving time: 0.0000s
  Total time: 0.0168s
  Has disagreements: False
=== END TIMING SUMMARY ===

Saved global model to results/fl_simulation_20250618_140628_mnist_s13/model_storage/round_3/global_model_aggregated
Evaluating global model and track-specific performance...
Round 3 - MNIST Classification Metrics:
  Overall Accuracy: 0.8685
  Mean Precision: 0.8766
  Mean Recall: 0.8685
  Mean F1 Score: 0.8664
Round 3 - Global model test accuracy: 0.8685
Round 3 - Global model test loss: 0.547503
Saved results for round 3 (plot mode: minimal)

=== EVALUATING TRACK MODELS FOR ROUND 3 ===
No tracks directory found for round 3
Saved experiment results to results/fl_simulation_20250618_140628_mnist_s13/output/fl_results.json
Saved timing metrics to results/fl_simulation_20250618_140628_mnist_s13/output/aggregation_timing_metrics.json
Round 3 completed with disagreement resolution.

--- Federated Learning Round 4/5 ---
Analyzing disagreements and preparing track-specific models...

=== SERVER PREPARATION FOR ROUND 4 ===
  Using initiation_mechanism: shallow, lifting_mechanism: shallow, deep_lifting_finetune_rounds: 3
Loaded disagreements: {}
Round 4: No disagreements defined in the system
Loading main global model from previous round 3's aggregated model: results/fl_simulation_20250618_140628_mnist_s13/model_storage/round_3/global_model_aggregated
Loaded model from round 3
Loaded global model from results/fl_simulation_20250618_140628_mnist_s13/model_storage/round_3/global_model_aggregated
Saved global model to results/fl_simulation_20250618_140628_mnist_s13/model_storage/round_4/global_model_for_training
Saved main global model for training in round 4 at results/fl_simulation_20250618_140628_mnist_s13/model_storage/round_4/global_model_for_training
No active disagreements for round 4. Using standard global model from results/fl_simulation_20250618_140628_mnist_s13/model_storage/round_3/global_model_aggregated
=== END SERVER PREPARATION FOR ROUND 4 ===\n
Updated track models based on disagreement changes from round 3
Starting disagreement-aware multi-track client training...
Client 0: Loading track models and training with disagreement resolution...

=== CLIENT 0 MODEL LOADING FOR ROUND 4 ===
No tracks directory found at results/fl_simulation_20250618_140628_mnist_s13/model_storage/round_4/tracks, will use standard global model
Successfully loaded standard global model from results/fl_simulation_20250618_140628_mnist_s13/model_storage/round_4/global_model_for_training
=== END CLIENT 0 MODEL LOADING ===


=== CLIENT 0 TRAINING FOR ROUND 4 ===
Training primary model...
Client 0 starting training for 1 epochs
Client 0 - Epoch 1/1 - Train Loss: 0.583090, Train Acc: 0.8167, Valid Loss: 0.515922, Valid Acc: 0.8083
Client 0 finished training
Client 0 saved training results to results/fl_simulation_20250618_140628_mnist_s13/output/clients/client_0/training_results_round_4.json
Primary model training complete. Accuracy: N/A
Client 0 has no background tracks to train
=== END CLIENT 0 TRAINING ===


=== CLIENT 0 MODEL SAVING FOR ROUND 4 ===
Client 0 saved model to results/fl_simulation_20250618_140628_mnist_s13/model_storage/round_4/clients/client_0
Saved primary model to results/fl_simulation_20250618_140628_mnist_s13/model_storage/round_4/clients/client_0
Saved 0 background models
=== END CLIENT 0 MODEL SAVING ===

Client 1: Loading track models and training with disagreement resolution...

=== CLIENT 1 MODEL LOADING FOR ROUND 4 ===
No tracks directory found at results/fl_simulation_20250618_140628_mnist_s13/model_storage/round_4/tracks, will use standard global model
Successfully loaded standard global model from results/fl_simulation_20250618_140628_mnist_s13/model_storage/round_4/global_model_for_training
=== END CLIENT 1 MODEL LOADING ===


=== CLIENT 1 TRAINING FOR ROUND 4 ===
Training primary model...
Client 1 starting training for 1 epochs
Client 1 - Epoch 1/1 - Train Loss: 0.576869, Train Acc: 0.8396, Valid Loss: 0.443191, Valid Acc: 0.8250
Client 1 finished training
Client 1 saved training results to results/fl_simulation_20250618_140628_mnist_s13/output/clients/client_1/training_results_round_4.json
Primary model training complete. Accuracy: N/A
Client 1 has no background tracks to train
=== END CLIENT 1 TRAINING ===


=== CLIENT 1 MODEL SAVING FOR ROUND 4 ===
Client 1 saved model to results/fl_simulation_20250618_140628_mnist_s13/model_storage/round_4/clients/client_1
Saved primary model to results/fl_simulation_20250618_140628_mnist_s13/model_storage/round_4/clients/client_1
Saved 0 background models
=== END CLIENT 1 MODEL SAVING ===

Client 2: Loading track models and training with disagreement resolution...

=== CLIENT 2 MODEL LOADING FOR ROUND 4 ===
No tracks directory found at results/fl_simulation_20250618_140628_mnist_s13/model_storage/round_4/tracks, will use standard global model
Successfully loaded standard global model from results/fl_simulation_20250618_140628_mnist_s13/model_storage/round_4/global_model_for_training
=== END CLIENT 2 MODEL LOADING ===


=== CLIENT 2 TRAINING FOR ROUND 4 ===
Training primary model...
Client 2 starting training for 1 epochs
Client 2 - Epoch 1/1 - Train Loss: 0.631867, Train Acc: 0.8083, Valid Loss: 0.420900, Valid Acc: 0.8667
Client 2 finished training
Client 2 saved training results to results/fl_simulation_20250618_140628_mnist_s13/output/clients/client_2/training_results_round_4.json
Primary model training complete. Accuracy: N/A
Client 2 has no background tracks to train
=== END CLIENT 2 TRAINING ===


=== CLIENT 2 MODEL SAVING FOR ROUND 4 ===
Client 2 saved model to results/fl_simulation_20250618_140628_mnist_s13/model_storage/round_4/clients/client_2
Saved primary model to results/fl_simulation_20250618_140628_mnist_s13/model_storage/round_4/clients/client_2
Saved 0 background models
=== END CLIENT 2 MODEL SAVING ===

Client 3: Loading track models and training with disagreement resolution...

=== CLIENT 3 MODEL LOADING FOR ROUND 4 ===
No tracks directory found at results/fl_simulation_20250618_140628_mnist_s13/model_storage/round_4/tracks, will use standard global model
Successfully loaded standard global model from results/fl_simulation_20250618_140628_mnist_s13/model_storage/round_4/global_model_for_training
=== END CLIENT 3 MODEL LOADING ===


=== CLIENT 3 TRAINING FOR ROUND 4 ===
Training primary model...
Client 3 starting training for 1 epochs
Client 3 - Epoch 1/1 - Train Loss: 0.647120, Train Acc: 0.7792, Valid Loss: 0.338389, Valid Acc: 0.9083
Client 3 finished training
Client 3 saved training results to results/fl_simulation_20250618_140628_mnist_s13/output/clients/client_3/training_results_round_4.json
Primary model training complete. Accuracy: N/A
Client 3 has no background tracks to train
=== END CLIENT 3 TRAINING ===


=== CLIENT 3 MODEL SAVING FOR ROUND 4 ===
Client 3 saved model to results/fl_simulation_20250618_140628_mnist_s13/model_storage/round_4/clients/client_3
Saved primary model to results/fl_simulation_20250618_140628_mnist_s13/model_storage/round_4/clients/client_3
Saved 0 background models
=== END CLIENT 3 MODEL SAVING ===

Client 4: Loading track models and training with disagreement resolution...

=== CLIENT 4 MODEL LOADING FOR ROUND 4 ===
No tracks directory found at results/fl_simulation_20250618_140628_mnist_s13/model_storage/round_4/tracks, will use standard global model
Successfully loaded standard global model from results/fl_simulation_20250618_140628_mnist_s13/model_storage/round_4/global_model_for_training
=== END CLIENT 4 MODEL LOADING ===


=== CLIENT 4 TRAINING FOR ROUND 4 ===
Training primary model...
Client 4 starting training for 1 epochs
Client 4 - Epoch 1/1 - Train Loss: 0.629034, Train Acc: 0.7958, Valid Loss: 0.455014, Valid Acc: 0.8417
Client 4 finished training
Client 4 saved training results to results/fl_simulation_20250618_140628_mnist_s13/output/clients/client_4/training_results_round_4.json
Primary model training complete. Accuracy: N/A
Client 4 has no background tracks to train
=== END CLIENT 4 TRAINING ===


=== CLIENT 4 MODEL SAVING FOR ROUND 4 ===
Client 4 saved model to results/fl_simulation_20250618_140628_mnist_s13/model_storage/round_4/clients/client_4
Saved primary model to results/fl_simulation_20250618_140628_mnist_s13/model_storage/round_4/clients/client_4
Saved 0 background models
=== END CLIENT 4 MODEL SAVING ===

Client 5: Loading track models and training with disagreement resolution...

=== CLIENT 5 MODEL LOADING FOR ROUND 4 ===
No tracks directory found at results/fl_simulation_20250618_140628_mnist_s13/model_storage/round_4/tracks, will use standard global model
Successfully loaded standard global model from results/fl_simulation_20250618_140628_mnist_s13/model_storage/round_4/global_model_for_training
=== END CLIENT 5 MODEL LOADING ===


=== CLIENT 5 TRAINING FOR ROUND 4 ===
Training primary model...
Client 5 starting training for 1 epochs
Client 5 - Epoch 1/1 - Train Loss: 0.497584, Train Acc: 0.8417, Valid Loss: 0.425270, Valid Acc: 0.8417
Client 5 finished training
Client 5 saved training results to results/fl_simulation_20250618_140628_mnist_s13/output/clients/client_5/training_results_round_4.json
Primary model training complete. Accuracy: N/A
Client 5 has no background tracks to train
=== END CLIENT 5 TRAINING ===


=== CLIENT 5 MODEL SAVING FOR ROUND 4 ===
Client 5 saved model to results/fl_simulation_20250618_140628_mnist_s13/model_storage/round_4/clients/client_5
Saved primary model to results/fl_simulation_20250618_140628_mnist_s13/model_storage/round_4/clients/client_5
Saved 0 background models
=== END CLIENT 5 MODEL SAVING ===

Performing disagreement-aware track-based model aggregation...
Starting file-based aggregation for round 4
Found 6 clients: [4, 5, 3, 2, 0, 1]
Loaded disagreements: {}
Round 4: No disagreements defined in the system
No active disagreements for round 4, using standard aggregation
Updated global model with parameters from 6 clients

=== AGGREGATION TIMING SUMMARY FOR ROUND 4 ===
  Disagreement loading: 0.0000s
  Resolution time: 0.0000s
  Aggregation time: 0.0180s
  Track saving time: 0.0000s
  Total time: 0.0181s
  Has disagreements: False
=== END TIMING SUMMARY ===

Saved global model to results/fl_simulation_20250618_140628_mnist_s13/model_storage/round_4/global_model_aggregated
Evaluating global model and track-specific performance...
Round 4 - MNIST Classification Metrics:
  Overall Accuracy: 0.9093
  Mean Precision: 0.9100
  Mean Recall: 0.9093
  Mean F1 Score: 0.9089
Round 4 - Global model test accuracy: 0.9093
Round 4 - Global model test loss: 0.350720
Saved results for round 4 (plot mode: minimal)

=== EVALUATING TRACK MODELS FOR ROUND 4 ===
No tracks directory found for round 4
Saved experiment results to results/fl_simulation_20250618_140628_mnist_s13/output/fl_results.json
Saved timing metrics to results/fl_simulation_20250618_140628_mnist_s13/output/aggregation_timing_metrics.json
Round 4 completed with disagreement resolution.

--- Federated Learning Round 5/5 ---
Analyzing disagreements and preparing track-specific models...

=== SERVER PREPARATION FOR ROUND 5 ===
  Using initiation_mechanism: shallow, lifting_mechanism: shallow, deep_lifting_finetune_rounds: 3
Loaded disagreements: {}
Round 5: No disagreements defined in the system
Loading main global model from previous round 4's aggregated model: results/fl_simulation_20250618_140628_mnist_s13/model_storage/round_4/global_model_aggregated
Loaded model from round 4
Loaded global model from results/fl_simulation_20250618_140628_mnist_s13/model_storage/round_4/global_model_aggregated
Saved global model to results/fl_simulation_20250618_140628_mnist_s13/model_storage/round_5/global_model_for_training
Saved main global model for training in round 5 at results/fl_simulation_20250618_140628_mnist_s13/model_storage/round_5/global_model_for_training
No active disagreements for round 5. Using standard global model from results/fl_simulation_20250618_140628_mnist_s13/model_storage/round_4/global_model_aggregated
=== END SERVER PREPARATION FOR ROUND 5 ===\n
Updated track models based on disagreement changes from round 4
Starting disagreement-aware multi-track client training...
Client 0: Loading track models and training with disagreement resolution...

=== CLIENT 0 MODEL LOADING FOR ROUND 5 ===
No tracks directory found at results/fl_simulation_20250618_140628_mnist_s13/model_storage/round_5/tracks, will use standard global model
Successfully loaded standard global model from results/fl_simulation_20250618_140628_mnist_s13/model_storage/round_5/global_model_for_training
=== END CLIENT 0 MODEL LOADING ===


=== CLIENT 0 TRAINING FOR ROUND 5 ===
Training primary model...
Client 0 starting training for 1 epochs
Client 0 - Epoch 1/1 - Train Loss: 0.507117, Train Acc: 0.8333, Valid Loss: 0.382934, Valid Acc: 0.8833
Client 0 finished training
Client 0 saved training results to results/fl_simulation_20250618_140628_mnist_s13/output/clients/client_0/training_results_round_5.json
Primary model training complete. Accuracy: N/A
Client 0 has no background tracks to train
=== END CLIENT 0 TRAINING ===


=== CLIENT 0 MODEL SAVING FOR ROUND 5 ===
Client 0 saved model to results/fl_simulation_20250618_140628_mnist_s13/model_storage/round_5/clients/client_0
Saved primary model to results/fl_simulation_20250618_140628_mnist_s13/model_storage/round_5/clients/client_0
Saved 0 background models
=== END CLIENT 0 MODEL SAVING ===

Client 1: Loading track models and training with disagreement resolution...

=== CLIENT 1 MODEL LOADING FOR ROUND 5 ===
No tracks directory found at results/fl_simulation_20250618_140628_mnist_s13/model_storage/round_5/tracks, will use standard global model
Successfully loaded standard global model from results/fl_simulation_20250618_140628_mnist_s13/model_storage/round_5/global_model_for_training
=== END CLIENT 1 MODEL LOADING ===


=== CLIENT 1 TRAINING FOR ROUND 5 ===
Training primary model...
Client 1 starting training for 1 epochs
Client 1 - Epoch 1/1 - Train Loss: 0.525279, Train Acc: 0.8354, Valid Loss: 0.363943, Valid Acc: 0.8667
Client 1 finished training
Client 1 saved training results to results/fl_simulation_20250618_140628_mnist_s13/output/clients/client_1/training_results_round_5.json
Primary model training complete. Accuracy: N/A
Client 1 has no background tracks to train
=== END CLIENT 1 TRAINING ===


=== CLIENT 1 MODEL SAVING FOR ROUND 5 ===
Client 1 saved model to results/fl_simulation_20250618_140628_mnist_s13/model_storage/round_5/clients/client_1
Saved primary model to results/fl_simulation_20250618_140628_mnist_s13/model_storage/round_5/clients/client_1
Saved 0 background models
=== END CLIENT 1 MODEL SAVING ===

Client 2: Loading track models and training with disagreement resolution...

=== CLIENT 2 MODEL LOADING FOR ROUND 5 ===
No tracks directory found at results/fl_simulation_20250618_140628_mnist_s13/model_storage/round_5/tracks, will use standard global model
Successfully loaded standard global model from results/fl_simulation_20250618_140628_mnist_s13/model_storage/round_5/global_model_for_training
=== END CLIENT 2 MODEL LOADING ===


=== CLIENT 2 TRAINING FOR ROUND 5 ===
Training primary model...
Client 2 starting training for 1 epochs
Client 2 - Epoch 1/1 - Train Loss: 0.452094, Train Acc: 0.8771, Valid Loss: 0.342183, Valid Acc: 0.9083
Client 2 finished training
Client 2 saved training results to results/fl_simulation_20250618_140628_mnist_s13/output/clients/client_2/training_results_round_5.json
Primary model training complete. Accuracy: N/A
Client 2 has no background tracks to train
=== END CLIENT 2 TRAINING ===


=== CLIENT 2 MODEL SAVING FOR ROUND 5 ===
Client 2 saved model to results/fl_simulation_20250618_140628_mnist_s13/model_storage/round_5/clients/client_2
Saved primary model to results/fl_simulation_20250618_140628_mnist_s13/model_storage/round_5/clients/client_2
Saved 0 background models
=== END CLIENT 2 MODEL SAVING ===

Client 3: Loading track models and training with disagreement resolution...

=== CLIENT 3 MODEL LOADING FOR ROUND 5 ===
No tracks directory found at results/fl_simulation_20250618_140628_mnist_s13/model_storage/round_5/tracks, will use standard global model
Successfully loaded standard global model from results/fl_simulation_20250618_140628_mnist_s13/model_storage/round_5/global_model_for_training
=== END CLIENT 3 MODEL LOADING ===


=== CLIENT 3 TRAINING FOR ROUND 5 ===
Training primary model...
Client 3 starting training for 1 epochs
Client 3 - Epoch 1/1 - Train Loss: 0.519159, Train Acc: 0.8208, Valid Loss: 0.277810, Valid Acc: 0.9417
Client 3 finished training
Client 3 saved training results to results/fl_simulation_20250618_140628_mnist_s13/output/clients/client_3/training_results_round_5.json
Primary model training complete. Accuracy: N/A
Client 3 has no background tracks to train
=== END CLIENT 3 TRAINING ===


=== CLIENT 3 MODEL SAVING FOR ROUND 5 ===
Client 3 saved model to results/fl_simulation_20250618_140628_mnist_s13/model_storage/round_5/clients/client_3
Saved primary model to results/fl_simulation_20250618_140628_mnist_s13/model_storage/round_5/clients/client_3
Saved 0 background models
=== END CLIENT 3 MODEL SAVING ===

Client 4: Loading track models and training with disagreement resolution...

=== CLIENT 4 MODEL LOADING FOR ROUND 5 ===
No tracks directory found at results/fl_simulation_20250618_140628_mnist_s13/model_storage/round_5/tracks, will use standard global model
Successfully loaded standard global model from results/fl_simulation_20250618_140628_mnist_s13/model_storage/round_5/global_model_for_training
=== END CLIENT 4 MODEL LOADING ===


=== CLIENT 4 TRAINING FOR ROUND 5 ===
Training primary model...
Client 4 starting training for 1 epochs
Client 4 - Epoch 1/1 - Train Loss: 0.473708, Train Acc: 0.8625, Valid Loss: 0.412600, Valid Acc: 0.8917
Client 4 finished training
Client 4 saved training results to results/fl_simulation_20250618_140628_mnist_s13/output/clients/client_4/training_results_round_5.json
Primary model training complete. Accuracy: N/A
Client 4 has no background tracks to train
=== END CLIENT 4 TRAINING ===


=== CLIENT 4 MODEL SAVING FOR ROUND 5 ===
Client 4 saved model to results/fl_simulation_20250618_140628_mnist_s13/model_storage/round_5/clients/client_4
Saved primary model to results/fl_simulation_20250618_140628_mnist_s13/model_storage/round_5/clients/client_4
Saved 0 background models
=== END CLIENT 4 MODEL SAVING ===

Client 5: Loading track models and training with disagreement resolution...

=== CLIENT 5 MODEL LOADING FOR ROUND 5 ===
No tracks directory found at results/fl_simulation_20250618_140628_mnist_s13/model_storage/round_5/tracks, will use standard global model
Successfully loaded standard global model from results/fl_simulation_20250618_140628_mnist_s13/model_storage/round_5/global_model_for_training
=== END CLIENT 5 MODEL LOADING ===


=== CLIENT 5 TRAINING FOR ROUND 5 ===
Training primary model...
Client 5 starting training for 1 epochs
Client 5 - Epoch 1/1 - Train Loss: 0.541531, Train Acc: 0.8146, Valid Loss: 0.469362, Valid Acc: 0.8500
Client 5 finished training
Client 5 saved training results to results/fl_simulation_20250618_140628_mnist_s13/output/clients/client_5/training_results_round_5.json
Primary model training complete. Accuracy: N/A
Client 5 has no background tracks to train
=== END CLIENT 5 TRAINING ===


=== CLIENT 5 MODEL SAVING FOR ROUND 5 ===
Client 5 saved model to results/fl_simulation_20250618_140628_mnist_s13/model_storage/round_5/clients/client_5
Saved primary model to results/fl_simulation_20250618_140628_mnist_s13/model_storage/round_5/clients/client_5
Saved 0 background models
=== END CLIENT 5 MODEL SAVING ===

Performing disagreement-aware track-based model aggregation...
Starting file-based aggregation for round 5
Found 6 clients: [4, 5, 3, 2, 0, 1]
Loaded disagreements: {}
Round 5: No disagreements defined in the system
No active disagreements for round 5, using standard aggregation
Updated global model with parameters from 6 clients

=== AGGREGATION TIMING SUMMARY FOR ROUND 5 ===
  Disagreement loading: 0.0000s
  Resolution time: 0.0000s
  Aggregation time: 0.0172s
  Track saving time: 0.0000s
  Total time: 0.0173s
  Has disagreements: False
=== END TIMING SUMMARY ===

Saved global model to results/fl_simulation_20250618_140628_mnist_s13/model_storage/round_5/global_model_aggregated
Evaluating global model and track-specific performance...
Round 5 - MNIST Classification Metrics:
  Overall Accuracy: 0.9250
  Mean Precision: 0.9251
  Mean Recall: 0.9250
  Mean F1 Score: 0.9247
Round 5 - Global model test accuracy: 0.9250
Round 5 - Global model test loss: 0.308421
Creating timing plots with data from 5 rounds
Saved timing plots for round 5
Summary: Avg total time: 0.019s, Avg aggregation time: 0.019s, Avg resolution time: 0.000ms
Saved results for round 5 (plot mode: last round)

=== EVALUATING TRACK MODELS FOR ROUND 5 ===
No tracks directory found for round 5
Saved experiment results to results/fl_simulation_20250618_140628_mnist_s13/output/fl_results.json
Saved timing metrics to results/fl_simulation_20250618_140628_mnist_s13/output/aggregation_timing_metrics.json
Round 5 completed with disagreement resolution.

Federated learning with disagreement resolution completed!
